<?xml version="1.0" encoding="utf-8"?>
<TestRun id="a35ef6a4-79a5-4868-ace8-39de43b8556d" name="peter@BESH_NTB 2026-05-16 12:57:58" runUser="BESH_NTB\peter" xmlns="http://microsoft.com/schemas/VisualStudio/TeamTest/2010">
  <Times creation="2026-05-16T12:57:58.1430577+02:00" queuing="2026-05-16T12:57:58.1430577+02:00" start="2026-05-16T12:57:56.6277113+02:00" finish="2026-05-16T12:58:14.6563748+02:00" />
  <TestSettings name="default" id="32840003-f101-4018-b264-5a45d421bb37">
    <Deployment runDeploymentRoot="peter_BESH_NTB_2026-05-16_12_57_58" />
  </TestSettings>
  <Results>
    <UnitTestResult executionId="91a26af5-aaa7-4370-b011-5bad138ee2a6" testId="98960043-a430-7f8a-e4d4-a181ce46d0fd" testName="GEE_Binomial_Logit_AllCovStructs_AllSETypes" computerName="BESH_NTB" duration="00:00:00.0703223" startTime="2026-05-16T12:57:59.5368955+02:00" endTime="2026-05-16T12:57:59.6151604+02:00" testType="13cdc9d9-ddb5-4fa4-a97d-d965ccfc6d4b" outcome="Passed" testListId="8c84fa94-04c1-424b-9868-57a2d4851a1d" relativeResultsDirectory="91a26af5-aaa7-4370-b011-5bad138ee2a6" />
    <UnitTestResult executionId="edb36191-5867-4e94-8898-37ca93579d60" testId="46e814be-f816-6b7c-79ce-c245d65640d2" testName="F_PDF_handles_x_zero_special_cases" computerName="BESH_NTB" duration="00:00:00.0007374" startTime="2026-05-16T12:57:58.9165809+02:00" endTime="2026-05-16T12:57:58.9175820+02:00" testType="13cdc9d9-ddb5-4fa4-a97d-d965ccfc6d4b" outcome="Passed" testListId="8c84fa94-04c1-424b-9868-57a2d4851a1d" relativeResultsDirectory="edb36191-5867-4e94-8898-37ca93579d60" />
    <UnitTestResult executionId="914d1780-daa5-4441-9c9b-3a6353270008" testId="0c76882d-50f3-9ad0-3ce1-2d61ab6bc28c" testName="Family_poisson_loglike_and_deviance_boundary_cases" computerName="BESH_NTB" duration="00:00:00.0007963" startTime="2026-05-16T12:57:59.2354746+02:00" endTime="2026-05-16T12:57:59.2364742+02:00" testType="13cdc9d9-ddb5-4fa4-a97d-d965ccfc6d4b" outcome="Passed" testListId="8c84fa94-04c1-424b-9868-57a2d4851a1d" relativeResultsDirectory="914d1780-daa5-4441-9c9b-3a6353270008" />
    <UnitTestResult executionId="1e39d226-7f00-478f-b198-2613f0069d09" testId="e7e90a3e-2896-866d-7fac-d8da0750411c" testName="NormSInv_matches_reference (0.975,1.95996398454005)" computerName="BESH_NTB" duration="00:00:00.0000091" startTime="2026-05-16T12:57:58.8568444+02:00" endTime="2026-05-16T12:57:58.8578474+02:00" testType="13cdc9d9-ddb5-4fa4-a97d-d965ccfc6d4b" outcome="Passed" testListId="8c84fa94-04c1-424b-9868-57a2d4851a1d" relativeResultsDirectory="1e39d226-7f00-478f-b198-2613f0069d09" />
    <UnitTestResult executionId="e5a5c71f-c480-45bf-bc11-be5d14d43576" testId="382d4b98-d00a-ee4b-55b2-a3b98903ebc3" testName="RegularizedIncompleteBeta_matches_reference (0.3,2.5,1.2,0.0641708983094795)" computerName="BESH_NTB" duration="00:00:00.0000940" startTime="2026-05-16T12:57:58.9031897+02:00" endTime="2026-05-16T12:57:58.9043007+02:00" testType="13cdc9d9-ddb5-4fa4-a97d-d965ccfc6d4b" outcome="Passed" testListId="8c84fa94-04c1-424b-9868-57a2d4851a1d" relativeResultsDirectory="e5a5c71f-c480-45bf-bc11-be5d14d43576" />
    <UnitTestResult executionId="314c914c-6b84-4112-8d9d-f25c09a8d658" testId="82b6373d-e590-b7a0-4e11-abe8cdd6acd8" testName="UnpairedTtest_compute_matches_reference" computerName="BESH_NTB" duration="00:00:00.0003196" startTime="2026-05-16T12:58:12.7108383+02:00" endTime="2026-05-16T12:58:12.7108383+02:00" testType="13cdc9d9-ddb5-4fa4-a97d-d965ccfc6d4b" outcome="Passed" testListId="8c84fa94-04c1-424b-9868-57a2d4851a1d" relativeResultsDirectory="314c914c-6b84-4112-8d9d-f25c09a8d658" />
    <UnitTestResult executionId="77628e99-5011-42a0-bfbb-d5a3f3599e53" testId="d67301d5-6281-9a12-c5f5-64e3150bb6ab" testName="WILCOX_P_NORM_and_EXACT_return_valid_probs_and_validate_pairing" computerName="BESH_NTB" duration="00:00:00.0037015" startTime="2026-05-16T12:58:11.8380550+02:00" endTime="2026-05-16T12:58:11.8422450+02:00" testType="13cdc9d9-ddb5-4fa4-a97d-d965ccfc6d4b" outcome="Passed" testListId="8c84fa94-04c1-424b-9868-57a2d4851a1d" relativeResultsDirectory="77628e99-5011-42a0-bfbb-d5a3f3599e53" />
    <UnitTestResult executionId="27c9e100-8849-4cb4-9c27-398d22fcb821" testId="7c5f04a6-1dec-5a51-dad8-d9ef4c0dc728" testName="KW_STAT_and_P_follow_chi_square_relationship_and_MCP_returns_table" computerName="BESH_NTB" duration="00:00:00.0060285" startTime="2026-05-16T12:58:11.8032850+02:00" endTime="2026-05-16T12:58:11.8096785+02:00" testType="13cdc9d9-ddb5-4fa4-a97d-d965ccfc6d4b" outcome="Passed" testListId="8c84fa94-04c1-424b-9868-57a2d4851a1d" relativeResultsDirectory="27c9e100-8849-4cb4-9c27-398d22fcb821" />
    <UnitTestResult executionId="c8bb78ea-a98a-43c0-b935-1014b6f27c99" testId="a234d7d2-3c68-71cb-4fe9-e4adf97555c7" testName="Fit_throws_if_Data_not_called" computerName="BESH_NTB" duration="00:00:00.0002258" startTime="2026-05-16T12:58:00.5759826+02:00" endTime="2026-05-16T12:58:00.5759826+02:00" testType="13cdc9d9-ddb5-4fa4-a97d-d965ccfc6d4b" outcome="Passed" testListId="8c84fa94-04c1-424b-9868-57a2d4851a1d" relativeResultsDirectory="c8bb78ea-a98a-43c0-b935-1014b6f27c99">
      <Output>
        <StdOut>Debug Trace:
System.InvalidOperationException: Call Data(...) first.</StdOut>
      </Output>
    </UnitTestResult>
    <UnitTestResult executionId="ba7c482c-4afa-4283-9d7e-05e5d28b23a4" testId="69ab18ad-8893-bb44-6515-cae1633d9cf0" testName="GLM_NB2_InterceptOnly_matches_reference" computerName="BESH_NTB" duration="00:00:00.0052947" startTime="2026-05-16T12:57:59.6884326+02:00" endTime="2026-05-16T12:57:59.6940026+02:00" testType="13cdc9d9-ddb5-4fa4-a97d-d965ccfc6d4b" outcome="Passed" testListId="8c84fa94-04c1-424b-9868-57a2d4851a1d" relativeResultsDirectory="ba7c482c-4afa-4283-9d7e-05e5d28b23a4" />
    <UnitTestResult executionId="efae7e8e-f1d6-4017-a711-130b50117c9c" testId="4fd5fb16-b160-09b8-b008-21afa0303bef" testName="CalculateCoxEventCountContinuousCovariate_higher_r_squared_requires_more_events" computerName="BESH_NTB" duration="00:00:00.0001491" startTime="2026-05-16T12:58:13.9600074+02:00" endTime="2026-05-16T12:58:13.9610072+02:00" testType="13cdc9d9-ddb5-4fa4-a97d-d965ccfc6d4b" outcome="Passed" testListId="8c84fa94-04c1-424b-9868-57a2d4851a1d" relativeResultsDirectory="efae7e8e-f1d6-4017-a711-130b50117c9c" />
    <UnitTestResult executionId="7a3511d1-cb7b-488f-90b9-ba4ffa97ffaf" testId="15232fe5-f73b-0aed-e7f5-c6502beb16ed" testName="PseudoInverse_full_column_rank_satisfies_ApinvA_equals_I" computerName="BESH_NTB" duration="00:00:00.0002054" startTime="2026-05-16T12:58:01.1410625+02:00" endTime="2026-05-16T12:58:01.1423523+02:00" testType="13cdc9d9-ddb5-4fa4-a97d-d965ccfc6d4b" outcome="Passed" testListId="8c84fa94-04c1-424b-9868-57a2d4851a1d" relativeResultsDirectory="7a3511d1-cb7b-488f-90b9-ba4ffa97ffaf" />
    <UnitTestResult executionId="a7efa24f-93af-4eda-88a6-83a50f1b4bba" testId="dc117eeb-fdec-82d9-ab93-af9b24ef8e49" testName="CalculateSingleProportion_matches_reference (0.6,0.5,0.05,0.2,189)" computerName="BESH_NTB" duration="00:00:00.0000159" startTime="2026-05-16T12:58:13.9487148+02:00" endTime="2026-05-16T12:58:13.9497244+02:00" testType="13cdc9d9-ddb5-4fa4-a97d-d965ccfc6d4b" outcome="Passed" testListId="8c84fa94-04c1-424b-9868-57a2d4851a1d" relativeResultsDirectory="a7efa24f-93af-4eda-88a6-83a50f1b4bba" />
    <UnitTestResult executionId="3a7b155f-5a35-4974-932e-e5e98580e523" testId="47d20c72-48ae-ca1e-7ff8-29d40dc7c5f1" testName="EqualityOfMedianTest_matches_reference" computerName="BESH_NTB" duration="00:00:00.0208779" startTime="2026-05-16T12:58:14.2215438+02:00" endTime="2026-05-16T12:58:14.2429577+02:00" testType="13cdc9d9-ddb5-4fa4-a97d-d965ccfc6d4b" outcome="Passed" testListId="8c84fa94-04c1-424b-9868-57a2d4851a1d" relativeResultsDirectory="3a7b155f-5a35-4974-932e-e5e98580e523" />
    <UnitTestResult executionId="5eece9bc-c87c-44f1-846b-1a6fdd55ccde" testId="a8778304-d62a-8dd7-e546-eeaa8253fa55" testName="GEE_Data_Throws_When_NotEnoughObservations" computerName="BESH_NTB" duration="00:00:00.0005976" startTime="2026-05-16T12:57:59.6171577+02:00" endTime="2026-05-16T12:57:59.6171577+02:00" testType="13cdc9d9-ddb5-4fa4-a97d-d965ccfc6d4b" outcome="Passed" testListId="8c84fa94-04c1-424b-9868-57a2d4851a1d" relativeResultsDirectory="5eece9bc-c87c-44f1-846b-1a6fdd55ccde">
      <Output>
        <StdOut>Debug Trace:
System.ArgumentException: Not enough observations to fit model: n=2, parameters=3. Need n &gt; p.</StdOut>
      </Output>
    </UnitTestResult>
    <UnitTestResult executionId="7a15f2a1-2b19-43c0-ac84-ef7896742cd0" testId="e8351a42-2096-d319-22ef-bcfee47e0d43" testName="FisherExact_Clarkson1993_TableI_case6_2x5_with_multidigit" computerName="BESH_NTB" duration="00:00:00.0147425" startTime="2026-05-16T12:57:59.3838131+02:00" endTime="2026-05-16T12:57:59.3996702+02:00" testType="13cdc9d9-ddb5-4fa4-a97d-d965ccfc6d4b" outcome="Passed" testListId="8c84fa94-04c1-424b-9868-57a2d4851a1d" relativeResultsDirectory="7a15f2a1-2b19-43c0-ac84-ef7896742cd0" />
    <UnitTestResult executionId="d5e1e175-fc3e-4630-a690-18f4c1f2be16" testId="8f27279d-e7c3-2647-35bb-b6b96e4e5e92" testName="MMRM_ObjectiveVisitPatternCache_ReusesCompleteVisitPattern" computerName="BESH_NTB" duration="00:00:00.0046969" startTime="2026-05-16T12:58:05.9998632+02:00" endTime="2026-05-16T12:58:06.0048683+02:00" testType="13cdc9d9-ddb5-4fa4-a97d-d965ccfc6d4b" outcome="Passed" testListId="8c84fa94-04c1-424b-9868-57a2d4851a1d" relativeResultsDirectory="d5e1e175-fc3e-4630-a690-18f4c1f2be16" />
    <UnitTestResult executionId="0209671d-3e41-428c-851c-70685d9da04b" testId="071d4db1-101e-4bcb-47c4-47067f98f349" testName="Fit_throws_if_any_weight_nonpositive" computerName="BESH_NTB" duration="00:00:00.0006957" startTime="2026-05-16T12:58:00.5739827+02:00" endTime="2026-05-16T12:58:00.5749830+02:00" testType="13cdc9d9-ddb5-4fa4-a97d-d965ccfc6d4b" outcome="Passed" testListId="8c84fa94-04c1-424b-9868-57a2d4851a1d" relativeResultsDirectory="0209671d-3e41-428c-851c-70685d9da04b">
      <Output>
        <StdOut>Debug Trace:
System.ArgumentException: Invalid weight at row 0: 0. Weights must be finite and &gt; 0.</StdOut>
      </Output>
    </UnitTestResult>
    <UnitTestResult executionId="d5199996-18be-4336-ba59-c17a168ac848" testId="9641bdfa-6872-28f3-d2e5-bf6fc334441d" testName="RDerivativeProviders_UnstructuredFourAndSixVisitCases_MatchFiniteDifferences" computerName="BESH_NTB" duration="00:00:00.0065693" startTime="2026-05-16T12:58:01.6925413+02:00" endTime="2026-05-16T12:58:01.6991016+02:00" testType="13cdc9d9-ddb5-4fa4-a97d-d965ccfc6d4b" outcome="Passed" testListId="8c84fa94-04c1-424b-9868-57a2d4851a1d" relativeResultsDirectory="d5199996-18be-4336-ba59-c17a168ac848" />
    <UnitTestResult executionId="6060ae95-04a6-42c7-bb04-49f0d20f193e" testId="59cf7719-41db-84cc-b559-de22f3fa66ee" testName="Rosner_matches_reference" computerName="BESH_NTB" duration="00:00:00.0271414" startTime="2026-05-16T12:57:58.2903122+02:00" endTime="2026-05-16T12:57:58.3180924+02:00" testType="13cdc9d9-ddb5-4fa4-a97d-d965ccfc6d4b" outcome="Passed" testListId="8c84fa94-04c1-424b-9868-57a2d4851a1d" relativeResultsDirectory="6060ae95-04a6-42c7-bb04-49f0d20f193e" />
    <UnitTestResult executionId="7f38f1d0-3c28-4a80-a0d7-9b5066ed76d8" testId="1a6be4dd-25f5-e3d9-12e0-9a2c0739e5e8" testName="RDerivativeProvider_RejectsUnsupportedInputs_WithDiagnosticMessage" computerName="BESH_NTB" duration="00:00:00.0002257" startTime="2026-05-16T12:58:01.6751583+02:00" endTime="2026-05-16T12:58:01.6761576+02:00" testType="13cdc9d9-ddb5-4fa4-a97d-d965ccfc6d4b" outcome="Passed" testListId="8c84fa94-04c1-424b-9868-57a2d4851a1d" relativeResultsDirectory="7f38f1d0-3c28-4a80-a0d7-9b5066ed76d8" />
    <UnitTestResult executionId="afb103f4-1554-493b-856e-80f6952854b1" testId="b34b2884-9847-8358-1f55-da3b459d9c88" testName="BuildExpandedPredictorMatrix_blank_formula_returns_raw_matrix_and_user_names" computerName="BESH_NTB" duration="00:00:00.0003332" startTime="2026-05-16T12:58:13.7438931+02:00" endTime="2026-05-16T12:58:13.7448946+02:00" testType="13cdc9d9-ddb5-4fa4-a97d-d965ccfc6d4b" outcome="Passed" testListId="8c84fa94-04c1-424b-9868-57a2d4851a1d" relativeResultsDirectory="afb103f4-1554-493b-856e-80f6952854b1" />
    <UnitTestResult executionId="3aa24fe9-4afc-49b4-8002-83b003b0ac9d" testId="7e716f0a-1e12-5ed3-1fe3-39915bc58e64" testName="MatrixMult_vector_matrix" computerName="BESH_NTB" duration="00:00:00.0005336" startTime="2026-05-16T12:58:01.1185895+02:00" endTime="2026-05-16T12:58:01.1195912+02:00" testType="13cdc9d9-ddb5-4fa4-a97d-d965ccfc6d4b" outcome="Passed" testListId="8c84fa94-04c1-424b-9868-57a2d4851a1d" relativeResultsDirectory="3aa24fe9-4afc-49b4-8002-83b003b0ac9d" />
    <UnitTestResult executionId="7a9ef6be-27f1-4699-a096-1284ac846313" testId="4aba5e27-bdf6-61a8-8349-ebc2e58a4007" testName="LMM_AnalyticGradientValidationMode_RandomIntercept_ReportsFiniteDifferenceDiscrepancy" computerName="BESH_NTB" duration="00:00:00.0144848" startTime="2026-05-16T12:58:01.2710903+02:00" endTime="2026-05-16T12:58:01.2867873+02:00" testType="13cdc9d9-ddb5-4fa4-a97d-d965ccfc6d4b" outcome="Passed" testListId="8c84fa94-04c1-424b-9868-57a2d4851a1d" relativeResultsDirectory="7a9ef6be-27f1-4699-a096-1284ac846313" />
    <UnitTestResult executionId="54a9171c-1cae-4aa0-a3de-9d0a09cfd64c" testId="7c142330-93c0-2bb6-9f34-7d1e17eb6207" testName="CalculateBlandAltmanLoASampleSize_matches_reference (12,4,0.05,1.96,105)" computerName="BESH_NTB" duration="00:00:00.0011148" startTime="2026-05-16T12:58:13.8891098+02:00" endTime="2026-05-16T12:58:13.8891098+02:00" testType="13cdc9d9-ddb5-4fa4-a97d-d965ccfc6d4b" outcome="Passed" testListId="8c84fa94-04c1-424b-9868-57a2d4851a1d" relativeResultsDirectory="54a9171c-1cae-4aa0-a3de-9d0a09cfd64c" />
    <UnitTestResult executionId="dd556fc0-52e1-44c1-9d57-95c3305ef697" testId="6c554666-1b77-7f4f-9586-d2fd6442fee8" testName="ExtractionMethods_WorkAsExpected" computerName="BESH_NTB" duration="00:00:00.0013346" startTime="2026-05-16T12:58:13.7251269+02:00" endTime="2026-05-16T12:58:13.7261407+02:00" testType="13cdc9d9-ddb5-4fa4-a97d-d965ccfc6d4b" outcome="Passed" testListId="8c84fa94-04c1-424b-9868-57a2d4851a1d" relativeResultsDirectory="dd556fc0-52e1-44c1-9d57-95c3305ef697" />
    <UnitTestResult executionId="76d22356-a5a6-486b-be33-a877e7f5e107" testId="94339051-ffeb-e6f3-9080-1e982cb6243f" testName="MMRM_UDF_LSMeansContrastsFittedAndResidualExtractors_ReturnTables" computerName="BESH_NTB" duration="00:00:00.0168532" startTime="2026-05-16T12:58:08.5237440+02:00" endTime="2026-05-16T12:58:08.5367042+02:00" testType="13cdc9d9-ddb5-4fa4-a97d-d965ccfc6d4b" outcome="Passed" testListId="8c84fa94-04c1-424b-9868-57a2d4851a1d" relativeResultsDirectory="76d22356-a5a6-486b-be33-a877e7f5e107" />
    <UnitTestResult executionId="08cdfdb8-281e-4522-bc8f-6427080cca36" testId="cbf2ae16-2b10-c513-cfcb-afda76002741" testName="RoundUp_matches_excel_style (3.14159,2,3.15)" computerName="BESH_NTB" duration="00:00:00.0000074" startTime="2026-05-16T12:58:14.0433800+02:00" endTime="2026-05-16T12:58:14.0443783+02:00" testType="13cdc9d9-ddb5-4fa4-a97d-d965ccfc6d4b" outcome="Passed" testListId="8c84fa94-04c1-424b-9868-57a2d4851a1d" relativeResultsDirectory="08cdfdb8-281e-4522-bc8f-6427080cca36" />
    <UnitTestResult executionId="e3b506fc-a7fe-49b1-9f32-7db895ba1944" testId="14e9c4d3-6f99-4220-af05-0b6f363fe9b5" testName="SimpleMMRM_Satterthwaite_PopulatesInferenceWorkspace_AndLinearDF" computerName="BESH_NTB" duration="00:00:00.0012671" startTime="2026-05-16T12:58:10.6797657+02:00" endTime="2026-05-16T12:58:10.6817672+02:00" testType="13cdc9d9-ddb5-4fa4-a97d-d965ccfc6d4b" outcome="Passed" testListId="8c84fa94-04c1-424b-9868-57a2d4851a1d" relativeResultsDirectory="e3b506fc-a7fe-49b1-9f32-7db895ba1944" />
    <UnitTestResult executionId="80d4a84d-18df-48c3-a35d-0f05840b4c00" testId="82b6d7c0-b7cd-1ed4-de2c-9caa7d01342b" testName="LogGamma_matches_reference (0.5,0.5723649429247)" computerName="BESH_NTB" duration="00:00:00.0001621" startTime="2026-05-16T12:58:14.0114223+02:00" endTime="2026-05-16T12:58:14.0114223+02:00" testType="13cdc9d9-ddb5-4fa4-a97d-d965ccfc6d4b" outcome="Passed" testListId="8c84fa94-04c1-424b-9868-57a2d4851a1d" relativeResultsDirectory="80d4a84d-18df-48c3-a35d-0f05840b4c00" />
    <UnitTestResult executionId="a03911d4-985a-4780-ae01-2949d77ca675" testId="439cb2b2-e410-f204-7fd8-17d81fde2caa" testName="FactorAnalysis_WrapResults_ExposeCommunalityContributionsAndScoreTables" computerName="BESH_NTB" duration="00:00:00.0415286" startTime="2026-05-16T12:57:59.1924093+02:00" endTime="2026-05-16T12:57:59.2342447+02:00" testType="13cdc9d9-ddb5-4fa4-a97d-d965ccfc6d4b" outcome="Passed" testListId="8c84fa94-04c1-424b-9868-57a2d4851a1d" relativeResultsDirectory="a03911d4-985a-4780-ae01-2949d77ca675" />
    <UnitTestResult executionId="079deda8-8c0f-4f1c-bdb4-56a10fe6cfec" testId="3243ab74-def9-e0ea-0d43-d5b4c4e9a151" testName="BuildKrMatrices_OneBlock_ReturnsExpectedDimensions" computerName="BESH_NTB" duration="00:00:00.0010000" startTime="2026-05-16T12:58:01.7838817+02:00" endTime="2026-05-16T12:58:01.7848823+02:00" testType="13cdc9d9-ddb5-4fa4-a97d-d965ccfc6d4b" outcome="Passed" testListId="8c84fa94-04c1-424b-9868-57a2d4851a1d" relativeResultsDirectory="079deda8-8c0f-4f1c-bdb4-56a10fe6cfec" />
    <UnitTestResult executionId="a402c905-7861-4e69-aed0-9963ce53ae45" testId="ed786715-5f81-4be5-5dc0-1ee8c1868100" testName="F_Inv_matches_reference (0.95,5,10,3.32583453041301)" computerName="BESH_NTB" duration="00:00:00.0001597" startTime="2026-05-16T12:57:58.8813255+02:00" endTime="2026-05-16T12:57:58.8819046+02:00" testType="13cdc9d9-ddb5-4fa4-a97d-d965ccfc6d4b" outcome="Passed" testListId="8c84fa94-04c1-424b-9868-57a2d4851a1d" relativeResultsDirectory="a402c905-7861-4e69-aed0-9963ce53ae45" />
    <UnitTestResult executionId="29c0cc38-9d24-4501-94f1-3603a88c314a" testId="2ee4ab27-9655-302e-2be0-2f13a3488184" testName="WeightedLogRank_returns_Nothing_when_group_all_censored" computerName="BESH_NTB" duration="00:00:00.0007210" startTime="2026-05-16T12:58:14.2569589+02:00" endTime="2026-05-16T12:58:14.2569589+02:00" testType="13cdc9d9-ddb5-4fa4-a97d-d965ccfc6d4b" outcome="Passed" testListId="8c84fa94-04c1-424b-9868-57a2d4851a1d" relativeResultsDirectory="29c0cc38-9d24-4501-94f1-3603a88c314a" />
    <UnitTestResult executionId="9bd19be1-3ac6-4bb4-a00a-6d3993fd45e5" testId="cabce61d-abf1-0a97-4f3e-30617216a8dc" testName="TestUnpairedMeansNonInferiority_sample_wrapper_matches_summary" computerName="BESH_NTB" duration="00:00:00.0011683" startTime="2026-05-16T12:57:58.9577012+02:00" endTime="2026-05-16T12:57:58.9577012+02:00" testType="13cdc9d9-ddb5-4fa4-a97d-d965ccfc6d4b" outcome="Passed" testListId="8c84fa94-04c1-424b-9868-57a2d4851a1d" relativeResultsDirectory="9bd19be1-3ac6-4bb4-a00a-6d3993fd45e5" />
    <UnitTestResult executionId="d0143b6a-72c9-451c-b066-64ed7a6f9a5c" testId="da9f5e60-75b5-dbe5-4f10-c6768af0fa94" testName="Fit_matches_nist_lls_reference (NoInt2)" computerName="BESH_NTB" duration="00:00:00.0011218" startTime="2026-05-16T12:58:11.7516817+02:00" endTime="2026-05-16T12:58:11.7526811+02:00" testType="13cdc9d9-ddb5-4fa4-a97d-d965ccfc6d4b" outcome="Passed" testListId="8c84fa94-04c1-424b-9868-57a2d4851a1d" relativeResultsDirectory="d0143b6a-72c9-451c-b066-64ed7a6f9a5c" />
    <UnitTestResult executionId="1bf5a872-291e-42bd-b905-d03afd58c35b" testId="82dfb5da-a020-fd71-6719-5700d821dc29" testName="PercentileExc_matches_reference (0.5,5.5)" computerName="BESH_NTB" duration="00:00:00.0000170" startTime="2026-05-16T12:58:14.0243472+02:00" endTime="2026-05-16T12:58:14.0253493+02:00" testType="13cdc9d9-ddb5-4fa4-a97d-d965ccfc6d4b" outcome="Passed" testListId="8c84fa94-04c1-424b-9868-57a2d4851a1d" relativeResultsDirectory="1bf5a872-291e-42bd-b905-d03afd58c35b" />
    <UnitTestResult executionId="b096dcce-3b34-41be-971b-0364af1e32b6" testId="d978701a-c348-9bc7-93ad-eef183fc941c" testName="Cholesky_and_CholSolve_reconstruct_and_solve" computerName="BESH_NTB" duration="00:00:00.0004066" startTime="2026-05-16T12:58:01.1249894+02:00" endTime="2026-05-16T12:58:01.1259991+02:00" testType="13cdc9d9-ddb5-4fa4-a97d-d965ccfc6d4b" outcome="Passed" testListId="8c84fa94-04c1-424b-9868-57a2d4851a1d" relativeResultsDirectory="b096dcce-3b34-41be-971b-0364af1e32b6" />
    <UnitTestResult executionId="48cab158-b858-495a-a617-146e7ab824de" testId="b858fe8c-6e96-a3bb-cde7-d4b4a8da6bb1" testName="OneWayRmANOVA_Tukey_matches_reference" computerName="BESH_NTB" duration="00:00:00.0692399" startTime="2026-05-16T12:58:12.5590304+02:00" endTime="2026-05-16T12:58:12.6281770+02:00" testType="13cdc9d9-ddb5-4fa4-a97d-d965ccfc6d4b" outcome="Passed" testListId="8c84fa94-04c1-424b-9868-57a2d4851a1d" relativeResultsDirectory="48cab158-b858-495a-a617-146e7ab824de" />
    <UnitTestResult executionId="2888521b-4490-473e-a4e6-dfd22b5a723b" testId="2741545c-c941-4ba9-7b51-340cdeb63d99" testName="MatDoubleCenter_matches_definition" computerName="BESH_NTB" duration="00:00:00.0003929" startTime="2026-05-16T12:58:01.1550743+02:00" endTime="2026-05-16T12:58:01.1560727+02:00" testType="13cdc9d9-ddb5-4fa4-a97d-d965ccfc6d4b" outcome="Passed" testListId="8c84fa94-04c1-424b-9868-57a2d4851a1d" relativeResultsDirectory="2888521b-4490-473e-a4e6-dfd22b5a723b" />
    <UnitTestResult executionId="334b5835-a669-451d-9575-4f8f5591dae8" testId="5dd12219-8b7e-1b7b-8361-b40cdb6c20f3" testName="MMRM_AnalyticScoreMode_P3UsesAnalyticProviderAndReportsDiagnostics" computerName="BESH_NTB" duration="00:00:00.0107288" startTime="2026-05-16T12:58:05.8411063+02:00" endTime="2026-05-16T12:58:05.8518816+02:00" testType="13cdc9d9-ddb5-4fa4-a97d-d965ccfc6d4b" outcome="Passed" testListId="8c84fa94-04c1-424b-9868-57a2d4851a1d" relativeResultsDirectory="334b5835-a669-451d-9575-4f8f5591dae8" />
    <UnitTestResult executionId="1de2ba17-bd41-4ac8-a0d1-9db4683a6ce5" testId="edb8fb7d-0b12-63a5-8cba-f4a535b72d5e" testName="RiskRatio_matches_reference" computerName="BESH_NTB" duration="00:00:00.0003393" startTime="2026-05-16T12:57:58.5458005+02:00" endTime="2026-05-16T12:57:58.5458005+02:00" testType="13cdc9d9-ddb5-4fa4-a97d-d965ccfc6d4b" outcome="Passed" testListId="8c84fa94-04c1-424b-9868-57a2d4851a1d" relativeResultsDirectory="1de2ba17-bd41-4ac8-a0d1-9db4683a6ce5" />
    <UnitTestResult executionId="32c87b15-28ac-48ca-8e52-b9fb092425e4" testId="8dd18014-a160-ca13-fed2-c34ab0978477" testName="RoundUp_matches_excel_style (123,0,123)" computerName="BESH_NTB" duration="00:00:00.0000091" startTime="2026-05-16T12:58:14.0410342+02:00" endTime="2026-05-16T12:58:14.0410342+02:00" testType="13cdc9d9-ddb5-4fa4-a97d-d965ccfc6d4b" outcome="Passed" testListId="8c84fa94-04c1-424b-9868-57a2d4851a1d" relativeResultsDirectory="32c87b15-28ac-48ca-8e52-b9fb092425e4" />
    <UnitTestResult executionId="3e04b71f-52d7-4c41-9496-25f0b55f16cf" testId="4ae7e558-9ba2-d881-861c-830846d4cbdb" testName="MultiDfInference_RankDeficientRows_UsesEffectiveNumeratorDf" computerName="BESH_NTB" duration="00:00:00.0006651" startTime="2026-05-16T12:58:01.8509165+02:00" endTime="2026-05-16T12:58:01.8519155+02:00" testType="13cdc9d9-ddb5-4fa4-a97d-d965ccfc6d4b" outcome="Passed" testListId="8c84fa94-04c1-424b-9868-57a2d4851a1d" relativeResultsDirectory="3e04b71f-52d7-4c41-9496-25f0b55f16cf" />
    <UnitTestResult executionId="08a37dc4-a244-4ea4-8a52-a8be123b6742" testId="eec45166-ceb7-d03a-d861-d18115e0a913" testName="Data_throws_if_weights_length_mismatch" computerName="BESH_NTB" duration="00:00:00.0006833" startTime="2026-05-16T12:58:00.5559687+02:00" endTime="2026-05-16T12:58:00.5569685+02:00" testType="13cdc9d9-ddb5-4fa4-a97d-d965ccfc6d4b" outcome="Passed" testListId="8c84fa94-04c1-424b-9868-57a2d4851a1d" relativeResultsDirectory="08a37dc4-a244-4ea4-8a52-a8be123b6742">
      <Output>
        <StdOut>Debug Trace:
System.ArgumentException: weights length must match #rows.</StdOut>
      </Output>
    </UnitTestResult>
    <UnitTestResult executionId="6a7f9218-a1f5-4f4f-8422-bb7027c10e9e" testId="e1bc53ad-1ee5-ca35-0597-509085210334" testName="DNorm_matches_reference (0,0,1,0.398942280401433)" computerName="BESH_NTB" duration="00:00:00.0001231" startTime="2026-05-16T12:57:58.8512074+02:00" endTime="2026-05-16T12:57:58.8512074+02:00" testType="13cdc9d9-ddb5-4fa4-a97d-d965ccfc6d4b" outcome="Passed" testListId="8c84fa94-04c1-424b-9868-57a2d4851a1d" relativeResultsDirectory="6a7f9218-a1f5-4f4f-8422-bb7027c10e9e" />
    <UnitTestResult executionId="f28b918c-ba2b-4cfa-b41d-b4344063bda7" testId="6e2bb616-4405-c17e-a178-3f81fa8ca8ca" testName="WeightedLogRank_all_methods_match_reference" computerName="BESH_NTB" duration="00:00:00.0073236" startTime="2026-05-16T12:58:14.2429577+02:00" endTime="2026-05-16T12:58:14.2554584+02:00" testType="13cdc9d9-ddb5-4fa4-a97d-d965ccfc6d4b" outcome="Passed" testListId="8c84fa94-04c1-424b-9868-57a2d4851a1d" relativeResultsDirectory="f28b918c-ba2b-4cfa-b41d-b4344063bda7" />
    <UnitTestResult executionId="2ba617f7-fbe1-436b-87e0-d50d1707afc1" testId="2f111e58-46ee-fc19-fed6-34697699b76a" testName="SquaredRanksTestVARIANCE_matches_reference" computerName="BESH_NTB" duration="00:00:00.0037791" startTime="2026-05-16T12:57:58.3204766+02:00" endTime="2026-05-16T12:57:58.3245411+02:00" testType="13cdc9d9-ddb5-4fa4-a97d-d965ccfc6d4b" outcome="Passed" testListId="8c84fa94-04c1-424b-9868-57a2d4851a1d" relativeResultsDirectory="2ba617f7-fbe1-436b-87e0-d50d1707afc1" />
    <UnitTestResult executionId="6b532981-d6ca-48b9-b365-4fc1c1b4ade8" testId="32e7502d-7e69-5b42-c46b-abc6546fcf5f" testName="GetVarNames_accepts_csv_and_falls_back_when_count_is_wrong" computerName="BESH_NTB" duration="00:00:00.0002186" startTime="2026-05-16T12:58:14.3018222+02:00" endTime="2026-05-16T12:58:14.3018222+02:00" testType="13cdc9d9-ddb5-4fa4-a97d-d965ccfc6d4b" outcome="Passed" testListId="8c84fa94-04c1-424b-9868-57a2d4851a1d" relativeResultsDirectory="6b532981-d6ca-48b9-b365-4fc1c1b4ade8" />
    <UnitTestResult executionId="d0b0f2f3-8e01-47fa-b7df-3e054336f0b0" testId="c96c2b65-3473-8250-b244-dea457e059c6" testName="Calculate_throws_if_startParams_length_mismatch" computerName="BESH_NTB" duration="00:00:00.0026842" startTime="2026-05-16T12:58:11.8563819+02:00" endTime="2026-05-16T12:58:11.8593804+02:00" testType="13cdc9d9-ddb5-4fa4-a97d-d965ccfc6d4b" outcome="Passed" testListId="8c84fa94-04c1-424b-9868-57a2d4851a1d" relativeResultsDirectory="d0b0f2f3-8e01-47fa-b7df-3e054336f0b0">
      <Output>
        <StdOut>Debug Trace:
System.ArgumentException: starting parameter array length &lt;&gt; b length</StdOut>
      </Output>
    </UnitTestResult>
    <UnitTestResult executionId="133f2281-649b-4bd6-a3ee-9424ca00cb70" testId="eaabdfe5-9ab8-c4fa-a732-1ad0c50a9fdd" testName="CalculateBlandAltmanLoASampleSize_matches_reference (8,3,0.1,1.645,48)" computerName="BESH_NTB" duration="00:00:00.0000973" startTime="2026-05-16T12:58:13.8891098+02:00" endTime="2026-05-16T12:58:13.8891098+02:00" testType="13cdc9d9-ddb5-4fa4-a97d-d965ccfc6d4b" outcome="Passed" testListId="8c84fa94-04c1-424b-9868-57a2d4851a1d" relativeResultsDirectory="133f2281-649b-4bd6-a3ee-9424ca00cb70" />
    <UnitTestResult executionId="41538740-f9c7-4e7f-9aa0-a6119639b11e" testId="d2fe8e31-4376-aa10-4790-748722a74209" testName="PNorm_matches_reference (0,0,1,0.5)" computerName="BESH_NTB" duration="00:00:00.0001045" startTime="2026-05-16T12:57:58.8588433+02:00" endTime="2026-05-16T12:57:58.8588433+02:00" testType="13cdc9d9-ddb5-4fa4-a97d-d965ccfc6d4b" outcome="Passed" testListId="8c84fa94-04c1-424b-9868-57a2d4851a1d" relativeResultsDirectory="41538740-f9c7-4e7f-9aa0-a6119639b11e" />
    <UnitTestResult executionId="fdf52018-dc0b-495e-8900-e82fcc401222" testId="368a7ddd-6714-d92b-6e8f-503e212e2aef" testName="AssessBlandAltmanAgainstDecisionLimits_fitted_result_overload_matches_raw_array_overload_for_simple_pairs" computerName="BESH_NTB" duration="00:00:00.0016534" startTime="2026-05-16T12:57:58.9363671+02:00" endTime="2026-05-16T12:57:58.9363671+02:00" testType="13cdc9d9-ddb5-4fa4-a97d-d965ccfc6d4b" outcome="Passed" testListId="8c84fa94-04c1-424b-9868-57a2d4851a1d" relativeResultsDirectory="fdf52018-dc0b-495e-8900-e82fcc401222" />
    <UnitTestResult executionId="da26a47a-4f22-4abc-b675-8e714ca6cd72" testId="d3ec562a-9f35-ac30-5e61-1791872b268c" testName="Calculate_throws_when_startParams_length_mismatch" computerName="BESH_NTB" duration="00:00:00.0030045" startTime="2026-05-16T12:58:11.5758448+02:00" endTime="2026-05-16T12:58:11.5788745+02:00" testType="13cdc9d9-ddb5-4fa4-a97d-d965ccfc6d4b" outcome="Passed" testListId="8c84fa94-04c1-424b-9868-57a2d4851a1d" relativeResultsDirectory="da26a47a-4f22-4abc-b675-8e714ca6cd72">
      <Output>
        <StdOut>Debug Trace:
System.ArgumentException: starting parameter array length &lt;&gt; b length</StdOut>
      </Output>
    </UnitTestResult>
    <UnitTestResult executionId="6745a74b-4bff-47eb-9a30-d08f22ff9f22" testId="741c56a2-c5db-db6c-23b4-6ca7ebd89535" testName="FamilyUtils_createFamily_unsupported_throws" computerName="BESH_NTB" duration="00:00:00.0003403" startTime="2026-05-16T12:57:59.2455465+02:00" endTime="2026-05-16T12:57:59.2455465+02:00" testType="13cdc9d9-ddb5-4fa4-a97d-d965ccfc6d4b" outcome="Passed" testListId="8c84fa94-04c1-424b-9868-57a2d4851a1d" relativeResultsDirectory="6745a74b-4bff-47eb-9a30-d08f22ff9f22">
      <Output>
        <StdOut>Debug Trace:
System.ApplicationException: Unsupported family type = does-not-exist</StdOut>
      </Output>
    </UnitTestResult>
    <UnitTestResult executionId="9693dafa-52f9-4598-bbc7-274ef02b282e" testId="353711ad-3243-4370-3e8e-3b0cb68edd5d" testName="InverseRegularizedIncompleteBeta_matches_reference (0.7,2.5,1.2,0.826576145453626)" computerName="BESH_NTB" duration="00:00:00.0001843" startTime="2026-05-16T12:57:58.8903183+02:00" endTime="2026-05-16T12:57:58.8913191+02:00" testType="13cdc9d9-ddb5-4fa4-a97d-d965ccfc6d4b" outcome="Passed" testListId="8c84fa94-04c1-424b-9868-57a2d4851a1d" relativeResultsDirectory="9693dafa-52f9-4598-bbc7-274ef02b282e" />
    <UnitTestResult executionId="224a16e7-54b8-4cf1-b7b2-e662d12f36d5" testId="83720353-6e18-c60f-9e89-fd544d2221a3" testName="DiscriminantAnalysis_UserSpecifiedPriors_AreNormalizedAndApplied" computerName="BESH_NTB" duration="00:00:00.0012465" startTime="2026-05-16T12:57:58.7302613+02:00" endTime="2026-05-16T12:57:58.7337347+02:00" testType="13cdc9d9-ddb5-4fa4-a97d-d965ccfc6d4b" outcome="Passed" testListId="8c84fa94-04c1-424b-9868-57a2d4851a1d" relativeResultsDirectory="224a16e7-54b8-4cf1-b7b2-e662d12f36d5" />
    <UnitTestResult executionId="49316c80-09e7-42c6-a414-45e03ab53679" testId="11866124-cbe9-984f-f2ae-1e63b2bae868" testName="CalculateNonInferiorityUnpairedTTest_matches_reference (0.8,-0.2,1.5,2,0.025,0.1,74,37)" computerName="BESH_NTB" duration="00:00:00.0002288" startTime="2026-05-16T12:58:13.9316125+02:00" endTime="2026-05-16T12:58:13.9383163+02:00" testType="13cdc9d9-ddb5-4fa4-a97d-d965ccfc6d4b" outcome="Passed" testListId="8c84fa94-04c1-424b-9868-57a2d4851a1d" relativeResultsDirectory="49316c80-09e7-42c6-a414-45e03ab53679" />
    <UnitTestResult executionId="fc92bc4d-c3cc-48b5-8101-12ee05dddbe6" testId="5fb3942e-3aa7-8821-049c-8a831a443dd2" testName="CompareCurveFixTimePoint_two_group_returns_expected_rows" computerName="BESH_NTB" duration="00:00:00.0020889" startTime="2026-05-16T12:58:14.2058015+02:00" endTime="2026-05-16T12:58:14.2209360+02:00" testType="13cdc9d9-ddb5-4fa4-a97d-d965ccfc6d4b" outcome="Passed" testListId="8c84fa94-04c1-424b-9868-57a2d4851a1d" relativeResultsDirectory="fc92bc4d-c3cc-48b5-8101-12ee05dddbe6" />
    <UnitTestResult executionId="03e3251c-441f-4cb5-af13-93060b3f4bca" testId="ccce7dbc-74fd-cf50-1d5c-0a7eef693a01" testName="MMRM_AnalyticScoreAndNumericalGradientFits_MatchForMLAndREML" computerName="BESH_NTB" duration="00:00:00.0420267" startTime="2026-05-16T12:58:01.4924542+02:00" endTime="2026-05-16T12:58:01.5341743+02:00" testType="13cdc9d9-ddb5-4fa4-a97d-d965ccfc6d4b" outcome="Passed" testListId="8c84fa94-04c1-424b-9868-57a2d4851a1d" relativeResultsDirectory="03e3251c-441f-4cb5-af13-93060b3f4bca" />
    <UnitTestResult executionId="5a725820-97e2-4651-96a2-d51ddab33c5a" testId="23a8ff10-36f0-a7b9-02f6-41b12a11d949" testName="SVD_decomp_reconstructs_matrix" computerName="BESH_NTB" duration="00:00:00.0002392" startTime="2026-05-16T12:58:01.1466092+02:00" endTime="2026-05-16T12:58:01.1485493+02:00" testType="13cdc9d9-ddb5-4fa4-a97d-d965ccfc6d4b" outcome="Passed" testListId="8c84fa94-04c1-424b-9868-57a2d4851a1d" relativeResultsDirectory="5a725820-97e2-4651-96a2-d51ddab33c5a" />
    <UnitTestResult executionId="df5fe77a-4c03-486f-9050-6bd3c040342c" testId="e2f0342d-7b4d-df2c-4eea-6c77cd65b744" testName="ReferenceGrid_EqualWeights_UserCovariate_BuildsExpectedRows" computerName="BESH_NTB" duration="00:00:00.0092191" startTime="2026-05-16T12:58:08.5629321+02:00" endTime="2026-05-16T12:58:08.5719682+02:00" testType="13cdc9d9-ddb5-4fa4-a97d-d965ccfc6d4b" outcome="Passed" testListId="8c84fa94-04c1-424b-9868-57a2d4851a1d" relativeResultsDirectory="df5fe77a-4c03-486f-9050-6bd3c040342c" />
    <UnitTestResult executionId="bcdb0acc-7dfd-4d1f-94cf-20590d132ac9" testId="a4d7eef3-9e84-9f4e-ad92-0cdc8a5b442f" testName="QNorm_at_0_and_1_returns_infinities" computerName="BESH_NTB" duration="00:00:00.0001350" startTime="2026-05-16T12:57:58.9017850+02:00" endTime="2026-05-16T12:57:58.9017850+02:00" testType="13cdc9d9-ddb5-4fa4-a97d-d965ccfc6d4b" outcome="Passed" testListId="8c84fa94-04c1-424b-9868-57a2d4851a1d" relativeResultsDirectory="bcdb0acc-7dfd-4d1f-94cf-20590d132ac9" />
    <UnitTestResult executionId="3fdf5acb-8803-4ee9-b49a-cdceb0c4be9c" testId="196311ba-c2b2-659f-da31-65bb66bb8cf9" testName="ZIP_BasicModel_matches_reference_outputs_predictions_and_residuals" computerName="BESH_NTB" duration="00:00:00.2400753" startTime="2026-05-16T12:58:14.3397764+02:00" endTime="2026-05-16T12:58:14.5928252+02:00" testType="13cdc9d9-ddb5-4fa4-a97d-d965ccfc6d4b" outcome="Passed" testListId="8c84fa94-04c1-424b-9868-57a2d4851a1d" relativeResultsDirectory="3fdf5acb-8803-4ee9-b49a-cdceb0c4be9c" />
    <UnitTestResult executionId="bb221a45-315a-4a64-ae59-8fe3b6df7d27" testId="1ee24ab5-2970-cbf7-affe-98be9c1a99a7" testName="PercentileExc_matches_reference (0.75,8.25)" computerName="BESH_NTB" duration="00:00:00.0000100" startTime="2026-05-16T12:58:14.0273455+02:00" endTime="2026-05-16T12:58:14.0283460+02:00" testType="13cdc9d9-ddb5-4fa4-a97d-d965ccfc6d4b" outcome="Passed" testListId="8c84fa94-04c1-424b-9868-57a2d4851a1d" relativeResultsDirectory="bb221a45-315a-4a64-ae59-8fe3b6df7d27" />
    <UnitTestResult executionId="95647e36-4cfd-47ac-ad6a-b471e324d21f" testId="d44910ec-9357-1e8f-20d3-80cc39ba44de" testName="MatCovar_matches_known" computerName="BESH_NTB" duration="00:00:00.0003412" startTime="2026-05-16T12:58:01.1530721+02:00" endTime="2026-05-16T12:58:01.1540793+02:00" testType="13cdc9d9-ddb5-4fa4-a97d-d965ccfc6d4b" outcome="Passed" testListId="8c84fa94-04c1-424b-9868-57a2d4851a1d" relativeResultsDirectory="95647e36-4cfd-47ac-ad6a-b471e324d21f" />
    <UnitTestResult executionId="1b93a95c-13de-453a-9819-ed0cb1f0e1a5" testId="afbd4d66-15d8-fdd2-ee76-08e0affbed0c" testName="MMRM_DefaultAutoCovarianceGradientMode_UsesAverageInformationForSupportedStructure" computerName="BESH_NTB" duration="00:00:00.0037520" startTime="2026-05-16T12:58:05.8573990+02:00" endTime="2026-05-16T12:58:05.8616490+02:00" testType="13cdc9d9-ddb5-4fa4-a97d-d965ccfc6d4b" outcome="Passed" testListId="8c84fa94-04c1-424b-9868-57a2d4851a1d" relativeResultsDirectory="1b93a95c-13de-453a-9819-ed0cb1f0e1a5" />
    <UnitTestResult executionId="5fcde03c-cfe1-4a15-bd32-a320801b2e87" testId="4b6abd07-5cb5-650f-bd9e-970320424260" testName="MatInv_LU_inverts_matrix" computerName="BESH_NTB" duration="00:00:00.0002934" startTime="2026-05-16T12:58:01.1308953+02:00" endTime="2026-05-16T12:58:01.1319038+02:00" testType="13cdc9d9-ddb5-4fa4-a97d-d965ccfc6d4b" outcome="Passed" testListId="8c84fa94-04c1-424b-9868-57a2d4851a1d" relativeResultsDirectory="5fcde03c-cfe1-4a15-bd32-a320801b2e87" />
    <UnitTestResult executionId="5032a9c9-916a-4758-98b0-5348bbb4e407" testId="a8a6d812-578c-06dd-db6b-83f45c36eea2" testName="DAgostino_matches_reference" computerName="BESH_NTB" duration="00:00:00.0009878" startTime="2026-05-16T12:57:58.2715952+02:00" endTime="2026-05-16T12:57:58.2740936+02:00" testType="13cdc9d9-ddb5-4fa4-a97d-d965ccfc6d4b" outcome="Passed" testListId="8c84fa94-04c1-424b-9868-57a2d4851a1d" relativeResultsDirectory="5032a9c9-916a-4758-98b0-5348bbb4e407" />
    <UnitTestResult executionId="c0582a3a-5210-4719-8287-3f7c626d9f25" testId="2af32b01-f68d-3595-2094-f3931afac1b4" testName="Grouped_weights_equivalent_to_expanded_unweighted_fit" computerName="BESH_NTB" duration="00:00:00.0019088" startTime="2026-05-16T12:58:11.5934153+02:00" endTime="2026-05-16T12:58:11.5954168+02:00" testType="13cdc9d9-ddb5-4fa4-a97d-d965ccfc6d4b" outcome="Passed" testListId="8c84fa94-04c1-424b-9868-57a2d4851a1d" relativeResultsDirectory="c0582a3a-5210-4719-8287-3f7c626d9f25" />
    <UnitTestResult executionId="ece3f30c-ff02-4669-b5f3-18d5254c7887" testId="acfb2641-e945-fc2d-078f-41eec6373eff" testName="ExpForDisplay_handles_nan_overflow_and_underflow" computerName="BESH_NTB" duration="00:00:00.0004014" startTime="2026-05-16T12:58:14.2906260+02:00" endTime="2026-05-16T12:58:14.2906260+02:00" testType="13cdc9d9-ddb5-4fa4-a97d-d965ccfc6d4b" outcome="Passed" testListId="8c84fa94-04c1-424b-9868-57a2d4851a1d" relativeResultsDirectory="ece3f30c-ff02-4669-b5f3-18d5254c7887" />
    <UnitTestResult executionId="dc53c5cb-cac0-4ee4-a389-d4063ad16c3c" testId="e2e081b3-b93b-5c62-a477-def3fec38067" testName="FisherExact_FEXACT_Clarkson_8x2_case1" computerName="BESH_NTB" duration="00:00:00.0116605" startTime="2026-05-16T12:57:59.4822154+02:00" endTime="2026-05-16T12:57:59.4846606+02:00" testType="13cdc9d9-ddb5-4fa4-a97d-d965ccfc6d4b" outcome="Passed" testListId="8c84fa94-04c1-424b-9868-57a2d4851a1d" relativeResultsDirectory="dc53c5cb-cac0-4ee4-a389-d4063ad16c3c" />
    <UnitTestResult executionId="14cd217c-6afc-4e99-a0bf-2632e2b94093" testId="e94708df-10a2-3ba0-fcb1-1d2cf2cd5466" testName="AssessAllowableBias_fitted_result_overload_matches_raw_array_overload_for_simple_pairs" computerName="BESH_NTB" duration="00:00:00.0040759" startTime="2026-05-16T12:57:58.9298063+02:00" endTime="2026-05-16T12:57:58.9345089+02:00" testType="13cdc9d9-ddb5-4fa4-a97d-d965ccfc6d4b" outcome="Passed" testListId="8c84fa94-04c1-424b-9868-57a2d4851a1d" relativeResultsDirectory="14cd217c-6afc-4e99-a0bf-2632e2b94093" />
    <UnitTestResult executionId="54e8da97-06ed-4367-bf3f-fd85cfb97f48" testId="373afea8-0001-b9b8-5587-6adc44137311" testName="TestUnpairedMeansEquivalenceFromSummary_matches_reference_values" computerName="BESH_NTB" duration="00:00:00.0010041" startTime="2026-05-16T12:57:58.9577012+02:00" endTime="2026-05-16T12:57:58.9577012+02:00" testType="13cdc9d9-ddb5-4fa4-a97d-d965ccfc6d4b" outcome="Passed" testListId="8c84fa94-04c1-424b-9868-57a2d4851a1d" relativeResultsDirectory="54e8da97-06ed-4367-bf3f-fd85cfb97f48" />
    <UnitTestResult executionId="eb25fafb-fdf5-4f5e-a811-5fd9a3632583" testId="3860de05-758e-b39d-8228-146536beff48" testName="AssessConfidenceIntervalAgainstMargins_full_interval_inside_limits" computerName="BESH_NTB" duration="00:00:00.0001915" startTime="2026-05-16T12:57:58.9407716+02:00" endTime="2026-05-16T12:57:58.9407716+02:00" testType="13cdc9d9-ddb5-4fa4-a97d-d965ccfc6d4b" outcome="Passed" testListId="8c84fa94-04c1-424b-9868-57a2d4851a1d" relativeResultsDirectory="eb25fafb-fdf5-4f5e-a811-5fd9a3632583" />
    <UnitTestResult executionId="a73f00b5-305b-4a98-87da-78b40c2733cd" testId="064f66ec-263e-1b14-b2f8-6adb74f8a8da" testName="AndersonDarlingTEST_matches_reference" computerName="BESH_NTB" duration="00:00:00.0071553" startTime="2026-05-16T12:57:58.2528547+02:00" endTime="2026-05-16T12:57:58.2528547+02:00" testType="13cdc9d9-ddb5-4fa4-a97d-d965ccfc6d4b" outcome="Passed" testListId="8c84fa94-04c1-424b-9868-57a2d4851a1d" relativeResultsDirectory="a73f00b5-305b-4a98-87da-78b40c2733cd" />
    <UnitTestResult executionId="af8178f7-d5e7-4e67-a803-79ac937bce5c" testId="b33c911a-349d-a4ac-52ef-f9dbade04ec0" testName="Zero_and_negative_weights_are_ignored_like_row_removal_in_fit" computerName="BESH_NTB" duration="00:00:00.0019619" startTime="2026-05-16T12:58:11.6070661+02:00" endTime="2026-05-16T12:58:11.6091224+02:00" testType="13cdc9d9-ddb5-4fa4-a97d-d965ccfc6d4b" outcome="Passed" testListId="8c84fa94-04c1-424b-9868-57a2d4851a1d" relativeResultsDirectory="af8178f7-d5e7-4e67-a803-79ac937bce5c" />
    <UnitTestResult executionId="ba9d7177-502c-4dbf-a9ce-3b36b0fb677a" testId="1ad20009-3e70-117c-2f9d-f638bc82d82a" testName="MulticovariateMissingMMRM_KRInternalIngredients_MatchRmmrmReferenceWhenAvailable" computerName="BESH_NTB" duration="00:00:01.4247214" startTime="2026-05-16T12:58:09.0569173+02:00" endTime="2026-05-16T12:58:10.4824018+02:00" testType="13cdc9d9-ddb5-4fa4-a97d-d965ccfc6d4b" outcome="Passed" testListId="8c84fa94-04c1-424b-9868-57a2d4851a1d" relativeResultsDirectory="ba9d7177-502c-4dbf-a9ce-3b36b0fb677a">
      <Output>
        <StdOut>TestContext Messages:
Wrote BESH internal KR diagnostic CSV: C:\Users\peter\Dropbox\dotNET\BESHStatNG\BESHStatNG.Test\KRValidationExports\besh_mmrm_multicovariate_missing_kr_internal_diagnostics.csv&#xD;
Wrote KR internal comparison detail CSV: C:\Users\peter\Dropbox\dotNET\BESHStatNG\BESHStatNG.Test\KRValidationExports\besh_vs_r_mmrm_kr_internal_comparison_details.csv&#xD;
Wrote KR internal comparison summary CSV: C:\Users\peter\Dropbox\dotNET\BESHStatNG\BESHStatNG.Test\KRValidationExports\besh_vs_r_mmrm_kr_internal_comparison_summary.csv&#xD;
Wrote KR internal pair-contribution summary CSV: C:\Users\peter\Dropbox\dotNET\BESHStatNG\BESHStatNG.Test\KRValidationExports\besh_vs_r_mmrm_kr_adjustment_pair_summary.csv</StdOut>
      </Output>
      <ResultFiles>
        <ResultFile path="BESH_NTB\besh_mmrm_multicovariate_missing_kr_internal_diagnostics.csv" />
        <ResultFile path="BESH_NTB\besh_vs_r_mmrm_kr_adjustment_pair_summary.csv" />
        <ResultFile path="BESH_NTB\besh_vs_r_mmrm_kr_internal_comparison_details.csv" />
        <ResultFile path="BESH_NTB\besh_vs_r_mmrm_kr_internal_comparison_summary.csv" />
      </ResultFiles>
    </UnitTestResult>
    <UnitTestResult executionId="1ae2534b-7af5-41ac-80cf-56076981da05" testId="f361164e-898f-5024-af1b-545966c5410a" testName="Validation_LeaveOneOut_ProducesFullLengthCasewiseResults" computerName="BESH_NTB" duration="00:00:00.0029859" startTime="2026-05-16T12:57:58.7658322+02:00" endTime="2026-05-16T12:57:58.7686021+02:00" testType="13cdc9d9-ddb5-4fa4-a97d-d965ccfc6d4b" outcome="Passed" testListId="8c84fa94-04c1-424b-9868-57a2d4851a1d" relativeResultsDirectory="1ae2534b-7af5-41ac-80cf-56076981da05" />
    <UnitTestResult executionId="b717030c-f9be-48e5-a3ee-bd3d42cf639a" testId="d14afb38-ec86-13ee-802e-e0e919a6de90" testName="Hierarchical_CompleteEuclidean_MatchesReferenceScheduleAndMembership" computerName="BESH_NTB" duration="00:00:00.0013330" startTime="2026-05-16T12:57:58.4906235+02:00" endTime="2026-05-16T12:57:58.4926216+02:00" testType="13cdc9d9-ddb5-4fa4-a97d-d965ccfc6d4b" outcome="Passed" testListId="8c84fa94-04c1-424b-9868-57a2d4851a1d" relativeResultsDirectory="b717030c-f9be-48e5-a3ee-bd3d42cf639a" />
    <UnitTestResult executionId="07937f19-796a-4fa7-8a89-268aad1314a8" testId="3e71aa1d-81ee-b083-e346-e9aadc9e1358" testName="IdentityMat_and_IdentityVect" computerName="BESH_NTB" duration="00:00:00.0001944" startTime="2026-05-16T12:58:01.1269982+02:00" endTime="2026-05-16T12:58:01.1279981+02:00" testType="13cdc9d9-ddb5-4fa4-a97d-d965ccfc6d4b" outcome="Passed" testListId="8c84fa94-04c1-424b-9868-57a2d4851a1d" relativeResultsDirectory="07937f19-796a-4fa7-8a89-268aad1314a8" />
    <UnitTestResult executionId="b5c24827-98ae-4897-83ab-8a51a708a111" testId="accde8b4-da51-afc1-1e9c-c7dcac5c7a3f" testName="SatterthwaiteDF_FromInferenceWorkspaceFallback_MatchesFormula" computerName="BESH_NTB" duration="00:00:00.0004046" startTime="2026-05-16T12:58:08.5490165+02:00" endTime="2026-05-16T12:58:08.5490165+02:00" testType="13cdc9d9-ddb5-4fa4-a97d-d965ccfc6d4b" outcome="Passed" testListId="8c84fa94-04c1-424b-9868-57a2d4851a1d" relativeResultsDirectory="b5c24827-98ae-4897-83ab-8a51a708a111" />
    <UnitTestResult executionId="b4b95bbe-4afd-4fc7-9086-d446002ed74f" testId="1c3d3417-e59b-6005-24f4-4edd8fa6a04d" testName="BOX_M_returns_valid_table_for_multivariate_grouped_input" computerName="BESH_NTB" duration="00:00:00.0097569" startTime="2026-05-16T12:57:58.3245411+02:00" endTime="2026-05-16T12:57:58.3422394+02:00" testType="13cdc9d9-ddb5-4fa4-a97d-d965ccfc6d4b" outcome="Passed" testListId="8c84fa94-04c1-424b-9868-57a2d4851a1d" relativeResultsDirectory="b4b95bbe-4afd-4fc7-9086-d446002ed74f" />
    <UnitTestResult executionId="f8aa20d9-e43f-4672-89e1-8a8fe2d6487f" testId="113962d9-b978-e8f8-ff7d-85c87d47c1dd" testName="BinomDist_matches_reference (3,10,0.2,True,0.8791261184)" computerName="BESH_NTB" duration="00:00:00.0000075" startTime="2026-05-16T12:57:58.8411286+02:00" endTime="2026-05-16T12:57:58.8502587+02:00" testType="13cdc9d9-ddb5-4fa4-a97d-d965ccfc6d4b" outcome="Passed" testListId="8c84fa94-04c1-424b-9868-57a2d4851a1d" relativeResultsDirectory="f8aa20d9-e43f-4672-89e1-8a8fe2d6487f" />
    <UnitTestResult executionId="6016a194-ac8c-40a2-86e5-def6453fd077" testId="1a1a1540-a6bd-46be-d680-641bfa58f280" testName="Fit_NoIntercept_matches_reference" computerName="BESH_NTB" duration="00:00:00.0093038" startTime="2026-05-16T12:58:00.5579693+02:00" endTime="2026-05-16T12:58:00.5679727+02:00" testType="13cdc9d9-ddb5-4fa4-a97d-d965ccfc6d4b" outcome="Passed" testListId="8c84fa94-04c1-424b-9868-57a2d4851a1d" relativeResultsDirectory="6016a194-ac8c-40a2-86e5-def6453fd077" />
    <UnitTestResult executionId="fb2367b6-185c-4259-a36e-e594c5353bd4" testId="640a39ec-46ed-82da-a852-b85d199df1ea" testName="PairedProportions_matches_reference" computerName="BESH_NTB" duration="00:00:00.0004721" startTime="2026-05-16T12:57:58.5440273+02:00" endTime="2026-05-16T12:57:58.5440273+02:00" testType="13cdc9d9-ddb5-4fa4-a97d-d965ccfc6d4b" outcome="Passed" testListId="8c84fa94-04c1-424b-9868-57a2d4851a1d" relativeResultsDirectory="fb2367b6-185c-4259-a36e-e594c5353bd4" />
    <UnitTestResult executionId="1282daaf-a148-4a3b-948c-11ab6d6a4b66" testId="dda57427-b38a-bc38-dbbb-484b7532fbff" testName="LogCombin_matches_reference (52,5,14.7706219229704)" computerName="BESH_NTB" duration="00:00:00.0000873" startTime="2026-05-16T12:58:14.0649204+02:00" endTime="2026-05-16T12:58:14.0649204+02:00" testType="13cdc9d9-ddb5-4fa4-a97d-d965ccfc6d4b" outcome="Passed" testListId="8c84fa94-04c1-424b-9868-57a2d4851a1d" relativeResultsDirectory="1282daaf-a148-4a3b-948c-11ab6d6a4b66" />
    <UnitTestResult executionId="775ee0f1-0a84-4706-8874-316ba8ef8362" testId="47eee0dd-8d96-9583-024f-eedd01aec9bb" testName="FormulaService_MMRM_RhsOnlyFormula_BuildsRequestAndFitsIdentityModel" computerName="BESH_NTB" duration="00:00:00.0063274" startTime="2026-05-16T12:58:01.7523353+02:00" endTime="2026-05-16T12:58:01.7598784+02:00" testType="13cdc9d9-ddb5-4fa4-a97d-d965ccfc6d4b" outcome="Passed" testListId="8c84fa94-04c1-424b-9868-57a2d4851a1d" relativeResultsDirectory="775ee0f1-0a84-4706-8874-316ba8ef8362" />
    <UnitTestResult executionId="fccb8644-25ef-4beb-ae6b-e9bed11b7446" testId="68f2e81c-9b8c-18bf-2b71-d32902ef99bf" testName="FisherExact_negative_entry_throws" computerName="BESH_NTB" duration="00:00:00.0004250" startTime="2026-05-16T12:57:59.4846606+02:00" endTime="2026-05-16T12:57:59.4846606+02:00" testType="13cdc9d9-ddb5-4fa4-a97d-d965ccfc6d4b" outcome="Passed" testListId="8c84fa94-04c1-424b-9868-57a2d4851a1d" relativeResultsDirectory="fccb8644-25ef-4beb-ae6b-e9bed11b7446">
      <Output>
        <StdOut>Debug Trace:
System.ArgumentException: TABLE cannot contain negative values.</StdOut>
      </Output>
    </UnitTestResult>
    <UnitTestResult executionId="f4c00d5d-5e97-4920-8356-31174f925a78" testId="55780f0a-9955-2b4d-844a-b3b64f25d8e8" testName="LM_handle_lifecycle_works" computerName="BESH_NTB" duration="00:00:00.0119381" startTime="2026-05-16T12:58:00.5877822+02:00" endTime="2026-05-16T12:58:00.5997950+02:00" testType="13cdc9d9-ddb5-4fa4-a97d-d965ccfc6d4b" outcome="Passed" testListId="8c84fa94-04c1-424b-9868-57a2d4851a1d" relativeResultsDirectory="f4c00d5d-5e97-4920-8356-31174f925a78" />
    <UnitTestResult executionId="ad0084ba-fb4c-460c-9e1e-ea5b456718fb" testId="54952976-7959-bc2a-0289-d1135700741f" testName="GDerivativeProviders_MatchFiniteDifferences_ForRandomEffectsStructures" computerName="BESH_NTB" duration="00:00:00.0217587" startTime="2026-05-16T12:58:01.6477307+02:00" endTime="2026-05-16T12:58:01.6701390+02:00" testType="13cdc9d9-ddb5-4fa4-a97d-d965ccfc6d4b" outcome="Passed" testListId="8c84fa94-04c1-424b-9868-57a2d4851a1d" relativeResultsDirectory="ad0084ba-fb4c-460c-9e1e-ea5b456718fb" />
    <UnitTestResult executionId="c14c2fcb-6690-435e-bbf4-7d80f08df586" testId="90c442eb-b2e2-45ed-4a0c-732f7c8f0a74" testName="MatrixMult_Test1Dc_equal (System.Double[],2,System.Double[])" computerName="BESH_NTB" duration="00:00:00.0000058" startTime="2026-05-16T12:58:01.2547409+02:00" endTime="2026-05-16T12:58:01.2557450+02:00" testType="13cdc9d9-ddb5-4fa4-a97d-d965ccfc6d4b" outcome="Passed" testListId="8c84fa94-04c1-424b-9868-57a2d4851a1d" relativeResultsDirectory="c14c2fcb-6690-435e-bbf4-7d80f08df586" />
    <UnitTestResult executionId="234e9ce1-778e-426e-8a32-8cdcb1889e9e" testId="8b478c74-06ce-3866-c40a-1e45a5d403e1" testName="Digamma_matches_reference (1,-0.577215664901533)" computerName="BESH_NTB" duration="00:00:00.0000850" startTime="2026-05-16T12:58:13.9891182+02:00" endTime="2026-05-16T12:58:13.9891182+02:00" testType="13cdc9d9-ddb5-4fa4-a97d-d965ccfc6d4b" outcome="Passed" testListId="8c84fa94-04c1-424b-9868-57a2d4851a1d" relativeResultsDirectory="234e9ce1-778e-426e-8a32-8cdcb1889e9e" />
    <UnitTestResult executionId="88db188b-9fa6-4571-bd06-abe44ab20d5d" testId="def3d511-2515-38bc-af0b-6921815e30cf" testName="FamilyUtils_createFamily_supported_types" computerName="BESH_NTB" duration="00:00:00.0004349" startTime="2026-05-16T12:57:59.2435465+02:00" endTime="2026-05-16T12:57:59.2445472+02:00" testType="13cdc9d9-ddb5-4fa4-a97d-d965ccfc6d4b" outcome="Passed" testListId="8c84fa94-04c1-424b-9868-57a2d4851a1d" relativeResultsDirectory="88db188b-9fa6-4571-bd06-abe44ab20d5d" />
    <UnitTestResult executionId="80635c39-764b-4896-a581-cecc8e80c052" testId="c79c85d1-dd1a-3c9e-68a5-25f8abbf5fd1" testName="MMRM_CompoundSymmetry_AutomaticKRParameterMap_UsesRmmrmThetaConvention" computerName="BESH_NTB" duration="00:00:00.0005598" startTime="2026-05-16T12:58:01.7081284+02:00" endTime="2026-05-16T12:58:01.7081284+02:00" testType="13cdc9d9-ddb5-4fa4-a97d-d965ccfc6d4b" outcome="Passed" testListId="8c84fa94-04c1-424b-9868-57a2d4851a1d" relativeResultsDirectory="80635c39-764b-4896-a581-cecc8e80c052" />
    <UnitTestResult executionId="7558c4d7-f202-4836-9f9a-4323cbae1823" testId="82c3cd8b-0e82-36bb-5cd6-66e61bd2996d" testName="LogFactorial_matches_reference (5,4.78749174278205)" computerName="BESH_NTB" duration="00:00:00.0000119" startTime="2026-05-16T12:58:14.0057968+02:00" endTime="2026-05-16T12:58:14.0057968+02:00" testType="13cdc9d9-ddb5-4fa4-a97d-d965ccfc6d4b" outcome="Passed" testListId="8c84fa94-04c1-424b-9868-57a2d4851a1d" relativeResultsDirectory="7558c4d7-f202-4836-9f9a-4323cbae1823" />
    <UnitTestResult executionId="3c755bed-aff1-45bb-a489-972122ebaeb0" testId="26a1f520-0eb0-35f8-4d62-e2451fa478e0" testName="PowerBasedLinks_deriv2_matches_numeric_when_fixed" computerName="BESH_NTB" duration="00:00:00.0003738" startTime="2026-05-16T12:57:59.2586420+02:00" endTime="2026-05-16T12:57:59.2586420+02:00" testType="13cdc9d9-ddb5-4fa4-a97d-d965ccfc6d4b" outcome="Passed" testListId="8c84fa94-04c1-424b-9868-57a2d4851a1d" relativeResultsDirectory="3c755bed-aff1-45bb-a489-972122ebaeb0" />
    <UnitTestResult executionId="bb387a96-28a5-475b-8a2e-b09626e94b75" testId="287fe3f3-ddff-1bad-a67d-3c44a8d5e913" testName="MCA_Indicator_MatchesReference_Eigen_Masses_Factors_And_MatrixShapes" computerName="BESH_NTB" duration="00:00:00.0037841" startTime="2026-05-16T12:57:58.4410808+02:00" endTime="2026-05-16T12:57:58.4471255+02:00" testType="13cdc9d9-ddb5-4fa4-a97d-d965ccfc6d4b" outcome="Passed" testListId="8c84fa94-04c1-424b-9868-57a2d4851a1d" relativeResultsDirectory="bb387a96-28a5-475b-8a2e-b09626e94b75" />
    <UnitTestResult executionId="d696a258-85d8-4d03-ac6e-8981cc8c8eaf" testId="2fde5dfc-bda1-9340-56b2-86fe14f5bf62" testName="ICC11_ShroutFleiss1979_example_matches_reference" computerName="BESH_NTB" duration="00:00:00.0051025" startTime="2026-05-16T12:57:58.0866426+02:00" endTime="2026-05-16T12:57:58.1029487+02:00" testType="13cdc9d9-ddb5-4fa4-a97d-d965ccfc6d4b" outcome="Passed" testListId="8c84fa94-04c1-424b-9868-57a2d4851a1d" relativeResultsDirectory="d696a258-85d8-4d03-ac6e-8981cc8c8eaf" />
    <UnitTestResult executionId="8841548e-e305-4c21-9ef3-2ed30ba37db4" testId="2a131548-ab5e-ea7e-5f03-9b35b189f4c8" testName="MulticovariateMMRM_IncompleteVisitPatterns_ArePresentAfterResponseFiltering" computerName="BESH_NTB" duration="00:00:00.0091658" startTime="2026-05-16T12:58:10.4843986+02:00" endTime="2026-05-16T12:58:10.4939530+02:00" testType="13cdc9d9-ddb5-4fa4-a97d-d965ccfc6d4b" outcome="Passed" testListId="8c84fa94-04c1-424b-9868-57a2d4851a1d" relativeResultsDirectory="8841548e-e305-4c21-9ef3-2ed30ba37db4" />
    <UnitTestResult executionId="d4ac43b7-1a8b-44cb-9f0a-87a10a4f4ef4" testId="f78356b8-1547-8631-3b3f-d41b57353f9c" testName="MantelHaenszel_matches_reference" computerName="BESH_NTB" duration="00:00:00.0008839" startTime="2026-05-16T12:57:58.5377896+02:00" endTime="2026-05-16T12:57:58.5377896+02:00" testType="13cdc9d9-ddb5-4fa4-a97d-d965ccfc6d4b" outcome="Passed" testListId="8c84fa94-04c1-424b-9868-57a2d4851a1d" relativeResultsDirectory="d4ac43b7-1a8b-44cb-9f0a-87a10a4f4ef4" />
    <UnitTestResult executionId="6802f614-4738-4749-9e0b-2c0cef0ca898" testId="9fcaf70d-dc62-3676-b3df-d491470ae72b" testName="Family_validata_matches_current_constraints" computerName="BESH_NTB" duration="00:00:00.0003048" startTime="2026-05-16T12:57:59.2409712+02:00" endTime="2026-05-16T12:57:59.2409712+02:00" testType="13cdc9d9-ddb5-4fa4-a97d-d965ccfc6d4b" outcome="Passed" testListId="8c84fa94-04c1-424b-9868-57a2d4851a1d" relativeResultsDirectory="6802f614-4738-4749-9e0b-2c0cef0ca898" />
    <UnitTestResult executionId="eb8309a2-5677-4f93-9b3b-4d80fee0e15c" testId="ef732da5-8feb-c84d-3da0-122d2ec22a52" testName="Udf_output_tables_prepare_tables_and_strip_headers" computerName="BESH_NTB" duration="00:00:00.0008290" startTime="2026-05-16T12:58:14.3222404+02:00" endTime="2026-05-16T12:58:14.3222404+02:00" testType="13cdc9d9-ddb5-4fa4-a97d-d965ccfc6d4b" outcome="Passed" testListId="8c84fa94-04c1-424b-9868-57a2d4851a1d" relativeResultsDirectory="eb8309a2-5677-4f93-9b3b-4d80fee0e15c" />
    <UnitTestResult executionId="aedcfe55-bbae-4e93-8f17-83d066d5cbf7" testId="3b326c2b-2ca7-11fd-c51d-06ed4e00aeaa" testName="SleepstudyUnbalanced_JointInterceptAndSlope_KRMultiDfF_IsFinite" computerName="BESH_NTB" duration="00:00:00.0276479" startTime="2026-05-16T12:58:07.5740382+02:00" endTime="2026-05-16T12:58:07.5986624+02:00" testType="13cdc9d9-ddb5-4fa4-a97d-d965ccfc6d4b" outcome="Passed" testListId="8c84fa94-04c1-424b-9868-57a2d4851a1d" relativeResultsDirectory="aedcfe55-bbae-4e93-8f17-83d066d5cbf7" />
    <UnitTestResult executionId="eb88ebcf-4520-4db4-8c2b-6a43e021316b" testId="4ca80903-71a9-dfa3-e9c4-a75a9ae28ac7" testName="ICC3k_ShroutFleiss1979_example_matches_reference" computerName="BESH_NTB" duration="00:00:00.0002639" startTime="2026-05-16T12:57:58.1556007+02:00" endTime="2026-05-16T12:57:58.1556007+02:00" testType="13cdc9d9-ddb5-4fa4-a97d-d965ccfc6d4b" outcome="Passed" testListId="8c84fa94-04c1-424b-9868-57a2d4851a1d" relativeResultsDirectory="eb88ebcf-4520-4db4-8c2b-6a43e021316b" />
    <UnitTestResult executionId="0a2c9d1f-3f58-4202-8137-60301a44789c" testId="e381c95d-7b9e-2495-975b-5d97c9575c2f" testName="DiagMatFromVector_basic" computerName="BESH_NTB" duration="00:00:00.0002300" startTime="2026-05-16T12:58:01.1497157+02:00" endTime="2026-05-16T12:58:01.1509985+02:00" testType="13cdc9d9-ddb5-4fa4-a97d-d965ccfc6d4b" outcome="Passed" testListId="8c84fa94-04c1-424b-9868-57a2d4851a1d" relativeResultsDirectory="0a2c9d1f-3f58-4202-8137-60301a44789c" />
    <UnitTestResult executionId="4d549ecf-5cb7-4a23-9e21-3a90a1e59324" testId="5122dcc7-5b66-2c39-76fc-90b7d1be3dfd" testName="CalculateEquivalenceUnpairedTTest_matches_reference (-0.1,-0.5,0.5,1.8,1,0.05,0.2,252,252,113,113,252,252,Lower bound)" computerName="BESH_NTB" duration="00:00:00.0012149" startTime="2026-05-16T12:58:13.9108879+02:00" endTime="2026-05-16T12:58:13.9128899+02:00" testType="13cdc9d9-ddb5-4fa4-a97d-d965ccfc6d4b" outcome="Passed" testListId="8c84fa94-04c1-424b-9868-57a2d4851a1d" relativeResultsDirectory="4d549ecf-5cb7-4a23-9e21-3a90a1e59324" />
    <UnitTestResult executionId="65e2b82d-9997-495b-85fd-1c85746e759a" testId="b6058291-6b8a-bd14-e1ed-350652d48c01" testName="StandardizedVarNames_AddsPrefix" computerName="BESH_NTB" duration="00:00:00.0002298" startTime="2026-05-16T12:58:13.7321392+02:00" endTime="2026-05-16T12:58:13.7321392+02:00" testType="13cdc9d9-ddb5-4fa4-a97d-d965ccfc6d4b" outcome="Passed" testListId="8c84fa94-04c1-424b-9868-57a2d4851a1d" relativeResultsDirectory="65e2b82d-9997-495b-85fd-1c85746e759a" />
    <UnitTestResult executionId="a265c545-2466-4442-b360-9a74a2b7a2a9" testId="f35527d0-1d64-ae22-460b-8e90a96b03db" testName="ParseFormula_names_mode_uses_single_quoted_names_and_preserves_display_names" computerName="BESH_NTB" duration="00:00:00.0005500" startTime="2026-05-16T12:58:13.7755180+02:00" endTime="2026-05-16T12:58:13.7760238+02:00" testType="13cdc9d9-ddb5-4fa4-a97d-d965ccfc6d4b" outcome="Passed" testListId="8c84fa94-04c1-424b-9868-57a2d4851a1d" relativeResultsDirectory="a265c545-2466-4442-b360-9a74a2b7a2a9" />
    <UnitTestResult executionId="f1dab884-a5cc-4bdc-8e3f-bc74b255f62b" testId="6b5415ee-563b-4fef-d490-9523860539dd" testName="ROC_wrapResults_returns_expected_tables_and_core_values" computerName="BESH_NTB" duration="00:00:00.0013183" startTime="2026-05-16T12:58:13.8848222+02:00" endTime="2026-05-16T12:58:13.8876863+02:00" testType="13cdc9d9-ddb5-4fa4-a97d-d965ccfc6d4b" outcome="Passed" testListId="8c84fa94-04c1-424b-9868-57a2d4851a1d" relativeResultsDirectory="f1dab884-a5cc-4bdc-8e3f-bc74b255f62b" />
    <UnitTestResult executionId="9411316e-824a-4d26-9304-6895c61f2768" testId="1f400eaa-69e7-8393-4d96-f7c09c5a7e73" testName="CalculateIccHypothesisTestSampleSize_larger_separation_requires_fewer_subjects" computerName="BESH_NTB" duration="00:00:00.0003248" startTime="2026-05-16T12:58:13.9650947+02:00" endTime="2026-05-16T12:58:13.9660936+02:00" testType="13cdc9d9-ddb5-4fa4-a97d-d965ccfc6d4b" outcome="Passed" testListId="8c84fa94-04c1-424b-9868-57a2d4851a1d" relativeResultsDirectory="9411316e-824a-4d26-9304-6895c61f2768" />
    <UnitTestResult executionId="5f9b4c84-2134-4d20-be49-609c65e4b1b7" testId="50a88ca4-2bc1-4544-1f7c-1135a8ee4832" testName="LMM_AnalyticScoreMode_RandomInterceptSlope_UsesAnalyticAndMatchesNumerical" computerName="BESH_NTB" duration="00:00:00.0677254" startTime="2026-05-16T12:58:01.3337113+02:00" endTime="2026-05-16T12:58:01.4024109+02:00" testType="13cdc9d9-ddb5-4fa4-a97d-d965ccfc6d4b" outcome="Passed" testListId="8c84fa94-04c1-424b-9868-57a2d4851a1d" relativeResultsDirectory="5f9b4c84-2134-4d20-be49-609c65e4b1b7" />
    <UnitTestResult executionId="610e9b1b-d879-4832-9b1b-e82be8961e45" testId="8dadc904-ba77-a7fa-966f-99465983a743" testName="SimpleMMRM_ProgressReporter_ReceivesCompletion" computerName="BESH_NTB" duration="00:00:00.0015204" startTime="2026-05-16T12:58:07.6944050+02:00" endTime="2026-05-16T12:58:07.6944050+02:00" testType="13cdc9d9-ddb5-4fa4-a97d-d965ccfc6d4b" outcome="Passed" testListId="8c84fa94-04c1-424b-9868-57a2d4851a1d" relativeResultsDirectory="610e9b1b-d879-4832-9b1b-e82be8961e45" />
    <UnitTestResult executionId="65a4c23f-8d50-4700-be86-ba5bc3785bbf" testId="01a369e6-030f-19ea-d74a-560c513106c6" testName="FactorAnalysis_AdvancedExtractionFamilies_ProduceFiniteTwoFactorSolutions" computerName="BESH_NTB" duration="00:00:00.2014935" startTime="2026-05-16T12:57:58.9577012+02:00" endTime="2026-05-16T12:57:59.1678614+02:00" testType="13cdc9d9-ddb5-4fa4-a97d-d965ccfc6d4b" outcome="Passed" testListId="8c84fa94-04c1-424b-9868-57a2d4851a1d" relativeResultsDirectory="65a4c23f-8d50-4700-be86-ba5bc3785bbf" />
    <UnitTestResult executionId="e7ef8dd1-d271-40f6-b454-b4c10b524b14" testId="8abdb5ea-559b-d837-3037-129a3200ec46" testName="MMRM_UNWeakVisitPairSupport_EmitsWarning" computerName="BESH_NTB" duration="00:00:00.0611167" startTime="2026-05-16T12:58:06.0419885+02:00" endTime="2026-05-16T12:58:06.1038983+02:00" testType="13cdc9d9-ddb5-4fa4-a97d-d965ccfc6d4b" outcome="Passed" testListId="8c84fa94-04c1-424b-9868-57a2d4851a1d" relativeResultsDirectory="e7ef8dd1-d271-40f6-b454-b4c10b524b14" />
    <UnitTestResult executionId="724d7eaf-3c5e-481a-9db1-9233c942adc2" testId="7dc23f4a-3897-c39e-fa57-a8568df5dfbf" testName="MantelHaenszel_wrong_dimensions_throws" computerName="BESH_NTB" duration="00:00:00.0002870" startTime="2026-05-16T12:57:58.5399976+02:00" endTime="2026-05-16T12:57:58.5399976+02:00" testType="13cdc9d9-ddb5-4fa4-a97d-d965ccfc6d4b" outcome="Passed" testListId="8c84fa94-04c1-424b-9868-57a2d4851a1d" relativeResultsDirectory="724d7eaf-3c5e-481a-9db1-9233c942adc2">
      <Output>
        <StdOut>Debug Trace:
System.ArgumentException: Wrong dimension of the input table! Mantel Haenszel test</StdOut>
      </Output>
    </UnitTestResult>
    <UnitTestResult executionId="5cee1385-9a1a-46c0-9749-a0c426ebb290" testId="e5ea8180-3dbc-dc6f-d5ee-5d73e911b611" testName="ResolveAdjustedVarBeta_PrefersInferenceWorkspace" computerName="BESH_NTB" duration="00:00:00.0003333" startTime="2026-05-16T12:58:07.6944050+02:00" endTime="2026-05-16T12:58:07.6944050+02:00" testType="13cdc9d9-ddb5-4fa4-a97d-d965ccfc6d4b" outcome="Passed" testListId="8c84fa94-04c1-424b-9868-57a2d4851a1d" relativeResultsDirectory="5cee1385-9a1a-46c0-9749-a0c426ebb290" />
    <UnitTestResult executionId="8bba06a2-b069-48d1-a5e7-016762f949bc" testId="3ff70c39-d02d-0e19-d750-94d1aac2c097" testName="LOGRANK_P_and_STAT_agree_with_chi_square_relationship_for_two_groups" computerName="BESH_NTB" duration="00:00:00.0038468" startTime="2026-05-16T12:58:14.2721428+02:00" endTime="2026-05-16T12:58:14.2796194+02:00" testType="13cdc9d9-ddb5-4fa4-a97d-d965ccfc6d4b" outcome="Passed" testListId="8c84fa94-04c1-424b-9868-57a2d4851a1d" relativeResultsDirectory="8bba06a2-b069-48d1-a5e7-016762f949bc" />
    <UnitTestResult executionId="8b82beaf-2d3d-46e8-9c90-53dc469e403a" testId="5a488597-a7f2-9c7c-fb61-632d476e73f5" testName="LinearAdjustedVarBeta_OneBlock_ComputesFiniteMatrix" computerName="BESH_NTB" duration="00:00:00.0003013" startTime="2026-05-16T12:58:01.7928256+02:00" endTime="2026-05-16T12:58:01.7928256+02:00" testType="13cdc9d9-ddb5-4fa4-a97d-d965ccfc6d4b" outcome="Passed" testListId="8c84fa94-04c1-424b-9868-57a2d4851a1d" relativeResultsDirectory="8b82beaf-2d3d-46e8-9c90-53dc469e403a" />
    <UnitTestResult executionId="01c7ade5-4af9-4af8-a032-0fccca3fce02" testId="3c78fa97-5e95-e59e-6de5-c2771e493f64" testName="CA_Simple_MatchesReference_Eigen_Masses_Factors_Distances" computerName="BESH_NTB" duration="00:00:00.0016759" startTime="2026-05-16T12:57:58.4229283+02:00" endTime="2026-05-16T12:57:58.4249330+02:00" testType="13cdc9d9-ddb5-4fa4-a97d-d965ccfc6d4b" outcome="Passed" testListId="8c84fa94-04c1-424b-9868-57a2d4851a1d" relativeResultsDirectory="01c7ade5-4af9-4af8-a032-0fccca3fce02" />
    <UnitTestResult executionId="2063654c-4321-426d-899d-2d6b6fa8ec83" testId="06de0a28-2091-8406-c838-bb9cc42e0e28" testName="CovNearest_produces_psd_matrix" computerName="BESH_NTB" duration="00:00:00.0003912" startTime="2026-05-16T12:58:14.0589154+02:00" endTime="2026-05-16T12:58:14.0599149+02:00" testType="13cdc9d9-ddb5-4fa4-a97d-d965ccfc6d4b" outcome="Passed" testListId="8c84fa94-04c1-424b-9868-57a2d4851a1d" relativeResultsDirectory="2063654c-4321-426d-899d-2d6b6fa8ec83" />
    <UnitTestResult executionId="75c0d9e5-aa6f-4161-93c2-30dae81dcfbf" testId="a13561dc-7493-8ad6-287e-5c4e3a9a82ce" testName="FactorAnalysis_PrincipalAxis_Varimax_ComputesConsistentCorrelationScaleSolution" computerName="BESH_NTB" duration="00:00:00.0056011" startTime="2026-05-16T12:57:59.1749887+02:00" endTime="2026-05-16T12:57:59.1841451+02:00" testType="13cdc9d9-ddb5-4fa4-a97d-d965ccfc6d4b" outcome="Passed" testListId="8c84fa94-04c1-424b-9868-57a2d4851a1d" relativeResultsDirectory="75c0d9e5-aa6f-4161-93c2-30dae81dcfbf" />
    <UnitTestResult executionId="cad9db0a-c9f3-44cc-9ced-402de2cecc40" testId="0d06a542-6585-05b0-793a-af274f9b2905" testName="Fit_matches_nist_lls_reference (Wampler2)" computerName="BESH_NTB" duration="00:00:00.0014521" startTime="2026-05-16T12:58:11.7665182+02:00" endTime="2026-05-16T12:58:11.7685173+02:00" testType="13cdc9d9-ddb5-4fa4-a97d-d965ccfc6d4b" outcome="Passed" testListId="8c84fa94-04c1-424b-9868-57a2d4851a1d" relativeResultsDirectory="cad9db0a-c9f3-44cc-9ced-402de2cecc40" />
    <UnitTestResult executionId="d236e78d-70cb-4773-9200-42495a07dc30" testId="d6fe51d6-dd5e-3199-16be-adf99522efa8" testName="HotelingsT_independent_equal_cov_matches_reference" computerName="BESH_NTB" duration="00:00:00.0003934" startTime="2026-05-16T12:58:12.2973457+02:00" endTime="2026-05-16T12:58:12.2983456+02:00" testType="13cdc9d9-ddb5-4fa4-a97d-d965ccfc6d4b" outcome="Passed" testListId="8c84fa94-04c1-424b-9868-57a2d4851a1d" relativeResultsDirectory="d236e78d-70cb-4773-9200-42495a07dc30" />
    <UnitTestResult executionId="f67c9e4a-3570-46ad-972b-5262d4344a27" testId="f963aa6b-9c37-a2fc-78d9-1b644a686351" testName="TryReadNumericMatrix_skips_header_and_marks_invalid_cells_as_nan" computerName="BESH_NTB" duration="00:00:00.0004430" startTime="2026-05-16T12:58:14.3070113+02:00" endTime="2026-05-16T12:58:14.3070113+02:00" testType="13cdc9d9-ddb5-4fa4-a97d-d965ccfc6d4b" outcome="Passed" testListId="8c84fa94-04c1-424b-9868-57a2d4851a1d" relativeResultsDirectory="f67c9e4a-3570-46ad-972b-5262d4344a27" />
    <UnitTestResult executionId="2c18a96d-fe08-40f4-957e-1bb40928380d" testId="d90ff1f8-85c0-c72a-74c0-dbe581f7b543" testName="MixedModelControl_DefaultCovarianceGradientMode_IsAuto" computerName="BESH_NTB" duration="00:00:00.0001903" startTime="2026-05-16T12:58:05.8356429+02:00" endTime="2026-05-16T12:58:05.8366428+02:00" testType="13cdc9d9-ddb5-4fa4-a97d-d965ccfc6d4b" outcome="Passed" testListId="8c84fa94-04c1-424b-9868-57a2d4851a1d" relativeResultsDirectory="2c18a96d-fe08-40f4-957e-1bb40928380d" />
    <UnitTestResult executionId="ca6106cc-3818-41c7-8f46-6c8937413137" testId="3fe3c93a-661b-fb36-b88b-d78e5a23af33" testName="Histogram_bin_rule_normalization_accepts_common_aliases" computerName="BESH_NTB" duration="00:00:00.0006487" startTime="2026-05-16T12:58:14.3070113+02:00" endTime="2026-05-16T12:58:14.3070113+02:00" testType="13cdc9d9-ddb5-4fa4-a97d-d965ccfc6d4b" outcome="Passed" testListId="8c84fa94-04c1-424b-9868-57a2d4851a1d" relativeResultsDirectory="ca6106cc-3818-41c7-8f46-6c8937413137" />
    <UnitTestResult executionId="7db0dd06-6a4d-412d-a6a9-823fa5633764" testId="c5a7014c-2ef8-505f-c54f-5222cfd54842" testName="QTRNG_matches_reference" computerName="BESH_NTB" duration="00:00:00.1150011" startTime="2026-05-16T12:58:14.0805284+02:00" endTime="2026-05-16T12:58:14.1888057+02:00" testType="13cdc9d9-ddb5-4fa4-a97d-d965ccfc6d4b" outcome="Passed" testListId="8c84fa94-04c1-424b-9868-57a2d4851a1d" relativeResultsDirectory="7db0dd06-6a4d-412d-a6a9-823fa5633764" />
    <UnitTestResult executionId="bae58f05-0cc7-4483-a905-37af791ef7b1" testId="eacd7804-3c98-8991-3a2a-573f5ee4b96d" testName="Fit_near_separation_converges_and_extreme_predictions_are_sensible" computerName="BESH_NTB" duration="00:00:00.0095932" startTime="2026-05-16T12:58:11.8603802+02:00" endTime="2026-05-16T12:58:11.8707970+02:00" testType="13cdc9d9-ddb5-4fa4-a97d-d965ccfc6d4b" outcome="Passed" testListId="8c84fa94-04c1-424b-9868-57a2d4851a1d" relativeResultsDirectory="bae58f05-0cc7-4483-a905-37af791ef7b1" />
    <UnitTestResult executionId="2436b65f-5a56-4398-8d85-07e1efdd4073" testId="123e3cde-1e2d-7e3a-60be-dcd4f4ad5622" testName="MMRM_KRDerivativePatternCache_ReusesCompleteVisitPattern" computerName="BESH_NTB" duration="00:00:00.0280300" startTime="2026-05-16T12:58:05.8709940+02:00" endTime="2026-05-16T12:58:05.8991232+02:00" testType="13cdc9d9-ddb5-4fa4-a97d-d965ccfc6d4b" outcome="Passed" testListId="8c84fa94-04c1-424b-9868-57a2d4851a1d" relativeResultsDirectory="2436b65f-5a56-4398-8d85-07e1efdd4073" />
    <UnitTestResult executionId="7c07d5af-bd7f-4a69-89ae-857979e54873" testId="9c84d3b9-4fa1-761e-efe3-4d797c03ab66" testName="Array_conversions_handle_Nothing" computerName="BESH_NTB" duration="00:00:00.0010544" startTime="2026-05-16T12:58:01.0981844+02:00" endTime="2026-05-16T12:58:01.0995808+02:00" testType="13cdc9d9-ddb5-4fa4-a97d-d965ccfc6d4b" outcome="Passed" testListId="8c84fa94-04c1-424b-9868-57a2d4851a1d" relativeResultsDirectory="7c07d5af-bd7f-4a69-89ae-857979e54873" />
    <UnitTestResult executionId="28cf936f-c548-4ad0-97bf-40119d15060f" testId="6c8c4c0d-6b46-ff0b-5b64-252cc9ddea7a" testName="CalculateIccHypothesisTestSampleSize_matches_reference (0.4,0.7,3,0.05,0.2,20)" computerName="BESH_NTB" duration="00:00:00.0007990" startTime="2026-05-16T12:58:13.9154986+02:00" endTime="2026-05-16T12:58:13.9180382+02:00" testType="13cdc9d9-ddb5-4fa4-a97d-d965ccfc6d4b" outcome="Passed" testListId="8c84fa94-04c1-424b-9868-57a2d4851a1d" relativeResultsDirectory="28cf936f-c548-4ad0-97bf-40119d15060f" />
    <UnitTestResult executionId="274afca5-79b3-49bc-a2e3-14f49616cbca" testId="4399d704-5d5e-af4c-c1c7-f394afe88083" testName="RDerivativeProviders_AR1AndCS_NearZeroCorrelations_MatchFiniteDifferences" computerName="BESH_NTB" duration="00:00:00.0066054" startTime="2026-05-16T12:58:01.6771586+02:00" endTime="2026-05-16T12:58:01.6843191+02:00" testType="13cdc9d9-ddb5-4fa4-a97d-d965ccfc6d4b" outcome="Passed" testListId="8c84fa94-04c1-424b-9868-57a2d4851a1d" relativeResultsDirectory="274afca5-79b3-49bc-a2e3-14f49616cbca" />
    <UnitTestResult executionId="e9218505-e6a1-4372-b4fe-ac03586809f1" testId="5030464c-6230-2071-64eb-21dfede05f35" testName="Digamma_matches_reference (2.5,0.703156640645243)" computerName="BESH_NTB" duration="00:00:00.0000048" startTime="2026-05-16T12:58:13.9891182+02:00" endTime="2026-05-16T12:58:13.9891182+02:00" testType="13cdc9d9-ddb5-4fa4-a97d-d965ccfc6d4b" outcome="Passed" testListId="8c84fa94-04c1-424b-9868-57a2d4851a1d" relativeResultsDirectory="e9218505-e6a1-4372-b4fe-ac03586809f1" />
    <UnitTestResult executionId="6f46e935-0938-422d-bb91-604526cc0891" testId="a870ea14-8cba-3cfa-3111-3f411e23452b" testName="TryGetDouble_rejects_missing_text_and_boolean_inputs" computerName="BESH_NTB" duration="00:00:00.0006405" startTime="2026-05-16T12:58:14.3054575+02:00" endTime="2026-05-16T12:58:14.3070113+02:00" testType="13cdc9d9-ddb5-4fa4-a97d-d965ccfc6d4b" outcome="Passed" testListId="8c84fa94-04c1-424b-9868-57a2d4851a1d" relativeResultsDirectory="6f46e935-0938-422d-bb91-604526cc0891" />
    <UnitTestResult executionId="0053d3cf-3a8f-48a6-99f5-ff69bd33bc2f" testId="ebea31d8-bc56-aac1-e3bf-8b250704379d" testName="F_PDF_matches_core_distribution" computerName="BESH_NTB" duration="00:00:00.0001429" startTime="2026-05-16T12:57:58.9189011+02:00" endTime="2026-05-16T12:57:58.9199003+02:00" testType="13cdc9d9-ddb5-4fa4-a97d-d965ccfc6d4b" outcome="Passed" testListId="8c84fa94-04c1-424b-9868-57a2d4851a1d" relativeResultsDirectory="0053d3cf-3a8f-48a6-99f5-ff69bd33bc2f" />
    <UnitTestResult executionId="1bc48512-af5b-4602-9d7e-5df0572514e3" testId="9368c15a-1ece-fc80-8548-e065476384d5" testName="LMM_RandomIntercept_MatchesNlmeReference" computerName="BESH_NTB" duration="00:00:00.0068427" startTime="2026-05-16T12:58:08.5805752+02:00" endTime="2026-05-16T12:58:08.5870481+02:00" testType="13cdc9d9-ddb5-4fa4-a97d-d965ccfc6d4b" outcome="Passed" testListId="8c84fa94-04c1-424b-9868-57a2d4851a1d" relativeResultsDirectory="1bc48512-af5b-4602-9d7e-5df0572514e3" />
    <UnitTestResult executionId="89ba22d9-0abb-4081-8cfe-eacc2287990e" testId="ef492cc2-80ba-ecb8-9519-b013f6fd8700" testName="COX_invalid_handle_returns_na" computerName="BESH_NTB" duration="00:00:00.0001102" startTime="2026-05-16T12:57:58.7092677+02:00" endTime="2026-05-16T12:57:58.7102668+02:00" testType="13cdc9d9-ddb5-4fa4-a97d-d965ccfc6d4b" outcome="Passed" testListId="8c84fa94-04c1-424b-9868-57a2d4851a1d" relativeResultsDirectory="89ba22d9-0abb-4081-8cfe-eacc2287990e" />
    <UnitTestResult executionId="49a75a53-0fd0-41be-a671-3ea7836b063b" testId="186053f7-ab4a-0ea8-a59d-d8e16b585254" testName="TryLinearInference_KenwardRoger_UsesAdjustedVariance" computerName="BESH_NTB" duration="00:00:00.0004391" startTime="2026-05-16T12:58:08.5542183+02:00" endTime="2026-05-16T12:58:08.5592532+02:00" testType="13cdc9d9-ddb5-4fa4-a97d-d965ccfc6d4b" outcome="Passed" testListId="8c84fa94-04c1-424b-9868-57a2d4851a1d" relativeResultsDirectory="49a75a53-0fd0-41be-a671-3ea7836b063b" />
    <UnitTestResult executionId="6e171cc1-0a0b-49c3-9302-91068a2d1771" testId="ad1c084a-88be-13fa-32d2-fc71140b3e19" testName="SleepstudyUnbalanced_TermHypothesisBuilder_CreatesDaysFTest" computerName="BESH_NTB" duration="00:00:00.0256363" startTime="2026-05-16T12:58:07.6654307+02:00" endTime="2026-05-16T12:58:07.6795746+02:00" testType="13cdc9d9-ddb5-4fa4-a97d-d965ccfc6d4b" outcome="Passed" testListId="8c84fa94-04c1-424b-9868-57a2d4851a1d" relativeResultsDirectory="6e171cc1-0a0b-49c3-9302-91068a2d1771" />
    <UnitTestResult executionId="58a960cb-5ce1-4f85-852a-5744c93fef2b" testId="6055600a-ff8c-f099-60dc-516f73438e29" testName="GetCoxTieMethod_recognizes_supported_values_and_defaults_unknown" computerName="BESH_NTB" duration="00:00:00.0009680" startTime="2026-05-16T12:58:14.2906260+02:00" endTime="2026-05-16T12:58:14.2942865+02:00" testType="13cdc9d9-ddb5-4fa4-a97d-d965ccfc6d4b" outcome="Passed" testListId="8c84fa94-04c1-424b-9868-57a2d4851a1d" relativeResultsDirectory="58a960cb-5ce1-4f85-852a-5744c93fef2b" />
    <UnitTestResult executionId="9a30bc5d-414a-4d5b-853e-a0cb19bf03ee" testId="384b0a03-28f2-7f0c-aefb-c14ba14043d0" testName="RandomInterceptLMM_KRAdjustedSE_MatchesHardCodedRReference" computerName="BESH_NTB" duration="00:00:00.0286285" startTime="2026-05-16T12:58:00.9279082+02:00" endTime="2026-05-16T12:58:00.9584871+02:00" testType="13cdc9d9-ddb5-4fa4-a97d-d965ccfc6d4b" outcome="Passed" testListId="8c84fa94-04c1-424b-9868-57a2d4851a1d" relativeResultsDirectory="9a30bc5d-414a-4d5b-853e-a0cb19bf03ee">
      <Output>
        <StdOut>TestContext Messages:
Wrote LMM R comparison CSV: C:\Users\peter\Dropbox\dotNET\BESHStatNG\BESHStatNG.Test\KRValidationExports\besh_vs_r_lmm_random_intercept_kr_comparison.csv</StdOut>
      </Output>
      <ResultFiles>
        <ResultFile path="BESH_NTB\besh_vs_r_lmm_random_intercept_kr_comparison.csv" />
      </ResultFiles>
    </UnitTestResult>
    <UnitTestResult executionId="ae401777-4944-4f62-8b99-779cf618661e" testId="7bc060f8-9165-f9ee-b6ec-aa5397472753" testName="OneWayANOVA_matches_nist_anova_reference (SiRstv)" computerName="BESH_NTB" duration="00:00:00.0018830" startTime="2026-05-16T12:58:11.6505856+02:00" endTime="2026-05-16T12:58:11.6533729+02:00" testType="13cdc9d9-ddb5-4fa4-a97d-d965ccfc6d4b" outcome="Passed" testListId="8c84fa94-04c1-424b-9868-57a2d4851a1d" relativeResultsDirectory="ae401777-4944-4f62-8b99-779cf618661e" />
    <UnitTestResult executionId="0f72c44f-c3f8-433c-8f31-dd08d9c97029" testId="fd53c2d8-5a41-3088-545b-7531a455835f" testName="CalculateIndependentProportions_corrected_counts_are_not_smaller_than_uncorrected" computerName="BESH_NTB" duration="00:00:00.0001175" startTime="2026-05-16T12:58:13.9680913+02:00" endTime="2026-05-16T12:58:13.9680913+02:00" testType="13cdc9d9-ddb5-4fa4-a97d-d965ccfc6d4b" outcome="Passed" testListId="8c84fa94-04c1-424b-9868-57a2d4851a1d" relativeResultsDirectory="0f72c44f-c3f8-433c-8f31-dd08d9c97029" />
    <UnitTestResult executionId="7c7bcd47-b816-4cb0-87cf-0284566a4582" testId="22ae17c4-6531-e559-0bf3-bd00bc94aec3" testName="SymmetryTest_MiaoGelGastwirth_matches_reference" computerName="BESH_NTB" duration="00:00:00.0001377" startTime="2026-05-16T12:57:58.3245411+02:00" endTime="2026-05-16T12:57:58.3245411+02:00" testType="13cdc9d9-ddb5-4fa4-a97d-d965ccfc6d4b" outcome="Passed" testListId="8c84fa94-04c1-424b-9868-57a2d4851a1d" relativeResultsDirectory="7c7bcd47-b816-4cb0-87cf-0284566a4582" />
    <UnitTestResult executionId="a6d69a0d-f405-4d26-9769-2cbc80e752e5" testId="18c85e62-fb3a-ec8e-6bf4-faa1d8f2642f" testName="BuildControlledGroupDifference_UsesSelectedComparisonAndDirection" computerName="BESH_NTB" duration="00:00:00.0008395" startTime="2026-05-16T12:58:10.6878111+02:00" endTime="2026-05-16T12:58:10.6894221+02:00" testType="13cdc9d9-ddb5-4fa4-a97d-d965ccfc6d4b" outcome="Passed" testListId="8c84fa94-04c1-424b-9868-57a2d4851a1d" relativeResultsDirectory="a6d69a0d-f405-4d26-9769-2cbc80e752e5" />
    <UnitTestResult executionId="9db1270e-2af8-4595-b1a0-ebd671ce2f3f" testId="e4df6a89-f7b2-02b4-367b-54e857c007f7" testName="CalculateCoxEventCountContinuousCovariate_matches_reference (1.2,0.8,0.05,0.2,0,0.3,True,369,1230,0.64)" computerName="BESH_NTB" duration="00:00:00.0000144" startTime="2026-05-16T12:58:13.8891098+02:00" endTime="2026-05-16T12:58:13.8891098+02:00" testType="13cdc9d9-ddb5-4fa4-a97d-d965ccfc6d4b" outcome="Passed" testListId="8c84fa94-04c1-424b-9868-57a2d4851a1d" relativeResultsDirectory="9db1270e-2af8-4595-b1a0-ebd671ce2f3f" />
    <UnitTestResult executionId="38193ae8-7c19-4462-904d-4ecb83febe5c" testId="64bca0ed-9c69-f424-cd50-897c5173b61e" testName="MulticovariateMissingMMRM_KRType3FTests_MatchesRmmrmReferences" computerName="BESH_NTB" duration="00:00:00.2432070" startTime="2026-05-16T12:58:08.8119226+02:00" endTime="2026-05-16T12:58:09.0559175+02:00" testType="13cdc9d9-ddb5-4fa4-a97d-d965ccfc6d4b" outcome="Passed" testListId="8c84fa94-04c1-424b-9868-57a2d4851a1d" relativeResultsDirectory="38193ae8-7c19-4462-904d-4ecb83febe5c" />
    <UnitTestResult executionId="c358a58d-31f8-4932-b333-70ebedaee91e" testId="3218f8b2-4319-352b-892e-cc1a8b7c8195" testName="OneWayANOVA_TukeyKramer_matches_reference" computerName="BESH_NTB" duration="00:00:00.0665115" startTime="2026-05-16T12:58:12.4830131+02:00" endTime="2026-05-16T12:58:12.5504031+02:00" testType="13cdc9d9-ddb5-4fa4-a97d-d965ccfc6d4b" outcome="Passed" testListId="8c84fa94-04c1-424b-9868-57a2d4851a1d" relativeResultsDirectory="c358a58d-31f8-4932-b333-70ebedaee91e" />
    <UnitTestResult executionId="77a130c5-4b8f-49c4-80f4-968f3057f3dc" testId="642c09d9-f357-b5ff-3d7a-c8af3fcfd6bf" testName="Fit_matches_nist_lls_reference (NoInt1)" computerName="BESH_NTB" duration="00:00:00.0011717" startTime="2026-05-16T12:58:11.7476844+02:00" endTime="2026-05-16T12:58:11.7496856+02:00" testType="13cdc9d9-ddb5-4fa4-a97d-d965ccfc6d4b" outcome="Passed" testListId="8c84fa94-04c1-424b-9868-57a2d4851a1d" relativeResultsDirectory="77a130c5-4b8f-49c4-80f4-968f3057f3dc" />
[...]
    <TestEntry testId="5efe6aa9-b78d-c860-899d-fb2a2068ffcb" executionId="a2db8f82-a3d2-4f13-b33c-57804a25307e" testListId="8c84fa94-04c1-424b-9868-57a2d4851a1d" />
    <TestEntry testId="3a209e0a-a79e-59f1-3832-f4edcc6bc2e7" executionId="4929daa3-3791-48e2-8309-3d3737a4b594" testListId="8c84fa94-04c1-424b-9868-57a2d4851a1d" />
    <TestEntry testId="7607a663-04be-5e7e-5787-f465c6a1de6f" executionId="f12e3d84-e62d-499a-b2b6-144eeed14075" testListId="8c84fa94-04c1-424b-9868-57a2d4851a1d" />
    <TestEntry testId="de4c4ded-dcad-52e2-6088-3b4e48b52683" executionId="e7845a10-0a53-4f4c-900b-d776c3205cc1" testListId="8c84fa94-04c1-424b-9868-57a2d4851a1d" />
    <TestEntry testId="2f1124b4-659f-97c3-85ba-22a80be84079" executionId="0ba7a981-49b4-470a-8465-7af8c9d45e21" testListId="8c84fa94-04c1-424b-9868-57a2d4851a1d" />
    <TestEntry testId="cc722c98-dc7f-7fa0-6f42-1f61de7afe01" executionId="b7db4d8a-18b4-4506-8dac-0f29d5223445" testListId="8c84fa94-04c1-424b-9868-57a2d4851a1d" />
    <TestEntry testId="fe018d09-7fad-7b9b-a47d-4a1ee05a5bee" executionId="b9748eb3-e959-4f5a-80af-0c7ddf42fc36" testListId="8c84fa94-04c1-424b-9868-57a2d4851a1d" />
    <TestEntry testId="6c17102d-804b-5a6e-93ab-b01a6409c9e1" executionId="03b3249a-8466-495a-85b9-a9fbf2754f76" testListId="8c84fa94-04c1-424b-9868-57a2d4851a1d" />
    <TestEntry testId="feb944c0-bbf5-043b-488d-a2da4af7626a" executionId="52459160-49b1-4457-8af4-fd6cdf891ad2" testListId="8c84fa94-04c1-424b-9868-57a2d4851a1d" />
    <TestEntry testId="958c5506-bd4e-abba-c61f-8e981b6d138a" executionId="bde3e9ee-1979-49b7-b2f8-d49bca3c02a3" testListId="8c84fa94-04c1-424b-9868-57a2d4851a1d" />
    <TestEntry testId="43623b3a-fbae-6a4f-c941-aa7eb2125ea8" executionId="b72af8ba-6e38-4c91-80d5-113899a7195e" testListId="8c84fa94-04c1-424b-9868-57a2d4851a1d" />
    <TestEntry testId="05180fff-15b7-8de8-9374-bc717fbb17ab" executionId="987af145-2bae-4074-a324-a9653155bbb7" testListId="8c84fa94-04c1-424b-9868-57a2d4851a1d" />
    <TestEntry testId="ed9872d4-dcef-bb77-ed06-cae8c2d0dee0" executionId="c9db57dd-b912-4f87-87c2-2b3ee957c0e6" testListId="8c84fa94-04c1-424b-9868-57a2d4851a1d" />
    <TestEntry testId="11914a15-3589-ab82-719e-0fc1e160215e" executionId="59dec07c-9eaa-410a-9e54-05ead78825b0" testListId="8c84fa94-04c1-424b-9868-57a2d4851a1d" />
    <TestEntry testId="ea616a4d-20c9-8f88-b1c8-da7e7b7395fa" executionId="8e12805e-da38-461b-a012-8d390789dc2c" testListId="8c84fa94-04c1-424b-9868-57a2d4851a1d" />
    <TestEntry testId="abeeb599-251d-163c-72bf-788d5acc991d" executionId="282c671f-ec24-4426-b9fa-afaadf94d6a9" testListId="8c84fa94-04c1-424b-9868-57a2d4851a1d" />
    <TestEntry testId="c13cc3aa-0b0a-712e-0cbc-76289193c1b1" executionId="b0971a0a-a89b-4468-a4dc-9c134bd44f10" testListId="8c84fa94-04c1-424b-9868-57a2d4851a1d" />
    <TestEntry testId="2addc498-3f46-297a-b0a8-5cac26fc7b43" executionId="21d57db7-c61b-4321-a498-bee9cf9e6785" testListId="8c84fa94-04c1-424b-9868-57a2d4851a1d" />
    <TestEntry testId="cf489f4b-b523-a675-b869-04a234354b0f" executionId="8b8bae65-b1f2-495f-ae60-d075d49d6315" testListId="8c84fa94-04c1-424b-9868-57a2d4851a1d" />
    <TestEntry testId="926b00a7-f266-4e44-e1d5-6809f6d25fcb" executionId="0995a2e5-f795-45f9-af0b-952637359d0b" testListId="8c84fa94-04c1-424b-9868-57a2d4851a1d" />
    <TestEntry testId="33a52b3c-6adf-90e1-b675-e7ccbd72dbf5" executionId="2605c438-a28c-48a3-90b4-a27344b3e710" testListId="8c84fa94-04c1-424b-9868-57a2d4851a1d" />
    <TestEntry testId="968ba27c-a596-af71-3bc4-8e49c57b3543" executionId="8761dedf-4040-4bb3-a461-b978ae332c52" testListId="8c84fa94-04c1-424b-9868-57a2d4851a1d" />
    <TestEntry testId="cd748cd4-0720-e4f0-fcbb-88a312ada993" executionId="e7354542-c47a-4171-ae59-c477d134afaa" testListId="8c84fa94-04c1-424b-9868-57a2d4851a1d" />
    <TestEntry testId="3995a437-45b7-d8bc-475b-00a227cdd0e6" executionId="78349d3e-5dca-4814-9ff6-e38eee648ff0" testListId="8c84fa94-04c1-424b-9868-57a2d4851a1d" />
    <TestEntry testId="378f2f21-9cd4-31e2-fb9a-42ff3b61628c" executionId="ae3cb1e0-830d-4cbe-b924-56eb2bdc5551" testListId="8c84fa94-04c1-424b-9868-57a2d4851a1d" />
    <TestEntry testId="03751a11-cf4f-82b4-c972-dc670d770e55" executionId="e641264f-3186-46ae-9bea-5621f21cc4a1" testListId="8c84fa94-04c1-424b-9868-57a2d4851a1d" />
    <TestEntry testId="93d38fee-9ac8-6531-7d30-d9ebd9b09cdb" executionId="dd537b41-8804-4bd0-b425-b7449f7fcedf" testListId="8c84fa94-04c1-424b-9868-57a2d4851a1d" />
    <TestEntry testId="cba81ea1-385f-59c1-7e2e-2970d83a7582" executionId="f95330b6-e7a0-4e82-9c37-7d5ac6b6b430" testListId="8c84fa94-04c1-424b-9868-57a2d4851a1d" />
    <TestEntry testId="84dea3de-0039-22a0-9b8b-c18023343890" executionId="18971456-0903-4298-b644-64de5eafa3e1" testListId="8c84fa94-04c1-424b-9868-57a2d4851a1d" />
    <TestEntry testId="655c13b2-8cb9-dbee-b628-e75c9908ccb1" executionId="b03f1432-6152-44e4-9fbc-85fb46185578" testListId="8c84fa94-04c1-424b-9868-57a2d4851a1d" />
    <TestEntry testId="141a73ef-4a62-af9f-0503-502feafab24f" executionId="aa730aa4-cf0a-4ed9-bc3a-d36c611e0fbc" testListId="8c84fa94-04c1-424b-9868-57a2d4851a1d" />
    <TestEntry testId="4e8db414-0ca7-8d89-0c01-6ee7d2aa193c" executionId="b84a1911-bc85-40f7-95c0-a1943ecf37b4" testListId="8c84fa94-04c1-424b-9868-57a2d4851a1d" />
    <TestEntry testId="eebd9783-92be-5b8d-6964-df1deffe9b96" executionId="8449d567-50a9-4885-8175-17d0009c6cd8" testListId="8c84fa94-04c1-424b-9868-57a2d4851a1d" />
    <TestEntry testId="0ed22b31-f514-4129-65cd-e43f557bba10" executionId="19a5a1ba-e41c-4189-a73d-d86786c8afc4" testListId="8c84fa94-04c1-424b-9868-57a2d4851a1d" />
    <TestEntry testId="72b857f4-3fbd-7a59-c8aa-00e48ed30f6b" executionId="3dc0a2ab-5f89-4d2d-9c36-aa1be29576cf" testListId="8c84fa94-04c1-424b-9868-57a2d4851a1d" />
    <TestEntry testId="70a34b34-aa31-6c09-41de-dc19c63384e9" executionId="a8d6bbd0-ac97-4745-b063-e5d15407625c" testListId="8c84fa94-04c1-424b-9868-57a2d4851a1d" />
    <TestEntry testId="8cf790d9-7d07-cd8b-ec0e-0ce184708af8" executionId="dd09e139-3b87-4ce8-a4cd-a11f90b809f1" testListId="8c84fa94-04c1-424b-9868-57a2d4851a1d" />
    <TestEntry testId="10dbf60a-e7a9-72c8-4123-516496844035" executionId="90843928-f42b-433c-acad-cb43d46ea92c" testListId="8c84fa94-04c1-424b-9868-57a2d4851a1d" />
    <TestEntry testId="3d3c0862-0035-1e15-ecf3-3a277ed31ccd" executionId="afe58f85-3d83-4276-9b60-5cd54ac17828" testListId="8c84fa94-04c1-424b-9868-57a2d4851a1d" />
    <TestEntry testId="6a33d7e4-7bbc-a87a-3481-05353651470e" executionId="672717cf-ed0c-4219-aca5-8f764d2c94b9" testListId="8c84fa94-04c1-424b-9868-57a2d4851a1d" />
    <TestEntry testId="cb432520-7b81-f0dd-b26d-bc84147badf0" executionId="3c62f820-0ac7-4dfb-ae0b-28867e8e2368" testListId="8c84fa94-04c1-424b-9868-57a2d4851a1d" />
    <TestEntry testId="f777c232-85a3-a19d-02b5-65d1d77f6ab9" executionId="81d3b245-24db-4adc-aef9-2a36a28d01c3" testListId="8c84fa94-04c1-424b-9868-57a2d4851a1d" />
    <TestEntry testId="9ce8f79e-dc78-c874-38fc-a326ac2fabab" executionId="0c732f54-361d-48d5-abbc-0ef77d4f0e65" testListId="8c84fa94-04c1-424b-9868-57a2d4851a1d" />
    <TestEntry testId="ba9fc84b-9058-9a0f-ece3-1f0fcc7f96a4" executionId="1315cdec-fe4e-4266-80e7-5eff3acdc4cc" testListId="8c84fa94-04c1-424b-9868-57a2d4851a1d" />
    <TestEntry testId="3a41f343-06d2-8589-c913-3fddc6cf8db2" executionId="c0afedf4-9ae0-48c4-91c7-5ea05fff49d8" testListId="8c84fa94-04c1-424b-9868-57a2d4851a1d" />
    <TestEntry testId="6db61f62-881b-9d36-a8d1-0446afc66a17" executionId="1dbf8248-19f7-44a2-9f4d-2d9a16907b35" testListId="8c84fa94-04c1-424b-9868-57a2d4851a1d" />
    <TestEntry testId="f4d2a314-b4c4-5e59-d1cf-68956c43d934" executionId="fe5cf38d-e370-4f36-9bd2-28f5f061612f" testListId="8c84fa94-04c1-424b-9868-57a2d4851a1d" />
    <TestEntry testId="04b1a731-1752-bc70-7da4-d4318c439218" executionId="d7909a1f-d344-4d1c-8e23-89ec13a3e8f1" testListId="8c84fa94-04c1-424b-9868-57a2d4851a1d" />
    <TestEntry testId="d8b7c69a-d232-328c-d2a3-667ceb088440" executionId="810f58ce-99c4-4624-b15e-dd988409da6f" testListId="8c84fa94-04c1-424b-9868-57a2d4851a1d" />
    <TestEntry testId="8c291032-02a9-5860-aeed-3ad5bdd1424a" executionId="b290f913-81eb-4a1d-ae00-5c2307450e7f" testListId="8c84fa94-04c1-424b-9868-57a2d4851a1d" />
    <TestEntry testId="b43e2bcf-363c-8820-3937-aa8af4b965b5" executionId="964b860c-9a8b-46df-b937-43c1eaf1e0a5" testListId="8c84fa94-04c1-424b-9868-57a2d4851a1d" />
    <TestEntry testId="52f54219-2eae-fff7-7f12-d94e9d6edf58" executionId="ec26bc62-1c51-4bde-8335-5556047b6331" testListId="8c84fa94-04c1-424b-9868-57a2d4851a1d" />
    <TestEntry testId="0876ac4c-e878-c188-5d29-d15b3215924a" executionId="4554a587-90bf-44b5-8ad3-c919d2aa50bb" testListId="8c84fa94-04c1-424b-9868-57a2d4851a1d" />
    <TestEntry testId="136ed17a-5c33-7290-95bf-75110ba90303" executionId="17f4ba5e-dbab-428c-bc1c-a031f3a9bb66" testListId="8c84fa94-04c1-424b-9868-57a2d4851a1d" />
    <TestEntry testId="f3d1ba51-b1b6-3046-325b-0c3edfd2409a" executionId="14153824-1576-44b9-aa34-342961545b76" testListId="8c84fa94-04c1-424b-9868-57a2d4851a1d" />
    <TestEntry testId="8893ec3f-084f-762b-1788-cff86441dba6" executionId="4199c43c-83a7-4918-ace5-5fb2f3e4fa97" testListId="8c84fa94-04c1-424b-9868-57a2d4851a1d" />
    <TestEntry testId="76fc8a29-99a5-8b03-a929-4b112894725e" executionId="badcb3dd-200e-4cdb-96a1-260da5fd43f7" testListId="8c84fa94-04c1-424b-9868-57a2d4851a1d" />
    <TestEntry testId="74099a89-34b0-98ff-6988-60f49cf9122f" executionId="870c43e3-f0a1-4a71-8af4-ade8d0a7d4dc" testListId="8c84fa94-04c1-424b-9868-57a2d4851a1d" />
    <TestEntry testId="cf342a5d-2086-adc1-b373-5a0e54c079f3" executionId="34cd2956-478f-43ed-9de2-0ef1d2787674" testListId="8c84fa94-04c1-424b-9868-57a2d4851a1d" />
    <TestEntry testId="d8d0d0f0-57ed-11f6-f281-f644c081b0fb" executionId="ce9daaf3-a1da-412b-a78c-80fd6fbca47a" testListId="8c84fa94-04c1-424b-9868-57a2d4851a1d" />
    <TestEntry testId="9d02f61b-5a2b-63ee-23b5-0727ca40fc92" executionId="ffa54edc-2c85-4305-9e2a-63540f0d388f" testListId="8c84fa94-04c1-424b-9868-57a2d4851a1d" />
    <TestEntry testId="e595965d-6438-0dda-e47f-8f7929142a0c" executionId="0bebfa17-424a-412d-9f50-806139ead7a0" testListId="8c84fa94-04c1-424b-9868-57a2d4851a1d" />
    <TestEntry testId="ba0d711b-033b-0cd4-762e-669d1cb32187" executionId="e38fed21-ebb2-484a-a920-ef37bd407f21" testListId="8c84fa94-04c1-424b-9868-57a2d4851a1d" />
    <TestEntry testId="7c9f2087-82d8-3e36-392f-3131663825bf" executionId="44aa5bc2-55ce-48ba-9f45-5f3cef29626c" testListId="8c84fa94-04c1-424b-9868-57a2d4851a1d" />
    <TestEntry testId="0516184b-04b5-497b-a87b-ee0f7b49819f" executionId="19c6cd63-c731-4af3-af58-c895082dc616" testListId="8c84fa94-04c1-424b-9868-57a2d4851a1d" />
    <TestEntry testId="50c6c580-1b3d-afb0-c7c1-ffb8c575a785" executionId="6fa0a2a7-37c2-491b-b5d0-4080fe2df4fb" testListId="8c84fa94-04c1-424b-9868-57a2d4851a1d" />
    <TestEntry testId="1d6b8b3a-0537-b762-c15a-9e9274d0a338" executionId="b23b3d73-7073-4b21-8ab6-8dbfa44229a4" testListId="8c84fa94-04c1-424b-9868-57a2d4851a1d" />
    <TestEntry testId="075c76d8-87d3-a070-9008-56a7260857f7" executionId="a2a2036f-7f27-409f-834d-dfdcfa2ceb3e" testListId="8c84fa94-04c1-424b-9868-57a2d4851a1d" />
    <TestEntry testId="0465d5e4-2a36-7ef4-eb5f-193b69d8bbda" executionId="c0316f28-ec02-491c-a2f1-2925ddefd6e0" testListId="8c84fa94-04c1-424b-9868-57a2d4851a1d" />
    <TestEntry testId="fe81aaea-c6fb-15f9-7196-dbc6f13940d7" executionId="f48b45a0-a456-442b-b03a-4644f3e77960" testListId="8c84fa94-04c1-424b-9868-57a2d4851a1d" />
    <TestEntry testId="b4f17d8a-b612-9951-ec89-8cbed5912285" executionId="08d387be-72a8-492b-9008-921a4c1cab76" testListId="8c84fa94-04c1-424b-9868-57a2d4851a1d" />
    <TestEntry testId="081c6a66-3afd-6975-2f37-241afbd65593" executionId="c3f497fb-a473-4ea0-8f64-9182547afed5" testListId="8c84fa94-04c1-424b-9868-57a2d4851a1d" />
    <TestEntry testId="6a7c0a65-83d2-ad48-1b73-03d5488cb21a" executionId="a7287a0e-eed5-4401-a5c1-cb1d9884c2e6" testListId="8c84fa94-04c1-424b-9868-57a2d4851a1d" />
    <TestEntry testId="adf4ea10-b553-4711-f530-f5a87bd9d151" executionId="d4fa2849-b2f5-43ed-b7d4-682cee1b7488" testListId="8c84fa94-04c1-424b-9868-57a2d4851a1d" />
    <TestEntry testId="4fa97bef-db3f-351d-8f7c-3c5c372839d4" executionId="8b77fdba-b84d-4459-928f-989d65c8b0a4" testListId="8c84fa94-04c1-424b-9868-57a2d4851a1d" />
    <TestEntry testId="e67a669d-d40e-1bb1-4cf5-cc2f81410790" executionId="77166638-29f2-45fc-9fc8-eb41f173f67a" testListId="8c84fa94-04c1-424b-9868-57a2d4851a1d" />
    <TestEntry testId="15b7dca7-dbfa-031c-a731-925123106114" executionId="08297317-eb07-4481-856a-3c5e3f9d8f34" testListId="8c84fa94-04c1-424b-9868-57a2d4851a1d" />
    <TestEntry testId="19a85f9e-0d28-b6e5-25ed-bf9378f65f0f" executionId="2ecb5898-55df-470c-b79d-7eabb82cdc76" testListId="8c84fa94-04c1-424b-9868-57a2d4851a1d" />
    <TestEntry testId="4db84671-74d5-db1f-58fa-e040df98a2b0" executionId="e16aae9b-2dde-4b5f-8aee-a88cff1d947d" testListId="8c84fa94-04c1-424b-9868-57a2d4851a1d" />
    <TestEntry testId="18ad4281-b46e-e3f4-ba54-42ed9bf88cbc" executionId="10dd0f31-29f5-4b2c-9a43-146c1b5fac37" testListId="8c84fa94-04c1-424b-9868-57a2d4851a1d" />
    <TestEntry testId="531705a3-829f-e108-9964-0e0244bfbcd8" executionId="ee9adf19-4fab-4221-9553-e562aa64f5fb" testListId="8c84fa94-04c1-424b-9868-57a2d4851a1d" />
    <TestEntry testId="7288762b-f744-0057-9820-859242942691" executionId="291ed4dd-0401-4f2e-a466-92b44bc928d5" testListId="8c84fa94-04c1-424b-9868-57a2d4851a1d" />
    <TestEntry testId="2df23772-ddb0-69a9-99e4-91b6ad23a3e0" executionId="b4043d6d-d61c-44a0-93f8-15d0f2d3391a" testListId="8c84fa94-04c1-424b-9868-57a2d4851a1d" />
    <TestEntry testId="8df11474-b30c-be5a-199d-7e4d8ec9d1cf" executionId="9b2b91f5-5cc5-4d0a-92fd-c142faaf57fd" testListId="8c84fa94-04c1-424b-9868-57a2d4851a1d" />
    <TestEntry testId="e77c44e1-5a73-17d2-7646-fe6139150f6a" executionId="c14ca487-ef35-4c83-a136-8a8c06295efa" testListId="8c84fa94-04c1-424b-9868-57a2d4851a1d" />
    <TestEntry testId="a762ef62-9211-d62c-3f56-abe18daa88e4" executionId="7f9a01c9-22a5-4951-82b9-827939cb5a74" testListId="8c84fa94-04c1-424b-9868-57a2d4851a1d" />
    <TestEntry testId="704f4bfd-4638-85f1-706d-d76b7fc3b190" executionId="d283cb29-dffb-4d5b-b837-73183860b704" testListId="8c84fa94-04c1-424b-9868-57a2d4851a1d" />
    <TestEntry testId="0bac7ea9-4b62-90ff-8d60-541f1ab7317e" executionId="8c89b708-86a5-49d9-8fb0-6ad4d3bd8b83" testListId="8c84fa94-04c1-424b-9868-57a2d4851a1d" />
    <TestEntry testId="6f07b2f3-14ec-4436-e30b-3c9406ccc481" executionId="bfd03749-0abc-46b0-a635-d290ffa9a42d" testListId="8c84fa94-04c1-424b-9868-57a2d4851a1d" />
    <TestEntry testId="1c584702-9933-9d45-8228-d9d7b08f07e9" executionId="b4b21f4a-3676-4ca1-9383-874b771b62e7" testListId="8c84fa94-04c1-424b-9868-57a2d4851a1d" />
    <TestEntry testId="86dbdbaa-cca3-0096-6178-f1ada26954cc" executionId="532305c7-bdc3-4959-9a00-c7028597ad2b" testListId="8c84fa94-04c1-424b-9868-57a2d4851a1d" />
    <TestEntry testId="91ed069e-7a44-3d93-8cf2-3d75b98840e8" executionId="5f1c534a-84bb-4e96-b23b-d426573166a5" testListId="8c84fa94-04c1-424b-9868-57a2d4851a1d" />
    <TestEntry testId="aad28178-3186-0533-4e51-7af1310a51f9" executionId="7dfea3ac-7399-41f1-a820-2db0abe09977" testListId="8c84fa94-04c1-424b-9868-57a2d4851a1d" />
    <TestEntry testId="d6c5bb57-8767-ff16-6f1a-7abafe42c627" executionId="5f807ff5-69a9-43fc-b11c-e6445361ccf8" testListId="8c84fa94-04c1-424b-9868-57a2d4851a1d" />
    <TestEntry testId="f41a2327-633a-f6a1-c093-5b4f90ed9762" executionId="874fd7b5-7d56-434a-9e9f-71ce2348cfd0" testListId="8c84fa94-04c1-424b-9868-57a2d4851a1d" />
    <TestEntry testId="cc82496f-8e61-40ab-d687-c32a957a7aa0" executionId="e23578b2-8434-4190-9f48-00e07e7ff6c5" testListId="8c84fa94-04c1-424b-9868-57a2d4851a1d" />
    <TestEntry testId="172a5d2d-bcbe-e8f0-32cd-e496b94eb70c" executionId="94d44c6d-db60-4964-9b81-987ce28a90d5" testListId="8c84fa94-04c1-424b-9868-57a2d4851a1d" />
    <TestEntry testId="8b786b52-8f49-a906-b4a8-f5e80e425839" executionId="491cccb6-2674-4b37-92f3-0e37e90ed8a5" testListId="8c84fa94-04c1-424b-9868-57a2d4851a1d" />
    <TestEntry testId="b941d128-44a7-8069-b65a-866bea2a7ccd" executionId="f0b3c369-ac19-47a3-b72a-af16eca58277" testListId="8c84fa94-04c1-424b-9868-57a2d4851a1d" />
    <TestEntry testId="9320cee4-c242-4a50-4733-3ae4d779b799" executionId="2182f92a-d9ae-470b-aca2-1d94e29a7c05" testListId="8c84fa94-04c1-424b-9868-57a2d4851a1d" />
    <TestEntry testId="a4578b41-0324-6678-f843-b6be325275ff" executionId="653c796f-2c81-4603-b5f5-5b0701565c38" testListId="8c84fa94-04c1-424b-9868-57a2d4851a1d" />
    <TestEntry testId="a6537c31-9b80-687a-aec7-27404e9f35ea" executionId="b14d6a32-7a72-4124-af32-bf777133eced" testListId="8c84fa94-04c1-424b-9868-57a2d4851a1d" />
    <TestEntry testId="59454ebb-eb66-eabc-5402-a1923f67f734" executionId="88c34ef3-62c5-41ec-ae87-b9cceb1c7831" testListId="8c84fa94-04c1-424b-9868-57a2d4851a1d" />
    <TestEntry testId="67d781cc-530a-ea56-80a0-363f9e5a93fa" executionId="dc4542f0-1a68-468c-9d7d-e066b8dfd367" testListId="8c84fa94-04c1-424b-9868-57a2d4851a1d" />
    <TestEntry testId="eceb71b7-9b49-64a0-d2c8-60475f25b403" executionId="495213bf-3231-4807-bada-75ce7f9e6db4" testListId="8c84fa94-04c1-424b-9868-57a2d4851a1d" />
    <TestEntry testId="f8c8b8ae-f248-42e7-047a-fcfee67f3a7e" executionId="271a3b2f-c661-420f-b714-72443cbad2f3" testListId="8c84fa94-04c1-424b-9868-57a2d4851a1d" />
    <TestEntry testId="685e6373-7506-bc06-8d7e-6644ba98b130" executionId="a61a831a-a2c2-462f-90a5-5895d087b2dc" testListId="8c84fa94-04c1-424b-9868-57a2d4851a1d" />
    <TestEntry testId="c13a8111-db09-418d-0d29-20dd8dce40e2" executionId="31b773b2-803e-404e-a327-02f6fd72c2c5" testListId="8c84fa94-04c1-424b-9868-57a2d4851a1d" />
    <TestEntry testId="4b4b4efe-5f18-52fb-0ffa-f9226ce2e392" executionId="e988ce07-d8d4-4d83-8fad-7321a1fb277f" testListId="8c84fa94-04c1-424b-9868-57a2d4851a1d" />
    <TestEntry testId="0a6f8f85-3d6d-def3-3498-7c29cab21614" executionId="69c3acdc-4d6d-4d40-8a88-66db3be07ae9" testListId="8c84fa94-04c1-424b-9868-57a2d4851a1d" />
    <TestEntry testId="ebf21ec0-8122-684b-5a12-41e7efaef26b" executionId="7c18986d-5a32-41fd-bd1a-0c5250cd93f6" testListId="8c84fa94-04c1-424b-9868-57a2d4851a1d" />
    <TestEntry testId="bd815525-bacb-b4a6-2c61-7e3e1f3d8cf6" executionId="574027d8-d494-4067-b845-aebc2daa0d7a" testListId="8c84fa94-04c1-424b-9868-57a2d4851a1d" />
    <TestEntry testId="73397839-0e19-de4f-ed1f-1561264171b8" executionId="4019501a-b53c-41ca-8345-eac24be908fe" testListId="8c84fa94-04c1-424b-9868-57a2d4851a1d" />
    <TestEntry testId="9b22dfd3-8338-511e-d217-603286071f20" executionId="ae6e731b-ad43-44ab-bc91-cf47d7553692" testListId="8c84fa94-04c1-424b-9868-57a2d4851a1d" />
    <TestEntry testId="eb0f59c9-3296-8355-43cf-f4d01fc3f8bc" executionId="c876327b-e31b-4deb-beba-5e0723dc988d" testListId="8c84fa94-04c1-424b-9868-57a2d4851a1d" />
  </TestEntries>
  <TestLists>
    <TestList name="Results Not in a List" id="8c84fa94-04c1-424b-9868-57a2d4851a1d" />
    <TestList name="All Loaded Results" id="19431567-8539-422a-85d7-44ee4e166bda" />
  </TestLists>
  <ResultSummary outcome="Completed">
    <Counters total="625" executed="625" passed="625" failed="0" error="0" timeout="0" aborted="0" inconclusive="0" passedButRunAborted="0" notRunnable="0" notExecuted="0" disconnected="0" warning="0" completed="0" inProgress="0" pending="0" />
    <RunInfos>
      <RunInfo computerName="BESH_NTB" outcome="Warning" timestamp="2026-05-16T12:58:14.6388182+02:00">
        <Text>Data collector 'Blame' message: procdump64.exe could not be found, please make sure that the executable is available on PATH. Alternatively set PROCDUMP_PATH environment variable to a directory that contains procdump64.exe executable.</Text>
      </RunInfo>
    </RunInfos>
  </ResultSummary>
</TestRun>