<?xml version="1.0" encoding="utf-8"?>
<TestRun id="6cfd9a7e-4348-478e-b5b5-76fc60925444" name="peter@BESH_NTB 2026-05-16 12:32:14" runUser="BESH_NTB\peter" xmlns="http://microsoft.com/schemas/VisualStudio/TeamTest/2010">
  <Times creation="2026-05-16T12:32:14.0043978+02:00" queuing="2026-05-16T12:32:14.0043978+02:00" start="2026-05-16T12:32:12.4646464+02:00" finish="2026-05-16T12:32:28.7911688+02:00" />
  <TestSettings name="default" id="50f36078-02dd-41cf-b118-77ad81ea32ef">
    <Deployment runDeploymentRoot="peter_BESH_NTB_2026-05-16_12_32_14" />
  </TestSettings>
  <Results>
    <UnitTestResult executionId="ed187cd6-1e52-4404-8f30-3001b402f348" testId="e381c95d-7b9e-2495-975b-5d97c9575c2f" testName="DiagMatFromVector_basic" computerName="BESH_NTB" duration="00:00:00.0001798" startTime="2026-05-16T12:32:17.3571570+02:00" endTime="2026-05-16T12:32:17.3571570+02:00" testType="13cdc9d9-ddb5-4fa4-a97d-d965ccfc6d4b" outcome="Passed" testListId="8c84fa94-04c1-424b-9868-57a2d4851a1d" relativeResultsDirectory="ed187cd6-1e52-4404-8f30-3001b402f348" />
    <UnitTestResult executionId="b70ca267-edb3-4449-91dd-d16fb2e64424" testId="05180fff-15b7-8de8-9374-bc717fbb17ab" testName="GRUBBS_and_ROSNER_detect_outliers_and_validate_alpha_or_sample_size" computerName="BESH_NTB" duration="00:00:00.0051008" startTime="2026-05-16T12:32:14.2691215+02:00" endTime="2026-05-16T12:32:14.2753923+02:00" testType="13cdc9d9-ddb5-4fa4-a97d-d965ccfc6d4b" outcome="Passed" testListId="8c84fa94-04c1-424b-9868-57a2d4851a1d" relativeResultsDirectory="b70ca267-edb3-4449-91dd-d16fb2e64424" />
    <UnitTestResult executionId="7cdf836e-1fab-438f-86ce-713e6688e782" testId="064f66ec-263e-1b14-b2f8-6adb74f8a8da" testName="AndersonDarlingTEST_matches_reference" computerName="BESH_NTB" duration="00:00:00.0094994" startTime="2026-05-16T12:32:14.0774474+02:00" endTime="2026-05-16T12:32:14.0874849+02:00" testType="13cdc9d9-ddb5-4fa4-a97d-d965ccfc6d4b" outcome="Passed" testListId="8c84fa94-04c1-424b-9868-57a2d4851a1d" relativeResultsDirectory="7cdf836e-1fab-438f-86ce-713e6688e782" />
    <UnitTestResult executionId="6ca4592b-7c93-46e8-9cc5-a70f15e7d118" testId="d25f34f9-1326-f36f-79c4-b581d675cc0f" testName="ICC1k_ShroutFleiss1979_example_matches_reference" computerName="BESH_NTB" duration="00:00:00.0005090" startTime="2026-05-16T12:32:13.9491513+02:00" endTime="2026-05-16T12:32:13.9501520+02:00" testType="13cdc9d9-ddb5-4fa4-a97d-d965ccfc6d4b" outcome="Passed" testListId="8c84fa94-04c1-424b-9868-57a2d4851a1d" relativeResultsDirectory="6ca4592b-7c93-46e8-9cc5-a70f15e7d118" />
    <UnitTestResult executionId="b84c72e6-f34a-46ae-b70a-9bc63441981e" testId="3ff70c39-d02d-0e19-d750-94d1aac2c097" testName="LOGRANK_P_and_STAT_agree_with_chi_square_relationship_for_two_groups" computerName="BESH_NTB" duration="00:00:00.0025458" startTime="2026-05-16T12:32:28.3804145+02:00" endTime="2026-05-16T12:32:28.3834143+02:00" testType="13cdc9d9-ddb5-4fa4-a97d-d965ccfc6d4b" outcome="Passed" testListId="8c84fa94-04c1-424b-9868-57a2d4851a1d" relativeResultsDirectory="b84c72e6-f34a-46ae-b70a-9bc63441981e" />
    <UnitTestResult executionId="58b86c6d-6d51-4b50-ac54-bd7387131b60" testId="eec45166-ceb7-d03a-d861-d18115e0a913" testName="Data_throws_if_weights_length_mismatch" computerName="BESH_NTB" duration="00:00:00.0014164" startTime="2026-05-16T12:32:16.7051619+02:00" endTime="2026-05-16T12:32:16.7071609+02:00" testType="13cdc9d9-ddb5-4fa4-a97d-d965ccfc6d4b" outcome="Passed" testListId="8c84fa94-04c1-424b-9868-57a2d4851a1d" relativeResultsDirectory="58b86c6d-6d51-4b50-ac54-bd7387131b60">
      <Output>
        <StdOut>Debug Trace:
System.ArgumentException: weights length must match #rows.</StdOut>
      </Output>
    </UnitTestResult>
    <UnitTestResult executionId="7ff545db-c10f-4aff-8c64-dc885c4e34ac" testId="5ea54189-2632-a87d-cd65-19dcb7a5aecc" testName="ANOVA1_MCP_and_ANOVA2_NESTED_output_selectors_work" computerName="BESH_NTB" duration="00:00:00.5875847" startTime="2026-05-16T12:32:27.0791317+02:00" endTime="2026-05-16T12:32:27.6668771+02:00" testType="13cdc9d9-ddb5-4fa4-a97d-d965ccfc6d4b" outcome="Passed" testListId="8c84fa94-04c1-424b-9868-57a2d4851a1d" relativeResultsDirectory="7ff545db-c10f-4aff-8c64-dc885c4e34ac" />
    <UnitTestResult executionId="0ac79255-7cd8-48ac-951d-d4eb65d76a0e" testId="2a4ffe40-7843-6638-566f-2a6f4671aa3c" testName="FullAdjustedVarBeta_WithoutSecondDerivatives_CanUseExplicitLinearFallback" computerName="BESH_NTB" duration="00:00:00.0010542" startTime="2026-05-16T12:32:17.8526976+02:00" endTime="2026-05-16T12:32:17.8538105+02:00" testType="13cdc9d9-ddb5-4fa4-a97d-d965ccfc6d4b" outcome="Passed" testListId="8c84fa94-04c1-424b-9868-57a2d4851a1d" relativeResultsDirectory="0ac79255-7cd8-48ac-951d-d4eb65d76a0e" />
    <UnitTestResult executionId="12bd8e51-38dd-4e81-b584-beebb2b31fda" testId="3fe3c93a-661b-fb36-b88b-d78e5a23af33" testName="Histogram_bin_rule_normalization_accepts_common_aliases" computerName="BESH_NTB" duration="00:00:00.0007243" startTime="2026-05-16T12:32:28.4068201+02:00" endTime="2026-05-16T12:32:28.4078572+02:00" testType="13cdc9d9-ddb5-4fa4-a97d-d965ccfc6d4b" outcome="Passed" testListId="8c84fa94-04c1-424b-9868-57a2d4851a1d" relativeResultsDirectory="12bd8e51-38dd-4e81-b584-beebb2b31fda" />
    <UnitTestResult executionId="b4b1e960-fdbf-4002-b9d9-7cc792018edc" testId="9a96fcab-a1c9-4298-5f85-4d937fcb8ab8" testName="MatrixMult_Test2Dc_equal" computerName="BESH_NTB" duration="00:00:00.0002351" startTime="2026-05-16T12:32:17.4335306+02:00" endTime="2026-05-16T12:32:17.4335306+02:00" testType="13cdc9d9-ddb5-4fa4-a97d-d965ccfc6d4b" outcome="Passed" testListId="8c84fa94-04c1-424b-9868-57a2d4851a1d" relativeResultsDirectory="b4b1e960-fdbf-4002-b9d9-7cc792018edc" />
    <UnitTestResult executionId="4b7d2ed1-b11c-4a6a-ac87-7d40ab997052" testId="0bac7ea9-4b62-90ff-8d60-541f1ab7317e" testName="GLM_Poisson_all_links_match_reference" computerName="BESH_NTB" duration="00:00:00.1842041" startTime="2026-05-16T12:32:16.4849117+02:00" endTime="2026-05-16T12:32:16.6694093+02:00" testType="13cdc9d9-ddb5-4fa4-a97d-d965ccfc6d4b" outcome="Passed" testListId="8c84fa94-04c1-424b-9868-57a2d4851a1d" relativeResultsDirectory="4b7d2ed1-b11c-4a6a-ac87-7d40ab997052" />
    <UnitTestResult executionId="7ad67992-bf40-4fb4-b91d-88be8cf716fe" testId="f35527d0-1d64-ae22-460b-8e90a96b03db" testName="ParseFormula_names_mode_uses_single_quoted_names_and_preserves_display_names" computerName="BESH_NTB" duration="00:00:00.0004142" startTime="2026-05-16T12:32:27.9334868+02:00" endTime="2026-05-16T12:32:27.9344858+02:00" testType="13cdc9d9-ddb5-4fa4-a97d-d965ccfc6d4b" outcome="Passed" testListId="8c84fa94-04c1-424b-9868-57a2d4851a1d" relativeResultsDirectory="7ad67992-bf40-4fb4-b91d-88be8cf716fe" />
    <UnitTestResult executionId="1f3c5885-a2e2-4852-9061-1943cf19bee5" testId="86dbdbaa-cca3-0096-6178-f1ada26954cc" testName="NumericalDiagnostics_RankDeficientSymmetricMatrix_UsesSvdPseudoInverse" computerName="BESH_NTB" duration="00:00:00.0005083" startTime="2026-05-16T12:32:21.3491642+02:00" endTime="2026-05-16T12:32:21.3501627+02:00" testType="13cdc9d9-ddb5-4fa4-a97d-d965ccfc6d4b" outcome="Passed" testListId="8c84fa94-04c1-424b-9868-57a2d4851a1d" relativeResultsDirectory="1f3c5885-a2e2-4852-9061-1943cf19bee5" />
    <UnitTestResult executionId="2a463c3b-1064-4a8f-aa93-9bd292b23b8f" testId="655c13b2-8cb9-dbee-b628-e75c9908ccb1" testName="SleepstudyRandomSlopeLMM_KRAdjustedSE_MatchesPbkrtestReference" computerName="BESH_NTB" duration="00:00:00.0338180" startTime="2026-05-16T12:32:17.2057032+02:00" endTime="2026-05-16T12:32:17.2396567+02:00" testType="13cdc9d9-ddb5-4fa4-a97d-d965ccfc6d4b" outcome="Passed" testListId="8c84fa94-04c1-424b-9868-57a2d4851a1d" relativeResultsDirectory="2a463c3b-1064-4a8f-aa93-9bd292b23b8f">
      <Output>
        <StdOut>TestContext Messages:
Wrote sleepstudy random-slope R comparison CSV: C:\Users\peter\Dropbox\dotNET\BESHStatNG\BESHStatNG.Test\KRValidationExports\besh_vs_r_lmm_sleepstudy_random_slope_kr_comparison.csv</StdOut>
      </Output>
      <ResultFiles>
        <ResultFile path="BESH_NTB\besh_vs_r_lmm_sleepstudy_random_slope_kr_comparison.csv" />
      </ResultFiles>
    </UnitTestResult>
    <UnitTestResult executionId="a829d168-48d6-4ca7-aeed-c365a56556b4" testId="22ae17c4-6531-e559-0bf3-bd00bc94aec3" testName="SymmetryTest_MiaoGelGastwirth_matches_reference" computerName="BESH_NTB" duration="00:00:00.0001843" startTime="2026-05-16T12:32:14.1530217+02:00" endTime="2026-05-16T12:32:14.1540293+02:00" testType="13cdc9d9-ddb5-4fa4-a97d-d965ccfc6d4b" outcome="Passed" testListId="8c84fa94-04c1-424b-9868-57a2d4851a1d" relativeResultsDirectory="a829d168-48d6-4ca7-aeed-c365a56556b4" />
    <UnitTestResult executionId="56721f2f-9e76-4f2f-acf5-e865bb2f7d0c" testId="d34cfc33-0537-db16-da88-7a8e9c3e5845" testName="MMRM_KRFiniteDifferenceDerivatives_ProduceUsableScalarAndMultiDfInference" computerName="BESH_NTB" duration="00:00:00.0181077" startTime="2026-05-16T12:32:22.3896225+02:00" endTime="2026-05-16T12:32:22.4076730+02:00" testType="13cdc9d9-ddb5-4fa4-a97d-d965ccfc6d4b" outcome="Passed" testListId="8c84fa94-04c1-424b-9868-57a2d4851a1d" relativeResultsDirectory="56721f2f-9e76-4f2f-acf5-e865bb2f7d0c" />
    <UnitTestResult executionId="40b4805a-dcf3-4c83-80aa-15012b2f4e3f" testId="94c1b17b-43b0-b512-15b8-ae252ec716bc" testName="Minimum_generic_empty_throws" computerName="BESH_NTB" duration="00:00:00.0003818" startTime="2026-05-16T12:32:28.1727548+02:00" endTime="2026-05-16T12:32:28.1733397+02:00" testType="13cdc9d9-ddb5-4fa4-a97d-d965ccfc6d4b" outcome="Passed" testListId="8c84fa94-04c1-424b-9868-57a2d4851a1d" relativeResultsDirectory="40b4805a-dcf3-4c83-80aa-15012b2f4e3f">
      <Output>
        <StdOut>Debug Trace:
System.ArgumentException: At least one value is required.</StdOut>
      </Output>
    </UnitTestResult>
    <UnitTestResult executionId="cbf79eba-9f52-45e4-b129-1c82afb3c37f" testId="445b4df5-7b78-b730-b111-079269080b72" testName="Logit_clips_extreme_mu_to_stay_finite" computerName="BESH_NTB" duration="00:00:00.0002072" startTime="2026-05-16T12:32:15.1349391+02:00" endTime="2026-05-16T12:32:15.1360973+02:00" testType="13cdc9d9-ddb5-4fa4-a97d-d965ccfc6d4b" outcome="Passed" testListId="8c84fa94-04c1-424b-9868-57a2d4851a1d" relativeResultsDirectory="cbf79eba-9f52-45e4-b129-1c82afb3c37f" />
    <UnitTestResult executionId="28e4f2e1-1536-4cbd-9f1a-d254bed8f4ba" testId="6176c225-200c-ec58-486a-ed549b2bb011" testName="TwoWayNestedANOVA_compute_runs_and_returns_table" computerName="BESH_NTB" duration="00:00:00.0175734" startTime="2026-05-16T12:32:26.6997511+02:00" endTime="2026-05-16T12:32:26.7181436+02:00" testType="13cdc9d9-ddb5-4fa4-a97d-d965ccfc6d4b" outcome="Passed" testListId="8c84fa94-04c1-424b-9868-57a2d4851a1d" relativeResultsDirectory="28e4f2e1-1536-4cbd-9f1a-d254bed8f4ba" />
    <UnitTestResult executionId="17548871-a2f5-471f-9e7e-e4193847b823" testId="72426c19-97f6-5508-e490-ec4723f45fc9" testName="SSIZE_TTEST_PAIRED_non_numeric_input_returns_value" computerName="BESH_NTB" duration="00:00:00.0001616" startTime="2026-05-16T12:32:28.1102510+02:00" endTime="2026-05-16T12:32:28.1112545+02:00" testType="13cdc9d9-ddb5-4fa4-a97d-d965ccfc6d4b" outcome="Passed" testListId="8c84fa94-04c1-424b-9868-57a2d4851a1d" relativeResultsDirectory="17548871-a2f5-471f-9e7e-e4193847b823" />
    <UnitTestResult executionId="3c181023-98e1-445b-9d5c-f65a6210337f" testId="ae62dd9d-f4bb-c677-735d-e36479573d25" testName="SSIZE_TTEST_PAIRED_invalid_alpha_returns_num" computerName="BESH_NTB" duration="00:00:00.0006429" startTime="2026-05-16T12:32:28.1078095+02:00" endTime="2026-05-16T12:32:28.1092421+02:00" testType="13cdc9d9-ddb5-4fa4-a97d-d965ccfc6d4b" outcome="Passed" testListId="8c84fa94-04c1-424b-9868-57a2d4851a1d" relativeResultsDirectory="3c181023-98e1-445b-9d5c-f65a6210337f" />
    <UnitTestResult executionId="8c8f6d79-437b-4854-a4be-2ac641cb5403" testId="bf3b9189-2889-d559-f2b6-0095a38227eb" testName="FisherExact_FEXACT_Clarkson_7x3_case1" computerName="BESH_NTB" duration="00:00:00.0529836" startTime="2026-05-16T12:32:15.3027463+02:00" endTime="2026-05-16T12:32:15.3568600+02:00" testType="13cdc9d9-ddb5-4fa4-a97d-d965ccfc6d4b" outcome="Passed" testListId="8c84fa94-04c1-424b-9868-57a2d4851a1d" relativeResultsDirectory="8c8f6d79-437b-4854-a4be-2ac641cb5403" />
    <UnitTestResult executionId="883b8c26-f124-4340-98b7-a1ea2bda6641" testId="d67301d5-6281-9a12-c5f5-64e3150bb6ab" testName="WILCOX_P_NORM_and_EXACT_return_valid_probs_and_validate_pairing" computerName="BESH_NTB" duration="00:00:00.0026208" startTime="2026-05-16T12:32:26.3315681+02:00" endTime="2026-05-16T12:32:26.3340723+02:00" testType="13cdc9d9-ddb5-4fa4-a97d-d965ccfc6d4b" outcome="Passed" testListId="8c84fa94-04c1-424b-9868-57a2d4851a1d" relativeResultsDirectory="883b8c26-f124-4340-98b7-a1ea2bda6641" />
    <UnitTestResult executionId="5d51a9a4-4122-47c3-b131-f5c3def89966" testId="ebfc8c29-6391-3321-4714-6da0035dead2" testName="MMRM_KRFiniteDifferenceDerivativeBlocks_RemainFiniteWithIncompleteVisits" computerName="BESH_NTB" duration="00:00:00.6134588" startTime="2026-05-16T12:32:21.7743008+02:00" endTime="2026-05-16T12:32:22.3876219+02:00" testType="13cdc9d9-ddb5-4fa4-a97d-d965ccfc6d4b" outcome="Passed" testListId="8c84fa94-04c1-424b-9868-57a2d4851a1d" relativeResultsDirectory="5d51a9a4-4122-47c3-b131-f5c3def89966" />
    <UnitTestResult executionId="18839b36-f029-4312-8e25-4cc7610fe7d9" testId="23a8ff10-36f0-a7b9-02f6-41b12a11d949" testName="SVD_decomp_reconstructs_matrix" computerName="BESH_NTB" duration="00:00:00.0001718" startTime="2026-05-16T12:32:17.3551569+02:00" endTime="2026-05-16T12:32:17.3561572+02:00" testType="13cdc9d9-ddb5-4fa4-a97d-d965ccfc6d4b" outcome="Passed" testListId="8c84fa94-04c1-424b-9868-57a2d4851a1d" relativeResultsDirectory="18839b36-f029-4312-8e25-4cc7610fe7d9" />
    <UnitTestResult executionId="042bd5cf-89c6-4c14-95c2-345712bcc3e8" testId="f98a0f28-cb9e-9c85-fe86-dac032f6c9ca" testName="MEDIAN_CI_grouped_returns_one_row_per_group_and_four_columns" computerName="BESH_NTB" duration="00:00:00.0025716" startTime="2026-05-16T12:32:28.3844145+02:00" endTime="2026-05-16T12:32:28.3874146+02:00" testType="13cdc9d9-ddb5-4fa4-a97d-d965ccfc6d4b" outcome="Passed" testListId="8c84fa94-04c1-424b-9868-57a2d4851a1d" relativeResultsDirectory="042bd5cf-89c6-4c14-95c2-345712bcc3e8" />
    <UnitTestResult executionId="5c263b36-f101-441e-8ca9-bda7ea73d24c" testId="30fd5a43-9c4a-c4fb-0051-3c56ee71c2da" testName="HotelingsT_single_matches_reference" computerName="BESH_NTB" duration="00:00:00.0004915" startTime="2026-05-16T12:32:26.7432424+02:00" endTime="2026-05-16T12:32:26.7432424+02:00" testType="13cdc9d9-ddb5-4fa4-a97d-d965ccfc6d4b" outcome="Passed" testListId="8c84fa94-04c1-424b-9868-57a2d4851a1d" relativeResultsDirectory="5c263b36-f101-441e-8ca9-bda7ea73d24c" />
    <UnitTestResult executionId="ad41baee-57e9-466b-8762-c9861fb73bb8" testId="1f400eaa-69e7-8393-4d96-f7c09c5a7e73" testName="CalculateIccHypothesisTestSampleSize_larger_separation_requires_fewer_subjects" computerName="BESH_NTB" duration="00:00:00.0002512" startTime="2026-05-16T12:32:28.0955209+02:00" endTime="2026-05-16T12:32:28.0965229+02:00" testType="13cdc9d9-ddb5-4fa4-a97d-d965ccfc6d4b" outcome="Passed" testListId="8c84fa94-04c1-424b-9868-57a2d4851a1d" relativeResultsDirectory="ad41baee-57e9-466b-8762-c9861fb73bb8" />
    <UnitTestResult executionId="2302ec14-2f90-4056-a9c3-306a0640c1e5" testId="f4d2a314-b4c4-5e59-d1cf-68956c43d934" testName="ORDLOGIT_handle_lifecycle_with_classification_and_prediction_works" computerName="BESH_NTB" duration="00:00:00.0072837" startTime="2026-05-16T12:32:26.4088417+02:00" endTime="2026-05-16T12:32:26.4161844+02:00" testType="13cdc9d9-ddb5-4fa4-a97d-d965ccfc6d4b" outcome="Passed" testListId="8c84fa94-04c1-424b-9868-57a2d4851a1d" relativeResultsDirectory="2302ec14-2f90-4056-a9c3-306a0640c1e5" />
    <UnitTestResult executionId="d445fac5-334c-4c3c-bfe0-46f36783da89" testId="f963aa6b-9c37-a2fc-78d9-1b644a686351" testName="TryReadNumericMatrix_skips_header_and_marks_invalid_cells_as_nan" computerName="BESH_NTB" duration="00:00:00.0004482" startTime="2026-05-16T12:32:28.4048192+02:00" endTime="2026-05-16T12:32:28.4058229+02:00" testType="13cdc9d9-ddb5-4fa4-a97d-d965ccfc6d4b" outcome="Passed" testListId="8c84fa94-04c1-424b-9868-57a2d4851a1d" relativeResultsDirectory="d445fac5-334c-4c3c-bfe0-46f36783da89" />
    <UnitTestResult executionId="410f9b99-5877-4974-a08b-59a764f17c7b" testId="56c5a0b0-5995-e381-3096-5f0fa8c5f288" testName="CoxPH_Exact_matches_reference_coeff_SE_LL_and_tests" computerName="BESH_NTB" duration="00:00:00.0027905" startTime="2026-05-16T12:32:14.5477022+02:00" endTime="2026-05-16T12:32:14.5511883+02:00" testType="13cdc9d9-ddb5-4fa4-a97d-d965ccfc6d4b" outcome="Passed" testListId="8c84fa94-04c1-424b-9868-57a2d4851a1d" relativeResultsDirectory="410f9b99-5877-4974-a08b-59a764f17c7b" />
    <UnitTestResult executionId="4954ddba-1ff1-4337-b5c8-a609232a05cf" testId="831bc718-e589-bd39-8b27-f6e024074ac7" testName="T_2T_matches_reference (1.5,10,0.16450732644544)" computerName="BESH_NTB" duration="00:00:00.0001777" startTime="2026-05-16T12:32:14.8174073+02:00" endTime="2026-05-16T12:32:14.8184078+02:00" testType="13cdc9d9-ddb5-4fa4-a97d-d965ccfc6d4b" outcome="Passed" testListId="8c84fa94-04c1-424b-9868-57a2d4851a1d" relativeResultsDirectory="4954ddba-1ff1-4337-b5c8-a609232a05cf" />
    <UnitTestResult executionId="6c4b0761-acfe-4f60-b365-025011db0356" testId="accde8b4-da51-afc1-1e9c-c7dcac5c7a3f" testName="SatterthwaiteDF_FromInferenceWorkspaceFallback_MatchesFormula" computerName="BESH_NTB" duration="00:00:00.0004408" startTime="2026-05-16T12:32:23.4318616+02:00" endTime="2026-05-16T12:32:23.4328595+02:00" testType="13cdc9d9-ddb5-4fa4-a97d-d965ccfc6d4b" outcome="Passed" testListId="8c84fa94-04c1-424b-9868-57a2d4851a1d" relativeResultsDirectory="6c4b0761-acfe-4f60-b365-025011db0356" />
    <UnitTestResult executionId="fc2de05a-40ea-450e-bb86-a0731213e527" testId="c7ab7f59-f953-2f22-439c-fa98de2cf233" testName="KrPerformance_100Subjects6Visits_HeterogeneousAR1Stable" computerName="BESH_NTB" duration="00:00:00.3418323" startTime="2026-05-16T12:32:17.9100576+02:00" endTime="2026-05-16T12:32:18.2523082+02:00" testType="13cdc9d9-ddb5-4fa4-a97d-d965ccfc6d4b" outcome="Passed" testListId="8c84fa94-04c1-424b-9868-57a2d4851a1d" relativeResultsDirectory="fc2de05a-40ea-450e-bb86-a0731213e527" />
    <UnitTestResult executionId="9c127c21-296f-4435-8f37-8a67947f66e6" testId="eca7acb0-e833-7c2f-8696-0b32fa6c1047" testName="DNorm_matches_reference (1,0,1,0.241970724519143)" computerName="BESH_NTB" duration="00:00:00.0000072" startTime="2026-05-16T12:32:14.7689654+02:00" endTime="2026-05-16T12:32:14.7699729+02:00" testType="13cdc9d9-ddb5-4fa4-a97d-d965ccfc6d4b" outcome="Passed" testListId="8c84fa94-04c1-424b-9868-57a2d4851a1d" relativeResultsDirectory="9c127c21-296f-4435-8f37-8a67947f66e6" />
    <UnitTestResult executionId="5b220ad0-272e-4d3c-8545-eeff85917f3c" testId="122314fb-e028-a50a-1b6a-cf84275cbbd8" testName="MEDIAN_CI_invalid_alpha_returns_num" computerName="BESH_NTB" duration="00:00:00.0003807" startTime="2026-05-16T12:32:28.3874146+02:00" endTime="2026-05-16T12:32:28.3884146+02:00" testType="13cdc9d9-ddb5-4fa4-a97d-d965ccfc6d4b" outcome="Passed" testListId="8c84fa94-04c1-424b-9868-57a2d4851a1d" relativeResultsDirectory="5b220ad0-272e-4d3c-8545-eeff85917f3c" />
    <UnitTestResult executionId="e095f3e6-978f-48a2-ada9-d403cf00a48c" testId="91324cf1-4e3e-8f79-c808-201158fb98d9" testName="LowerIncompleteGamma_matches_reference (2.5,1,0.15085496391539)" computerName="BESH_NTB" duration="00:00:00.0000641" startTime="2026-05-16T12:32:28.1356954+02:00" endTime="2026-05-16T12:32:28.1356954+02:00" testType="13cdc9d9-ddb5-4fa4-a97d-d965ccfc6d4b" outcome="Passed" testListId="8c84fa94-04c1-424b-9868-57a2d4851a1d" relativeResultsDirectory="e095f3e6-978f-48a2-ada9-d403cf00a48c" />
    <UnitTestResult executionId="c8df476a-2a4a-47fb-b592-0b56c6b82999" testId="2467f108-8d3f-d5b6-be7b-2600681fbc14" testName="SSIZE_TTEST_UNPAIRED_returns_expected_group_table" computerName="BESH_NTB" duration="00:00:00.0018178" startTime="2026-05-16T12:32:28.1143102+02:00" endTime="2026-05-16T12:32:28.1155001+02:00" testType="13cdc9d9-ddb5-4fa4-a97d-d965ccfc6d4b" outcome="Passed" testListId="8c84fa94-04c1-424b-9868-57a2d4851a1d" relativeResultsDirectory="c8df476a-2a4a-47fb-b592-0b56c6b82999" />
    <UnitTestResult executionId="7b6d006f-be60-4935-a552-7a840fdc00aa" testId="f334fbe4-e160-203c-5b79-775be8cfd906" testName="Validation_KFold_WithFixedSeed_IsReproducible" computerName="BESH_NTB" duration="00:00:00.0039390" startTime="2026-05-16T12:32:14.6805689+02:00" endTime="2026-05-16T12:32:14.6850362+02:00" testType="13cdc9d9-ddb5-4fa4-a97d-d965ccfc6d4b" outcome="Passed" testListId="8c84fa94-04c1-424b-9868-57a2d4851a1d" relativeResultsDirectory="7b6d006f-be60-4935-a552-7a840fdc00aa" />
    <UnitTestResult executionId="155b437b-f05c-497d-a16c-8827638452a7" testId="b33c911a-349d-a4ac-52ef-f9dbade04ec0" testName="Zero_and_negative_weights_are_ignored_like_row_removal_in_fit" computerName="BESH_NTB" duration="00:00:00.0014249" startTime="2026-05-16T12:32:25.7962557+02:00" endTime="2026-05-16T12:32:25.7982551+02:00" testType="13cdc9d9-ddb5-4fa4-a97d-d965ccfc6d4b" outcome="Passed" testListId="8c84fa94-04c1-424b-9868-57a2d4851a1d" relativeResultsDirectory="155b437b-f05c-497d-a16c-8827638452a7" />
    <UnitTestResult executionId="8896abc4-4cfe-407b-a915-d1b1c275f670" testId="294148de-8ecf-f1ed-a321-17cb700ebdd4" testName="CalculateLogRankSampleSize_matches_reference (0.7,0.4,0.3,1,0.05,0.2,True,247,353,353,706,0.35)" computerName="BESH_NTB" duration="00:00:00.0006269" startTime="2026-05-16T12:32:28.0645405+02:00" endTime="2026-05-16T12:32:28.0655432+02:00" testType="13cdc9d9-ddb5-4fa4-a97d-d965ccfc6d4b" outcome="Passed" testListId="8c84fa94-04c1-424b-9868-57a2d4851a1d" relativeResultsDirectory="8896abc4-4cfe-407b-a915-d1b1c275f670" />
    <UnitTestResult executionId="a9d3f171-81f8-4e98-87fc-48ad587a47b1" testId="f78356b8-1547-8631-3b3f-d41b57353f9c" testName="MantelHaenszel_matches_reference" computerName="BESH_NTB" duration="00:00:00.0009226" startTime="2026-05-16T12:32:14.4505431+02:00" endTime="2026-05-16T12:32:14.4515623+02:00" testType="13cdc9d9-ddb5-4fa4-a97d-d965ccfc6d4b" outcome="Passed" testListId="8c84fa94-04c1-424b-9868-57a2d4851a1d" relativeResultsDirectory="a9d3f171-81f8-4e98-87fc-48ad587a47b1" />
    <UnitTestResult executionId="308406f6-3a49-4bbd-86c1-543f1b447717" testId="02121a79-bdb3-cfe1-24db-da7db691f5a1" testName="Correl_constant_series_returns_nan" computerName="BESH_NTB" duration="00:00:00.0004034" startTime="2026-05-16T12:32:28.1606875+02:00" endTime="2026-05-16T12:32:28.1616819+02:00" testType="13cdc9d9-ddb5-4fa4-a97d-d965ccfc6d4b" outcome="Passed" testListId="8c84fa94-04c1-424b-9868-57a2d4851a1d" relativeResultsDirectory="308406f6-3a49-4bbd-86c1-543f1b447717" />
    <UnitTestResult executionId="64905f3e-4a8c-48a7-a87d-50e40ef3829d" testId="186053f7-ab4a-0ea8-a59d-d8e16b585254" testName="TryLinearInference_KenwardRoger_UsesAdjustedVariance" computerName="BESH_NTB" duration="00:00:00.0002621" startTime="2026-05-16T12:32:23.4400626+02:00" endTime="2026-05-16T12:32:23.4400626+02:00" testType="13cdc9d9-ddb5-4fa4-a97d-d965ccfc6d4b" outcome="Passed" testListId="8c84fa94-04c1-424b-9868-57a2d4851a1d" relativeResultsDirectory="64905f3e-4a8c-48a7-a87d-50e40ef3829d" />
    <UnitTestResult executionId="d11f1d5d-5d6f-4f5d-8be9-c93edd442f0c" testId="ecd396bd-9cef-1b29-a8ca-b742b7d44fa1" testName="LeveneTEST_median_matches_reference" computerName="BESH_NTB" duration="00:00:00.0001020" startTime="2026-05-16T12:32:14.1074030+02:00" endTime="2026-05-16T12:32:14.1084045+02:00" testType="13cdc9d9-ddb5-4fa4-a97d-d965ccfc6d4b" outcome="Passed" testListId="8c84fa94-04c1-424b-9868-57a2d4851a1d" relativeResultsDirectory="d11f1d5d-5d6f-4f5d-8be9-c93edd442f0c" />
    <UnitTestResult executionId="6bd92da1-7e4f-44a5-ae17-ec098ea7d9aa" testId="b1df58d3-95d8-8e82-bbce-1efe93f92026" testName="CovariancePca_MatchesReferenceValues" computerName="BESH_NTB" duration="00:00:00.0007273" startTime="2026-05-16T12:32:27.8822458+02:00" endTime="2026-05-16T12:32:27.8842594+02:00" testType="13cdc9d9-ddb5-4fa4-a97d-d965ccfc6d4b" outcome="Passed" testListId="8c84fa94-04c1-424b-9868-57a2d4851a1d" relativeResultsDirectory="6bd92da1-7e4f-44a5-ae17-ec098ea7d9aa" />
    <UnitTestResult executionId="66050676-9be9-49cc-a38d-86e4065ec630" testId="feb944c0-bbf5-043b-488d-a2da4af7626a" testName="LMM_AnalyticScoreMode_RandomIntercept_UsesAnalyticAndMatchesNumerical" computerName="BESH_NTB" duration="00:00:00.0343222" startTime="2026-05-16T12:32:17.4511618+02:00" endTime="2026-05-16T12:32:17.4864886+02:00" testType="13cdc9d9-ddb5-4fa4-a97d-d965ccfc6d4b" outcome="Passed" testListId="8c84fa94-04c1-424b-9868-57a2d4851a1d" relativeResultsDirectory="66050676-9be9-49cc-a38d-86e4065ec630" />
    <UnitTestResult executionId="c3ff644a-153c-4a9d-b191-53be3837e3e6" testId="ed6a4d72-7cec-247c-70e3-f05642ab8ad0" testName="BuildExpandedPredictorMatrix_names_only_mode_rejects_bare_column_letters" computerName="BESH_NTB" duration="00:00:00.0002087" startTime="2026-05-16T12:32:27.9183490+02:00" endTime="2026-05-16T12:32:27.9183490+02:00" testType="13cdc9d9-ddb5-4fa4-a97d-d965ccfc6d4b" outcome="Passed" testListId="8c84fa94-04c1-424b-9868-57a2d4851a1d" relativeResultsDirectory="c3ff644a-153c-4a9d-b191-53be3837e3e6" />
    <UnitTestResult executionId="67668d6c-0329-44e1-a981-8c2b6ebc6470" testId="d36fab05-2758-2b85-cd21-71e74e0ba445" testName="OneWayANOVA_matches_nist_anova_reference (SmLs04)" computerName="BESH_NTB" duration="00:00:00.0150662" startTime="2026-05-16T12:32:25.9334838+02:00" endTime="2026-05-16T12:32:25.9495694+02:00" testType="13cdc9d9-ddb5-4fa4-a97d-d965ccfc6d4b" outcome="Passed" testListId="8c84fa94-04c1-424b-9868-57a2d4851a1d" relativeResultsDirectory="67668d6c-0329-44e1-a981-8c2b6ebc6470" />
    <UnitTestResult executionId="de5706b1-a094-40b5-a5da-2e3e52f979f6" testId="6c17102d-804b-5a6e-93ab-b01a6409c9e1" testName="TryReadNumericColumn_skips_header_trims_blanks_and_marks_invalid_cells_as_nan" computerName="BESH_NTB" duration="00:00:00.0003342" startTime="2026-05-16T12:32:28.4038192+02:00" endTime="2026-05-16T12:32:28.4038192+02:00" testType="13cdc9d9-ddb5-4fa4-a97d-d965ccfc6d4b" outcome="Passed" testListId="8c84fa94-04c1-424b-9868-57a2d4851a1d" relativeResultsDirectory="de5706b1-a094-40b5-a5da-2e3e52f979f6" />
    <UnitTestResult executionId="5ae9e8e8-7647-405d-ac4d-b0dec3e1910f" testId="8dadc904-ba77-a7fa-966f-99465983a743" testName="SimpleMMRM_ProgressReporter_ReceivesCompletion" computerName="BESH_NTB" duration="00:00:00.0016643" startTime="2026-05-16T12:32:22.5367546+02:00" endTime="2026-05-16T12:32:22.5387550+02:00" testType="13cdc9d9-ddb5-4fa4-a97d-d965ccfc6d4b" outcome="Passed" testListId="8c84fa94-04c1-424b-9868-57a2d4851a1d" relativeResultsDirectory="5ae9e8e8-7647-405d-ac4d-b0dec3e1910f" />
    <UnitTestResult executionId="d78b9f2c-eb74-428f-a363-320bad0a2882" testId="636f1544-0817-6e7c-836b-6c5302397a40" testName="Loadings_AreOrthonormal_AndUseSignConvention" computerName="BESH_NTB" duration="00:00:00.0084384" startTime="2026-05-16T12:32:27.8862945+02:00" endTime="2026-05-16T12:32:27.8951404+02:00" testType="13cdc9d9-ddb5-4fa4-a97d-d965ccfc6d4b" outcome="Passed" testListId="8c84fa94-04c1-424b-9868-57a2d4851a1d" relativeResultsDirectory="d78b9f2c-eb74-428f-a363-320bad0a2882" />
    <UnitTestResult executionId="66789de3-e201-4df8-ab76-e9687d459875" testId="e0c6813a-955e-1214-eaeb-5dfac6132cb2" testName="WrapResults_ReturnsFiveTables" computerName="BESH_NTB" duration="00:00:00.0016926" startTime="2026-05-16T12:32:27.9011636+02:00" endTime="2026-05-16T12:32:27.9031664+02:00" testType="13cdc9d9-ddb5-4fa4-a97d-d965ccfc6d4b" outcome="Passed" testListId="8c84fa94-04c1-424b-9868-57a2d4851a1d" relativeResultsDirectory="66789de3-e201-4df8-ab76-e9687d459875" />
    <UnitTestResult executionId="bdc4e652-a527-4c26-9e19-c72a36ef0fed" testId="6c554666-1b77-7f4f-9586-d2fd6442fee8" testName="ExtractionMethods_WorkAsExpected" computerName="BESH_NTB" duration="00:00:00.0008771" startTime="2026-05-16T12:32:27.8842594+02:00" endTime="2026-05-16T12:32:27.8852561+02:00" testType="13cdc9d9-ddb5-4fa4-a97d-d965ccfc6d4b" outcome="Passed" testListId="8c84fa94-04c1-424b-9868-57a2d4851a1d" relativeResultsDirectory="bdc4e652-a527-4c26-9e19-c72a36ef0fed" />
    <UnitTestResult executionId="c767e788-0607-4f4f-84d0-1f1a3378cca1" testId="be73a650-a4ed-47e7-201f-ee153ba8846c" testName="LMM_UDF_CoreExtractors_ReturnExpectedTables" computerName="BESH_NTB" duration="00:00:00.1560471" startTime="2026-05-16T12:32:22.5397583+02:00" endTime="2026-05-16T12:32:22.6963415+02:00" testType="13cdc9d9-ddb5-4fa4-a97d-d965ccfc6d4b" outcome="Passed" testListId="8c84fa94-04c1-424b-9868-57a2d4851a1d" relativeResultsDirectory="c767e788-0607-4f4f-84d0-1f1a3378cca1" />
    <UnitTestResult executionId="d2544ba1-125f-4c53-8bd7-6da7fc5df161" testId="82441f05-b7ee-a03e-4b06-46b7ff838a65" testName="OneWayRmANOVA_TukeyKramerRM2_matches_reference" computerName="BESH_NTB" duration="00:00:00.0551196" startTime="2026-05-16T12:32:27.0178860+02:00" endTime="2026-05-16T12:32:27.0741349+02:00" testType="13cdc9d9-ddb5-4fa4-a97d-d965ccfc6d4b" outcome="Passed" testListId="8c84fa94-04c1-424b-9868-57a2d4851a1d" relativeResultsDirectory="d2544ba1-125f-4c53-8bd7-6da7fc5df161" />
    <UnitTestResult executionId="2b408a31-26cd-4aad-9720-c5d467275e54" testId="46e814be-f816-6b7c-79ce-c245d65640d2" testName="F_PDF_handles_x_zero_special_cases" computerName="BESH_NTB" duration="00:00:00.0006000" startTime="2026-05-16T12:32:14.8295700+02:00" endTime="2026-05-16T12:32:14.8295700+02:00" testType="13cdc9d9-ddb5-4fa4-a97d-d965ccfc6d4b" outcome="Passed" testListId="8c84fa94-04c1-424b-9868-57a2d4851a1d" relativeResultsDirectory="2b408a31-26cd-4aad-9720-c5d467275e54" />
    <UnitTestResult executionId="9c0d99dd-bbe1-4e0c-8c3f-8d8a29dd4f29" testId="54ee4e63-514a-0d49-a871-6efcf46b5f9e" testName="LinCCC_matches_independent_reference_calculation" computerName="BESH_NTB" duration="00:00:00.0008081" startTime="2026-05-16T12:32:14.0003177+02:00" endTime="2026-05-16T12:32:14.0013173+02:00" testType="13cdc9d9-ddb5-4fa4-a97d-d965ccfc6d4b" outcome="Passed" testListId="8c84fa94-04c1-424b-9868-57a2d4851a1d" relativeResultsDirectory="9c0d99dd-bbe1-4e0c-8c3f-8d8a29dd4f29" />
    <UnitTestResult executionId="bb74636e-e130-400b-bcf6-465b53fd7fd0" testId="b6d701fc-5d93-bb42-2bc5-b3e6363f2c03" testName="ApproximateDenominatorDF_ScalarWorkspace_UsesKrMomentMatching" computerName="BESH_NTB" duration="00:00:00.0007943" startTime="2026-05-16T12:32:17.8880446+02:00" endTime="2026-05-16T12:32:17.8894339+02:00" testType="13cdc9d9-ddb5-4fa4-a97d-d965ccfc6d4b" outcome="Passed" testListId="8c84fa94-04c1-424b-9868-57a2d4851a1d" relativeResultsDirectory="bb74636e-e130-400b-bcf6-465b53fd7fd0" />
    <UnitTestResult executionId="0f07f39f-cb9d-48ef-9c96-20cfc9c79a1e" testId="3c78fa97-5e95-e59e-6de5-c2771e493f64" testName="CA_Simple_MatchesReference_Eigen_Masses_Factors_Distances" computerName="BESH_NTB" duration="00:00:00.0018523" startTime="2026-05-16T12:32:14.3307771+02:00" endTime="2026-05-16T12:32:14.3337744+02:00" testType="13cdc9d9-ddb5-4fa4-a97d-d965ccfc6d4b" outcome="Passed" testListId="8c84fa94-04c1-424b-9868-57a2d4851a1d" relativeResultsDirectory="0f07f39f-cb9d-48ef-9c96-20cfc9c79a1e" />
    <UnitTestResult executionId="3d5c0a7c-9e3d-46a8-be5a-bbbce7192cfe" testId="cd9f5314-528a-a5b8-4cee-0663ff86af5e" testName="LegacySatterthwaiteProperties_AreAliasesToInferenceWorkspace" computerName="BESH_NTB" duration="00:00:00.0013547" startTime="2026-05-16T12:32:17.8400106+02:00" endTime="2026-05-16T12:32:17.8427170+02:00" testType="13cdc9d9-ddb5-4fa4-a97d-d965ccfc6d4b" outcome="Passed" testListId="8c84fa94-04c1-424b-9868-57a2d4851a1d" relativeResultsDirectory="3d5c0a7c-9e3d-46a8-be5a-bbbce7192cfe" />
    <UnitTestResult executionId="2419676d-92b9-4033-8f81-6e34ee5f5f93" testId="d978701a-c348-9bc7-93ad-eef183fc941c" testName="Cholesky_and_CholSolve_reconstruct_and_solve" computerName="BESH_NTB" duration="00:00:00.0003461" startTime="2026-05-16T12:32:17.3370156+02:00" endTime="2026-05-16T12:32:17.3380511+02:00" testType="13cdc9d9-ddb5-4fa4-a97d-d965ccfc6d4b" outcome="Passed" testListId="8c84fa94-04c1-424b-9868-57a2d4851a1d" relativeResultsDirectory="2419676d-92b9-4033-8f81-6e34ee5f5f93" />
    <UnitTestResult executionId="f3db3e5a-e3b1-401d-be22-53709aa2f009" testId="eceb71b7-9b49-64a0-d2c8-60475f25b403" testName="FormulaParser_ValidatesFactorByContinuousInteraction" computerName="BESH_NTB" duration="00:00:00.0028849" startTime="2026-05-16T12:32:27.9230144+02:00" endTime="2026-05-16T12:32:27.9254207+02:00" testType="13cdc9d9-ddb5-4fa4-a97d-d965ccfc6d4b" outcome="Passed" testListId="8c84fa94-04c1-424b-9868-57a2d4851a1d" relativeResultsDirectory="f3db3e5a-e3b1-401d-be22-53709aa2f009" />
    <UnitTestResult executionId="98289464-86c8-419c-9d06-09185bd6e0c4" testId="3482ad74-aac0-a4a9-4cd7-17739e7d3a2c" testName="ANOVA1_WELCH_matches_core_summary_contract" computerName="BESH_NTB" duration="00:00:00.0009769" startTime="2026-05-16T12:32:27.6688846+02:00" endTime="2026-05-16T12:32:27.6698827+02:00" testType="13cdc9d9-ddb5-4fa4-a97d-d965ccfc6d4b" outcome="Passed" testListId="8c84fa94-04c1-424b-9868-57a2d4851a1d" relativeResultsDirectory="98289464-86c8-419c-9d06-09185bd6e0c4" />
    <UnitTestResult executionId="f9f22894-2f1c-4a09-b3cb-4477936651dd" testId="21c45a1d-4b77-fed6-b808-625464ad3eb9" testName="LogFactorial_matches_reference (25,58.0036052229805)" computerName="BESH_NTB" duration="00:00:00.0000063" startTime="2026-05-16T12:32:28.1295728+02:00" endTime="2026-05-16T12:32:28.1295728+02:00" testType="13cdc9d9-ddb5-4fa4-a97d-d965ccfc6d4b" outcome="Passed" testListId="8c84fa94-04c1-424b-9868-57a2d4851a1d" relativeResultsDirectory="f9f22894-2f1c-4a09-b3cb-4477936651dd" />
    <UnitTestResult executionId="5574806e-1af3-4eba-88c1-16eecd23a633" testId="38fafd8d-d392-7dce-bf0c-f99798622fc2" testName="ROC_NoDiscrimination_AUC_is_half_and_pvalue_is_one" computerName="BESH_NTB" duration="00:00:00.0002343" startTime="2026-05-16T12:32:28.0212582+02:00" endTime="2026-05-16T12:32:28.0212582+02:00" testType="13cdc9d9-ddb5-4fa4-a97d-d965ccfc6d4b" outcome="Passed" testListId="8c84fa94-04c1-424b-9868-57a2d4851a1d" relativeResultsDirectory="5574806e-1af3-4eba-88c1-16eecd23a633" />
    <UnitTestResult executionId="8916046e-4cfd-4fa3-ae68-d5b68bebe2c4" testId="b4c19111-6155-b0a5-bf2b-0f99accb844e" testName="MDeterm_matches_known" computerName="BESH_NTB" duration="00:00:00.0001333" startTime="2026-05-16T12:32:17.3432427+02:00" endTime="2026-05-16T12:32:17.3442379+02:00" testType="13cdc9d9-ddb5-4fa4-a97d-d965ccfc6d4b" outcome="Passed" testListId="8c84fa94-04c1-424b-9868-57a2d4851a1d" relativeResultsDirectory="8916046e-4cfd-4fa3-ae68-d5b68bebe2c4" />
    <UnitTestResult executionId="0144255e-a578-4602-ba6e-5bfec84e6896" testId="0ccf054f-8a32-d1a8-8ebc-06a475e31116" testName="ReferenceCategory_First_with_reversed_labels_matches_Last" computerName="BESH_NTB" duration="00:00:00.0019971" startTime="2026-05-16T12:32:26.3934697+02:00" endTime="2026-05-16T12:32:26.3966060+02:00" testType="13cdc9d9-ddb5-4fa4-a97d-d965ccfc6d4b" outcome="Passed" testListId="8c84fa94-04c1-424b-9868-57a2d4851a1d" relativeResultsDirectory="0144255e-a578-4602-ba6e-5bfec84e6896" />
    <UnitTestResult executionId="90c90e9f-05f6-4da7-b42d-e3ae882e5d67" testId="3b326c2b-2ca7-11fd-c51d-06ed4e00aeaa" testName="SleepstudyUnbalanced_JointInterceptAndSlope_KRMultiDfF_IsFinite" computerName="BESH_NTB" duration="00:00:00.0268601" startTime="2026-05-16T12:32:22.4177031+02:00" endTime="2026-05-16T12:32:22.4448463+02:00" testType="13cdc9d9-ddb5-4fa4-a97d-d965ccfc6d4b" outcome="Passed" testListId="8c84fa94-04c1-424b-9868-57a2d4851a1d" relativeResultsDirectory="90c90e9f-05f6-4da7-b42d-e3ae882e5d67" />
    <UnitTestResult executionId="96df8d10-4fe3-4df2-88a0-1dd44427c918" testId="de9bba85-5758-00a3-bee0-f3170850b7b8" testName="AssessBlandAltmanAgainstDecisionLimits_supports_repeated_and_transformed_scale_results" computerName="BESH_NTB" duration="00:00:00.0008446" startTime="2026-05-16T12:32:14.8538231+02:00" endTime="2026-05-16T12:32:14.8548269+02:00" testType="13cdc9d9-ddb5-4fa4-a97d-d965ccfc6d4b" outcome="Passed" testListId="8c84fa94-04c1-424b-9868-57a2d4851a1d" relativeResultsDirectory="96df8d10-4fe3-4df2-88a0-1dd44427c918" />
    <UnitTestResult executionId="8f730287-ffcf-4ee6-af27-572154284c63" testId="0a6f8f85-3d6d-def3-3498-7c29cab21614" testName="UnbalancedSleepstudyRandomSlopeLMM_WrapResults_IncludesLmmKrResultTables" computerName="BESH_NTB" duration="00:00:00.1108232" startTime="2026-05-16T12:32:17.0475784+02:00" endTime="2026-05-16T12:32:17.1580043+02:00" testType="13cdc9d9-ddb5-4fa4-a97d-d965ccfc6d4b" outcome="Passed" testListId="8c84fa94-04c1-424b-9868-57a2d4851a1d" relativeResultsDirectory="8f730287-ffcf-4ee6-af27-572154284c63" />
    <UnitTestResult executionId="10a3ed66-f177-48fd-b807-f0d1428c1fd6" testId="04b1a731-1752-bc70-7da4-d4318c439218" testName="AugmentedCsv_MissingAndIncompletePatterns_AreAsExpected" computerName="BESH_NTB" duration="00:00:00.0046245" startTime="2026-05-16T12:32:25.4270402+02:00" endTime="2026-05-16T12:32:25.4320432+02:00" testType="13cdc9d9-ddb5-4fa4-a97d-d965ccfc6d4b" outcome="Passed" testListId="8c84fa94-04c1-424b-9868-57a2d4851a1d" relativeResultsDirectory="10a3ed66-f177-48fd-b807-f0d1428c1fd6" />
    <UnitTestResult executionId="2f70b88f-d1cc-4ce4-9b9c-552107d68458" testId="3d3c0862-0035-1e15-ecf3-3a277ed31ccd" testName="MMRM_KRPqrFastFactorization_MatchesDirectPath" computerName="BESH_NTB" duration="00:00:00.0145232" startTime="2026-05-16T12:32:21.2216289+02:00" endTime="2026-05-16T12:32:21.2373025+02:00" testType="13cdc9d9-ddb5-4fa4-a97d-d965ccfc6d4b" outcome="Passed" testListId="8c84fa94-04c1-424b-9868-57a2d4851a1d" relativeResultsDirectory="2f70b88f-d1cc-4ce4-9b9c-552107d68458" />
    <UnitTestResult executionId="4d78a197-a385-4b37-8cad-55f62bb22182" testId="09f75156-5462-2880-6b47-d324433b41cc" testName="OneWayANOVA_matches_nist_anova_reference (SmLs07)" computerName="BESH_NTB" duration="00:00:00.0155106" startTime="2026-05-16T12:32:26.0163733+02:00" endTime="2026-05-16T12:32:26.0318385+02:00" testType="13cdc9d9-ddb5-4fa4-a97d-d965ccfc6d4b" outcome="Passed" testListId="8c84fa94-04c1-424b-9868-57a2d4851a1d" relativeResultsDirectory="4d78a197-a385-4b37-8cad-55f62bb22182" />
    <UnitTestResult executionId="0259bede-8b1f-4c85-a577-180c8dd6d0eb" testId="58649a16-8cbb-00a5-ec54-fbb5f0754727" testName="FORMULA_VALIDATE_names_mode_accepts_single_quoted_variable_names" computerName="BESH_NTB" duration="00:00:00.0023922" startTime="2026-05-16T12:32:27.9394832+02:00" endTime="2026-05-16T12:32:27.9427292+02:00" testType="13cdc9d9-ddb5-4fa4-a97d-d965ccfc6d4b" outcome="Passed" testListId="8c84fa94-04c1-424b-9868-57a2d4851a1d" relativeResultsDirectory="0259bede-8b1f-4c85-a577-180c8dd6d0eb" />
    <UnitTestResult executionId="a3638170-80f2-4966-9fdc-15b1d820e968" testId="515e3dbb-b143-fce5-71cc-2db1f6375585" testName="KrDegreesOfFreedomAndScaling_RankDeficientRows_UsesEffectiveRank" computerName="BESH_NTB" duration="00:00:00.0008027" startTime="2026-05-16T12:32:17.8976613+02:00" endTime="2026-05-16T12:32:17.8986621+02:00" testType="13cdc9d9-ddb5-4fa4-a97d-d965ccfc6d4b" outcome="Passed" testListId="8c84fa94-04c1-424b-9868-57a2d4851a1d" relativeResultsDirectory="a3638170-80f2-4966-9fdc-15b1d820e968" />
    <UnitTestResult executionId="63cb9282-6615-4f86-8eca-d3f94e759981" testId="01a369e6-030f-19ea-d74a-560c513106c6" testName="FactorAnalysis_AdvancedExtractionFamilies_ProduceFiniteTwoFactorSolutions" computerName="BESH_NTB" duration="00:00:00.1861829" startTime="2026-05-16T12:32:14.8743101+02:00" endTime="2026-05-16T12:32:15.0613435+02:00" testType="13cdc9d9-ddb5-4fa4-a97d-d965ccfc6d4b" outcome="Passed" testListId="8c84fa94-04c1-424b-9868-57a2d4851a1d" relativeResultsDirectory="63cb9282-6615-4f86-8eca-d3f94e759981" />
    <UnitTestResult executionId="c8d66237-b1e8-4937-8d6b-0d01a27a917a" testId="c072106e-3ec3-d9d4-d5c1-24e5e2583207" testName="QuadraticDiscriminant_PredictsGroupMeans_AndProducesQuadraticTables" computerName="BESH_NTB" duration="00:00:00.0015002" startTime="2026-05-16T12:32:14.6669184+02:00" endTime="2026-05-16T12:32:14.6689308+02:00" testType="13cdc9d9-ddb5-4fa4-a97d-d965ccfc6d4b" outcome="Passed" testListId="8c84fa94-04c1-424b-9868-57a2d4851a1d" relativeResultsDirectory="c8d66237-b1e8-4937-8d6b-0d01a27a917a" />
    <UnitTestResult executionId="8f092173-25ac-4bf7-b693-c7291e0705c2" testId="6f644506-bf05-fa94-f19e-195f0526575a" testName="OrthodontMMRM_KRAdjustedSE_MatchesRmmrmReference" computerName="BESH_NTB" duration="00:00:00.0507597" startTime="2026-05-16T12:32:25.0222378+02:00" endTime="2026-05-16T12:32:25.0743393+02:00" testType="13cdc9d9-ddb5-4fa4-a97d-d965ccfc6d4b" outcome="Passed" testListId="8c84fa94-04c1-424b-9868-57a2d4851a1d" relativeResultsDirectory="8f092173-25ac-4bf7-b693-c7291e0705c2">
      <Output>
        <StdOut>TestContext Messages:
Wrote R comparison CSV: C:\Users\peter\Dropbox\dotNET\BESHStatNG\BESHStatNG.Test\KRValidationExports\besh_vs_r_orthodont_mmrm_kr_comparison.csv</StdOut>
      </Output>
      <ResultFiles>
        <ResultFile path="BESH_NTB\besh_vs_r_orthodont_mmrm_kr_comparison.csv" />
      </ResultFiles>
    </UnitTestResult>
    <UnitTestResult executionId="0330585f-a544-46fd-afdd-b2ad41807d49" testId="968ba27c-a596-af71-3bc4-8e49c57b3543" testName="MMRM_IdentityResidual_MatchesRReference" computerName="BESH_NTB" duration="00:00:00.0159690" startTime="2026-05-16T12:32:23.4702232+02:00" endTime="2026-05-16T12:32:23.4875316+02:00" testType="13cdc9d9-ddb5-4fa4-a97d-d965ccfc6d4b" outcome="Passed" testListId="8c84fa94-04c1-424b-9868-57a2d4851a1d" relativeResultsDirectory="0330585f-a544-46fd-afdd-b2ad41807d49" />
    <UnitTestResult executionId="a657434c-4428-4925-9d30-d7ecb391235b" testId="081c6a66-3afd-6975-2f37-241afbd65593" testName="UnbalancedSleepstudyRandomSlopeLMM_FullKRScalarAndF_MatchesPbkrtestReferences" computerName="BESH_NTB" duration="00:00:00.1064839" startTime="2026-05-16T12:32:16.9388295+02:00" endTime="2026-05-16T12:32:17.0455781+02:00" testType="13cdc9d9-ddb5-4fa4-a97d-d965ccfc6d4b" outcome="Passed" testListId="8c84fa94-04c1-424b-9868-57a2d4851a1d" relativeResultsDirectory="a657434c-4428-4925-9d30-d7ecb391235b" />
    <UnitTestResult executionId="c212d48a-63b8-4fab-9901-ace5078e5d65" testId="32e7502d-7e69-5b42-c46b-abc6546fcf5f" testName="GetVarNames_accepts_csv_and_falls_back_when_count_is_wrong" computerName="BESH_NTB" duration="00:00:00.0001459" startTime="2026-05-16T12:32:28.3988191+02:00" endTime="2026-05-16T12:32:28.3988191+02:00" testType="13cdc9d9-ddb5-4fa4-a97d-d965ccfc6d4b" outcome="Passed" testListId="8c84fa94-04c1-424b-9868-57a2d4851a1d" relativeResultsDirectory="c212d48a-63b8-4fab-9901-ace5078e5d65" />
    <UnitTestResult executionId="07206591-b2ad-4ebb-ad4d-84c1651107cb" testId="d6cccf05-3bee-8fd0-2665-1bf1bc7d3972" testName="AverageDesignRowForProfile_ComputesObservedGridMean" computerName="BESH_NTB" duration="00:00:00.0005768" startTime="2026-05-16T12:32:23.4248573+02:00" endTime="2026-05-16T12:32:23.4258576+02:00" testType="13cdc9d9-ddb5-4fa4-a97d-d965ccfc6d4b" outcome="Passed" testListId="8c84fa94-04c1-424b-9868-57a2d4851a1d" relativeResultsDirectory="07206591-b2ad-4ebb-ad4d-84c1651107cb" />
    <UnitTestResult executionId="1f2724fe-f22a-492f-8011-d76d9b0a176b" testId="7c9f2087-82d8-3e36-392f-3131663825bf" testName="CalculateCoxEventCountBinaryCovariate_without_overall_event_only_returns_event_count" computerName="BESH_NTB" duration="00:00:00.0001416" startTime="2026-05-16T12:32:28.0890583+02:00" endTime="2026-05-16T12:32:28.0900619+02:00" testType="13cdc9d9-ddb5-4fa4-a97d-d965ccfc6d4b" outcome="Passed" testListId="8c84fa94-04c1-424b-9868-57a2d4851a1d" relativeResultsDirectory="1f2724fe-f22a-492f-8011-d76d9b0a176b" />
    <UnitTestResult executionId="c8006358-4f53-4423-9568-c484e76624d7" testId="3a9bad0b-777f-4290-5455-3ce041baad14" testName="CalculatePairedTTest_matches_reference (5,10,0.05,0.2,34)" computerName="BESH_NTB" duration="00:00:00.0000511" startTime="2026-05-16T12:32:28.0783616+02:00" endTime="2026-05-16T12:32:28.0783616+02:00" testType="13cdc9d9-ddb5-4fa4-a97d-d965ccfc6d4b" outcome="Passed" testListId="8c84fa94-04c1-424b-9868-57a2d4851a1d" relativeResultsDirectory="c8006358-4f53-4423-9568-c484e76624d7" />
    <UnitTestResult executionId="2eb5e5d7-ec7c-4942-9324-b4450f542096" testId="2741545c-c941-4ba9-7b51-340cdeb63d99" testName="MatDoubleCenter_matches_definition" computerName="BESH_NTB" duration="00:00:00.0001972" startTime="2026-05-16T12:32:17.3601561+02:00" endTime="2026-05-16T12:32:17.3611566+02:00" testType="13cdc9d9-ddb5-4fa4-a97d-d965ccfc6d4b" outcome="Passed" testListId="8c84fa94-04c1-424b-9868-57a2d4851a1d" relativeResultsDirectory="2eb5e5d7-ec7c-4942-9324-b4450f542096" />
    <UnitTestResult executionId="22f7dea6-f54e-46dc-b6a1-c90561c6472b" testId="20a19b35-cfe5-4d71-8f15-67314bef2939" testName="CalculateIndependentProportions_matches_reference (0.25,0.4,2,0.05,0.1,302,151,322,161)" computerName="BESH_NTB" duration="00:00:00.0004598" startTime="2026-05-16T12:32:28.0605423+02:00" endTime="2026-05-16T12:32:28.0615414+02:00" testType="13cdc9d9-ddb5-4fa4-a97d-d965ccfc6d4b" outcome="Passed" testListId="8c84fa94-04c1-424b-9868-57a2d4851a1d" relativeResultsDirectory="22f7dea6-f54e-46dc-b6a1-c90561c6472b" />
    <UnitTestResult executionId="dd16d102-2db0-48a3-aac5-e52d18a3343d" testId="c2d07bf0-aadf-7db8-2b2e-037bb6885740" testName="MMRM_UDF_CoreExtractors_ReturnExpectedTables" computerName="BESH_NTB" duration="00:00:00.0214791" startTime="2026-05-16T12:32:23.3618225+02:00" endTime="2026-05-16T12:32:23.3846493+02:00" testType="13cdc9d9-ddb5-4fa4-a97d-d965ccfc6d4b" outcome="Passed" testListId="8c84fa94-04c1-424b-9868-57a2d4851a1d" relativeResultsDirectory="dd16d102-2db0-48a3-aac5-e52d18a3343d" />
    <UnitTestResult executionId="acb6e596-4a38-474d-b3d6-d7eabe5d1ec4" testId="50c6c580-1b3d-afb0-c7c1-ffb8c575a785" testName="LU_solve_matches_known_solution" computerName="BESH_NTB" duration="00:00:00.0002576" startTime="2026-05-16T12:32:17.3402408+02:00" endTime="2026-05-16T12:32:17.3412445+02:00" testType="13cdc9d9-ddb5-4fa4-a97d-d965ccfc6d4b" outcome="Passed" testListId="8c84fa94-04c1-424b-9868-57a2d4851a1d" relativeResultsDirectory="acb6e596-4a38-474d-b3d6-d7eabe5d1ec4" />
    <UnitTestResult executionId="1cb322b2-c383-4323-90c4-0217c1426bcf" testId="f777c232-85a3-a19d-02b5-65d1d77f6ab9" testName="T_Inv_edge_cases" computerName="BESH_NTB" duration="00:00:00.0001040" startTime="2026-05-16T12:32:14.8239427+02:00" endTime="2026-05-16T12:32:14.8239427+02:00" testType="13cdc9d9-ddb5-4fa4-a97d-d965ccfc6d4b" outcome="Passed" testListId="8c84fa94-04c1-424b-9868-57a2d4851a1d" relativeResultsDirectory="1cb322b2-c383-4323-90c4-0217c1426bcf" />
    <UnitTestResult executionId="663e9103-4cb0-446c-8a3d-2f781191f2da" testId="06de0a28-2091-8406-c838-bb9cc42e0e28" testName="CovNearest_produces_psd_matrix" computerName="BESH_NTB" duration="00:00:00.0002744" startTime="2026-05-16T12:32:28.1656799+02:00" endTime="2026-05-16T12:32:28.1656799+02:00" testType="13cdc9d9-ddb5-4fa4-a97d-d965ccfc6d4b" outcome="Passed" testListId="8c84fa94-04c1-424b-9868-57a2d4851a1d" relativeResultsDirectory="663e9103-4cb0-446c-8a3d-2f781191f2da" />
    <UnitTestResult executionId="ed5bd09f-2024-496a-af62-0951af4ff465" testId="0c449bf3-1464-6c9f-dd43-6e48a2bbdd5e" testName="Links_roundtrip_inverse_of_transform" computerName="BESH_NTB" duration="00:00:00.0005644" startTime="2026-05-16T12:32:15.1296136+02:00" endTime="2026-05-16T12:32:15.1306317+02:00" testType="13cdc9d9-ddb5-4fa4-a97d-d965ccfc6d4b" outcome="Passed" testListId="8c84fa94-04c1-424b-9868-57a2d4851a1d" relativeResultsDirectory="ed5bd09f-2024-496a-af62-0951af4ff465" />
    <UnitTestResult executionId="29781a27-0981-4814-b07f-d2f2cb6dd9cd" testId="a4e278e5-a02e-9074-fdbc-fd97f3d9c109" testName="BuildExpandedPredictorMatrixFromDesignSpec_reproduces_formula_build" computerName="BESH_NTB" duration="00:00:00.0004931" startTime="2026-05-16T12:32:27.9210042+02:00" endTime="2026-05-16T12:32:27.9220156+02:00" testType="13cdc9d9-ddb5-4fa4-a97d-d965ccfc6d4b" outcome="Passed" testListId="8c84fa94-04c1-424b-9868-57a2d4851a1d" relativeResultsDirectory="29781a27-0981-4814-b07f-d2f2cb6dd9cd" />
    <UnitTestResult executionId="a642d22a-e2ee-40ca-a572-e93317f32425" testId="e90e705f-7f98-23ce-b1f4-eeab87e690e1" testName="FisherExact_Clarkson1993_TableI_case11_3x6" computerName="BESH_NTB" duration="00:00:00.0315800" startTime="2026-05-16T12:32:15.2064346+02:00" endTime="2026-05-16T12:32:15.2377902+02:00" testType="13cdc9d9-ddb5-4fa4-a97d-d965ccfc6d4b" outcome="Passed" testListId="8c84fa94-04c1-424b-9868-57a2d4851a1d" relativeResultsDirectory="a642d22a-e2ee-40ca-a572-e93317f32425" />
    <UnitTestResult executionId="d76c85a4-5b8f-4af1-87da-ba08f37ec556" testId="9f38a3ae-aa9b-45cd-5301-a5748e239f3e" testName="KenwardRogerOptions_CloneDeepCopiesFiniteDifferenceOptions" computerName="BESH_NTB" duration="00:00:00.0004554" startTime="2026-05-16T12:32:22.4167042+02:00" endTime="2026-05-16T12:32:22.4167042+02:00" testType="13cdc9d9-ddb5-4fa4-a97d-d965ccfc6d4b" outcome="Passed" testListId="8c84fa94-04c1-424b-9868-57a2d4851a1d" relativeResultsDirectory="d76c85a4-5b8f-4af1-87da-ba08f37ec556" />
    <UnitTestResult executionId="b9fc9400-ac32-4149-b777-fd9dd1c6b7f3" testId="ea616a4d-20c9-8f88-b1c8-da7e7b7395fa" testName="FormulaService_LMM_RandomInterceptFormula_BuildsRequestAndFits" computerName="BESH_NTB" duration="00:00:00.0123875" startTime="2026-05-16T12:32:17.8105284+02:00" endTime="2026-05-16T12:32:17.8226817+02:00" testType="13cdc9d9-ddb5-4fa4-a97d-d965ccfc6d4b" outcome="Passed" testListId="8c84fa94-04c1-424b-9868-57a2d4851a1d" relativeResultsDirectory="b9fc9400-ac32-4149-b777-fd9dd1c6b7f3" />
    <UnitTestResult executionId="0b34ac1e-0ac2-4199-b40f-b08b2263dbad" testId="11f2a456-210d-eb1d-0732-9f6dd586940d" testName="FormulaService_FixedFormulaWithLeftHandSide_ReturnsHelpfulError" computerName="BESH_NTB" duration="00:00:00.0070141" startTime="2026-05-16T12:32:17.8011074+02:00" endTime="2026-05-16T12:32:17.8083332+02:00" testType="13cdc9d9-ddb5-4fa4-a97d-d965ccfc6d4b" outcome="Passed" testListId="8c84fa94-04c1-424b-9868-57a2d4851a1d" relativeResultsDirectory="0b34ac1e-0ac2-4199-b40f-b08b2263dbad">
      <Output>
        <StdOut>Debug Trace:
System.ArgumentException: Mixed-model fixed-effects formulas must be right-hand-side only because the response is supplied as a separate argument. Use 'visit' instead of 'y ~ visit'.</StdOut>
      </Output>
    </UnitTestResult>
    <UnitTestResult executionId="58d34e65-e38f-40cb-95ad-49bf17889cf6" testId="722f96e7-9882-ca49-66f6-8203d39eb0d1" testName="FisherExact_Clarkson1993_TableI_case2_2x10" computerName="BESH_NTB" duration="00:00:00.0171781" startTime="2026-05-16T12:32:15.2387956+02:00" endTime="2026-05-16T12:32:15.2567966+02:00" testType="13cdc9d9-ddb5-4fa4-a97d-d965ccfc6d4b" outcome="Passed" testListId="8c84fa94-04c1-424b-9868-57a2d4851a1d" relativeResultsDirectory="58d34e65-e38f-40cb-95ad-49bf17889cf6" />
    <UnitTestResult executionId="c4d6c570-384a-4943-8754-44deaa4f80b1" testId="82891cce-b6c0-2b87-0763-7a075f0488e1" testName="CalculateSingleProportion_matches_reference (0.3,0.15,0.01,0.1,139)" computerName="BESH_NTB" duration="00:00:00.0004052" startTime="2026-05-16T12:32:28.0803566+02:00" endTime="2026-05-16T12:32:28.0809356+02:00" testType="13cdc9d9-ddb5-4fa4-a97d-d965ccfc6d4b" outcome="Passed" testListId="8c84fa94-04c1-424b-9868-57a2d4851a1d" relativeResultsDirectory="c4d6c570-384a-4943-8754-44deaa4f80b1" />
    <UnitTestResult executionId="cc2d8e9f-a390-4814-b2eb-04acdcf93968" testId="11866124-cbe9-984f-f2ae-1e63b2bae868" testName="CalculateNonInferiorityUnpairedTTest_matches_reference (0.8,-0.2,1.5,2,0.025,0.1,74,37)" computerName="BESH_NTB" duration="00:00:00.0002046" startTime="2026-05-16T12:32:28.0717812+02:00" endTime="2026-05-16T12:32:28.0728652+02:00" testType="13cdc9d9-ddb5-4fa4-a97d-d965ccfc6d4b" outcome="Passed" testListId="8c84fa94-04c1-424b-9868-57a2d4851a1d" relativeResultsDirectory="cc2d8e9f-a390-4814-b2eb-04acdcf93968" />
    <UnitTestResult executionId="cad21e21-b338-49b7-b69c-85c858805930" testId="624b5ffb-40e3-b41a-f785-6760994fcbf9" testName="OneWayANOVA_single_group_throws" computerName="BESH_NTB" duration="00:00:00.0004296" startTime="2026-05-16T12:32:26.5384052+02:00" endTime="2026-05-16T12:32:26.5394060+02:00" testType="13cdc9d9-ddb5-4fa4-a97d-d965ccfc6d4b" outcome="Passed" testListId="8c84fa94-04c1-424b-9868-57a2d4851a1d" relativeResultsDirectory="cad21e21-b338-49b7-b69c-85c858805930">
      <Output>
        <StdOut>Debug Trace:
System.ArgumentException: At least two groups are expected.</StdOut>
      </Output>
    </UnitTestResult>
    <UnitTestResult executionId="707c2623-7223-43e7-b8d1-c39943c3485e" testId="146eed0c-c24d-f1ca-d850-707679ec6560" testName="TestUnpairedMeansNonInferiorityFromSummary_matches_reference_values" computerName="BESH_NTB" duration="00:00:00.0004740" startTime="2026-05-16T12:32:14.8729229+02:00" endTime="2026-05-16T12:32:14.8729229+02:00" testType="13cdc9d9-ddb5-4fa4-a97d-d965ccfc6d4b" outcome="Passed" testListId="8c84fa94-04c1-424b-9868-57a2d4851a1d" relativeResultsDirectory="707c2623-7223-43e7-b8d1-c39943c3485e" />
    <UnitTestResult executionId="db348768-da7c-4f9e-b50d-38b06e854d4e" testId="7e2f014b-b48c-0597-1bf3-63d24f9b9d8c" testName="ChiSquareInv_edge_cases" computerName="BESH_NTB" duration="00:00:00.0001127" startTime="2026-05-16T12:32:14.7883253+02:00" endTime="2026-05-16T12:32:14.7894147+02:00" testType="13cdc9d9-ddb5-4fa4-a97d-d965ccfc6d4b" outcome="Passed" testListId="8c84fa94-04c1-424b-9868-57a2d4851a1d" relativeResultsDirectory="db348768-da7c-4f9e-b50d-38b06e854d4e" />
    <UnitTestResult executionId="a091e766-3a24-4d3b-955a-4246d029e08c" testId="f9b51991-122c-b2ca-2fc5-c8c6f07eafae" testName="ROC_Swapping_groups_inverts_AUC" computerName="BESH_NTB" duration="00:00:00.0003034" startTime="2026-05-16T12:32:28.0252604+02:00" endTime="2026-05-16T12:32:28.0262632+02:00" testType="13cdc9d9-ddb5-4fa4-a97d-d965ccfc6d4b" outcome="Passed" testListId="8c84fa94-04c1-424b-9868-57a2d4851a1d" relativeResultsDirectory="a091e766-3a24-4d3b-955a-4246d029e08c" />
    <UnitTestResult executionId="8728026f-47e1-4a53-9c2f-e4c6782b3983" testId="96c29988-5d97-60a0-d4d4-3e6c53aae239" testName="OneWayANOVA_compute_matches_reference" computerName="BESH_NTB" duration="00:00:00.0006023" startTime="2026-05-16T12:32:26.7456817+02:00" endTime="2026-05-16T12:32:26.7468217+02:00" testType="13cdc9d9-ddb5-4fa4-a97d-d965ccfc6d4b" outcome="Passed" testListId="8c84fa94-04c1-424b-9868-57a2d4851a1d" relativeResultsDirectory="8728026f-47e1-4a53-9c2f-e4c6782b3983" />
    <UnitTestResult executionId="cfeb79dd-0181-473f-b395-c5956cf84f06" testId="9c84d3b9-4fa1-761e-efe3-4d797c03ab66" testName="Array_conversions_handle_Nothing" computerName="BESH_NTB" duration="00:00:00.0008422" startTime="2026-05-16T12:32:17.3111538+02:00" endTime="2026-05-16T12:32:17.3135574+02:00" testType="13cdc9d9-ddb5-4fa4-a97d-d965ccfc6d4b" outcome="Passed" testListId="8c84fa94-04c1-424b-9868-57a2d4851a1d" relativeResultsDirectory="cfeb79dd-0181-473f-b395-c5956cf84f06" />
    <UnitTestResult executionId="49da45ab-7af9-4e7a-be91-5534c70d21a0" testId="0d06a542-6585-05b0-793a-af274f9b2905" testName="Fit_matches_nist_lls_reference (Wampler2)" computerName="BESH_NTB" duration="00:00:00.0147940" startTime="2026-05-16T12:32:26.2222548+02:00" endTime="2026-05-16T12:32:26.2378128+02:00" testType="13cdc9d9-ddb5-4fa4-a97d-d965ccfc6d4b" outcome="Passed" testListId="8c84fa94-04c1-424b-9868-57a2d4851a1d" relativeResultsDirectory="49da45ab-7af9-4e7a-be91-5534c70d21a0" />
    <UnitTestResult executionId="285ec1a1-fc7b-4ff5-8c66-d1a868e16503" testId="9641bdfa-6872-28f3-d2e5-bf6fc334441d" testName="RDerivativeProviders_UnstructuredFourAndSixVisitCases_MatchFiniteDifferences" computerName="BESH_NTB" duration="00:00:00.0044087" startTime="2026-05-16T12:32:17.7742562+02:00" endTime="2026-05-16T12:32:17.7794313+02:00" testType="13cdc9d9-ddb5-4fa4-a97d-d965ccfc6d4b" outcome="Passed" testListId="8c84fa94-04c1-424b-9868-57a2d4851a1d" relativeResultsDirectory="285ec1a1-fc7b-4ff5-8c66-d1a868e16503" />
    <UnitTestResult executionId="b8fc75c5-c56c-4052-9945-485461a5f5cd" testId="1d6b8b3a-0537-b762-c15a-9e9274d0a338" testName="MMRM_KRPqrHalfPairOptimization_PopulatesDiagnostics" computerName="BESH_NTB" duration="00:00:00.0105249" startTime="2026-05-16T12:32:21.2383047+02:00" endTime="2026-05-16T12:32:21.2487692+02:00" testType="13cdc9d9-ddb5-4fa4-a97d-d965ccfc6d4b" outcome="Passed" testListId="8c84fa94-04c1-424b-9868-57a2d4851a1d" relativeResultsDirectory="b8fc75c5-c56c-4052-9945-485461a5f5cd" />
    <UnitTestResult executionId="ae88c38d-cef4-446d-a559-152935b83e1b" testId="ceab0dd8-4bca-155e-8d87-78e3e721e17e" testName="LinCCC_bootstrap_BCa_is_reproducible_with_fixed_seed" computerName="BESH_NTB" duration="00:00:00.0093014" startTime="2026-05-16T12:32:13.9894776+02:00" endTime="2026-05-16T12:32:13.9993143+02:00" testType="13cdc9d9-ddb5-4fa4-a97d-d965ccfc6d4b" outcome="Passed" testListId="8c84fa94-04c1-424b-9868-57a2d4851a1d" relativeResultsDirectory="ae88c38d-cef4-446d-a559-152935b83e1b" />
    <UnitTestResult executionId="06fd18f8-c9ba-49a2-be15-c93622b0561f" testId="adf4ea10-b553-4711-f530-f5a87bd9d151" testName="SimpleMMRM_KRWorkspace_IsMirroredToInferenceWorkspace" computerName="BESH_NTB" duration="00:00:00.0013640" startTime="2026-05-16T12:32:17.8442295+02:00" endTime="2026-05-16T12:32:17.8452423+02:00" testType="13cdc9d9-ddb5-4fa4-a97d-d965ccfc6d4b" outcome="Passed" testListId="8c84fa94-04c1-424b-9868-57a2d4851a1d" relativeResultsDirectory="06fd18f8-c9ba-49a2-be15-c93622b0561f" />
    <UnitTestResult executionId="86b2dc69-8675-4131-b6af-cb356f22cbc3" testId="effbdab0-26bf-ef1a-886f-6c593ca46fd9" testName="M_ADD_M_SUB_M_DIV_matrix_matrix" computerName="BESH_NTB" duration="00:00:00.0005443" startTime="2026-05-16T12:32:17.3195570+02:00" endTime="2026-05-16T12:32:17.3205532+02:00" testType="13cdc9d9-ddb5-4fa4-a97d-d965ccfc6d4b" outcome="Passed" testListId="8c84fa94-04c1-424b-9868-57a2d4851a1d" relativeResultsDirectory="86b2dc69-8675-4131-b6af-cb356f22cbc3" />
    <UnitTestResult executionId="dbeff23c-2798-484c-92a9-9a2b46034c83" testId="43623b3a-fbae-6a4f-c941-aa7eb2125ea8" testName="GEE_Gaussian_Identity_Unstructured" computerName="BESH_NTB" duration="00:00:00.0343750" startTime="2026-05-16T12:32:15.6166534+02:00" endTime="2026-05-16T12:32:15.6516535+02:00" testType="13cdc9d9-ddb5-4fa4-a97d-d965ccfc6d4b" outcome="Passed" testListId="8c84fa94-04c1-424b-9868-57a2d4851a1d" relativeResultsDirectory="dbeff23c-2798-484c-92a9-9a2b46034c83" />
    <UnitTestResult executionId="58a84473-e676-4a25-9494-bb6304c8d46c" testId="a7984826-9e6a-da28-f48a-d83d7e1a1b9b" testName="Fit_matches_nist_lls_reference (Pontius)" computerName="BESH_NTB" duration="00:00:00.0143475" startTime="2026-05-16T12:32:26.1897284+02:00" endTime="2026-05-16T12:32:26.2055175+02:00" testType="13cdc9d9-ddb5-4fa4-a97d-d965ccfc6d4b" outcome="Passed" testListId="8c84fa94-04c1-424b-9868-57a2d4851a1d" relativeResultsDirectory="58a84473-e676-4a25-9494-bb6304c8d46c" />
    <UnitTestResult executionId="2ed068fc-4f02-4f1f-893a-200e1ad5c7e9" testId="f21ed15b-34b8-0f82-dc22-cedc91c552c1" testName="CoxPH_Breslow_computes_all_residual_types_with_sanity_checks" computerName="BESH_NTB" duration="00:00:00.0720962" startTime="2026-05-16T12:32:14.4659079+02:00" endTime="2026-05-16T12:32:14.5377063+02:00" testType="13cdc9d9-ddb5-4fa4-a97d-d965ccfc6d4b" outcome="Passed" testListId="8c84fa94-04c1-424b-9868-57a2d4851a1d" relativeResultsDirectory="2ed068fc-4f02-4f1f-893a-200e1ad5c7e9" />
    <UnitTestResult executionId="c77827b9-fadd-4f74-8be2-e521f22fb358" testId="78ed4e66-5b31-64ef-b56a-072ec8c1e0f0" testName="MAUCHLY_matches_core_result_for_repeated_measures_matrix" computerName="BESH_NTB" duration="00:00:00.0015219" startTime="2026-05-16T12:32:14.2814084+02:00" endTime="2026-05-16T12:32:14.2834102+02:00" testType="13cdc9d9-ddb5-4fa4-a97d-d965ccfc6d4b" outcome="Passed" testListId="8c84fa94-04c1-424b-9868-57a2d4851a1d" relativeResultsDirectory="c77827b9-fadd-4f74-8be2-e521f22fb358" />
    <UnitTestResult executionId="6e1bd1b4-0e98-4b00-8552-2dc8eb1a9ff5" testId="b941d128-44a7-8069-b65a-866bea2a7ccd" testName="Minimum_generic_matches_reference" computerName="BESH_NTB" duration="00:00:00.0001986" startTime="2026-05-16T12:32:28.1746032+02:00" endTime="2026-05-16T12:32:28.1746032+02:00" testType="13cdc9d9-ddb5-4fa4-a97d-d965ccfc6d4b" outcome="Passed" testListId="8c84fa94-04c1-424b-9868-57a2d4851a1d" relativeResultsDirectory="6e1bd1b4-0e98-4b00-8552-2dc8eb1a9ff5" />
    <UnitTestResult executionId="47391caa-1251-4ca7-a93c-c6589f58dc2a" testId="c2f1f904-118d-73d7-fb2a-a0582d48a3cb" testName="CalculateLogRankSampleSize_matches_reference (0.75,0.5,0.35,2,0.05,0.1,True,572,848,424,1272,0.45)" computerName="BESH_NTB" duration="00:00:00.0000187" startTime="2026-05-16T12:32:28.0655432+02:00" endTime="2026-05-16T12:32:28.0670500+02:00" testType="13cdc9d9-ddb5-4fa4-a97d-d965ccfc6d4b" outcome="Passed" testListId="8c84fa94-04c1-424b-9868-57a2d4851a1d" relativeResultsDirectory="47391caa-1251-4ca7-a93c-c6589f58dc2a" />
    <UnitTestResult executionId="43cbfba6-0f1c-4f19-b880-f55a0af3ee0b" testId="382d4b98-d00a-ee4b-55b2-a3b98903ebc3" testName="RegularizedIncompleteBeta_matches_reference (0.3,2.5,1.2,0.0641708983094795)" computerName="BESH_NTB" duration="00:00:00.0000704" startTime="2026-05-16T12:32:14.8164066+02:00" endTime="2026-05-16T12:32:14.8164066+02:00" testType="13cdc9d9-ddb5-4fa4-a97d-d965ccfc6d4b" outcome="Passed" testListId="8c84fa94-04c1-424b-9868-57a2d4851a1d" relativeResultsDirectory="43cbfba6-0f1c-4f19-b880-f55a0af3ee0b" />
    <UnitTestResult executionId="efc5fb63-2008-478a-866d-f912d1ea6a78" testId="7b5d7606-490d-66f8-45e2-a6f353e6a159" testName="ChiSquareInv_matches_reference (0.95,4,9.48772903678115)" computerName="BESH_NTB" duration="00:00:00.0001031" startTime="2026-05-16T12:32:14.7907281+02:00" endTime="2026-05-16T12:32:14.7912344+02:00" testType="13cdc9d9-ddb5-4fa4-a97d-d965ccfc6d4b" outcome="Passed" testListId="8c84fa94-04c1-424b-9868-57a2d4851a1d" relativeResultsDirectory="efc5fb63-2008-478a-866d-f912d1ea6a78" />
    <UnitTestResult executionId="42f65d0c-fd5f-4519-a4e6-e8a1f7a94338" testId="fd53c2d8-5a41-3088-545b-7531a455835f" testName="CalculateIndependentProportions_corrected_counts_are_not_smaller_than_uncorrected" computerName="BESH_NTB" duration="00:00:00.0001214" startTime="2026-05-16T12:32:28.0975226+02:00" endTime="2026-05-16T12:32:28.0975226+02:00" testType="13cdc9d9-ddb5-4fa4-a97d-d965ccfc6d4b" outcome="Passed" testListId="8c84fa94-04c1-424b-9868-57a2d4851a1d" relativeResultsDirectory="42f65d0c-fd5f-4519-a4e6-e8a1f7a94338" />
    <UnitTestResult executionId="5ae43a10-a273-436c-87c9-7be1af26ad58" testId="c5a7014c-2ef8-505f-c54f-5222cfd54842" testName="QTRNG_matches_reference" computerName="BESH_NTB" duration="00:00:00.1097745" startTime="2026-05-16T12:32:28.1825974+02:00" endTime="2026-05-16T12:32:28.2920072+02:00" testType="13cdc9d9-ddb5-4fa4-a97d-d965ccfc6d4b" outcome="Passed" testListId="8c84fa94-04c1-424b-9868-57a2d4851a1d" relativeResultsDirectory="5ae43a10-a273-436c-87c9-7be1af26ad58" />
    <UnitTestResult executionId="c95a069e-e1f6-40fd-862f-f6f236eccfe6" testId="52f54219-2eae-fff7-7f12-d94e9d6edf58" testName="MMRM_ObjectiveVisitPatternCache_TracksMultipleVisitPatterns" computerName="BESH_NTB" duration="00:00:00.0044956" startTime="2026-05-16T12:32:21.2561798+02:00" endTime="2026-05-16T12:32:21.2616334+02:00" testType="13cdc9d9-ddb5-4fa4-a97d-d965ccfc6d4b" outcome="Passed" testListId="8c84fa94-04c1-424b-9868-57a2d4851a1d" relativeResultsDirectory="c95a069e-e1f6-40fd-862f-f6f236eccfe6" />
    <UnitTestResult executionId="daca45a1-e1ae-4053-8988-146a0d0c2d6f" testId="1faba1a2-73b6-c627-1c7d-e98303708600" testName="T_RT_matches_reference (1.5,10,0.0822536632227201)" computerName="BESH_NTB" duration="00:00:00.0000657" startTime="2026-05-16T12:32:14.8283994+02:00" endTime="2026-05-16T12:32:14.8283994+02:00" testType="13cdc9d9-ddb5-4fa4-a97d-d965ccfc6d4b" outcome="Passed" testListId="8c84fa94-04c1-424b-9868-57a2d4851a1d" relativeResultsDirectory="daca45a1-e1ae-4053-8988-146a0d0c2d6f" />
    <UnitTestResult executionId="6f7b2275-268b-4d8a-b2d7-f29a95c98684" testId="8b786b52-8f49-a906-b4a8-f5e80e425839" testName="SPEARMAN_and_KENDALL_return_perfect_monotone_association_and_validate_alpha" computerName="BESH_NTB" duration="00:00:00.0101601" startTime="2026-05-16T12:32:26.3195623+02:00" endTime="2026-05-16T12:32:26.3295626+02:00" testType="13cdc9d9-ddb5-4fa4-a97d-d965ccfc6d4b" outcome="Passed" testListId="8c84fa94-04c1-424b-9868-57a2d4851a1d" relativeResultsDirectory="6f7b2275-268b-4d8a-b2d7-f29a95c98684" />
    <UnitTestResult executionId="2647d768-9880-40ed-8d12-87bf6e4493f6" testId="690c1ace-7461-aa12-ccc9-581d0c1a7a15" testName="PoissonPMF_truncates_x_and_matches_reference (3.7,2,0.180447044315484)" computerName="BESH_NTB" duration="00:00:00.0000638" startTime="2026-05-16T12:32:14.8120701+02:00" endTime="2026-05-16T12:32:14.8120701+02:00" testType="13cdc9d9-ddb5-4fa4-a97d-d965ccfc6d4b" outcome="Passed" testListId="8c84fa94-04c1-424b-9868-57a2d4851a1d" relativeResultsDirectory="2647d768-9880-40ed-8d12-87bf6e4493f6" />
    <UnitTestResult executionId="494d618d-1a87-4890-b65f-8305cfe5bb8c" testId="0621070f-a341-a534-a271-f81956f2a41c" testName="MCA_Indicator_InternalIdentities_Inertia_Contrib_Corr_Angles_Burt" computerName="BESH_NTB" duration="00:00:00.0100804" startTime="2026-05-16T12:32:14.3347758+02:00" endTime="2026-05-16T12:32:14.3455094+02:00" testType="13cdc9d9-ddb5-4fa4-a97d-d965ccfc6d4b" outcome="Passed" testListId="8c84fa94-04c1-424b-9868-57a2d4851a1d" relativeResultsDirectory="494d618d-1a87-4890-b65f-8305cfe5bb8c" />
    <UnitTestResult executionId="24af6b1e-c5f6-4190-9aa2-22106b11d29d" testId="69767893-bb43-5131-9022-f79f19ddccac" testName="Residuals_for_nonpositive_weight_rows_are_zero_and_NaN_when_no_covariance" computerName="BESH_NTB" duration="00:00:00.0011675" startTime="2026-05-16T12:32:26.3976154+02:00" endTime="2026-05-16T12:32:26.3991255+02:00" testType="13cdc9d9-ddb5-4fa4-a97d-d965ccfc6d4b" outcome="Passed" testListId="8c84fa94-04c1-424b-9868-57a2d4851a1d" relativeResultsDirectory="24af6b1e-c5f6-4190-9aa2-22106b11d29d" />
    <UnitTestResult executionId="7969f7d8-9a16-4e17-a27e-2f07628e43bf" testId="f4d0dc1f-bf29-5825-55f1-a239ef663597" testName="NormSInv_invalid_p_throws" computerName="BESH_NTB" duration="00:00:00.0008140" startTime="2026-05-16T12:32:14.8069435+02:00" endTime="2026-05-16T12:32:14.8079502+02:00" testType="13cdc9d9-ddb5-4fa4-a97d-d965ccfc6d4b" outcome="Passed" testListId="8c84fa94-04c1-424b-9868-57a2d4851a1d" relativeResultsDirectory="7969f7d8-9a16-4e17-a27e-2f07628e43bf">
      <Output>
        <StdOut>Debug Trace:
System.ArgumentOutOfRangeException: Specified argument was out of the range of valid values.&#xD;
Parameter name: p must be in (0,1)&#xD;
System.ArgumentOutOfRangeException: Specified argument was out of the range of valid values.&#xD;
Parameter name: p must be in (0,1)&#xD;
System.ArgumentOutOfRangeException: Specified argument was out of the range of valid values.&#xD;
Parameter name: p must be in (0,1)&#xD;
System.ArgumentOutOfRangeException: Specified argument was out of the range of valid values.&#xD;
Parameter name: p must be in (0,1)</StdOut>
      </Output>
    </UnitTestResult>
    <UnitTestResult executionId="e9ffb29a-d49c-498b-924f-55f0b991fcf6" testId="dcc72e4e-bdf0-f41a-7cd4-45b9955c528c" testName="ScalarResamplingResult_BCa_interval_is_finite_and_not_identical_to_percentile_for_skewed_input" computerName="BESH_NTB" duration="00:00:00.0005017" startTime="2026-05-16T12:32:14.0212785+02:00" endTime="2026-05-16T12:32:14.0222776+02:00" testType="13cdc9d9-ddb5-4fa4-a97d-d965ccfc6d4b" outcome="Passed" testListId="8c84fa94-04c1-424b-9868-57a2d4851a1d" relativeResultsDirectory="e9ffb29a-d49c-498b-924f-55f0b991fcf6" />
    <UnitTestResult executionId="a0cde603-efa8-4234-84b2-d7c805b1ad06" testId="d506c62c-6f72-f7ef-9d74-fd35ab016f5f" testName="MatrixMult_Test1Dc_notequal (System.Double[],2.5,System.Double[])" computerName="BESH_NTB" duration="00:00:00.0001283" startTime="2026-05-16T12:32:17.4284458+02:00" endTime="2026-05-16T12:32:17.4284458+02:00" testType="13cdc9d9-ddb5-4fa4-a97d-d965ccfc6d4b" outcome="Passed" testListId="8c84fa94-04c1-424b-9868-57a2d4851a1d" relativeResultsDirectory="a0cde603-efa8-4234-84b2-d7c805b1ad06" />
    <UnitTestResult executionId="76c794ad-397e-4aac-96eb-6ec47f7c4109" testId="531705a3-829f-e108-9964-0e0244bfbcd8" testName="QRdecomp_reconstructs_matrix" computerName="BESH_NTB" duration="00:00:00.0003283" startTime="2026-05-16T12:32:17.3521567+02:00" endTime="2026-05-16T12:32:17.3531583+02:00" testType="13cdc9d9-ddb5-4fa4-a97d-d965ccfc6d4b" outcome="Passed" testListId="8c84fa94-04c1-424b-9868-57a2d4851a1d" relativeResultsDirectory="76c794ad-397e-4aac-96eb-6ec47f7c4109" />
    <UnitTestResult executionId="4b5cad56-db56-4d9b-be19-1b1c52bdbb40" testId="59ccd10c-6309-2180-e7f0-cd201e765278" testName="LMM_AutoCovarianceGradientMode_RandomIntercept_UsesAnalyticAndMatchesNumerical" computerName="BESH_NTB" duration="00:00:00.0172280" startTime="2026-05-16T12:32:17.5373954+02:00" endTime="2026-05-16T12:32:17.5554448+02:00" testType="13cdc9d9-ddb5-4fa4-a97d-d965ccfc6d4b" outcome="Passed" testListId="8c84fa94-04c1-424b-9868-57a2d4851a1d" relativeResultsDirectory="4b5cad56-db56-4d9b-be19-1b1c52bdbb40" />
    <UnitTestResult executionId="30fadbd1-6fcf-4241-aa32-ad6658a7ac9d" testId="6dcc2fd6-21c8-0665-c24d-2e3351b0aa2c" testName="CochranArmitage_matches_reference" computerName="BESH_NTB" duration="00:00:00.0007257" startTime="2026-05-16T12:32:14.4369380+02:00" endTime="2026-05-16T12:32:14.4379401+02:00" testType="13cdc9d9-ddb5-4fa4-a97d-d965ccfc6d4b" outcome="Passed" testListId="8c84fa94-04c1-424b-9868-57a2d4851a1d" relativeResultsDirectory="30fadbd1-6fcf-4241-aa32-ad6658a7ac9d" />
    <UnitTestResult executionId="d33e4f76-2025-4bcb-a310-895855f12d38" testId="64349f19-e50f-8d18-fa97-9ee5b277a50a" testName="Radians_matches_reference (45,0.785398163397448)" computerName="BESH_NTB" duration="00:00:00.0000048" startTime="2026-05-16T12:32:28.1456760+02:00" endTime="2026-05-16T12:32:28.1456760+02:00" testType="13cdc9d9-ddb5-4fa4-a97d-d965ccfc6d4b" outcome="Passed" testListId="8c84fa94-04c1-424b-9868-57a2d4851a1d" relativeResultsDirectory="d33e4f76-2025-4bcb-a310-895855f12d38" />
    <UnitTestResult executionId="85d0b0e9-2dfe-4191-a7e7-6213c18e5d08" testId="7ce18fec-27e5-70bc-2448-5a40306d5001" testName="OneWayANOVA_WelshANOVA_runs_and_returns_valid_statistic" computerName="BESH_NTB" duration="00:00:00.0010243" startTime="2026-05-16T12:32:26.5404052+02:00" endTime="2026-05-16T12:32:26.5424051+02:00" testType="13cdc9d9-ddb5-4fa4-a97d-d965ccfc6d4b" outcome="Passed" testListId="8c84fa94-04c1-424b-9868-57a2d4851a1d" relativeResultsDirectory="85d0b0e9-2dfe-4191-a7e7-6213c18e5d08" />
    <UnitTestResult executionId="ec429318-a4df-4e20-848c-d71de8175ca7" testId="eb04af50-ec83-e1c0-9157-b7d1ad72cee0" testName="OneWayANOVA_WelshANOVA_matches_reference" computerName="BESH_NTB" duration="00:00:00.0003463" startTime="2026-05-16T12:32:26.9614688+02:00" endTime="2026-05-16T12:32:26.9614688+02:00" testType="13cdc9d9-ddb5-4fa4-a97d-d965ccfc6d4b" outcome="Passed" testListId="8c84fa94-04c1-424b-9868-57a2d4851a1d" relativeResultsDirectory="ec429318-a4df-4e20-848c-d71de8175ca7" />
    <UnitTestResult executionId="373438b9-0f7b-4bda-b7d5-133369fffec5" testId="f2192023-8099-0dc2-eace-5984efcf66a6" testName="Frequency_weights_match_expanded_unweighted_fit" computerName="BESH_NTB" duration="00:00:00.0040707" startTime="2026-05-16T12:32:26.3781553+02:00" endTime="2026-05-16T12:32:26.3821879+02:00" testType="13cdc9d9-ddb5-4fa4-a97d-d965ccfc6d4b" outcome="Passed" testListId="8c84fa94-04c1-424b-9868-57a2d4851a1d" relativeResultsDirectory="373438b9-0f7b-4bda-b7d5-133369fffec5" />
    <UnitTestResult executionId="93777ba0-39a7-4267-835e-5f0f0c8a17c3" testId="5030464c-6230-2071-64eb-21dfede05f35" testName="Digamma_matches_reference (2.5,0.703156640645243)" computerName="BESH_NTB" duration="00:00:00.0000058" startTime="2026-05-16T12:32:28.1240329+02:00" endTime="2026-05-16T12:32:28.1250484+02:00" testType="13cdc9d9-ddb5-4fa4-a97d-d965ccfc6d4b" outcome="Passed" testListId="8c84fa94-04c1-424b-9868-57a2d4851a1d" relativeResultsDirectory="93777ba0-39a7-4267-835e-5f0f0c8a17c3" />
    <UnitTestResult executionId="b0c7f3c4-1231-4538-bc00-4c02b08e0f74" testId="430ad8ed-c9ef-7458-264b-3540b553a049" testName="BuildTermHypotheses_GroupsCategoricalAndInteractionColumns" computerName="BESH_NTB" duration="00:00:00.0006473" startTime="2026-05-16T12:32:17.8326815+02:00" endTime="2026-05-16T12:32:17.8336829+02:00" testType="13cdc9d9-ddb5-4fa4-a97d-d965ccfc6d4b" outcome="Passed" testListId="8c84fa94-04c1-424b-9868-57a2d4851a1d" relativeResultsDirectory="b0c7f3c4-1231-4538-bc00-4c02b08e0f74" />
    <UnitTestResult executionId="88125138-0054-4f93-94d2-58568e4fe118" testId="82b6373d-e590-b7a0-4e11-abe8cdd6acd8" testName="UnpairedTtest_compute_matches_reference" computerName="BESH_NTB" duration="00:00:00.0002889" startTime="2026-05-16T12:32:27.0771319+02:00" endTime="2026-05-16T12:32:27.0781317+02:00" testType="13cdc9d9-ddb5-4fa4-a97d-d965ccfc6d4b" outcome="Passed" testListId="8c84fa94-04c1-424b-9868-57a2d4851a1d" relativeResultsDirectory="88125138-0054-4f93-94d2-58568e4fe118" />
    <UnitTestResult executionId="32ddc887-0078-48c2-90ea-cbdf52eac040" testId="cb432520-7b81-f0dd-b26d-bc84147badf0" testName="OneWayANOVA_FisherLSD_matches_reference" computerName="BESH_NTB" duration="00:00:00.0033216" startTime="2026-05-16T12:32:26.7483282+02:00" endTime="2026-05-16T12:32:26.7521074+02:00" testType="13cdc9d9-ddb5-4fa4-a97d-d965ccfc6d4b" outcome="Passed" testListId="8c84fa94-04c1-424b-9868-57a2d4851a1d" relativeResultsDirectory="32ddc887-0078-48c2-90ea-cbdf52eac040" />
    <UnitTestResult executionId="35f02b1b-da71-4495-a4db-dbcb6d3bc3cd" testId="f1f1baac-e47a-65b7-3522-9fd8c206d6b2" testName="PoissonUpperTail_matches_reference (3.7,2,0.142876539501453)" computerName="BESH_NTB" duration="00:00:00.0001346" startTime="2026-05-16T12:32:14.8133966+02:00" endTime="2026-05-16T12:32:14.8144099+02:00" testType="13cdc9d9-ddb5-4fa4-a97d-d965ccfc6d4b" outcome="Passed" testListId="8c84fa94-04c1-424b-9868-57a2d4851a1d" relativeResultsDirectory="35f02b1b-da71-4495-a4db-dbcb6d3bc3cd" />
    <UnitTestResult executionId="bd4bbc1e-726c-40bf-a3d0-9d6381e0856c" testId="7a77a992-1cf3-b8b9-d5ce-c0aa21961abd" testName="MMRM_AnalyticScoreAndNumericalGradientFits_MatchSatterthwaiteAndKenwardRogerOutputs" computerName="BESH_NTB" duration="00:00:00.0827445" startTime="2026-05-16T12:32:17.6313365+02:00" endTime="2026-05-16T12:32:17.7142449+02:00" testType="13cdc9d9-ddb5-4fa4-a97d-d965ccfc6d4b" outcome="Passed" testListId="8c84fa94-04c1-424b-9868-57a2d4851a1d" relativeResultsDirectory="bd4bbc1e-726c-40bf-a3d0-9d6381e0856c" />
    <UnitTestResult executionId="3af79ce2-e8c1-4e13-bc2c-df0ae54ce63c" testId="cc82496f-8e61-40ab-d687-c32a957a7aa0" testName="HotellingsT_single_calculate_and_CI_valid" computerName="BESH_NTB" duration="00:00:00.0003861" startTime="2026-05-16T12:32:26.4251923+02:00" endTime="2026-05-16T12:32:26.4261875+02:00" testType="13cdc9d9-ddb5-4fa4-a97d-d965ccfc6d4b" outcome="Passed" testListId="8c84fa94-04c1-424b-9868-57a2d4851a1d" relativeResultsDirectory="3af79ce2-e8c1-4e13-bc2c-df0ae54ce63c" />
    <UnitTestResult executionId="b8f553df-4681-4e5b-a4a5-9bbff448842c" testId="7bc060f8-9165-f9ee-b6ec-aa5397472753" testName="OneWayANOVA_matches_nist_anova_reference (SiRstv)" computerName="BESH_NTB" duration="00:00:00.0154742" startTime="2026-05-16T12:32:25.8472188+02:00" endTime="2026-05-16T12:32:25.8629455+02:00" testType="13cdc9d9-ddb5-4fa4-a97d-d965ccfc6d4b" outcome="Passed" testListId="8c84fa94-04c1-424b-9868-57a2d4851a1d" relativeResultsDirectory="b8f553df-4681-4e5b-a4a5-9bbff448842c" />
    <UnitTestResult executionId="ada2f2eb-038e-40cb-8e69-537ba6a86a03" testId="7bed92c8-06e7-561c-56ed-d190bea4d094" testName="RDerivativeProviders_MatchFiniteDifferences_ForFourVisitResidualStructures" computerName="BESH_NTB" duration="00:00:00.0040212" startTime="2026-05-16T12:32:17.7682562+02:00" endTime="2026-05-16T12:32:17.7722545+02:00" testType="13cdc9d9-ddb5-4fa4-a97d-d965ccfc6d4b" outcome="Passed" testListId="8c84fa94-04c1-424b-9868-57a2d4851a1d" relativeResultsDirectory="ada2f2eb-038e-40cb-8e69-537ba6a86a03" />
    <UnitTestResult executionId="d3462eb4-f054-4ce0-bdc1-fae2be475bc0" testId="32bd321a-d959-94f6-5cd3-826e9173413d" testName="WeightedDeming_constant_CV_point_estimate_on_perfect_line" computerName="BESH_NTB" duration="00:00:00.0016583" startTime="2026-05-16T12:32:14.0362740+02:00" endTime="2026-05-16T12:32:14.0387802+02:00" testType="13cdc9d9-ddb5-4fa4-a97d-d965ccfc6d4b" outcome="Passed" testListId="8c84fa94-04c1-424b-9868-57a2d4851a1d" relativeResultsDirectory="d3462eb4-f054-4ce0-bdc1-fae2be475bc0" />
    <UnitTestResult executionId="fe2cfce0-0d39-4ab4-8ac5-8fb3343fb075" testId="cb2c6d33-d0cf-cda6-d84b-f1560e91aa48" testName="CalculateCoxEventCountBinaryCovariate_matches_reference (1.5,2,0.01,0.1,0.25,0.4,False,476,1190,0.222222222222222)" computerName="BESH_NTB" duration="00:00:00.0000201" startTime="2026-05-16T12:32:28.0391650+02:00" endTime="2026-05-16T12:32:28.0401724+02:00" testType="13cdc9d9-ddb5-4fa4-a97d-d965ccfc6d4b" outcome="Passed" testListId="8c84fa94-04c1-424b-9868-57a2d4851a1d" relativeResultsDirectory="fe2cfce0-0d39-4ab4-8ac5-8fb3343fb075" />
    <UnitTestResult executionId="f29a86ad-ff53-4ea5-9b9b-6aba9060fec3" testId="cf342a5d-2086-adc1-b373-5a0e54c079f3" testName="OneWayANOVA_matches_nist_anova_reference (SmLs08)" computerName="BESH_NTB" duration="00:00:00.0172111" startTime="2026-05-16T12:32:26.0333209+02:00" endTime="2026-05-16T12:32:26.0512498+02:00" testType="13cdc9d9-ddb5-4fa4-a97d-d965ccfc6d4b" outcome="Passed" testListId="8c84fa94-04c1-424b-9868-57a2d4851a1d" relativeResultsDirectory="f29a86ad-ff53-4ea5-9b9b-6aba9060fec3" />
    <UnitTestResult executionId="20c8dbaf-00df-4062-bb31-44a68171d108" testId="5dd12219-8b7e-1b7b-8361-b40cdb6c20f3" testName="MMRM_AnalyticScoreMode_P3UsesAnalyticProviderAndReportsDiagnostics" computerName="BESH_NTB" duration="00:00:00.0097705" startTime="2026-05-16T12:32:21.0998964+02:00" endTime="2026-05-16T12:32:21.1107185+02:00" testType="13cdc9d9-ddb5-4fa4-a97d-d965ccfc6d4b" outcome="Passed" testListId="8c84fa94-04c1-424b-9868-57a2d4851a1d" relativeResultsDirectory="20c8dbaf-00df-4062-bb31-44a68171d108" />
    <UnitTestResult executionId="106c59a8-9253-4f3b-af08-26bfb2c21c2b" testId="8abdb5ea-559b-d837-3037-129a3200ec46" testName="MMRM_UNWeakVisitPairSupport_EmitsWarning" computerName="BESH_NTB" duration="00:00:00.0568443" startTime="2026-05-16T12:32:21.2905787+02:00" endTime="2026-05-16T12:32:21.3471537+02:00" testType="13cdc9d9-ddb5-4fa4-a97d-d965ccfc6d4b" outcome="Passed" testListId="8c84fa94-04c1-424b-9868-57a2d4851a1d" relativeResultsDirectory="106c59a8-9253-4f3b-af08-26bfb2c21c2b" />
[...]
    <TestEntry testId="6db61f62-881b-9d36-a8d1-0446afc66a17" executionId="eaaae0f5-acde-460c-b919-b5f5fec09c04" testListId="8c84fa94-04c1-424b-9868-57a2d4851a1d" />
    <TestEntry testId="fda103ad-4749-bff3-8c88-abb8f9e4cbac" executionId="8f3ccb23-3dee-421d-a3aa-b9b44600d123" testListId="8c84fa94-04c1-424b-9868-57a2d4851a1d" />
    <TestEntry testId="cbf2ae16-2b10-c513-cfcb-afda76002741" executionId="b60adfe1-b339-48f0-932d-b385fe1612d7" testListId="8c84fa94-04c1-424b-9868-57a2d4851a1d" />
    <TestEntry testId="ccce7dbc-74fd-cf50-1d5c-0a7eef693a01" executionId="39b2ff08-8676-4b42-8970-621b85ac7a10" testListId="8c84fa94-04c1-424b-9868-57a2d4851a1d" />
    <TestEntry testId="ca1706c8-a044-6918-8a8e-d391399b3b3a" executionId="6ac02ebb-f509-447f-ad2d-cdd5b4ff566d" testListId="8c84fa94-04c1-424b-9868-57a2d4851a1d" />
    <TestEntry testId="b8abde30-d9cb-f1a9-8622-60082e5cc5d1" executionId="f5f1fef9-56a2-491b-a69a-f39b050a32eb" testListId="8c84fa94-04c1-424b-9868-57a2d4851a1d" />
    <TestEntry testId="ed9872d4-dcef-bb77-ed06-cae8c2d0dee0" executionId="ed45bf2e-2868-4f9a-b94e-23afab3dd4b0" testListId="8c84fa94-04c1-424b-9868-57a2d4851a1d" />
    <TestEntry testId="532cfb00-c38d-4b6f-bf69-01a2826c1cd6" executionId="d5fca96e-e34d-4102-bd95-b33e6f2cbc06" testListId="8c84fa94-04c1-424b-9868-57a2d4851a1d" />
    <TestEntry testId="a43ee615-fa90-6885-025f-c72692afe3d2" executionId="4d310872-0caa-4a3b-a4c1-2991acf8c81f" testListId="8c84fa94-04c1-424b-9868-57a2d4851a1d" />
    <TestEntry testId="cf3fb9db-0dce-62eb-843e-15de2a9efa3a" executionId="d3604f3b-d614-4e85-ba81-7528a856450b" testListId="8c84fa94-04c1-424b-9868-57a2d4851a1d" />
    <TestEntry testId="5c6a86c4-ddde-0f61-a567-0a325f567c1c" executionId="8bb0c520-13cd-417d-aaa4-a4012d9f8fff" testListId="8c84fa94-04c1-424b-9868-57a2d4851a1d" />
    <TestEntry testId="a13561dc-7493-8ad6-287e-5c4e3a9a82ce" executionId="754920e6-9e34-4bf2-9a92-a2fee1e38417" testListId="8c84fa94-04c1-424b-9868-57a2d4851a1d" />
    <TestEntry testId="bb760406-382c-46b7-a8a8-d1c97051cac4" executionId="334e7aa4-2eda-4fc4-943e-4c1004f001f7" testListId="8c84fa94-04c1-424b-9868-57a2d4851a1d" />
    <TestEntry testId="704f4bfd-4638-85f1-706d-d76b7fc3b190" executionId="866462e1-f1b8-4451-a734-72c4d7175aa1" testListId="8c84fa94-04c1-424b-9868-57a2d4851a1d" />
    <TestEntry testId="cd748cd4-0720-e4f0-fcbb-88a312ada993" executionId="70f54678-b01f-4fad-b48a-7a91ad9fbf1f" testListId="8c84fa94-04c1-424b-9868-57a2d4851a1d" />
    <TestEntry testId="f41a2327-633a-f6a1-c093-5b4f90ed9762" executionId="310542af-3e10-4994-879b-a9e0b037a89a" testListId="8c84fa94-04c1-424b-9868-57a2d4851a1d" />
    <TestEntry testId="3860de05-758e-b39d-8228-146536beff48" executionId="fc31d256-4f9b-49c2-a520-03cf12be91f2" testListId="8c84fa94-04c1-424b-9868-57a2d4851a1d" />
    <TestEntry testId="212694c1-9567-28fe-5bb1-564f0e52b301" executionId="4f4d453a-809f-4152-b3b6-684558e254c1" testListId="8c84fa94-04c1-424b-9868-57a2d4851a1d" />
    <TestEntry testId="66cea54e-2248-9686-5adc-e547c637f1bd" executionId="846e9cc1-0152-423d-8364-f09cae4ddb5f" testListId="8c84fa94-04c1-424b-9868-57a2d4851a1d" />
    <TestEntry testId="bd35eb4a-dbc1-f996-5a6c-dbc4571eaaee" executionId="64927e06-eb9d-4876-91e0-03ba3b9c0964" testListId="8c84fa94-04c1-424b-9868-57a2d4851a1d" />
    <TestEntry testId="541f96d7-b352-94a2-41c4-602f30330a13" executionId="2caf12f0-d0c0-4519-9d3a-b0240ad4fc0e" testListId="8c84fa94-04c1-424b-9868-57a2d4851a1d" />
    <TestEntry testId="6a7c0a65-83d2-ad48-1b73-03d5488cb21a" executionId="0a151cb3-fed3-40c4-bb80-98cd1909cf1c" testListId="8c84fa94-04c1-424b-9868-57a2d4851a1d" />
    <TestEntry testId="2c8a3c91-11e8-1b2e-4f55-20c03f9309ac" executionId="94ebff83-d16c-4e30-9146-72f5c0234a54" testListId="8c84fa94-04c1-424b-9868-57a2d4851a1d" />
    <TestEntry testId="8c7355a2-7dfc-d075-f54a-cf33f591498a" executionId="6fa2d793-512a-4e3a-a87d-d28d1b1e55ac" testListId="8c84fa94-04c1-424b-9868-57a2d4851a1d" />
    <TestEntry testId="5facc469-478c-f147-01c2-ec0741a131ca" executionId="719b33c3-52b9-4537-9695-881d0bb04790" testListId="8c84fa94-04c1-424b-9868-57a2d4851a1d" />
    <TestEntry testId="e183d76d-e712-5a25-770e-5926e63fdeb8" executionId="6618af84-54d1-4e01-8cb0-5195431506d8" testListId="8c84fa94-04c1-424b-9868-57a2d4851a1d" />
    <TestEntry testId="137571f8-a445-1d3a-02f0-a52997276fb1" executionId="7c5f22f4-1227-467f-be93-8e28e4034083" testListId="8c84fa94-04c1-424b-9868-57a2d4851a1d" />
    <TestEntry testId="65ce88da-5c8b-db7e-3a51-a74ac33708e7" executionId="0e5405ef-f4a5-4fad-a624-b16c4d5838a5" testListId="8c84fa94-04c1-424b-9868-57a2d4851a1d" />
    <TestEntry testId="6c509a3e-94fb-1e56-fd5c-dfe9b2142fff" executionId="9f2280b6-e1ba-4ce2-bd4a-e7ede46bfe75" testListId="8c84fa94-04c1-424b-9868-57a2d4851a1d" />
    <TestEntry testId="172a5d2d-bcbe-e8f0-32cd-e496b94eb70c" executionId="b2d83ff2-14a6-4de0-b358-1c3d19581b89" testListId="8c84fa94-04c1-424b-9868-57a2d4851a1d" />
    <TestEntry testId="8f27279d-e7c3-2647-35bb-b6b96e4e5e92" executionId="cde4a8c3-2b51-4d7c-8775-d11c97609bc9" testListId="8c84fa94-04c1-424b-9868-57a2d4851a1d" />
    <TestEntry testId="231164d5-d77f-9bee-3559-2bce7e8ca117" executionId="6f6553cc-e5cf-4ff6-a5a1-eda11933a9ce" testListId="8c84fa94-04c1-424b-9868-57a2d4851a1d" />
    <TestEntry testId="660fe0bf-03ed-a85e-73db-e202518745e7" executionId="3ebe2dc4-3256-4e60-9b55-19875e002008" testListId="8c84fa94-04c1-424b-9868-57a2d4851a1d" />
    <TestEntry testId="10cec5c8-e678-b8ea-edee-a76c7aacbd3a" executionId="48b46801-ad98-411e-b162-85f6ab67ca6a" testListId="8c84fa94-04c1-424b-9868-57a2d4851a1d" />
    <TestEntry testId="fa4f97df-b772-eb1f-5484-ad1c7ffdc378" executionId="5fb776f1-d86a-4e8e-bf6a-c172788742f7" testListId="8c84fa94-04c1-424b-9868-57a2d4851a1d" />
    <TestEntry testId="a1729dee-4390-3259-fe03-e0e7a7624ce7" executionId="c3b9bc75-f138-4653-bb0c-2d1877929129" testListId="8c84fa94-04c1-424b-9868-57a2d4851a1d" />
    <TestEntry testId="c79c85d1-dd1a-3c9e-68a5-25f8abbf5fd1" executionId="aaa16865-47ae-4489-815b-69674f35ccf1" testListId="8c84fa94-04c1-424b-9868-57a2d4851a1d" />
    <TestEntry testId="920fbac0-f7a2-3784-7c32-09d7fc727151" executionId="5585b0cd-963a-47be-8861-118bc3cb403e" testListId="8c84fa94-04c1-424b-9868-57a2d4851a1d" />
    <TestEntry testId="640a39ec-46ed-82da-a852-b85d199df1ea" executionId="c096f444-d098-4086-896c-8c47bf2f57c6" testListId="8c84fa94-04c1-424b-9868-57a2d4851a1d" />
    <TestEntry testId="fe018d09-7fad-7b9b-a47d-4a1ee05a5bee" executionId="9ac0fd21-d0cd-4c55-b77d-04046798a8d3" testListId="8c84fa94-04c1-424b-9868-57a2d4851a1d" />
    <TestEntry testId="d44910ec-9357-1e8f-20d3-80cc39ba44de" executionId="34868df8-c0bb-4ea7-83e7-caffeaf2202f" testListId="8c84fa94-04c1-424b-9868-57a2d4851a1d" />
    <TestEntry testId="78947173-be9a-87dc-cb24-38466d01173c" executionId="3635f58a-0dd2-4f43-ac12-0c7efde1a3d7" testListId="8c84fa94-04c1-424b-9868-57a2d4851a1d" />
    <TestEntry testId="66dcca0e-7198-82ff-84d6-1347c8eb54a2" executionId="15eb11bd-8938-47da-a5c0-4071fda5b81b" testListId="8c84fa94-04c1-424b-9868-57a2d4851a1d" />
    <TestEntry testId="00e1158c-2833-c0ea-ce3e-622a7550e371" executionId="5a8cf1fd-6705-436f-8688-14faf32c76d5" testListId="8c84fa94-04c1-424b-9868-57a2d4851a1d" />
    <TestEntry testId="d7d1430b-c9cd-8e7e-a3d2-dce62fe70c7e" executionId="80daf23c-f76f-412f-8c81-9f616b84a744" testListId="8c84fa94-04c1-424b-9868-57a2d4851a1d" />
    <TestEntry testId="61fed086-3f91-935b-6112-9f3d34411328" executionId="9c5cc88e-9b04-4f0a-80c1-a4e899ad0007" testListId="8c84fa94-04c1-424b-9868-57a2d4851a1d" />
    <TestEntry testId="b9f9630d-f948-376f-3c12-92b1c362e41d" executionId="fdc96329-76cf-4897-9456-57d79f987996" testListId="8c84fa94-04c1-424b-9868-57a2d4851a1d" />
    <TestEntry testId="a24ea18b-9a2d-3899-8193-5bdda311e1d2" executionId="aba2d28a-f618-479c-ab6b-e44bab40abc2" testListId="8c84fa94-04c1-424b-9868-57a2d4851a1d" />
    <TestEntry testId="4b4b4efe-5f18-52fb-0ffa-f9226ce2e392" executionId="157bc588-494e-47ff-a4b1-4a76fd0d9ab8" testListId="8c84fa94-04c1-424b-9868-57a2d4851a1d" />
    <TestEntry testId="17d415e7-da5f-6eae-8e7d-cbb34412a387" executionId="cfe8f6c8-2e1b-4f3b-9327-9d3bf7c0d4ef" testListId="8c84fa94-04c1-424b-9868-57a2d4851a1d" />
    <TestEntry testId="18992877-26a9-1169-8ee1-0f47bb3d134a" executionId="0865af54-6efa-4321-a746-fb042df70844" testListId="8c84fa94-04c1-424b-9868-57a2d4851a1d" />
    <TestEntry testId="b1d6bf7f-fb9d-2cca-56bc-e6737b49d31e" executionId="dce8637c-9b19-4563-aa34-f42b3d22116a" testListId="8c84fa94-04c1-424b-9868-57a2d4851a1d" />
    <TestEntry testId="e1bc53ad-1ee5-ca35-0597-509085210334" executionId="0697e3c4-a455-4512-a805-fa4e5382ed19" testListId="8c84fa94-04c1-424b-9868-57a2d4851a1d" />
    <TestEntry testId="1a6be4dd-25f5-e3d9-12e0-9a2c0739e5e8" executionId="e1072b7a-b042-430c-acfd-d4377586f8e6" testListId="8c84fa94-04c1-424b-9868-57a2d4851a1d" />
    <TestEntry testId="ef732da5-8feb-c84d-3da0-122d2ec22a52" executionId="1c21404d-1e9a-43c6-8ba8-9deb0146ad5e" testListId="8c84fa94-04c1-424b-9868-57a2d4851a1d" />
    <TestEntry testId="c13a8111-db09-418d-0d29-20dd8dce40e2" executionId="26a5840d-9161-4574-8b84-914bb6e3c499" testListId="8c84fa94-04c1-424b-9868-57a2d4851a1d" />
    <TestEntry testId="d6fe51d6-dd5e-3199-16be-adf99522efa8" executionId="8b302d71-7fec-43f5-a59a-0c2f03d3e851" testListId="8c84fa94-04c1-424b-9868-57a2d4851a1d" />
    <TestEntry testId="42d4f45d-1ac1-0d81-bf5f-8c2437775906" executionId="a8d3ee73-1565-423a-9cf2-50a5421e918a" testListId="8c84fa94-04c1-424b-9868-57a2d4851a1d" />
    <TestEntry testId="e7e90a3e-2896-866d-7fac-d8da0750411c" executionId="53d07cbc-a6d1-4b00-a7b6-786000b258d5" testListId="8c84fa94-04c1-424b-9868-57a2d4851a1d" />
    <TestEntry testId="a21ed112-dea0-d2fe-88f9-3954ff9da994" executionId="bbbf858a-f84a-4f9d-b328-e39e4629b303" testListId="8c84fa94-04c1-424b-9868-57a2d4851a1d" />
    <TestEntry testId="b43e2bcf-363c-8820-3937-aa8af4b965b5" executionId="152caa1f-57ba-46c7-b947-5ccc42b68a1e" testListId="8c84fa94-04c1-424b-9868-57a2d4851a1d" />
    <TestEntry testId="c7721cbb-474a-695a-99b3-eabbd341fef1" executionId="ab5b83ad-4de1-4c7c-801e-9840036b9e8b" testListId="8c84fa94-04c1-424b-9868-57a2d4851a1d" />
    <TestEntry testId="14d03dda-e4d4-8ea2-6840-85bc8c540bb8" executionId="afd51430-8cd0-4b00-944a-91fc5fa97340" testListId="8c84fa94-04c1-424b-9868-57a2d4851a1d" />
    <TestEntry testId="33ccf939-3f6b-0f53-3a02-bf266caa1479" executionId="32e22bb9-f0d4-47b2-a71e-8a280dd6e438" testListId="8c84fa94-04c1-424b-9868-57a2d4851a1d" />
    <TestEntry testId="4a9f822a-01b2-df6a-c271-66237f8e6923" executionId="b977d228-495b-427d-9d0e-cf8f4bc2ec23" testListId="8c84fa94-04c1-424b-9868-57a2d4851a1d" />
    <TestEntry testId="bb8fd004-afad-f291-235f-6d7b8c2aac2f" executionId="d71132f8-412f-46cb-adee-3f961f1b311a" testListId="8c84fa94-04c1-424b-9868-57a2d4851a1d" />
    <TestEntry testId="ca5f9916-aeff-4397-114b-5b1f3b6f6343" executionId="6644d04f-b308-4bcf-ae6a-156faf5aa25f" testListId="8c84fa94-04c1-424b-9868-57a2d4851a1d" />
    <TestEntry testId="9f311454-6b40-70ee-ddcd-e8dbb6470efb" executionId="7e2e20d3-5bae-4725-b3eb-f55bde75e472" testListId="8c84fa94-04c1-424b-9868-57a2d4851a1d" />
    <TestEntry testId="113962d9-b978-e8f8-ff7d-85c87d47c1dd" executionId="365329ca-d697-46be-baa4-166c6592664f" testListId="8c84fa94-04c1-424b-9868-57a2d4851a1d" />
    <TestEntry testId="4df8eb9d-8eaa-4eb0-e213-2cd1dad7e00a" executionId="088bce01-d876-4a43-8b49-52a1c4c4a430" testListId="8c84fa94-04c1-424b-9868-57a2d4851a1d" />
    <TestEntry testId="61314b15-78d0-65c9-bc8b-b34ba5b8a6fc" executionId="71fd93af-1dc1-44d3-ba03-23a12a3b9ff4" testListId="8c84fa94-04c1-424b-9868-57a2d4851a1d" />
    <TestEntry testId="1a1a1540-a6bd-46be-d680-641bfa58f280" executionId="71b7de91-4d5e-4ce2-84fc-b359dd12c511" testListId="8c84fa94-04c1-424b-9868-57a2d4851a1d" />
    <TestEntry testId="c96c2b65-3473-8250-b244-dea457e059c6" executionId="89ebdb45-7a8d-4c63-978c-578a103cfc2d" testListId="8c84fa94-04c1-424b-9868-57a2d4851a1d" />
    <TestEntry testId="33a52b3c-6adf-90e1-b675-e7ccbd72dbf5" executionId="30217bd3-5bc8-4831-abd2-1de06326264d" testListId="8c84fa94-04c1-424b-9868-57a2d4851a1d" />
    <TestEntry testId="47eee0dd-8d96-9583-024f-eedd01aec9bb" executionId="267840ff-4b57-4bdf-9d91-12e774540b42" testListId="8c84fa94-04c1-424b-9868-57a2d4851a1d" />
    <TestEntry testId="ad1c084a-88be-13fa-32d2-fc71140b3e19" executionId="2ac04481-e453-49d0-a9f9-000a11e517a8" testListId="8c84fa94-04c1-424b-9868-57a2d4851a1d" />
    <TestEntry testId="b7381ae0-9df8-6432-c852-b2f701327045" executionId="159a05cf-ca20-47ee-8eaa-02647e670db7" testListId="8c84fa94-04c1-424b-9868-57a2d4851a1d" />
    <TestEntry testId="e11c178f-2028-51e5-054f-6546add37c91" executionId="688e43f6-4782-4b9d-92aa-0bb358686f75" testListId="8c84fa94-04c1-424b-9868-57a2d4851a1d" />
    <TestEntry testId="70a34b34-aa31-6c09-41de-dc19c63384e9" executionId="7f3c48ef-7a74-4726-8d28-d78cf504d845" testListId="8c84fa94-04c1-424b-9868-57a2d4851a1d" />
    <TestEntry testId="71e6a09f-a2dd-a2ca-c5f9-48958f1cde89" executionId="17e5eccd-a5d7-4c2e-bfd9-f28e81c3da6c" testListId="8c84fa94-04c1-424b-9868-57a2d4851a1d" />
    <TestEntry testId="c13cc3aa-0b0a-712e-0cbc-76289193c1b1" executionId="e172cbc7-3e1a-4127-8155-02c1f110aa96" testListId="8c84fa94-04c1-424b-9868-57a2d4851a1d" />
    <TestEntry testId="aebc4a5c-2b57-84a4-b003-bbff21f7e66f" executionId="019c718d-da2e-4831-b4b6-1d99980d7aca" testListId="8c84fa94-04c1-424b-9868-57a2d4851a1d" />
    <TestEntry testId="da0ee3e3-ebbc-c4cd-c4bb-c8f31997e551" executionId="41ce1559-0554-474e-ac7e-674e96dcd74c" testListId="8c84fa94-04c1-424b-9868-57a2d4851a1d" />
    <TestEntry testId="841ea2ed-a1c9-6771-af06-d370fdd2edda" executionId="565d76db-e57a-404e-8a6d-5829562cc7e4" testListId="8c84fa94-04c1-424b-9868-57a2d4851a1d" />
    <TestEntry testId="ca00f9a4-ad0f-9a11-58e3-570691bca30b" executionId="3690702a-812a-43db-ab83-08646e9d5e1f" testListId="8c84fa94-04c1-424b-9868-57a2d4851a1d" />
    <TestEntry testId="27ebee70-5fab-769b-a644-12f4a054daf3" executionId="658040fc-fc09-4223-8a01-4da773a531ff" testListId="8c84fa94-04c1-424b-9868-57a2d4851a1d" />
    <TestEntry testId="def3d511-2515-38bc-af0b-6921815e30cf" executionId="e96d262a-0edb-4646-be60-5b5d12ef598f" testListId="8c84fa94-04c1-424b-9868-57a2d4851a1d" />
    <TestEntry testId="7c142330-93c0-2bb6-9f34-7d1e17eb6207" executionId="97ab2991-120b-42e3-a1b5-193b470dd489" testListId="8c84fa94-04c1-424b-9868-57a2d4851a1d" />
    <TestEntry testId="eae21dcc-3494-f4bf-5f90-e5683ddcc5ea" executionId="df24f3ca-0bc0-4801-85fb-d5a6631ed5f0" testListId="8c84fa94-04c1-424b-9868-57a2d4851a1d" />
    <TestEntry testId="c8e696c7-88e8-57e9-277f-537ceb22bad8" executionId="d5e6622b-a018-4328-b9e0-7509b3889aec" testListId="8c84fa94-04c1-424b-9868-57a2d4851a1d" />
    <TestEntry testId="255fb096-8d3e-4a6f-0134-d2725c073043" executionId="1575c91e-affa-4f7b-9684-e6f4958cab7d" testListId="8c84fa94-04c1-424b-9868-57a2d4851a1d" />
    <TestEntry testId="8038689a-f391-65fc-c3f6-d27e6e4be9f4" executionId="bbb45661-ce7d-48c2-8aee-c9d41c745622" testListId="8c84fa94-04c1-424b-9868-57a2d4851a1d" />
    <TestEntry testId="13867546-3ed6-9862-800a-ddbacd34f2d2" executionId="9444c850-312c-4248-9672-3699fa05ca70" testListId="8c84fa94-04c1-424b-9868-57a2d4851a1d" />
    <TestEntry testId="b75d11c6-a8e3-ee17-84f7-9e9014be6c9e" executionId="5fbcc45f-db39-4209-9d05-2367a9c354be" testListId="8c84fa94-04c1-424b-9868-57a2d4851a1d" />
    <TestEntry testId="a6537c31-9b80-687a-aec7-27404e9f35ea" executionId="f74c0ba7-5c39-4de1-b564-7ad07014ff4b" testListId="8c84fa94-04c1-424b-9868-57a2d4851a1d" />
    <TestEntry testId="f5f9fa95-d530-0207-2056-730f16a96349" executionId="7c561a26-23f1-478f-93d3-302a6fbfb426" testListId="8c84fa94-04c1-424b-9868-57a2d4851a1d" />
    <TestEntry testId="28633ff9-0d24-e909-6f44-4fcc236340c1" executionId="84085e38-2be2-42cb-af2c-6eaf00d8efe5" testListId="8c84fa94-04c1-424b-9868-57a2d4851a1d" />
    <TestEntry testId="0ff25016-1d3c-f2a7-4aa7-d193e52d36b3" executionId="9d293f85-e36c-42d4-b05e-3531e083a3bd" testListId="8c84fa94-04c1-424b-9868-57a2d4851a1d" />
    <TestEntry testId="9fcaf70d-dc62-3676-b3df-d491470ae72b" executionId="78d88438-7383-4943-a257-615c1f289bf9" testListId="8c84fa94-04c1-424b-9868-57a2d4851a1d" />
    <TestEntry testId="136ed17a-5c33-7290-95bf-75110ba90303" executionId="40c1976b-2f48-4092-b5f3-c003b84a51a0" testListId="8c84fa94-04c1-424b-9868-57a2d4851a1d" />
    <TestEntry testId="00a770be-1306-f5de-ea7d-93ae89bac63f" executionId="161774fc-765e-4c69-ab9c-1f1dad00e674" testListId="8c84fa94-04c1-424b-9868-57a2d4851a1d" />
    <TestEntry testId="b6058291-6b8a-bd14-e1ed-350652d48c01" executionId="3aa53a3c-f4e4-4742-86f3-3a14d08873a4" testListId="8c84fa94-04c1-424b-9868-57a2d4851a1d" />
    <TestEntry testId="4399d704-5d5e-af4c-c1c7-f394afe88083" executionId="6899d137-60c7-45b8-9381-fbca600bee57" testListId="8c84fa94-04c1-424b-9868-57a2d4851a1d" />
    <TestEntry testId="1ad20009-3e70-117c-2f9d-f638bc82d82a" executionId="f3e61a66-a0b1-4e29-ad92-a8f49f6fb046" testListId="8c84fa94-04c1-424b-9868-57a2d4851a1d" />
    <TestEntry testId="4aba5e27-bdf6-61a8-8349-ebc2e58a4007" executionId="cb7770a6-3129-4420-9592-e5b45726b2fe" testListId="8c84fa94-04c1-424b-9868-57a2d4851a1d" />
    <TestEntry testId="e2f0342d-7b4d-df2c-4eea-6c77cd65b744" executionId="eb6b8d25-4199-4505-ad78-c1c521310df3" testListId="8c84fa94-04c1-424b-9868-57a2d4851a1d" />
    <TestEntry testId="741c56a2-c5db-db6c-23b4-6ca7ebd89535" executionId="9fa292b9-38c4-4107-89f1-12280bf17db5" testListId="8c84fa94-04c1-424b-9868-57a2d4851a1d" />
    <TestEntry testId="a762ef62-9211-d62c-3f56-abe18daa88e4" executionId="a36af59d-c661-4b68-b217-fbfb5b25ddad" testListId="8c84fa94-04c1-424b-9868-57a2d4851a1d" />
    <TestEntry testId="2abb811a-b5bd-fd78-07a3-c50e5f045922" executionId="218ce3ca-f6a0-4fd8-be83-9f3b745a35ae" testListId="8c84fa94-04c1-424b-9868-57a2d4851a1d" />
    <TestEntry testId="3e71aa1d-81ee-b083-e346-e9aadc9e1358" executionId="b67c8b82-c7b4-4eae-af15-82a9a383b638" testListId="8c84fa94-04c1-424b-9868-57a2d4851a1d" />
    <TestEntry testId="a26247d9-67d4-a386-b3dd-46c5a1271937" executionId="988ab7a0-64f2-43b9-8381-4c22bdfc18c8" testListId="8c84fa94-04c1-424b-9868-57a2d4851a1d" />
    <TestEntry testId="09b8b902-84ab-9578-11d5-dd6d983b0bcb" executionId="eba8d3fd-0cbd-4558-858f-b7dde77af9d1" testListId="8c84fa94-04c1-424b-9868-57a2d4851a1d" />
    <TestEntry testId="d2fe8e31-4376-aa10-4790-748722a74209" executionId="c1ea69c6-0d8e-49c4-96b6-833389fbfd24" testListId="8c84fa94-04c1-424b-9868-57a2d4851a1d" />
    <TestEntry testId="dff0c72d-fe63-c7a7-51f9-56e0d8d81acd" executionId="ceca994b-a89b-4a54-9112-0c1dc77bae2b" testListId="8c84fa94-04c1-424b-9868-57a2d4851a1d" />
    <TestEntry testId="614eaa9e-4a70-769b-fb51-a47c84c4faf6" executionId="bf462de2-1b79-4020-a09c-0967151d23c5" testListId="8c84fa94-04c1-424b-9868-57a2d4851a1d" />
  </TestEntries>
  <TestLists>
    <TestList name="Results Not in a List" id="8c84fa94-04c1-424b-9868-57a2d4851a1d" />
    <TestList name="All Loaded Results" id="19431567-8539-422a-85d7-44ee4e166bda" />
  </TestLists>
  <ResultSummary outcome="Completed">
    <Counters total="625" executed="625" passed="625" failed="0" error="0" timeout="0" aborted="0" inconclusive="0" passedButRunAborted="0" notRunnable="0" notExecuted="0" disconnected="0" warning="0" completed="0" inProgress="0" pending="0" />
    <RunInfos>
      <RunInfo computerName="BESH_NTB" outcome="Warning" timestamp="2026-05-16T12:32:28.7162993+02:00">
        <Text>Data collector 'Blame' message: procdump64.exe could not be found, please make sure that the executable is available on PATH. Alternatively set PROCDUMP_PATH environment variable to a directory that contains procdump64.exe executable.</Text>
      </RunInfo>
    </RunInfos>
  </ResultSummary>
</TestRun>