<?xml version="1.0" encoding="utf-8"?>
<TestRun id="434fd6c3-52e8-427f-adf2-f5f0cef70b15" name="peter@BESH_NTB 2026-05-16 14:10:19" runUser="BESH_NTB\peter" xmlns="http://microsoft.com/schemas/VisualStudio/TeamTest/2010">
  <Times creation="2026-05-16T14:10:19.3450109+02:00" queuing="2026-05-16T14:10:19.3450109+02:00" start="2026-05-16T14:10:17.9010867+02:00" finish="2026-05-16T14:10:32.1499917+02:00" />
  <TestSettings name="default" id="8ae565c6-d4c6-481e-a94f-bc8ca09d01c2">
    <Deployment runDeploymentRoot="peter_BESH_NTB_2026-05-16_14_10_19" />
  </TestSettings>
  <Results>
    <UnitTestResult executionId="de141cfa-287c-4650-932c-060fc4c030b7" testId="8e32d374-f96a-0812-5e0c-5be350909493" testName="GLM_Gaussian_all_links_match_reference" computerName="BESH_NTB" duration="00:00:00.0619834" startTime="2026-05-16T14:10:21.2788898+02:00" endTime="2026-05-16T14:10:21.3410095+02:00" testType="13cdc9d9-ddb5-4fa4-a97d-d965ccfc6d4b" outcome="Passed" testListId="8c84fa94-04c1-424b-9868-57a2d4851a1d" relativeResultsDirectory="de141cfa-287c-4650-932c-060fc4c030b7" />
    <UnitTestResult executionId="ecd92731-5d66-40fa-8fb6-88b43c85fa56" testId="287fe3f3-ddff-1bad-a67d-3c44a8d5e913" testName="MCA_Indicator_MatchesReference_Eigen_Masses_Factors_And_MatrixShapes" computerName="BESH_NTB" duration="00:00:00.0015650" startTime="2026-05-16T14:10:19.5990929+02:00" endTime="2026-05-16T14:10:19.6010987+02:00" testType="13cdc9d9-ddb5-4fa4-a97d-d965ccfc6d4b" outcome="Passed" testListId="8c84fa94-04c1-424b-9868-57a2d4851a1d" relativeResultsDirectory="ecd92731-5d66-40fa-8fb6-88b43c85fa56" />
    <UnitTestResult executionId="5e956faa-da4f-403b-ad00-7fc81800ed30" testId="ebea31d8-bc56-aac1-e3bf-8b250704379d" testName="F_PDF_matches_core_distribution" computerName="BESH_NTB" duration="00:00:00.0000814" startTime="2026-05-16T14:10:20.0587525+02:00" endTime="2026-05-16T14:10:20.0587525+02:00" testType="13cdc9d9-ddb5-4fa4-a97d-d965ccfc6d4b" outcome="Passed" testListId="8c84fa94-04c1-424b-9868-57a2d4851a1d" relativeResultsDirectory="5e956faa-da4f-403b-ad00-7fc81800ed30" />
    <UnitTestResult executionId="139ce3e1-dcde-478c-bdc7-6158d3c1e377" testId="643b9c89-e876-87a2-a4a2-ad1c4151f437" testName="Array2objArray_roundtrip" computerName="BESH_NTB" duration="00:00:00.0003589" startTime="2026-05-16T14:10:21.9215481+02:00" endTime="2026-05-16T14:10:21.9225489+02:00" testType="13cdc9d9-ddb5-4fa4-a97d-d965ccfc6d4b" outcome="Passed" testListId="8c84fa94-04c1-424b-9868-57a2d4851a1d" relativeResultsDirectory="139ce3e1-dcde-478c-bdc7-6158d3c1e377" />
    <UnitTestResult executionId="45858d1d-271c-4738-939a-f2f78c944a38" testId="e67a669d-d40e-1bb1-4cf5-cc2f81410790" testName="CalculateNonInferiorityUnpairedTTest_stricter_margin_requires_more_subjects" computerName="BESH_NTB" duration="00:00:00.0001873" startTime="2026-05-16T14:10:31.5712023+02:00" endTime="2026-05-16T14:10:31.5722001+02:00" testType="13cdc9d9-ddb5-4fa4-a97d-d965ccfc6d4b" outcome="Passed" testListId="8c84fa94-04c1-424b-9868-57a2d4851a1d" relativeResultsDirectory="45858d1d-271c-4738-939a-f2f78c944a38" />
    <UnitTestResult executionId="cf7f07f4-9b39-4b62-aefb-372aee4a3507" testId="1c3d3417-e59b-6005-24f4-4edd8fa6a04d" testName="BOX_M_returns_valid_table_for_multivariate_grouped_input" computerName="BESH_NTB" duration="00:00:00.0093701" startTime="2026-05-16T14:10:19.5138666+02:00" endTime="2026-05-16T14:10:19.5238375+02:00" testType="13cdc9d9-ddb5-4fa4-a97d-d965ccfc6d4b" outcome="Passed" testListId="8c84fa94-04c1-424b-9868-57a2d4851a1d" relativeResultsDirectory="cf7f07f4-9b39-4b62-aefb-372aee4a3507" />
    <UnitTestResult executionId="1c11c2e9-174a-4ca3-891e-40251eb6dc24" testId="054ac5c9-061b-8a3c-7990-9a1d92b6cdac" testName="MMRM_KRFiniteDifferenceDerivativeBlocks_AreFiniteSymmetricAndConformable" computerName="BESH_NTB" duration="00:00:00.4110198" startTime="2026-05-16T14:10:25.7469537+02:00" endTime="2026-05-16T14:10:26.1581246+02:00" testType="13cdc9d9-ddb5-4fa4-a97d-d965ccfc6d4b" outcome="Passed" testListId="8c84fa94-04c1-424b-9868-57a2d4851a1d" relativeResultsDirectory="1c11c2e9-174a-4ca3-891e-40251eb6dc24" />
    <UnitTestResult executionId="9caf7c1e-3e8b-4c1b-b733-e761e5879ff3" testId="fda103ad-4749-bff3-8c88-abb8f9e4cbac" testName="RandomInterceptLMM_FullKRScalarAndF_MatchesPbkrtestReferences" computerName="BESH_NTB" duration="00:00:00.1056841" startTime="2026-05-16T14:10:21.4722871+02:00" endTime="2026-05-16T14:10:21.5785236+02:00" testType="13cdc9d9-ddb5-4fa4-a97d-d965ccfc6d4b" outcome="Passed" testListId="8c84fa94-04c1-424b-9868-57a2d4851a1d" relativeResultsDirectory="9caf7c1e-3e8b-4c1b-b733-e761e5879ff3" />
    <UnitTestResult executionId="8689b84e-38a5-4041-b680-ecbecf842f1a" testId="445b4df5-7b78-b730-b111-079269080b72" testName="Logit_clips_extreme_mu_to_stay_finite" computerName="BESH_NTB" duration="00:00:00.0002023" startTime="2026-05-16T14:10:20.3646505+02:00" endTime="2026-05-16T14:10:20.3646505+02:00" testType="13cdc9d9-ddb5-4fa4-a97d-d965ccfc6d4b" outcome="Passed" testListId="8c84fa94-04c1-424b-9868-57a2d4851a1d" relativeResultsDirectory="8689b84e-38a5-4041-b680-ecbecf842f1a" />
    <UnitTestResult executionId="b2e85fab-d9dc-48a2-8fbc-c55d71d8b559" testId="7607a663-04be-5e7e-5787-f465c6a1de6f" testName="Fit_matches_nist_lls_reference (Wampler4)" computerName="BESH_NTB" duration="00:00:00.0013011" startTime="2026-05-16T14:10:29.8589176+02:00" endTime="2026-05-16T14:10:29.8609187+02:00" testType="13cdc9d9-ddb5-4fa4-a97d-d965ccfc6d4b" outcome="Passed" testListId="8c84fa94-04c1-424b-9868-57a2d4851a1d" relativeResultsDirectory="b2e85fab-d9dc-48a2-8fbc-c55d71d8b559" />
    <UnitTestResult executionId="79f7cb55-c391-43d3-ac69-1c4c0a5d7b07" testId="1a6be4dd-25f5-e3d9-12e0-9a2c0739e5e8" testName="RDerivativeProvider_RejectsUnsupportedInputs_WithDiagnosticMessage" computerName="BESH_NTB" duration="00:00:00.0001600" startTime="2026-05-16T14:10:22.3405766+02:00" endTime="2026-05-16T14:10:22.3415850+02:00" testType="13cdc9d9-ddb5-4fa4-a97d-d965ccfc6d4b" outcome="Passed" testListId="8c84fa94-04c1-424b-9868-57a2d4851a1d" relativeResultsDirectory="79f7cb55-c391-43d3-ac69-1c4c0a5d7b07" />
    <UnitTestResult executionId="54994a76-1050-4107-9f7d-ab95d80d11a3" testId="27c12148-5dea-18d8-ddab-12f5052e0d1e" testName="T_Inv_2T_matches_reference (0.05,10,2.22813885196494)" computerName="BESH_NTB" duration="00:00:00.0001506" startTime="2026-05-16T14:10:20.0497579+02:00" endTime="2026-05-16T14:10:20.0507572+02:00" testType="13cdc9d9-ddb5-4fa4-a97d-d965ccfc6d4b" outcome="Passed" testListId="8c84fa94-04c1-424b-9868-57a2d4851a1d" relativeResultsDirectory="54994a76-1050-4107-9f7d-ab95d80d11a3" />
    <UnitTestResult executionId="06fa8e2f-779d-4dde-9204-7df06916306d" testId="cbf2ae16-2b10-c513-cfcb-afda76002741" testName="RoundUp_matches_excel_style (3.14159,2,3.15)" computerName="BESH_NTB" duration="00:00:00.0000047" startTime="2026-05-16T14:10:31.6216849+02:00" endTime="2026-05-16T14:10:31.6226818+02:00" testType="13cdc9d9-ddb5-4fa4-a97d-d965ccfc6d4b" outcome="Passed" testListId="8c84fa94-04c1-424b-9868-57a2d4851a1d" relativeResultsDirectory="06fa8e2f-779d-4dde-9204-7df06916306d" />
    <UnitTestResult executionId="25b37af4-70f1-433d-bc74-efcf9dc76330" testId="d531eea4-5ebd-1668-68a1-c0939aed888d" testName="PRTRNG_invalid_inputs_return_num" computerName="BESH_NTB" duration="00:00:00.0001777" startTime="2026-05-16T14:10:20.0677524+02:00" endTime="2026-05-16T14:10:20.0687540+02:00" testType="13cdc9d9-ddb5-4fa4-a97d-d965ccfc6d4b" outcome="Passed" testListId="8c84fa94-04c1-424b-9868-57a2d4851a1d" relativeResultsDirectory="25b37af4-70f1-433d-bc74-efcf9dc76330" />
    <UnitTestResult executionId="15234063-d2ce-4504-9672-11cb2adb3170" testId="feb944c0-bbf5-043b-488d-a2da4af7626a" testName="LMM_AnalyticScoreMode_RandomIntercept_UsesAnalyticAndMatchesNumerical" computerName="BESH_NTB" duration="00:00:00.0324383" startTime="2026-05-16T14:10:22.0595479+02:00" endTime="2026-05-16T14:10:22.0923762+02:00" testType="13cdc9d9-ddb5-4fa4-a97d-d965ccfc6d4b" outcome="Passed" testListId="8c84fa94-04c1-424b-9868-57a2d4851a1d" relativeResultsDirectory="15234063-d2ce-4504-9672-11cb2adb3170" />
    <UnitTestResult executionId="626349de-f573-4eec-93bc-6926089f215c" testId="70a34b34-aa31-6c09-41de-dc19c63384e9" testName="MatrixMult_matrix_matrix" computerName="BESH_NTB" duration="00:00:00.0001593" startTime="2026-05-16T14:10:21.9325110+02:00" endTime="2026-05-16T14:10:21.9335256+02:00" testType="13cdc9d9-ddb5-4fa4-a97d-d965ccfc6d4b" outcome="Passed" testListId="8c84fa94-04c1-424b-9868-57a2d4851a1d" relativeResultsDirectory="626349de-f573-4eec-93bc-6926089f215c" />
    <UnitTestResult executionId="63624264-a7d0-4a36-8cf9-ca92ee3db578" testId="cf19ee78-2cf3-660e-f8d1-60bef2edc8da" testName="WrapResults_KRTermTestsFlagTrue_DoesNotDuplicateDefaultTable" computerName="BESH_NTB" duration="00:00:00.0007931" startTime="2026-05-16T14:10:27.5345471+02:00" endTime="2026-05-16T14:10:27.5355481+02:00" testType="13cdc9d9-ddb5-4fa4-a97d-d965ccfc6d4b" outcome="Passed" testListId="8c84fa94-04c1-424b-9868-57a2d4851a1d" relativeResultsDirectory="63624264-a7d0-4a36-8cf9-ca92ee3db578" />
    <UnitTestResult executionId="e2ab04b1-6607-482e-a292-18aeb27c66fb" testId="1cd26be6-1bb8-38e9-846e-ca8b8d9733af" testName="AssessBlandAltmanAgainstDecisionLimits_invalid_limit_order_throws" computerName="BESH_NTB" duration="00:00:00.0002981" startTime="2026-05-16T14:10:20.0777582+02:00" endTime="2026-05-16T14:10:20.0777582+02:00" testType="13cdc9d9-ddb5-4fa4-a97d-d965ccfc6d4b" outcome="Passed" testListId="8c84fa94-04c1-424b-9868-57a2d4851a1d" relativeResultsDirectory="e2ab04b1-6607-482e-a292-18aeb27c66fb" />
    <UnitTestResult executionId="caefb727-9249-4de4-9180-ab665084a172" testId="3a9bad0b-777f-4290-5455-3ce041baad14" testName="CalculatePairedTTest_matches_reference (5,10,0.05,0.2,34)" computerName="BESH_NTB" duration="00:00:00.0000373" startTime="2026-05-16T14:10:31.5504807+02:00" endTime="2026-05-16T14:10:31.5504807+02:00" testType="13cdc9d9-ddb5-4fa4-a97d-d965ccfc6d4b" outcome="Passed" testListId="8c84fa94-04c1-424b-9868-57a2d4851a1d" relativeResultsDirectory="caefb727-9249-4de4-9180-ab665084a172" />
    <UnitTestResult executionId="4ec29f33-1973-43db-bbb5-81e52607b388" testId="0bac7ea9-4b62-90ff-8d60-541f1ab7317e" testName="GLM_Poisson_all_links_match_reference" computerName="BESH_NTB" duration="00:00:00.0752647" startTime="2026-05-16T14:10:21.3420096+02:00" endTime="2026-05-16T14:10:21.4177950+02:00" testType="13cdc9d9-ddb5-4fa4-a97d-d965ccfc6d4b" outcome="Passed" testListId="8c84fa94-04c1-424b-9868-57a2d4851a1d" relativeResultsDirectory="4ec29f33-1973-43db-bbb5-81e52607b388" />
    <UnitTestResult executionId="53aa5cbd-2af6-4084-8b08-19dd56fca34f" testId="a8a6d812-578c-06dd-db6b-83f45c36eea2" testName="DAgostino_matches_reference" computerName="BESH_NTB" duration="00:00:00.0007637" startTime="2026-05-16T14:10:19.4545926+02:00" endTime="2026-05-16T14:10:19.4555924+02:00" testType="13cdc9d9-ddb5-4fa4-a97d-d965ccfc6d4b" outcome="Passed" testListId="8c84fa94-04c1-424b-9868-57a2d4851a1d" relativeResultsDirectory="53aa5cbd-2af6-4084-8b08-19dd56fca34f" />
    <UnitTestResult executionId="8cb63d17-a59d-4c53-9eab-ee587de064fd" testId="58649a16-8cbb-00a5-ec54-fbb5f0754727" testName="FORMULA_VALIDATE_names_mode_accepts_single_quoted_variable_names" computerName="BESH_NTB" duration="00:00:00.0020175" startTime="2026-05-16T14:10:31.4249592+02:00" endTime="2026-05-16T14:10:31.4285388+02:00" testType="13cdc9d9-ddb5-4fa4-a97d-d965ccfc6d4b" outcome="Passed" testListId="8c84fa94-04c1-424b-9868-57a2d4851a1d" relativeResultsDirectory="8cb63d17-a59d-4c53-9eab-ee587de064fd" />
    <UnitTestResult executionId="db39d0d2-bf45-40e4-b173-036e2149de30" testId="cad36cbf-dde5-ee1f-bb01-b0412a63ae69" testName="Liddell_McNemar_matches_reference" computerName="BESH_NTB" duration="00:00:00.0008902" startTime="2026-05-16T14:10:19.6866544+02:00" endTime="2026-05-16T14:10:19.6879796+02:00" testType="13cdc9d9-ddb5-4fa4-a97d-d965ccfc6d4b" outcome="Passed" testListId="8c84fa94-04c1-424b-9868-57a2d4851a1d" relativeResultsDirectory="db39d0d2-bf45-40e4-b173-036e2149de30" />
    <UnitTestResult executionId="a40e315b-ddfb-4c89-aeee-2fb366687e0a" testId="91ed069e-7a44-3d93-8cf2-3d75b98840e8" testName="ReferenceGrid_PairwiseContrasts_UseMultiplicityAdjustment" computerName="BESH_NTB" duration="00:00:00.0029260" startTime="2026-05-16T14:10:27.5153029+02:00" endTime="2026-05-16T14:10:27.5192991+02:00" testType="13cdc9d9-ddb5-4fa4-a97d-d965ccfc6d4b" outcome="Passed" testListId="8c84fa94-04c1-424b-9868-57a2d4851a1d" relativeResultsDirectory="a40e315b-ddfb-4c89-aeee-2fb366687e0a" />
    <UnitTestResult executionId="5c3f755c-aaab-4149-ba53-b7612007f3d7" testId="55360b50-778e-f5ec-3cfe-db575a611e25" testName="TestIndependentProportionsNonInferiority_matches_reference_values" computerName="BESH_NTB" duration="00:00:00.0013262" startTime="2026-05-16T14:10:20.0887578+02:00" endTime="2026-05-16T14:10:20.0897631+02:00" testType="13cdc9d9-ddb5-4fa4-a97d-d965ccfc6d4b" outcome="Passed" testListId="8c84fa94-04c1-424b-9868-57a2d4851a1d" relativeResultsDirectory="5c3f755c-aaab-4149-ba53-b7612007f3d7" />
    <UnitTestResult executionId="f37ba00d-50e8-4aae-8b4f-c68bafe2f9fd" testId="b4c19111-6155-b0a5-bf2b-0f99accb844e" testName="MDeterm_matches_known" computerName="BESH_NTB" duration="00:00:00.0001221" startTime="2026-05-16T14:10:21.9488743+02:00" endTime="2026-05-16T14:10:21.9498781+02:00" testType="13cdc9d9-ddb5-4fa4-a97d-d965ccfc6d4b" outcome="Passed" testListId="8c84fa94-04c1-424b-9868-57a2d4851a1d" relativeResultsDirectory="f37ba00d-50e8-4aae-8b4f-c68bafe2f9fd" />
    <UnitTestResult executionId="032ec2e3-891e-4ab6-992f-b9aa03525c7a" testId="691a7fb5-9bd3-bed4-1240-8bfc66dc778e" testName="FisherExact2x2_matches_reference_definition" computerName="BESH_NTB" duration="00:00:00.0014094" startTime="2026-05-16T14:10:19.6828925+02:00" endTime="2026-05-16T14:10:19.6854598+02:00" testType="13cdc9d9-ddb5-4fa4-a97d-d965ccfc6d4b" outcome="Passed" testListId="8c84fa94-04c1-424b-9868-57a2d4851a1d" relativeResultsDirectory="032ec2e3-891e-4ab6-992f-b9aa03525c7a" />
    <UnitTestResult executionId="2d51e741-ecd2-4019-a876-857d27597187" testId="dc117eeb-fdec-82d9-ab93-af9b24ef8e49" testName="CalculateSingleProportion_matches_reference (0.6,0.5,0.05,0.2,189)" computerName="BESH_NTB" duration="00:00:00.0000118" startTime="2026-05-16T14:10:31.5534822+02:00" endTime="2026-05-16T14:10:31.5534822+02:00" testType="13cdc9d9-ddb5-4fa4-a97d-d965ccfc6d4b" outcome="Passed" testListId="8c84fa94-04c1-424b-9868-57a2d4851a1d" relativeResultsDirectory="2d51e741-ecd2-4019-a876-857d27597187" />
    <UnitTestResult executionId="59269722-2f39-4a36-8d39-6fb30714ad43" testId="22902c4c-9316-a86d-0080-9835a9cbe174" testName="OneWayANOVA_matches_nist_anova_reference (SmLs03)" computerName="BESH_NTB" duration="00:00:00.0098058" startTime="2026-05-16T14:10:29.7501539+02:00" endTime="2026-05-16T14:10:29.7602775+02:00" testType="13cdc9d9-ddb5-4fa4-a97d-d965ccfc6d4b" outcome="Passed" testListId="8c84fa94-04c1-424b-9868-57a2d4851a1d" relativeResultsDirectory="59269722-2f39-4a36-8d39-6fb30714ad43" />
    <UnitTestResult executionId="27439f68-170c-44ce-a1be-58e214a210f0" testId="430ad8ed-c9ef-7458-264b-3540b553a049" testName="BuildTermHypotheses_GroupsCategoricalAndInteractionColumns" computerName="BESH_NTB" duration="00:00:00.0004797" startTime="2026-05-16T14:10:22.4085390+02:00" endTime="2026-05-16T14:10:22.4095389+02:00" testType="13cdc9d9-ddb5-4fa4-a97d-d965ccfc6d4b" outcome="Passed" testListId="8c84fa94-04c1-424b-9868-57a2d4851a1d" relativeResultsDirectory="27439f68-170c-44ce-a1be-58e214a210f0" />
    <UnitTestResult executionId="c372b5a0-2e20-4983-ac93-e7dc4c9275ff" testId="3218f8b2-4319-352b-892e-cc1a8b7c8195" testName="OneWayANOVA_TukeyKramer_matches_reference" computerName="BESH_NTB" duration="00:00:00.0490292" startTime="2026-05-16T14:10:30.4243383+02:00" endTime="2026-05-16T14:10:30.4736548+02:00" testType="13cdc9d9-ddb5-4fa4-a97d-d965ccfc6d4b" outcome="Passed" testListId="8c84fa94-04c1-424b-9868-57a2d4851a1d" relativeResultsDirectory="c372b5a0-2e20-4983-ac93-e7dc4c9275ff" />
    <UnitTestResult executionId="31b6836a-ae1a-4c18-aa8c-5c043ef70d39" testId="2f1124b4-659f-97c3-85ba-22a80be84079" testName="Fit_matches_nist_lls_reference (Longley)" computerName="BESH_NTB" duration="00:00:00.0021272" startTime="2026-05-16T14:10:29.8348261+02:00" endTime="2026-05-16T14:10:29.8378273+02:00" testType="13cdc9d9-ddb5-4fa4-a97d-d965ccfc6d4b" outcome="Passed" testListId="8c84fa94-04c1-424b-9868-57a2d4851a1d" relativeResultsDirectory="31b6836a-ae1a-4c18-aa8c-5c043ef70d39" />
    <UnitTestResult executionId="c89d118f-0332-4026-87ab-317dffeff4b6" testId="704f4bfd-4638-85f1-706d-d76b7fc3b190" testName="ShapiroWilk_matches_reference" computerName="BESH_NTB" duration="00:00:00.0015352" startTime="2026-05-16T14:10:19.5021859+02:00" endTime="2026-05-16T14:10:19.5041842+02:00" testType="13cdc9d9-ddb5-4fa4-a97d-d965ccfc6d4b" outcome="Passed" testListId="8c84fa94-04c1-424b-9868-57a2d4851a1d" relativeResultsDirectory="c89d118f-0332-4026-87ab-317dffeff4b6" />
    <UnitTestResult executionId="4566c833-879a-42fe-8d01-87b1c8254f3b" testId="64349f19-e50f-8d18-fa97-9ee5b277a50a" testName="Radians_matches_reference (45,0.785398163397448)" computerName="BESH_NTB" duration="00:00:00.0000088" startTime="2026-05-16T14:10:31.6122562+02:00" endTime="2026-05-16T14:10:31.6122562+02:00" testType="13cdc9d9-ddb5-4fa4-a97d-d965ccfc6d4b" outcome="Passed" testListId="8c84fa94-04c1-424b-9868-57a2d4851a1d" relativeResultsDirectory="4566c833-879a-42fe-8d01-87b1c8254f3b" />
    <UnitTestResult executionId="01b7ccf0-83eb-4ed3-9280-fab3b221f4ea" testId="b6058291-6b8a-bd14-e1ed-350652d48c01" testName="StandardizedVarNames_AddsPrefix" computerName="BESH_NTB" duration="00:00:00.0002980" startTime="2026-05-16T14:10:31.3882455+02:00" endTime="2026-05-16T14:10:31.3882455+02:00" testType="13cdc9d9-ddb5-4fa4-a97d-d965ccfc6d4b" outcome="Passed" testListId="8c84fa94-04c1-424b-9868-57a2d4851a1d" relativeResultsDirectory="01b7ccf0-83eb-4ed3-9280-fab3b221f4ea" />
    <UnitTestResult executionId="6f2ddeef-414f-4252-ad72-7553f79e59ee" testId="c078b9cb-079d-8905-3be4-462ddb5ccf53" testName="AugmentedCsv_TreatmentContrastsByVisit_WithHolmAdjustment_AreFinite" computerName="BESH_NTB" duration="00:00:00.1351555" startTime="2026-05-16T14:10:29.3613361+02:00" endTime="2026-05-16T14:10:29.4969103+02:00" testType="13cdc9d9-ddb5-4fa4-a97d-d965ccfc6d4b" outcome="Passed" testListId="8c84fa94-04c1-424b-9868-57a2d4851a1d" relativeResultsDirectory="6f2ddeef-414f-4252-ad72-7553f79e59ee" />
    <UnitTestResult executionId="761db282-6975-4235-b2ca-cf2981c24366" testId="cba81ea1-385f-59c1-7e2e-2970d83a7582" testName="BinomDist_matches_reference (3,10,0.2,False,0.201326592)" computerName="BESH_NTB" duration="00:00:00.0004478" startTime="2026-05-16T14:10:19.9268509+02:00" endTime="2026-05-16T14:10:19.9950151+02:00" testType="13cdc9d9-ddb5-4fa4-a97d-d965ccfc6d4b" outcome="Passed" testListId="8c84fa94-04c1-424b-9868-57a2d4851a1d" relativeResultsDirectory="761db282-6975-4235-b2ca-cf2981c24366" />
    <UnitTestResult executionId="8fba56e3-5268-4ef5-a915-09a321be81b4" testId="9a96fcab-a1c9-4298-5f85-4d937fcb8ab8" testName="MatrixMult_Test2Dc_equal" computerName="BESH_NTB" duration="00:00:00.0001893" startTime="2026-05-16T14:10:22.0421199+02:00" endTime="2026-05-16T14:10:22.0432485+02:00" testType="13cdc9d9-ddb5-4fa4-a97d-d965ccfc6d4b" outcome="Passed" testListId="8c84fa94-04c1-424b-9868-57a2d4851a1d" relativeResultsDirectory="8fba56e3-5268-4ef5-a915-09a321be81b4" />
    <UnitTestResult executionId="1f6484ee-14d8-4e9c-93b3-fb81fda73edc" testId="3ce069f7-4567-5484-c035-b8b5768f63ed" testName="MMRM_HeterogeneousAR1_AutomaticKRParameterMap_UsesRmmrmThetaConvention" computerName="BESH_NTB" duration="00:00:00.0004048" startTime="2026-05-16T14:10:22.3692686+02:00" endTime="2026-05-16T14:10:22.3692686+02:00" testType="13cdc9d9-ddb5-4fa4-a97d-d965ccfc6d4b" outcome="Passed" testListId="8c84fa94-04c1-424b-9868-57a2d4851a1d" relativeResultsDirectory="1f6484ee-14d8-4e9c-93b3-fb81fda73edc" />
    <UnitTestResult executionId="d77e5661-93ce-4cd5-aa50-d5c1956295fa" testId="926b00a7-f266-4e44-e1d5-6809f6d25fcb" testName="FactorAnalysis_ErrorOnMissing_ThrowsArgumentException" computerName="BESH_NTB" duration="00:00:00.0003322" startTime="2026-05-16T14:10:20.2885835+02:00" endTime="2026-05-16T14:10:20.2895864+02:00" testType="13cdc9d9-ddb5-4fa4-a97d-d965ccfc6d4b" outcome="Passed" testListId="8c84fa94-04c1-424b-9868-57a2d4851a1d" relativeResultsDirectory="d77e5661-93ce-4cd5-aa50-d5c1956295fa">
      <Output>
        <StdOut>Debug Trace:
System.ArgumentException: Missing or non-finite value detected in row 4.</StdOut>
      </Output>
    </UnitTestResult>
    <UnitTestResult executionId="df0bd160-e99d-4fea-a117-3c3277175f13" testId="e94708df-10a2-3ba0-fcb1-1d2cf2cd5466" testName="AssessAllowableBias_fitted_result_overload_matches_raw_array_overload_for_simple_pairs" computerName="BESH_NTB" duration="00:00:00.0031207" startTime="2026-05-16T14:10:20.0697563+02:00" endTime="2026-05-16T14:10:20.0727586+02:00" testType="13cdc9d9-ddb5-4fa4-a97d-d965ccfc6d4b" outcome="Passed" testListId="8c84fa94-04c1-424b-9868-57a2d4851a1d" relativeResultsDirectory="df0bd160-e99d-4fea-a117-3c3277175f13" />
    <UnitTestResult executionId="947e2c04-afa3-42d0-8305-1eb9b0f3879f" testId="fd87e274-db78-5c80-037a-a51f121e40b1" testName="TwoIndependentProportions_matches_reference" computerName="BESH_NTB" duration="00:00:00.0003984" startTime="2026-05-16T14:10:19.7060296+02:00" endTime="2026-05-16T14:10:19.7070424+02:00" testType="13cdc9d9-ddb5-4fa4-a97d-d965ccfc6d4b" outcome="Passed" testListId="8c84fa94-04c1-424b-9868-57a2d4851a1d" relativeResultsDirectory="947e2c04-afa3-42d0-8305-1eb9b0f3879f" />
    <UnitTestResult executionId="fa5b64a6-581b-4009-b7f2-3d26a82ba9e9" testId="18c85e62-fb3a-ec8e-6bf4-faa1d8f2642f" testName="BuildControlledGroupDifference_UsesSelectedComparisonAndDirection" computerName="BESH_NTB" duration="00:00:00.0004977" startTime="2026-05-16T14:10:29.0191026+02:00" endTime="2026-05-16T14:10:29.0201023+02:00" testType="13cdc9d9-ddb5-4fa4-a97d-d965ccfc6d4b" outcome="Passed" testListId="8c84fa94-04c1-424b-9868-57a2d4851a1d" relativeResultsDirectory="fa5b64a6-581b-4009-b7f2-3d26a82ba9e9" />
    <UnitTestResult executionId="06bd1bc5-bc09-4dd9-a121-b05ce76e270e" testId="9f1a5bf0-4eb8-8ffb-c155-a85755e0aa49" testName="HotelingsT_paired_CI_matches_reference" computerName="BESH_NTB" duration="00:00:00.0005320" startTime="2026-05-16T14:10:30.2644646+02:00" endTime="2026-05-16T14:10:30.2644646+02:00" testType="13cdc9d9-ddb5-4fa4-a97d-d965ccfc6d4b" outcome="Passed" testListId="8c84fa94-04c1-424b-9868-57a2d4851a1d" relativeResultsDirectory="06bd1bc5-bc09-4dd9-a121-b05ce76e270e" />
    <UnitTestResult executionId="fb7a6945-c6e2-42ab-9fe1-1d1a3a06b5a8" testId="a8778304-d62a-8dd7-e546-eeaa8253fa55" testName="GEE_Data_Throws_When_NotEnoughObservations" computerName="BESH_NTB" duration="00:00:00.0005359" startTime="2026-05-16T14:10:20.8378140+02:00" endTime="2026-05-16T14:10:20.8388171+02:00" testType="13cdc9d9-ddb5-4fa4-a97d-d965ccfc6d4b" outcome="Passed" testListId="8c84fa94-04c1-424b-9868-57a2d4851a1d" relativeResultsDirectory="fb7a6945-c6e2-42ab-9fe1-1d1a3a06b5a8">
      <Output>
        <StdOut>Debug Trace:
System.ArgumentException: Not enough observations to fit model: n=2, parameters=3. Need n &gt; p.</StdOut>
      </Output>
    </UnitTestResult>
    <UnitTestResult executionId="5e60b65f-3edf-403d-a6e2-7a450728dc93" testId="cb2c6d33-d0cf-cda6-d84b-f1560e91aa48" testName="CalculateCoxEventCountBinaryCovariate_matches_reference (1.5,2,0.01,0.1,0.25,0.4,False,476,1190,0.222222222222222)" computerName="BESH_NTB" duration="00:00:00.0000123" startTime="2026-05-16T14:10:31.5167517+02:00" endTime="2026-05-16T14:10:31.5167517+02:00" testType="13cdc9d9-ddb5-4fa4-a97d-d965ccfc6d4b" outcome="Passed" testListId="8c84fa94-04c1-424b-9868-57a2d4851a1d" relativeResultsDirectory="5e60b65f-3edf-403d-a6e2-7a450728dc93" />
    <UnitTestResult executionId="8a634c9c-cd46-425f-b933-0ab0ec619c9f" testId="d3ec562a-9f35-ac30-5e61-1791872b268c" testName="Calculate_throws_when_startParams_length_mismatch" computerName="BESH_NTB" duration="00:00:00.0020375" startTime="2026-05-16T14:10:29.6825394+02:00" endTime="2026-05-16T14:10:29.6845394+02:00" testType="13cdc9d9-ddb5-4fa4-a97d-d965ccfc6d4b" outcome="Passed" testListId="8c84fa94-04c1-424b-9868-57a2d4851a1d" relativeResultsDirectory="8a634c9c-cd46-425f-b933-0ab0ec619c9f">
      <Output>
        <StdOut>Debug Trace:
System.ArgumentException: starting parameter array length &lt;&gt; b length</StdOut>
      </Output>
    </UnitTestResult>
    <UnitTestResult executionId="21f88009-3328-4667-8e01-bac66bdb862a" testId="f8c8b8ae-f248-42e7-047a-fcfee67f3a7e" testName="HotelingsT_independent_CI_matches_reference" computerName="BESH_NTB" duration="00:00:00.0007795" startTime="2026-05-16T14:10:30.2604628+02:00" endTime="2026-05-16T14:10:30.2614628+02:00" testType="13cdc9d9-ddb5-4fa4-a97d-d965ccfc6d4b" outcome="Passed" testListId="8c84fa94-04c1-424b-9868-57a2d4851a1d" relativeResultsDirectory="21f88009-3328-4667-8e01-bac66bdb862a" />
    <UnitTestResult executionId="a5e9ae96-8b19-45d8-b747-edc6a63550c2" testId="3d19f3d0-d600-6580-678f-bb052eab4502" testName="CalculateIccHypothesisTestSampleSize_matches_reference (0.5,0.75,4,0.05,0.1,26)" computerName="BESH_NTB" duration="00:00:00.0001311" startTime="2026-05-16T14:10:31.5332526+02:00" endTime="2026-05-16T14:10:31.5342577+02:00" testType="13cdc9d9-ddb5-4fa4-a97d-d965ccfc6d4b" outcome="Passed" testListId="8c84fa94-04c1-424b-9868-57a2d4851a1d" relativeResultsDirectory="a5e9ae96-8b19-45d8-b747-edc6a63550c2" />
    <UnitTestResult executionId="3220eaa8-33c4-4193-b37d-395d7a95f803" testId="4ae7e558-9ba2-d881-861c-830846d4cbdb" testName="MultiDfInference_RankDeficientRows_UsesEffectiveNumeratorDf" computerName="BESH_NTB" duration="00:00:00.0005509" startTime="2026-05-16T14:10:22.4793708+02:00" endTime="2026-05-16T14:10:22.4804237+02:00" testType="13cdc9d9-ddb5-4fa4-a97d-d965ccfc6d4b" outcome="Passed" testListId="8c84fa94-04c1-424b-9868-57a2d4851a1d" relativeResultsDirectory="3220eaa8-33c4-4193-b37d-395d7a95f803" />
    <UnitTestResult executionId="de443b10-6075-4df0-8cc9-24707e37aa8d" testId="4aba5e27-bdf6-61a8-8349-ebc2e58a4007" testName="LMM_AnalyticGradientValidationMode_RandomIntercept_ReportsFiniteDifferenceDiscrepancy" computerName="BESH_NTB" duration="00:00:00.0118028" startTime="2026-05-16T14:10:22.0454387+02:00" endTime="2026-05-16T14:10:22.0585485+02:00" testType="13cdc9d9-ddb5-4fa4-a97d-d965ccfc6d4b" outcome="Passed" testListId="8c84fa94-04c1-424b-9868-57a2d4851a1d" relativeResultsDirectory="de443b10-6075-4df0-8cc9-24707e37aa8d" />
    <UnitTestResult executionId="dff56bdd-bf8e-4ad7-9cc3-f28aa248cb97" testId="59ccd10c-6309-2180-e7f0-cd201e765278" testName="LMM_AutoCovarianceGradientMode_RandomIntercept_UsesAnalyticAndMatchesNumerical" computerName="BESH_NTB" duration="00:00:00.0172933" startTime="2026-05-16T14:10:22.1426860+02:00" endTime="2026-05-16T14:10:22.1605477+02:00" testType="13cdc9d9-ddb5-4fa4-a97d-d965ccfc6d4b" outcome="Passed" testListId="8c84fa94-04c1-424b-9868-57a2d4851a1d" relativeResultsDirectory="dff56bdd-bf8e-4ad7-9cc3-f28aa248cb97" />
    <UnitTestResult executionId="0c3a5d7e-5a11-4c9a-aa04-31d9a9a60afd" testId="248c7936-cdfe-4a79-c200-354e0091be37" testName="BuildExpandedPredictorMatrix_names_mode_builds_expected_columns_and_names" computerName="BESH_NTB" duration="00:00:00.0004191" startTime="2026-05-16T14:10:31.4033132+02:00" endTime="2026-05-16T14:10:31.4033132+02:00" testType="13cdc9d9-ddb5-4fa4-a97d-d965ccfc6d4b" outcome="Passed" testListId="8c84fa94-04c1-424b-9868-57a2d4851a1d" relativeResultsDirectory="0c3a5d7e-5a11-4c9a-aa04-31d9a9a60afd" />
    <UnitTestResult executionId="dde854f2-7c43-48ef-9953-f9c6adc63479" testId="18992877-26a9-1169-8ee1-0f47bb3d134a" testName="LogGamma_matches_reference (10.2,13.2542667442355)" computerName="BESH_NTB" duration="00:00:00.0000076" startTime="2026-05-16T14:10:31.6011878+02:00" endTime="2026-05-16T14:10:31.6011878+02:00" testType="13cdc9d9-ddb5-4fa4-a97d-d965ccfc6d4b" outcome="Passed" testListId="8c84fa94-04c1-424b-9868-57a2d4851a1d" relativeResultsDirectory="dde854f2-7c43-48ef-9953-f9c6adc63479" />
    <UnitTestResult executionId="d8e3478a-26c5-447e-9997-9030dc93d16a" testId="82891cce-b6c0-2b87-0763-7a075f0488e1" testName="CalculateSingleProportion_matches_reference (0.3,0.15,0.01,0.1,139)" computerName="BESH_NTB" duration="00:00:00.0002141" startTime="2026-05-16T14:10:31.5514788+02:00" endTime="2026-05-16T14:10:31.5524791+02:00" testType="13cdc9d9-ddb5-4fa4-a97d-d965ccfc6d4b" outcome="Passed" testListId="8c84fa94-04c1-424b-9868-57a2d4851a1d" relativeResultsDirectory="d8e3478a-26c5-447e-9997-9030dc93d16a" />
    <UnitTestResult executionId="dbab1fb2-f868-4935-88e6-0ff415def70f" testId="d4445dbb-3361-37b8-7e42-346feb30ac1c" testName="ParseFormula_conflicting_factor_reference_levels_returns_error" computerName="BESH_NTB" duration="00:00:00.0005672" startTime="2026-05-16T14:10:31.4159210+02:00" endTime="2026-05-16T14:10:31.4159210+02:00" testType="13cdc9d9-ddb5-4fa4-a97d-d965ccfc6d4b" outcome="Passed" testListId="8c84fa94-04c1-424b-9868-57a2d4851a1d" relativeResultsDirectory="dbab1fb2-f868-4935-88e6-0ff415def70f" />
    <UnitTestResult executionId="0e63be9f-7efa-4ea7-b6e8-3dc2bf0eccc5" testId="294148de-8ecf-f1ed-a321-17cb700ebdd4" testName="CalculateLogRankSampleSize_matches_reference (0.7,0.4,0.3,1,0.05,0.2,True,247,353,353,706,0.35)" computerName="BESH_NTB" duration="00:00:00.0006025" startTime="2026-05-16T14:10:31.5383948+02:00" endTime="2026-05-16T14:10:31.5383948+02:00" testType="13cdc9d9-ddb5-4fa4-a97d-d965ccfc6d4b" outcome="Passed" testListId="8c84fa94-04c1-424b-9868-57a2d4851a1d" relativeResultsDirectory="0e63be9f-7efa-4ea7-b6e8-3dc2bf0eccc5" />
    <UnitTestResult executionId="46e071eb-36c4-43d4-a1d2-bc757f5fbba4" testId="91de618a-4e89-e4ca-5f5a-0bd1b89ecfcc" testName="F_CDF_matches_reference (3.2,5,10,0.94457063010301)" computerName="BESH_NTB" duration="00:00:00.0000758" startTime="2026-05-16T14:10:20.0242642+02:00" endTime="2026-05-16T14:10:20.0252631+02:00" testType="13cdc9d9-ddb5-4fa4-a97d-d965ccfc6d4b" outcome="Passed" testListId="8c84fa94-04c1-424b-9868-57a2d4851a1d" relativeResultsDirectory="46e071eb-36c4-43d4-a1d2-bc757f5fbba4" />
    <UnitTestResult executionId="144cf09f-9769-441e-813a-f87670a0db5a" testId="b1df58d3-95d8-8e82-bbce-1efe93f92026" testName="CovariancePca_MatchesReferenceValues" computerName="BESH_NTB" duration="00:00:00.0009969" startTime="2026-05-16T14:10:31.3766735+02:00" endTime="2026-05-16T14:10:31.3776730+02:00" testType="13cdc9d9-ddb5-4fa4-a97d-d965ccfc6d4b" outcome="Passed" testListId="8c84fa94-04c1-424b-9868-57a2d4851a1d" relativeResultsDirectory="144cf09f-9769-441e-813a-f87670a0db5a" />
    <UnitTestResult executionId="47c99d43-6c62-454a-8f01-2d9cd01afb74" testId="eafbe88c-5b85-8423-b386-24407f212ce4" testName="OneWayRmANOVA_posthoc_Tukey_and_TukeyKramerRM2_have_expected_shape" computerName="BESH_NTB" duration="00:00:00.1389257" startTime="2026-05-16T14:10:30.0944273+02:00" endTime="2026-05-16T14:10:30.2347829+02:00" testType="13cdc9d9-ddb5-4fa4-a97d-d965ccfc6d4b" outcome="Passed" testListId="8c84fa94-04c1-424b-9868-57a2d4851a1d" relativeResultsDirectory="47c99d43-6c62-454a-8f01-2d9cd01afb74" />
    <UnitTestResult executionId="80c8ffd4-c2a2-41bf-bf23-4f0df64e28ad" testId="20a19b35-cfe5-4d71-8f15-67314bef2939" testName="CalculateIndependentProportions_matches_reference (0.25,0.4,2,0.05,0.1,302,151,322,161)" computerName="BESH_NTB" duration="00:00:00.0003684" startTime="2026-05-16T14:10:31.5352511+02:00" endTime="2026-05-16T14:10:31.5352511+02:00" testType="13cdc9d9-ddb5-4fa4-a97d-d965ccfc6d4b" outcome="Passed" testListId="8c84fa94-04c1-424b-9868-57a2d4851a1d" relativeResultsDirectory="80c8ffd4-c2a2-41bf-bf23-4f0df64e28ad" />
    <UnitTestResult executionId="eedf9b31-7ec7-4179-918c-8d88cee5467a" testId="82441f05-b7ee-a03e-4b06-46b7ff838a65" testName="OneWayRmANOVA_TukeyKramerRM2_matches_reference" computerName="BESH_NTB" duration="00:00:00.0551345" startTime="2026-05-16T14:10:30.5284031+02:00" endTime="2026-05-16T14:10:30.5837181+02:00" testType="13cdc9d9-ddb5-4fa4-a97d-d965ccfc6d4b" outcome="Passed" testListId="8c84fa94-04c1-424b-9868-57a2d4851a1d" relativeResultsDirectory="eedf9b31-7ec7-4179-918c-8d88cee5467a" />
    <UnitTestResult executionId="8d3b4a57-5d71-4e69-968e-eab822903282" testId="69ab18ad-8893-bb44-6515-cae1633d9cf0" testName="GLM_NB2_InterceptOnly_matches_reference" computerName="BESH_NTB" duration="00:00:00.0050913" startTime="2026-05-16T14:10:20.9138167+02:00" endTime="2026-05-16T14:10:20.9188328+02:00" testType="13cdc9d9-ddb5-4fa4-a97d-d965ccfc6d4b" outcome="Passed" testListId="8c84fa94-04c1-424b-9868-57a2d4851a1d" relativeResultsDirectory="8d3b4a57-5d71-4e69-968e-eab822903282" />
    <UnitTestResult executionId="606b6394-8b79-4b7e-b809-1912f69a20f4" testId="346593ce-28a5-b4a4-4e0f-77cc0218fb3e" testName="KrDegreesOfFreedomAndScaling_ScalarWorkspace_ReturnsMmrmComponents" computerName="BESH_NTB" duration="00:00:00.0002549" startTime="2026-05-16T14:10:22.4660540+02:00" endTime="2026-05-16T14:10:22.4670569+02:00" testType="13cdc9d9-ddb5-4fa4-a97d-d965ccfc6d4b" outcome="Passed" testListId="8c84fa94-04c1-424b-9868-57a2d4851a1d" relativeResultsDirectory="606b6394-8b79-4b7e-b809-1912f69a20f4" />
    <UnitTestResult executionId="34bcd99e-714d-4897-98a3-a67665b8420f" testId="6c8c4c0d-6b46-ff0b-5b64-252cc9ddea7a" testName="CalculateIccHypothesisTestSampleSize_matches_reference (0.4,0.7,3,0.05,0.2,20)" computerName="BESH_NTB" duration="00:00:00.0007184" startTime="2026-05-16T14:10:31.5312538+02:00" endTime="2026-05-16T14:10:31.5322504+02:00" testType="13cdc9d9-ddb5-4fa4-a97d-d965ccfc6d4b" outcome="Passed" testListId="8c84fa94-04c1-424b-9868-57a2d4851a1d" relativeResultsDirectory="34bcd99e-714d-4897-98a3-a67665b8420f" />
    <UnitTestResult executionId="e69e687f-465c-4f7d-8444-6247abe8ace9" testId="6fbcae61-1ff5-84ac-52ad-27d495cb2ece" testName="CalculateEquivalenceIndependentProportions_invalid_difference_outside_margins_throws" computerName="BESH_NTB" duration="00:00:00.0003128" startTime="2026-05-16T14:10:31.5629547+02:00" endTime="2026-05-16T14:10:31.5639508+02:00" testType="13cdc9d9-ddb5-4fa4-a97d-d965ccfc6d4b" outcome="Passed" testListId="8c84fa94-04c1-424b-9868-57a2d4851a1d" relativeResultsDirectory="e69e687f-465c-4f7d-8444-6247abe8ace9" />
    <UnitTestResult executionId="2c49c75f-d2bc-46c0-8ab5-7db73aafe359" testId="159b205b-f9d4-f40d-cc1f-b193428916ae" testName="Trigamma_matches_reference (1,1.64493406684823)" computerName="BESH_NTB" duration="00:00:00.0001229" startTime="2026-05-16T14:10:31.6236811+02:00" endTime="2026-05-16T14:10:31.6236811+02:00" testType="13cdc9d9-ddb5-4fa4-a97d-d965ccfc6d4b" outcome="Passed" testListId="8c84fa94-04c1-424b-9868-57a2d4851a1d" relativeResultsDirectory="2c49c75f-d2bc-46c0-8ab5-7db73aafe359" />
    <UnitTestResult executionId="05b1ee77-b5ee-4f4f-b3ef-9b8556a76b5f" testId="932e1616-42f2-e28f-789b-2a1e5d9fc301" testName="CLASS_generic_udfs_and_CALIB_POINTS_return_expected_tables" computerName="BESH_NTB" duration="00:00:00.0076479" startTime="2026-05-16T14:10:19.6096782+02:00" endTime="2026-05-16T14:10:19.6177631+02:00" testType="13cdc9d9-ddb5-4fa4-a97d-d965ccfc6d4b" outcome="Passed" testListId="8c84fa94-04c1-424b-9868-57a2d4851a1d" relativeResultsDirectory="05b1ee77-b5ee-4f4f-b3ef-9b8556a76b5f" />
    <UnitTestResult executionId="866c5d88-9c5a-400d-a849-d8c7b41eb787" testId="28633ff9-0d24-e909-6f44-4fcc236340c1" testName="VariableCatalog_resolves_single_quoted_variable_name_in_names_mode" computerName="BESH_NTB" duration="00:00:00.0010312" startTime="2026-05-16T14:10:31.4227247+02:00" endTime="2026-05-16T14:10:31.4249592+02:00" testType="13cdc9d9-ddb5-4fa4-a97d-d965ccfc6d4b" outcome="Passed" testListId="8c84fa94-04c1-424b-9868-57a2d4851a1d" relativeResultsDirectory="866c5d88-9c5a-400d-a849-d8c7b41eb787" />
    <UnitTestResult executionId="ba398bce-2f9d-4197-bb74-ea12e1d277ea" testId="7a77a992-1cf3-b8b9-d5ce-c0aa21961abd" testName="MMRM_AnalyticScoreAndNumericalGradientFits_MatchSatterthwaiteAndKenwardRogerOutputs" computerName="BESH_NTB" duration="00:00:00.0668248" startTime="2026-05-16T14:10:22.2313537+02:00" endTime="2026-05-16T14:10:22.2990859+02:00" testType="13cdc9d9-ddb5-4fa4-a97d-d965ccfc6d4b" outcome="Passed" testListId="8c84fa94-04c1-424b-9868-57a2d4851a1d" relativeResultsDirectory="ba398bce-2f9d-4197-bb74-ea12e1d277ea" />
    <UnitTestResult executionId="ab074fa3-a86b-42ce-be70-0c144a03ad9c" testId="212694c1-9567-28fe-5bb1-564f0e52b301" testName="RepeatabilityCoefficient_OneWay_ICC11_ShroutFleiss_example_matches_reference" computerName="BESH_NTB" duration="00:00:00.0015853" startTime="2026-05-16T14:10:19.3740633+02:00" endTime="2026-05-16T14:10:19.3760622+02:00" testType="13cdc9d9-ddb5-4fa4-a97d-d965ccfc6d4b" outcome="Passed" testListId="8c84fa94-04c1-424b-9868-57a2d4851a1d" relativeResultsDirectory="ab074fa3-a86b-42ce-be70-0c144a03ad9c" />
    <UnitTestResult executionId="05e1e7a8-e9e0-487b-a651-ce6489d69d09" testId="a43ee615-fa90-6885-025f-c72692afe3d2" testName="CalculateUnpairedTTest_matches_reference (5,10,1,0.05,0.2,64,64)" computerName="BESH_NTB" duration="00:00:00.0000365" startTime="2026-05-16T14:10:31.5574784+02:00" endTime="2026-05-16T14:10:31.5574784+02:00" testType="13cdc9d9-ddb5-4fa4-a97d-d965ccfc6d4b" outcome="Passed" testListId="8c84fa94-04c1-424b-9868-57a2d4851a1d" relativeResultsDirectory="05e1e7a8-e9e0-487b-a651-ce6489d69d09" />
    <UnitTestResult executionId="11d97a68-d4a6-4be1-b351-5d6652dba075" testId="e8351a42-2096-d319-22ef-bcfee47e0d43" testName="FisherExact_Clarkson1993_TableI_case6_2x5_with_multidigit" computerName="BESH_NTB" duration="00:00:00.0175174" startTime="2026-05-16T14:10:20.5269097+02:00" endTime="2026-05-16T14:10:20.5448061+02:00" testType="13cdc9d9-ddb5-4fa4-a97d-d965ccfc6d4b" outcome="Passed" testListId="8c84fa94-04c1-424b-9868-57a2d4851a1d" relativeResultsDirectory="11d97a68-d4a6-4be1-b351-5d6652dba075" />
    <UnitTestResult executionId="923e05fd-22b7-4cc9-9232-b149835887e5" testId="d6c5bb57-8767-ff16-6f1a-7abafe42c627" testName="cTableORDINALassoc_matches_reference" computerName="BESH_NTB" duration="00:00:00.0049605" startTime="2026-05-16T14:10:19.6764401+02:00" endTime="2026-05-16T14:10:19.6817546+02:00" testType="13cdc9d9-ddb5-4fa4-a97d-d965ccfc6d4b" outcome="Passed" testListId="8c84fa94-04c1-424b-9868-57a2d4851a1d" relativeResultsDirectory="923e05fd-22b7-4cc9-9232-b149835887e5" />
    <UnitTestResult executionId="988a7e79-4bf8-44a9-89e6-54fac440b31b" testId="2fde5dfc-bda1-9340-56b2-86fe14f5bf62" testName="ICC11_ShroutFleiss1979_example_matches_reference" computerName="BESH_NTB" duration="00:00:00.0048842" startTime="2026-05-16T14:10:19.3003158+02:00" endTime="2026-05-16T14:10:19.3058818+02:00" testType="13cdc9d9-ddb5-4fa4-a97d-d965ccfc6d4b" outcome="Passed" testListId="8c84fa94-04c1-424b-9868-57a2d4851a1d" relativeResultsDirectory="988a7e79-4bf8-44a9-89e6-54fac440b31b" />
    <UnitTestResult executionId="e4885536-78b2-4ffb-b88f-3cb849a02152" testId="f4d2a314-b4c4-5e59-d1cf-68956c43d934" testName="ORDLOGIT_handle_lifecycle_with_classification_and_prediction_works" computerName="BESH_NTB" duration="00:00:00.0066503" startTime="2026-05-16T14:10:29.9656187+02:00" endTime="2026-05-16T14:10:29.9726224+02:00" testType="13cdc9d9-ddb5-4fa4-a97d-d965ccfc6d4b" outcome="Passed" testListId="8c84fa94-04c1-424b-9868-57a2d4851a1d" relativeResultsDirectory="e4885536-78b2-4ffb-b88f-3cb849a02152" />
    <UnitTestResult executionId="bb07ce3d-551c-4fa9-b9c3-c0e72861a981" testId="5c6a86c4-ddde-0f61-a567-0a325f567c1c" testName="LM_SUMMARY_invalid_handle_returns_na" computerName="BESH_NTB" duration="00:00:00.0000913" startTime="2026-05-16T14:10:21.4712894+02:00" endTime="2026-05-16T14:10:21.4722871+02:00" testType="13cdc9d9-ddb5-4fa4-a97d-d965ccfc6d4b" outcome="Passed" testListId="8c84fa94-04c1-424b-9868-57a2d4851a1d" relativeResultsDirectory="bb07ce3d-551c-4fa9-b9c3-c0e72861a981" />
    <UnitTestResult executionId="433f4c75-8d5b-4b50-b21c-f3f415999f4f" testId="86b5b8c5-910e-261d-1634-3e352b20115e" testName="KrDfScaling_RepeatedContrast_UsesWorkspaceCache" computerName="BESH_NTB" duration="00:00:00.0009076" startTime="2026-05-16T14:10:22.4845927+02:00" endTime="2026-05-16T14:10:22.4867581+02:00" testType="13cdc9d9-ddb5-4fa4-a97d-d965ccfc6d4b" outcome="Passed" testListId="8c84fa94-04c1-424b-9868-57a2d4851a1d" relativeResultsDirectory="433f4c75-8d5b-4b50-b21c-f3f415999f4f" />
    <UnitTestResult executionId="06d52791-cae4-40e1-8fb7-63503508f91c" testId="a1ee7243-a04e-f580-5bf8-03b161ac9424" testName="CalculateUnpairedTTest_control_count_tracks_kappa" computerName="BESH_NTB" duration="00:00:00.0001420" startTime="2026-05-16T14:10:31.5752007+02:00" endTime="2026-05-16T14:10:31.5761979+02:00" testType="13cdc9d9-ddb5-4fa4-a97d-d965ccfc6d4b" outcome="Passed" testListId="8c84fa94-04c1-424b-9868-57a2d4851a1d" relativeResultsDirectory="06d52791-cae4-40e1-8fb7-63503508f91c" />
    <UnitTestResult executionId="f6ccdb4d-b47f-401a-ad22-216bd72d06d7" testId="510a3cfa-9210-dae2-d4f8-a599a964289b" testName="Calculate_throws_when_no_predictors_and_intercept_zero" computerName="BESH_NTB" duration="00:00:00.0006346" startTime="2026-05-16T14:10:29.6775390+02:00" endTime="2026-05-16T14:10:29.6785399+02:00" testType="13cdc9d9-ddb5-4fa4-a97d-d965ccfc6d4b" outcome="Passed" testListId="8c84fa94-04c1-424b-9868-57a2d4851a1d" relativeResultsDirectory="f6ccdb4d-b47f-401a-ad22-216bd72d06d7">
      <Output>
        <StdOut>Debug Trace:
System.ArgumentException: No predictors provided and intercept=0 =&gt; model has no parameters. Use intercept=1 or add predictors.</StdOut>
      </Output>
    </UnitTestResult>
    <UnitTestResult executionId="39773969-a043-4d0b-89a9-3d4581a3f51c" testId="59cf7719-41db-84cc-b559-de22f3fa66ee" testName="Rosner_matches_reference" computerName="BESH_NTB" duration="00:00:00.0274517" startTime="2026-05-16T14:10:19.4731685+02:00" endTime="2026-05-16T14:10:19.5011851+02:00" testType="13cdc9d9-ddb5-4fa4-a97d-d965ccfc6d4b" outcome="Passed" testListId="8c84fa94-04c1-424b-9868-57a2d4851a1d" relativeResultsDirectory="39773969-a043-4d0b-89a9-3d4581a3f51c" />
    <UnitTestResult executionId="9870bbb1-c891-465e-8d19-adc455282c3e" testId="2ce8d222-be6e-62a0-6199-0f8065836203" testName="UnivariateInference_ScalarWorkspace_ComputesFiniteTAndP" computerName="BESH_NTB" duration="00:00:00.0006385" startTime="2026-05-16T14:10:22.4680601+02:00" endTime="2026-05-16T14:10:22.4690612+02:00" testType="13cdc9d9-ddb5-4fa4-a97d-d965ccfc6d4b" outcome="Passed" testListId="8c84fa94-04c1-424b-9868-57a2d4851a1d" relativeResultsDirectory="9870bbb1-c891-465e-8d19-adc455282c3e" />
    <UnitTestResult executionId="b21b3eef-9ff1-4392-a1af-8d4c7b0d1eff" testId="00e1158c-2833-c0ea-ce3e-622a7550e371" testName="MatrixMult_Test2D2D_equal" computerName="BESH_NTB" duration="00:00:00.0002053" startTime="2026-05-16T14:10:22.0411213+02:00" endTime="2026-05-16T14:10:22.0411213+02:00" testType="13cdc9d9-ddb5-4fa4-a97d-d965ccfc6d4b" outcome="Passed" testListId="8c84fa94-04c1-424b-9868-57a2d4851a1d" relativeResultsDirectory="b21b3eef-9ff1-4392-a1af-8d4c7b0d1eff" />
    <UnitTestResult executionId="763c33fb-a773-4db3-811b-4aa2d84e5afd" testId="14d03dda-e4d4-8ea2-6840-85bc8c540bb8" testName="QNorm_matches_reference (0.975,0,1,1.95996398454005)" computerName="BESH_NTB" duration="00:00:00.0000222" startTime="2026-05-16T14:10:20.0127005+02:00" endTime="2026-05-16T14:10:20.0139572+02:00" testType="13cdc9d9-ddb5-4fa4-a97d-d965ccfc6d4b" outcome="Passed" testListId="8c84fa94-04c1-424b-9868-57a2d4851a1d" relativeResultsDirectory="763c33fb-a773-4db3-811b-4aa2d84e5afd" />
    <UnitTestResult executionId="712d6cd8-48fd-4dd8-bbdf-05f0c8f3c377" testId="722f96e7-9882-ca49-66f6-8203d39eb0d1" testName="FisherExact_Clarkson1993_TableI_case2_2x10" computerName="BESH_NTB" duration="00:00:00.0211675" startTime="2026-05-16T14:10:20.5020368+02:00" endTime="2026-05-16T14:10:20.5236345+02:00" testType="13cdc9d9-ddb5-4fa4-a97d-d965ccfc6d4b" outcome="Passed" testListId="8c84fa94-04c1-424b-9868-57a2d4851a1d" relativeResultsDirectory="712d6cd8-48fd-4dd8-bbdf-05f0c8f3c377" />
    <UnitTestResult executionId="08d1724a-4102-4537-8052-ca205c1e9463" testId="bea56c49-540b-d249-ae4c-613348d545c3" testName="GLM_Gamma_all_links_match_reference" computerName="BESH_NTB" duration="00:00:00.0563143" startTime="2026-05-16T14:10:21.2207389+02:00" endTime="2026-05-16T14:10:21.2768858+02:00" testType="13cdc9d9-ddb5-4fa4-a97d-d965ccfc6d4b" outcome="Passed" testListId="8c84fa94-04c1-424b-9868-57a2d4851a1d" relativeResultsDirectory="08d1724a-4102-4537-8052-ca205c1e9463" />
    <UnitTestResult executionId="35be8528-fc3e-4947-bb27-f1ee8c26c62c" testId="eebd9783-92be-5b8d-6964-df1deffe9b96" testName="ZIP_AllNonZero_throws_argument_exception" computerName="BESH_NTB" duration="00:00:00.0054763" startTime="2026-05-16T14:10:31.8612977+02:00" endTime="2026-05-16T14:10:31.8674211+02:00" testType="13cdc9d9-ddb5-4fa4-a97d-d965ccfc6d4b" outcome="Passed" testListId="8c84fa94-04c1-424b-9868-57a2d4851a1d" relativeResultsDirectory="35be8528-fc3e-4947-bb27-f1ee8c26c62c">
      <Output>
        <StdOut>Debug Trace:
System.ArgumentException: No zero present in the data. ZIP cannot be fitted. Aborting exectution.</StdOut>
      </Output>
    </UnitTestResult>
    <UnitTestResult executionId="ca125ad4-f5f1-44f2-9392-114b78b64335" testId="b5408008-eff6-da4b-2fe8-d4d4052cd7fb" testName="DotProduct_basic" computerName="BESH_NTB" duration="00:00:00.0001812" startTime="2026-05-16T14:10:21.9259092+02:00" endTime="2026-05-16T14:10:21.9269198+02:00" testType="13cdc9d9-ddb5-4fa4-a97d-d965ccfc6d4b" outcome="Passed" testListId="8c84fa94-04c1-424b-9868-57a2d4851a1d" relativeResultsDirectory="ca125ad4-f5f1-44f2-9392-114b78b64335" />
    <UnitTestResult executionId="33d4ae6d-86d0-45ee-851e-4ea000da82b9" testId="8b478c74-06ce-3866-c40a-1e45a5d403e1" testName="Digamma_matches_reference (1,-0.577215664901533)" computerName="BESH_NTB" duration="00:00:00.0000900" startTime="2026-05-16T14:10:31.5914256+02:00" endTime="2026-05-16T14:10:31.5914256+02:00" testType="13cdc9d9-ddb5-4fa4-a97d-d965ccfc6d4b" outcome="Passed" testListId="8c84fa94-04c1-424b-9868-57a2d4851a1d" relativeResultsDirectory="33d4ae6d-86d0-45ee-851e-4ea000da82b9" />
    <UnitTestResult executionId="57145108-e060-407b-ad83-f980e3b6dfaf" testId="bc893172-9eef-edf4-26ab-976008e89bb4" testName="LeveneTEST_mean_matches_reference" computerName="BESH_NTB" duration="00:00:00.0009549" startTime="2026-05-16T14:10:19.4647697+02:00" endTime="2026-05-16T14:10:19.4667698+02:00" testType="13cdc9d9-ddb5-4fa4-a97d-d965ccfc6d4b" outcome="Passed" testListId="8c84fa94-04c1-424b-9868-57a2d4851a1d" relativeResultsDirectory="57145108-e060-407b-ad83-f980e3b6dfaf" />
    <UnitTestResult executionId="62e20a79-2974-44ed-84e5-573c57517650" testId="50c6c580-1b3d-afb0-c7c1-ffb8c575a785" testName="LU_solve_matches_known_solution" computerName="BESH_NTB" duration="00:00:00.0003776" startTime="2026-05-16T14:10:21.9452344+02:00" endTime="2026-05-16T14:10:21.9452344+02:00" testType="13cdc9d9-ddb5-4fa4-a97d-d965ccfc6d4b" outcome="Passed" testListId="8c84fa94-04c1-424b-9868-57a2d4851a1d" relativeResultsDirectory="62e20a79-2974-44ed-84e5-573c57517650" />
    <UnitTestResult executionId="60794132-16b7-4053-8538-147ad37e65ce" testId="afbd4d66-15d8-fdd2-ee76-08e0affbed0c" testName="MMRM_DefaultAutoCovarianceGradientMode_UsesAverageInformationForSupportedStructure" computerName="BESH_NTB" duration="00:00:00.0035453" startTime="2026-05-16T14:10:25.5160553+02:00" endTime="2026-05-16T14:10:25.5200477+02:00" testType="13cdc9d9-ddb5-4fa4-a97d-d965ccfc6d4b" outcome="Passed" testListId="8c84fa94-04c1-424b-9868-57a2d4851a1d" relativeResultsDirectory="60794132-16b7-4053-8538-147ad37e65ce" />
    <UnitTestResult executionId="c7eb80cb-8f40-4c78-a025-10b8a986708c" testId="9855528f-7f9e-321b-cd14-f2fc763ef297" testName="Sum2D_and_Average2D_match_reference" computerName="BESH_NTB" duration="00:00:00.0002800" startTime="2026-05-16T14:10:31.7455483+02:00" endTime="2026-05-16T14:10:31.7455483+02:00" testType="13cdc9d9-ddb5-4fa4-a97d-d965ccfc6d4b" outcome="Passed" testListId="8c84fa94-04c1-424b-9868-57a2d4851a1d" relativeResultsDirectory="c7eb80cb-8f40-4c78-a025-10b8a986708c" />
    <UnitTestResult executionId="5d5efb4e-293f-4dab-8763-e45161a40ebe" testId="74e9a3e8-a02b-b7e6-9239-e1190079e97a" testName="LogFactorial_matches_reference (0,0)" computerName="BESH_NTB" duration="00:00:00.0002902" startTime="2026-05-16T14:10:31.5934304+02:00" endTime="2026-05-16T14:10:31.5944303+02:00" testType="13cdc9d9-ddb5-4fa4-a97d-d965ccfc6d4b" outcome="Passed" testListId="8c84fa94-04c1-424b-9868-57a2d4851a1d" relativeResultsDirectory="5d5efb4e-293f-4dab-8763-e45161a40ebe" />
    <UnitTestResult executionId="58ad02e9-af01-471a-a804-475dc0632a3a" testId="841ea2ed-a1c9-6771-af06-d370fdd2edda" testName="RoundDown_matches_excel_style (123,0,123)" computerName="BESH_NTB" duration="00:00:00.0000056" startTime="2026-05-16T14:10:31.6166719+02:00" endTime="2026-05-16T14:10:31.6166719+02:00" testType="13cdc9d9-ddb5-4fa4-a97d-d965ccfc6d4b" outcome="Passed" testListId="8c84fa94-04c1-424b-9868-57a2d4851a1d" relativeResultsDirectory="58ad02e9-af01-471a-a804-475dc0632a3a" />
    <UnitTestResult executionId="51a77ace-23b8-4849-ac20-66a91ed9ff9b" testId="6641aba3-418d-1719-8d9c-ac0943615ae7" testName="CalculateBlandAltmanLoASampleSize_tighter_precision_requires_more_pairs" computerName="BESH_NTB" duration="00:00:00.0003086" startTime="2026-05-16T14:10:31.5584782+02:00" endTime="2026-05-16T14:10:31.5594821+02:00" testType="13cdc9d9-ddb5-4fa4-a97d-d965ccfc6d4b" outcome="Passed" testListId="8c84fa94-04c1-424b-9868-57a2d4851a1d" relativeResultsDirectory="51a77ace-23b8-4849-ac20-66a91ed9ff9b" />
    <UnitTestResult executionId="9165fe4c-26e0-48e9-9fed-d2a2fd7f67d2" testId="ae62dd9d-f4bb-c677-735d-e36479573d25" testName="SSIZE_TTEST_PAIRED_invalid_alpha_returns_num" computerName="BESH_NTB" duration="00:00:00.0005573" startTime="2026-05-16T14:10:31.5761979+02:00" endTime="2026-05-16T14:10:31.5772021+02:00" testType="13cdc9d9-ddb5-4fa4-a97d-d965ccfc6d4b" outcome="Passed" testListId="8c84fa94-04c1-424b-9868-57a2d4851a1d" relativeResultsDirectory="9165fe4c-26e0-48e9-9fed-d2a2fd7f67d2" />
    <UnitTestResult executionId="dd80b62e-4f28-4312-936e-2fa996df7fb2" testId="c7ab7f59-f953-2f22-439c-fa98de2cf233" testName="KrPerformance_100Subjects6Visits_HeterogeneousAR1Stable" computerName="BESH_NTB" duration="00:00:00.3461011" startTime="2026-05-16T14:10:22.4877735+02:00" endTime="2026-05-16T14:10:22.8342963+02:00" testType="13cdc9d9-ddb5-4fa4-a97d-d965ccfc6d4b" outcome="Passed" testListId="8c84fa94-04c1-424b-9868-57a2d4851a1d" relativeResultsDirectory="dd80b62e-4f28-4312-936e-2fa996df7fb2" />
    <UnitTestResult executionId="e5be0aab-71e4-4169-a579-1ce7448a13d3" testId="5efe6aa9-b78d-c860-899d-fb2a2068ffcb" testName="DNorm_matches_reference (5,4,2,0.17603266338215)" computerName="BESH_NTB" duration="00:00:00.0000034" startTime="2026-05-16T14:10:20.0004215+02:00" endTime="2026-05-16T14:10:20.0014215+02:00" testType="13cdc9d9-ddb5-4fa4-a97d-d965ccfc6d4b" outcome="Passed" testListId="8c84fa94-04c1-424b-9868-57a2d4851a1d" relativeResultsDirectory="e5be0aab-71e4-4169-a579-1ce7448a13d3" />
    <UnitTestResult executionId="e515d62f-570a-42c0-9e2e-6c8ac91db41b" testId="91324cf1-4e3e-8f79-c808-201158fb98d9" testName="LowerIncompleteGamma_matches_reference (2.5,1,0.15085496391539)" computerName="BESH_NTB" duration="00:00:00.0001298" startTime="2026-05-16T14:10:31.6041837+02:00" endTime="2026-05-16T14:10:31.6041837+02:00" testType="13cdc9d9-ddb5-4fa4-a97d-d965ccfc6d4b" outcome="Passed" testListId="8c84fa94-04c1-424b-9868-57a2d4851a1d" relativeResultsDirectory="e515d62f-570a-42c0-9e2e-6c8ac91db41b" />
    <UnitTestResult executionId="df9b0b29-eb50-4368-a14e-69a5feacae2f" testId="ac7eb5f8-6324-8f97-1d84-54b0aa13d5e5" testName="OneWayRmANOVA_compute_matches_reference" computerName="BESH_NTB" duration="00:00:00.0003129" startTime="2026-05-16T14:10:30.4766992+02:00" endTime="2026-05-16T14:10:30.4766992+02:00" testType="13cdc9d9-ddb5-4fa4-a97d-d965ccfc6d4b" outcome="Passed" testListId="8c84fa94-04c1-424b-9868-57a2d4851a1d" relativeResultsDirectory="df9b0b29-eb50-4368-a14e-69a5feacae2f" />
    <UnitTestResult executionId="2966c3f7-c263-447a-ab19-fac1eaba13e4" testId="2741545c-c941-4ba9-7b51-340cdeb63d99" testName="MatDoubleCenter_matches_definition" computerName="BESH_NTB" duration="00:00:00.0002488" startTime="2026-05-16T14:10:21.9667204+02:00" endTime="2026-05-16T14:10:21.9667204+02:00" testType="13cdc9d9-ddb5-4fa4-a97d-d965ccfc6d4b" outcome="Passed" testListId="8c84fa94-04c1-424b-9868-57a2d4851a1d" relativeResultsDirectory="2966c3f7-c263-447a-ab19-fac1eaba13e4" />
    <UnitTestResult executionId="80326cde-8ade-4994-bd13-8568f462d777" testId="9c84d3b9-4fa1-761e-efe3-4d797c03ab66" testName="Array_conversions_handle_Nothing" computerName="BESH_NTB" duration="00:00:00.0006644" startTime="2026-05-16T14:10:21.9205477+02:00" endTime="2026-05-16T14:10:21.9215481+02:00" testType="13cdc9d9-ddb5-4fa4-a97d-d965ccfc6d4b" outcome="Passed" testListId="8c84fa94-04c1-424b-9868-57a2d4851a1d" relativeResultsDirectory="80326cde-8ade-4994-bd13-8568f462d777" />
    <UnitTestResult executionId="123c5a94-0b8d-4322-a6d0-9d8db15d6ec2" testId="aebc4a5c-2b57-84a4-b003-bbff21f7e66f" testName="PercentileExc_matches_reference (0.25,2.75)" computerName="BESH_NTB" duration="00:00:00.0003546" startTime="2026-05-16T14:10:31.6072538+02:00" endTime="2026-05-16T14:10:31.6072538+02:00" testType="13cdc9d9-ddb5-4fa4-a97d-d965ccfc6d4b" outcome="Passed" testListId="8c84fa94-04c1-424b-9868-57a2d4851a1d" relativeResultsDirectory="123c5a94-0b8d-4322-a6d0-9d8db15d6ec2" />
    <UnitTestResult executionId="6ed3e865-4f66-4836-a957-1d1b9a60c23c" testId="b5a4f944-d856-b26b-37c9-0394c73e860c" testName="TermAnova_TypeIII_and_VIF_match_reference_WLS" computerName="BESH_NTB" duration="00:00:00.0018358" startTime="2026-05-16T14:10:21.4545137+02:00" endTime="2026-05-16T14:10:21.4558799+02:00" testType="13cdc9d9-ddb5-4fa4-a97d-d965ccfc6d4b" outcome="Passed" testListId="8c84fa94-04c1-424b-9868-57a2d4851a1d" relativeResultsDirectory="6ed3e865-4f66-4836-a957-1d1b9a60c23c" />
    <UnitTestResult executionId="c49e1703-169e-4b11-aeec-2a67dad974b0" testId="59df50d3-c7a1-9fd3-2690-3bcecd87823e" testName="PoissonCDF_truncates_x_and_matches_reference (3.7,2,0.857123460498547)" computerName="BESH_NTB" duration="00:00:00.0004124" startTime="2026-05-16T14:10:20.0362711+02:00" endTime="2026-05-16T14:10:20.0362711+02:00" testType="13cdc9d9-ddb5-4fa4-a97d-d965ccfc6d4b" outcome="Passed" testListId="8c84fa94-04c1-424b-9868-57a2d4851a1d" relativeResultsDirectory="c49e1703-169e-4b11-aeec-2a67dad974b0" />
    <UnitTestResult executionId="99551b73-8e88-466b-8905-2f3b007bc152" testId="cc722c98-dc7f-7fa0-6f42-1f61de7afe01" testName="PNorm_matches_reference (5,4,2,0.691462461274013)" computerName="BESH_NTB" duration="00:00:00.0000119" startTime="2026-05-16T14:10:20.0080150+02:00" endTime="2026-05-16T14:10:20.0091595+02:00" testType="13cdc9d9-ddb5-4fa4-a97d-d965ccfc6d4b" outcome="Passed" testListId="8c84fa94-04c1-424b-9868-57a2d4851a1d" relativeResultsDirectory="99551b73-8e88-466b-8905-2f3b007bc152" />
    <UnitTestResult executionId="1369501b-c51f-494c-9388-ff69167a886a" testId="d8b7c69a-d232-328c-d2a3-667ceb088440" testName="BinomDist_invalid_inputs_return_NaN" computerName="BESH_NTB" duration="00:00:00.0001630" startTime="2026-05-16T14:10:20.0149750+02:00" endTime="2026-05-16T14:10:20.0149750+02:00" testType="13cdc9d9-ddb5-4fa4-a97d-d965ccfc6d4b" outcome="Passed" testListId="8c84fa94-04c1-424b-9868-57a2d4851a1d" relativeResultsDirectory="1369501b-c51f-494c-9388-ff69167a886a" />
    <UnitTestResult executionId="8c2e0c58-5fac-44fe-954e-c94bb33198c5" testId="b6d701fc-5d93-bb42-2bc5-b3e6363f2c03" testName="ApproximateDenominatorDF_ScalarWorkspace_UsesKrMomentMatching" computerName="BESH_NTB" duration="00:00:00.0008479" startTime="2026-05-16T14:10:22.4640545+02:00" endTime="2026-05-16T14:10:22.4650542+02:00" testType="13cdc9d9-ddb5-4fa4-a97d-d965ccfc6d4b" outcome="Passed" testListId="8c84fa94-04c1-424b-9868-57a2d4851a1d" relativeResultsDirectory="8c2e0c58-5fac-44fe-954e-c94bb33198c5" />
    <UnitTestResult executionId="2313bbc0-7613-4d8c-a759-9b83819da8c0" testId="f334fbe4-e160-203c-5b79-775be8cfd906" testName="Validation_KFold_WithFixedSeed_IsReproducible" computerName="BESH_NTB" duration="00:00:00.0033432" startTime="2026-05-16T14:10:19.9178509+02:00" endTime="2026-05-16T14:10:19.9218510+02:00" testType="13cdc9d9-ddb5-4fa4-a97d-d965ccfc6d4b" outcome="Passed" testListId="8c84fa94-04c1-424b-9868-57a2d4851a1d" relativeResultsDirectory="2313bbc0-7613-4d8c-a759-9b83819da8c0" />
    <UnitTestResult executionId="8b2d5b08-1379-41da-a7ab-770fc70bf9ca" testId="4dd2129e-e542-fa20-c825-b788bd7c4e33" testName="Validation_Holdout_WithFixedSeed_IsReproducible_AndStratified" computerName="BESH_NTB" duration="00:00:00.0088150" startTime="2026-05-16T14:10:19.9083446+02:00" endTime="2026-05-16T14:10:19.9168514+02:00" testType="13cdc9d9-ddb5-4fa4-a97d-d965ccfc6d4b" outcome="Passed" testListId="8c84fa94-04c1-424b-9868-57a2d4851a1d" relativeResultsDirectory="8b2d5b08-1379-41da-a7ab-770fc70bf9ca" />
    <UnitTestResult executionId="0bb58106-9a6f-4048-a206-beabb9fe48dd" testId="3fe3c93a-661b-fb36-b88b-d78e5a23af33" testName="Histogram_bin_rule_normalization_accepts_common_aliases" computerName="BESH_NTB" duration="00:00:00.0007048" startTime="2026-05-16T14:10:31.8368941+02:00" endTime="2026-05-16T14:10:31.8381021+02:00" testType="13cdc9d9-ddb5-4fa4-a97d-d965ccfc6d4b" outcome="Passed" testListId="8c84fa94-04c1-424b-9868-57a2d4851a1d" relativeResultsDirectory="0bb58106-9a6f-4048-a206-beabb9fe48dd" />
    <UnitTestResult executionId="6aebd290-a972-4534-b503-0747218b3c2e" testId="2a131548-ab5e-ea7e-5f03-9b35b189f4c8" testName="MulticovariateMMRM_IncompleteVisitPatterns_ArePresentAfterResponseFiltering" computerName="BESH_NTB" duration="00:00:00.0074620" startTime="2026-05-16T14:10:28.8846715+02:00" endTime="2026-05-16T14:10:28.8930764+02:00" testType="13cdc9d9-ddb5-4fa4-a97d-d965ccfc6d4b" outcome="Passed" testListId="8c84fa94-04c1-424b-9868-57a2d4851a1d" relativeResultsDirectory="6aebd290-a972-4534-b503-0747218b3c2e" />
    <UnitTestResult executionId="90e33e4f-54cf-4754-ad41-c1138ea31a71" testId="ef732da5-8feb-c84d-3da0-122d2ec22a52" testName="Udf_output_tables_prepare_tables_and_strip_headers" computerName="BESH_NTB" duration="00:00:00.0007399" startTime="2026-05-16T14:10:31.8569413+02:00" endTime="2026-05-16T14:10:31.8579983+02:00" testType="13cdc9d9-ddb5-4fa4-a97d-d965ccfc6d4b" outcome="Passed" testListId="8c84fa94-04c1-424b-9868-57a2d4851a1d" relativeResultsDirectory="90e33e4f-54cf-4754-ad41-c1138ea31a71" />
    <UnitTestResult executionId="93d9099e-19bb-48d7-80f0-5d70b9ec0563" testId="4399d704-5d5e-af4c-c1c7-f394afe88083" testName="RDerivativeProviders_AR1AndCS_NearZeroCorrelations_MatchFiniteDifferences" computerName="BESH_NTB" duration="00:00:00.0055283" startTime="2026-05-16T14:10:22.3415850+02:00" endTime="2026-05-16T14:10:22.3475599+02:00" testType="13cdc9d9-ddb5-4fa4-a97d-d965ccfc6d4b" outcome="Passed" testListId="8c84fa94-04c1-424b-9868-57a2d4851a1d" relativeResultsDirectory="93d9099e-19bb-48d7-80f0-5d70b9ec0563" />
    <UnitTestResult executionId="a64c1d8f-8dc0-4df6-b711-126aeff7378d" testId="c79c85d1-dd1a-3c9e-68a5-25f8abbf5fd1" testName="MMRM_CompoundSymmetry_AutomaticKRParameterMap_UsesRmmrmThetaConvention" computerName="BESH_NTB" duration="00:00:00.0004104" startTime="2026-05-16T14:10:22.3672685+02:00" endTime="2026-05-16T14:10:22.3682685+02:00" testType="13cdc9d9-ddb5-4fa4-a97d-d965ccfc6d4b" outcome="Passed" testListId="8c84fa94-04c1-424b-9868-57a2d4851a1d" relativeResultsDirectory="a64c1d8f-8dc0-4df6-b711-126aeff7378d" />
    <UnitTestResult executionId="f2d10e11-0eef-4142-89d9-2910ea585deb" testId="6b5415ee-563b-4fef-d490-9523860539dd" testName="ROC_wrapResults_returns_expected_tables_and_core_values" computerName="BESH_NTB" duration="00:00:00.0015933" startTime="2026-05-16T14:10:31.5072959+02:00" endTime="2026-05-16T14:10:31.5093099+02:00" testType="13cdc9d9-ddb5-4fa4-a97d-d965ccfc6d4b" outcome="Passed" testListId="8c84fa94-04c1-424b-9868-57a2d4851a1d" relativeResultsDirectory="f2d10e11-0eef-4142-89d9-2910ea585deb" />
    <UnitTestResult executionId="5834266b-ed8e-4337-9e45-279195117b15" testId="3860de05-758e-b39d-8228-146536beff48" testName="AssessConfidenceIntervalAgainstMargins_full_interval_inside_limits" computerName="BESH_NTB" duration="00:00:00.0002287" startTime="2026-05-16T14:10:20.0807617+02:00" endTime="2026-05-16T14:10:20.0817585+02:00" testType="13cdc9d9-ddb5-4fa4-a97d-d965ccfc6d4b" outcome="Passed" testListId="8c84fa94-04c1-424b-9868-57a2d4851a1d" relativeResultsDirectory="5834266b-ed8e-4337-9e45-279195117b15" />
    <UnitTestResult executionId="148bd5b8-1938-4a35-820d-bc92606b2419" testId="690c1ace-7461-aa12-ccc9-581d0c1a7a15" testName="PoissonPMF_truncates_x_and_matches_reference (3.7,2,0.180447044315484)" computerName="BESH_NTB" duration="00:00:00.0001135" startTime="2026-05-16T14:10:20.0392715+02:00" endTime="2026-05-16T14:10:20.0392715+02:00" testType="13cdc9d9-ddb5-4fa4-a97d-d965ccfc6d4b" outcome="Passed" testListId="8c84fa94-04c1-424b-9868-57a2d4851a1d" relativeResultsDirectory="148bd5b8-1938-4a35-820d-bc92606b2419" />
    <UnitTestResult executionId="c7cf900c-d954-48b5-9809-9cc73cfdb495" testId="56c5a0b0-5995-e381-3096-5f0fa8c5f288" testName="CoxPH_Exact_matches_reference_coeff_SE_LL_and_tests" computerName="BESH_NTB" duration="00:00:00.0037716" startTime="2026-05-16T14:10:19.7914167+02:00" endTime="2026-05-16T14:10:19.7958525+02:00" testType="13cdc9d9-ddb5-4fa4-a97d-d965ccfc6d4b" outcome="Passed" testListId="8c84fa94-04c1-424b-9868-57a2d4851a1d" relativeResultsDirectory="c7cf900c-d954-48b5-9809-9cc73cfdb495" />
    <UnitTestResult executionId="e41c284b-702f-498f-afe4-077d1781b4cb" testId="e8c42126-27b2-8a56-a5eb-c91cf6ce615f" testName="M_ADD_M_SUB_M_DIV_scalar_vector" computerName="BESH_NTB" duration="00:00:00.0004772" startTime="2026-05-16T14:10:21.9291680+02:00" endTime="2026-05-16T14:10:21.9301669+02:00" testType="13cdc9d9-ddb5-4fa4-a97d-d965ccfc6d4b" outcome="Passed" testListId="8c84fa94-04c1-424b-9868-57a2d4851a1d" relativeResultsDirectory="e41c284b-702f-498f-afe4-077d1781b4cb" />
    <UnitTestResult executionId="426e62ca-eaa1-4948-a06a-8f67227c0f1e" testId="3e61a68b-d888-8a7c-e8c7-e52cfdf0ef1e" testName="ICC11_throws_on_too_few_or_empty_groups" computerName="BESH_NTB" duration="00:00:00.0052268" startTime="2026-05-16T14:10:19.3068888+02:00" endTime="2026-05-16T14:10:19.3120867+02:00" testType="13cdc9d9-ddb5-4fa4-a97d-d965ccfc6d4b" outcome="Passed" testListId="8c84fa94-04c1-424b-9868-57a2d4851a1d" relativeResultsDirectory="426e62ca-eaa1-4948-a06a-8f67227c0f1e">
      <Output>
        <StdOut>Debug Trace:
System.ArgumentException: At least two groups are expected.&#xD;
System.ArgumentException: Group 1 is empty.</StdOut>
      </Output>
    </UnitTestResult>
    <UnitTestResult executionId="74d86296-cb3d-43b3-bf23-acf8642def8d" testId="e7e90a3e-2896-866d-7fac-d8da0750411c" testName="NormSInv_matches_reference (0.975,1.95996398454005)" computerName="BESH_NTB" duration="00:00:00.0000091" startTime="2026-05-16T14:10:20.0034214+02:00" endTime="2026-05-16T14:10:20.0044273+02:00" testType="13cdc9d9-ddb5-4fa4-a97d-d965ccfc6d4b" outcome="Passed" testListId="8c84fa94-04c1-424b-9868-57a2d4851a1d" relativeResultsDirectory="74d86296-cb3d-43b3-bf23-acf8642def8d" />
    <UnitTestResult executionId="fb467983-7c7c-4fe0-8e19-3cd2dbbc4386" testId="d506c62c-6f72-f7ef-9d74-fd35ab016f5f" testName="MatrixMult_Test1Dc_notequal (System.Double[],2.5,System.Double[])" computerName="BESH_NTB" duration="00:00:00.0001592" startTime="2026-05-16T14:10:22.0371197+02:00" endTime="2026-05-16T14:10:22.0371197+02:00" testType="13cdc9d9-ddb5-4fa4-a97d-d965ccfc6d4b" outcome="Passed" testListId="8c84fa94-04c1-424b-9868-57a2d4851a1d" relativeResultsDirectory="fb467983-7c7c-4fe0-8e19-3cd2dbbc4386" />
    <UnitTestResult executionId="d6762427-02b5-4fdd-8450-95714322368e" testId="7f3993d8-1695-644e-c004-5bebeede29e2" testName="Trigamma_matches_reference (2.5,0.490357756100235)" computerName="BESH_NTB" duration="00:00:00.0000042" startTime="2026-05-16T14:10:31.6246811+02:00" endTime="2026-05-16T14:10:31.6256811+02:00" testType="13cdc9d9-ddb5-4fa4-a97d-d965ccfc6d4b" outcome="Passed" testListId="8c84fa94-04c1-424b-9868-57a2d4851a1d" relativeResultsDirectory="d6762427-02b5-4fdd-8450-95714322368e" />
    <UnitTestResult executionId="76496d2c-77c7-4d00-86da-add8be328dcc" testId="4db84671-74d5-db1f-58fa-e040df98a2b0" testName="WeightedKappa_jackknife_produces_finite_interval_and_does_not_claim_analytical_fallback" computerName="BESH_NTB" duration="00:00:00.0075348" startTime="2026-05-16T14:10:19.4214109+02:00" endTime="2026-05-16T14:10:19.4294241+02:00" testType="13cdc9d9-ddb5-4fa4-a97d-d965ccfc6d4b" outcome="Passed" testListId="8c84fa94-04c1-424b-9868-57a2d4851a1d" relativeResultsDirectory="76496d2c-77c7-4d00-86da-add8be328dcc" />
    <UnitTestResult executionId="1ee1aab1-459b-4a2d-9ccd-0da147f2a223" testId="7bc060f8-9165-f9ee-b6ec-aa5397472753" testName="OneWayANOVA_matches_nist_anova_reference (SiRstv)" computerName="BESH_NTB" duration="00:00:00.0018659" startTime="2026-05-16T14:10:29.7417274+02:00" endTime="2026-05-16T14:10:29.7441558+02:00" testType="13cdc9d9-ddb5-4fa4-a97d-d965ccfc6d4b" outcome="Passed" testListId="8c84fa94-04c1-424b-9868-57a2d4851a1d" relativeResultsDirectory="1ee1aab1-459b-4a2d-9ccd-0da147f2a223" />
    <UnitTestResult executionId="997c1581-4704-42f3-8621-c7f2926d797e" testId="61fed086-3f91-935b-6112-9f3d34411328" testName="CalculateSingleProportion_farther_from_null_requires_fewer_subjects" computerName="BESH_NTB" duration="00:00:00.0000892" startTime="2026-05-16T14:10:31.5742010+02:00" endTime="2026-05-16T14:10:31.5742010+02:00" testType="13cdc9d9-ddb5-4fa4-a97d-d965ccfc6d4b" outcome="Passed" testListId="8c84fa94-04c1-424b-9868-57a2d4851a1d" relativeResultsDirectory="997c1581-4704-42f3-8621-c7f2926d797e" />
    <UnitTestResult executionId="68514717-68ab-426b-96f7-9d0ba057164a" testId="05180fff-15b7-8de8-9374-bc717fbb17ab" testName="GRUBBS_and_ROSNER_detect_outliers_and_validate_alpha_or_sample_size" computerName="BESH_NTB" duration="00:00:00.0050361" startTime="2026-05-16T14:10:19.5249143+02:00" endTime="2026-05-16T14:10:19.5310476+02:00" testType="13cdc9d9-ddb5-4fa4-a97d-d965ccfc6d4b" outcome="Passed" testListId="8c84fa94-04c1-424b-9868-57a2d4851a1d" relativeResultsDirectory="68514717-68ab-426b-96f7-9d0ba057164a" />
    <UnitTestResult executionId="7d058686-b273-4978-9d7c-13d89afd4964" testId="b858fe8c-6e96-a3bb-cde7-d4b4a8da6bb1" testName="OneWayRmANOVA_Tukey_matches_reference" computerName="BESH_NTB" duration="00:00:00.0475174" startTime="2026-05-16T14:10:30.4786991+02:00" endTime="2026-05-16T14:10:30.5274036+02:00" testType="13cdc9d9-ddb5-4fa4-a97d-d965ccfc6d4b" outcome="Passed" testListId="8c84fa94-04c1-424b-9868-57a2d4851a1d" relativeResultsDirectory="7d058686-b273-4978-9d7c-13d89afd4964" />
    <UnitTestResult executionId="ef472a00-019c-4119-81ac-886000bcdaa2" testId="3995a437-45b7-d8bc-475b-00a227cdd0e6" testName="GetResidualColumnNames_throws_if_model_not_fit" computerName="BESH_NTB" duration="00:00:00.0004945" startTime="2026-05-16T14:10:29.9468125+02:00" endTime="2026-05-16T14:10:29.9478125+02:00" testType="13cdc9d9-ddb5-4fa4-a97d-d965ccfc6d4b" outcome="Passed" testListId="8c84fa94-04c1-424b-9868-57a2d4851a1d" relativeResultsDirectory="ef472a00-019c-4119-81ac-886000bcdaa2">
      <Output>
        <StdOut>Debug Trace:
System.InvalidOperationException: Categories not available. Fit the model first.</StdOut>
      </Output>
    </UnitTestResult>
    <UnitTestResult executionId="c6768fbd-9af1-4c03-acfa-ffeb8ac12bd6" testId="f5f9fa95-d530-0207-2056-730f16a96349" testName="FisherExact_2x3_matches_exact_enumeration" computerName="BESH_NTB" duration="00:00:00.0195152" startTime="2026-05-16T14:10:20.3888010+02:00" endTime="2026-05-16T14:10:20.4098149+02:00" testType="13cdc9d9-ddb5-4fa4-a97d-d965ccfc6d4b" outcome="Passed" testListId="8c84fa94-04c1-424b-9868-57a2d4851a1d" relativeResultsDirectory="c6768fbd-9af1-4c03-acfa-ffeb8ac12bd6" />
    <UnitTestResult executionId="c7f47b0b-d555-4471-8a63-b8fa0d3cc65b" testId="cf65f1df-bf27-90f6-0659-cb83cb4d877b" testName="TTEST_UNPAIRED_and_TTEST_PAIRED_contracts_work" computerName="BESH_NTB" duration="00:00:00.0041302" startTime="2026-05-16T14:10:31.3556406+02:00" endTime="2026-05-16T14:10:31.3606382+02:00" testType="13cdc9d9-ddb5-4fa4-a97d-d965ccfc6d4b" outcome="Passed" testListId="8c84fa94-04c1-424b-9868-57a2d4851a1d" relativeResultsDirectory="c7f47b0b-d555-4471-8a63-b8fa0d3cc65b" />
    <UnitTestResult executionId="a672004d-94f1-46c1-b37a-fa26e1faa956" testId="32e7502d-7e69-5b42-c46b-abc6546fcf5f" testName="GetVarNames_accepts_csv_and_falls_back_when_count_is_wrong" computerName="BESH_NTB" duration="00:00:00.0002146" startTime="2026-05-16T14:10:31.8254841+02:00" endTime="2026-05-16T14:10:31.8264831+02:00" testType="13cdc9d9-ddb5-4fa4-a97d-d965ccfc6d4b" outcome="Passed" testListId="8c84fa94-04c1-424b-9868-57a2d4851a1d" relativeResultsDirectory="a672004d-94f1-46c1-b37a-fa26e1faa956" />
    <UnitTestResult executionId="3917c937-cee3-409e-8ed2-36d4d544dd4b" testId="37db9e9b-bc21-9e1c-022d-5bbaf259135c" testName="CalculateCoxEventCountContinuousCovariate_matches_reference (0.85,1.5,0.01,0.1,0.3,0.45,False,313,696,2.25)" computerName="BESH_NTB" duration="00:00:00.0003915" startTime="2026-05-16T14:10:31.5177516+02:00" endTime="2026-05-16T14:10:31.5187572+02:00" testType="13cdc9d9-ddb5-4fa4-a97d-d965ccfc6d4b" outcome="Passed" testListId="8c84fa94-04c1-424b-9868-57a2d4851a1d" relativeResultsDirectory="3917c937-cee3-409e-8ed2-36d4d544dd4b" />
    <UnitTestResult executionId="f1e3ac5e-e616-4b6e-899b-d6043e66d09c" testId="fe81aaea-c6fb-15f9-7196-dbc6f13940d7" testName="TryBuildTermHypothesis_MatchesInteractionOrderInsensitively" computerName="BESH_NTB" duration="00:00:00.0002949" startTime="2026-05-16T14:10:22.4147854+02:00" endTime="2026-05-16T14:10:22.4157854+02:00" testType="13cdc9d9-ddb5-4fa4-a97d-d965ccfc6d4b" outcome="Passed" testListId="8c84fa94-04c1-424b-9868-57a2d4851a1d" relativeResultsDirectory="f1e3ac5e-e616-4b6e-899b-d6043e66d09c" />
    <UnitTestResult executionId="9e3c61bd-bc32-493d-b1b7-0d3fe2da1267" testId="837e1f44-e907-8b4c-faf1-da7176bc1c50" testName="CalculateIccHypothesisTestSampleSize_invalid_order_throws" computerName="BESH_NTB" duration="00:00:00.0001707" startTime="2026-05-16T14:10:31.5649519+02:00" endTime="2026-05-16T14:10:31.5649519+02:00" testType="13cdc9d9-ddb5-4fa4-a97d-d965ccfc6d4b" outcome="Passed" testListId="8c84fa94-04c1-424b-9868-57a2d4851a1d" relativeResultsDirectory="9e3c61bd-bc32-493d-b1b7-0d3fe2da1267" />
    <UnitTestResult executionId="e8faa3be-9e6e-4354-a9a3-e3d5e59815ca" testId="c59c1ab0-6da1-663e-0dfe-47a2fdca9565" testName="GLM_binomial_handle_exposes_classification_reporting_udfs" computerName="BESH_NTB" duration="00:00:00.0151693" startTime="2026-05-16T14:10:29.6523872+02:00" endTime="2026-05-16T14:10:29.6685129+02:00" testType="13cdc9d9-ddb5-4fa4-a97d-d965ccfc6d4b" outcome="Passed" testListId="8c84fa94-04c1-424b-9868-57a2d4851a1d" relativeResultsDirectory="e8faa3be-9e6e-4354-a9a3-e3d5e59815ca" />
    <UnitTestResult executionId="4e8f3359-bce6-4954-98ec-cb6b92f2a7af" testId="1db03015-578f-5bc5-9fbe-fc0c409150ad" testName="Fit_matches_nist_lls_reference (Wampler1)" computerName="BESH_NTB" duration="00:00:00.0015841" startTime="2026-05-16T14:10:29.8488257+02:00" endTime="2026-05-16T14:10:29.8509189+02:00" testType="13cdc9d9-ddb5-4fa4-a97d-d965ccfc6d4b" outcome="Passed" testListId="8c84fa94-04c1-424b-9868-57a2d4851a1d" relativeResultsDirectory="4e8f3359-bce6-4954-98ec-cb6b92f2a7af" />
    <UnitTestResult executionId="73a73011-31df-4cdc-8077-2b39ff6089e9" testId="368a7ddd-6714-d92b-6e8f-503e212e2aef" testName="AssessBlandAltmanAgainstDecisionLimits_fitted_result_overload_matches_raw_array_overload_for_simple_pairs" computerName="BESH_NTB" duration="00:00:00.0013334" startTime="2026-05-16T14:10:20.0747525+02:00" endTime="2026-05-16T14:10:20.0757524+02:00" testType="13cdc9d9-ddb5-4fa4-a97d-d965ccfc6d4b" outcome="Passed" testListId="8c84fa94-04c1-424b-9868-57a2d4851a1d" relativeResultsDirectory="73a73011-31df-4cdc-8077-2b39ff6089e9" />
    <UnitTestResult executionId="5fc539eb-002f-4876-a891-efc1af54c2cf" testId="640a39ec-46ed-82da-a852-b85d199df1ea" testName="PairedProportions_matches_reference" computerName="BESH_NTB" duration="00:00:00.0007529" startTime="2026-05-16T14:10:19.6977661+02:00" endTime="2026-05-16T14:10:19.6998539+02:00" testType="13cdc9d9-ddb5-4fa4-a97d-d965ccfc6d4b" outcome="Passed" testListId="8c84fa94-04c1-424b-9868-57a2d4851a1d" relativeResultsDirectory="5fc539eb-002f-4876-a891-efc1af54c2cf" />
    <UnitTestResult executionId="65e37c87-76fa-4cbe-b9e9-7a585805c32b" testId="e329388f-ae10-3b5e-e30f-b0d1634054a8" testName="Slope_and_Intercept_match_reference" computerName="BESH_NTB" duration="00:00:00.0004393" startTime="2026-05-16T14:10:31.7435484+02:00" endTime="2026-05-16T14:10:31.7445486+02:00" testType="13cdc9d9-ddb5-4fa4-a97d-d965ccfc6d4b" outcome="Passed" testListId="8c84fa94-04c1-424b-9868-57a2d4851a1d" relativeResultsDirectory="65e37c87-76fa-4cbe-b9e9-7a585805c32b" />
    <UnitTestResult executionId="1ad46203-d492-4603-9c44-396307285c8d" testId="2abb811a-b5bd-fd78-07a3-c50e5f045922" testName="MMRM_IdentityResidual_MatchesOlsFixedEffects" computerName="BESH_NTB" duration="00:00:00.0009220" startTime="2026-05-16T14:10:27.5447602+02:00" endTime="2026-05-16T14:10:27.5462745+02:00" testType="13cdc9d9-ddb5-4fa4-a97d-d965ccfc6d4b" outcome="Passed" testListId="8c84fa94-04c1-424b-9868-57a2d4851a1d" relativeResultsDirectory="1ad46203-d492-4603-9c44-396307285c8d" />
    <UnitTestResult executionId="13b9599c-a15c-4175-b281-7fa2c13c1bb1" testId="e183d76d-e712-5a25-770e-5926e63fdeb8" testName="HotellingsT_independent_calculate_and_CI_are_consistent" computerName="BESH_NTB" duration="00:00:00.0020075" startTime="2026-05-16T14:10:29.9746196+02:00" endTime="2026-05-16T14:10:29.9770899+02:00" testType="13cdc9d9-ddb5-4fa4-a97d-d965ccfc6d4b" outcome="Passed" testListId="8c84fa94-04c1-424b-9868-57a2d4851a1d" relativeResultsDirectory="13b9599c-a15c-4175-b281-7fa2c13c1bb1" />
    <UnitTestResult executionId="ae71e41a-ff55-45b9-84e1-8d802382521f" testId="aad28178-3186-0533-4e51-7af1310a51f9" testName="MNLOGIT_invalid_handle_returns_na" computerName="BESH_NTB" duration="00:00:00.0001611" startTime="2026-05-16T14:10:29.7216620+02:00" endTime="2026-05-16T14:10:29.7226734+02:00" testType="13cdc9d9-ddb5-4fa4-a97d-d965ccfc6d4b" outcome="Passed" testListId="8c84fa94-04c1-424b-9868-57a2d4851a1d" relativeResultsDirectory="ae71e41a-ff55-45b9-84e1-8d802382521f" />
    <UnitTestResult executionId="7248766d-c6a0-4ec7-99a9-8294baaf7cdf" testId="4fd5fb16-b160-09b8-b008-21afa0303bef" testName="CalculateCoxEventCountContinuousCovariate_higher_r_squared_requires_more_events" computerName="BESH_NTB" duration="00:00:00.0000919" startTime="2026-05-16T14:10:31.5619404+02:00" endTime="2026-05-16T14:10:31.5619404+02:00" testType="13cdc9d9-ddb5-4fa4-a97d-d965ccfc6d4b" outcome="Passed" testListId="8c84fa94-04c1-424b-9868-57a2d4851a1d" relativeResultsDirectory="7248766d-c6a0-4ec7-99a9-8294baaf7cdf" />
    <UnitTestResult executionId="6175351a-23b0-4b13-b728-0e1af05840df" testId="48f19a15-8352-6315-9be0-ef58627bf893" testName="LogGamma_matches_reference (5,3.17805383034795)" computerName="BESH_NTB" duration="00:00:00.0000075" startTime="2026-05-16T14:10:31.6021878+02:00" endTime="2026-05-16T14:10:31.6021878+02:00" testType="13cdc9d9-ddb5-4fa4-a97d-d965ccfc6d4b" outcome="Passed" testListId="8c84fa94-04c1-424b-9868-57a2d4851a1d" relativeResultsDirectory="6175351a-23b0-4b13-b728-0e1af05840df" />
    <UnitTestResult executionId="a29c9b32-c2a6-4493-941d-c28c169d692e" testId="abeeb599-251d-163c-72bf-788d5acc991d" testName="RepeatabilityCoefficient_OneWay_ICC1k_scales_by_sqrt_n0_in_balanced_design" computerName="BESH_NTB" duration="00:00:00.0004539" startTime="2026-05-16T14:10:19.3770687+02:00" endTime="2026-05-16T14:10:19.3780730+02:00" testType="13cdc9d9-ddb5-4fa4-a97d-d965ccfc6d4b" outcome="Passed" testListId="8c84fa94-04c1-424b-9868-57a2d4851a1d" relativeResultsDirectory="a29c9b32-c2a6-4493-941d-c28c169d692e" />
    <UnitTestResult executionId="04820759-b6be-467d-bb2a-0b01ce7e67de" testId="00a770be-1306-f5de-ea7d-93ae89bac63f" testName="BuildExpandedPredictorMatrix_factor_reference_omits_reference_level_and_uses_display_names" computerName="BESH_NTB" duration="00:00:00.0047787" startTime="2026-05-16T14:10:31.3963126+02:00" endTime="2026-05-16T14:10:31.4013126+02:00" testType="13cdc9d9-ddb5-4fa4-a97d-d965ccfc6d4b" outcome="Passed" testListId="8c84fa94-04c1-424b-9868-57a2d4851a1d" relativeResultsDirectory="04820759-b6be-467d-bb2a-0b01ce7e67de" />
    <UnitTestResult executionId="bd51a5bf-06f5-4663-80ba-c794b83b2fe0" testId="03751a11-cf4f-82b4-c972-dc670d770e55" testName="MW_P_EXACT_matches_core_result_and_validates_side_and_sample_limit" computerName="BESH_NTB" duration="00:00:00.0089242" startTime="2026-05-16T14:10:29.8870890+02:00" endTime="2026-05-16T14:10:29.8971997+02:00" testType="13cdc9d9-ddb5-4fa4-a97d-d965ccfc6d4b" outcome="Passed" testListId="8c84fa94-04c1-424b-9868-57a2d4851a1d" relativeResultsDirectory="bd51a5bf-06f5-4663-80ba-c794b83b2fe0" />
    <UnitTestResult executionId="36953ea9-22b1-4691-ad4b-f07a34ab3404" testId="382d4b98-d00a-ee4b-55b2-a3b98903ebc3" testName="RegularizedIncompleteBeta_matches_reference (0.3,2.5,1.2,0.0641708983094795)" computerName="BESH_NTB" duration="00:00:00.0000650" startTime="2026-05-16T14:10:20.0436066+02:00" endTime="2026-05-16T14:10:20.0436066+02:00" testType="13cdc9d9-ddb5-4fa4-a97d-d965ccfc6d4b" outcome="Passed" testListId="8c84fa94-04c1-424b-9868-57a2d4851a1d" relativeResultsDirectory="36953ea9-22b1-4691-ad4b-f07a34ab3404" />
    <UnitTestResult executionId="c59fa060-1911-41da-84ff-05b350a107aa" testId="fd976d92-641d-fd76-9963-4644ac2182cb" testName="MauchlyTest_matches_reference" computerName="BESH_NTB" duration="00:00:00.0024300" startTime="2026-05-16T14:10:19.4691697+02:00" endTime="2026-05-16T14:10:19.4721703+02:00" testType="13cdc9d9-ddb5-4fa4-a97d-d965ccfc6d4b" outcome="Passed" testListId="8c84fa94-04c1-424b-9868-57a2d4851a1d" relativeResultsDirectory="c59fa060-1911-41da-84ff-05b350a107aa" />
    <UnitTestResult executionId="fb001a53-6b8a-4ab9-a699-ec51c2ccd5b5" testId="936396f0-4a00-ead8-3d89-f6b8da73a9b2" testName="SatterthwaiteDF_FromResultDirectFields_MatchesFormula" computerName="BESH_NTB" duration="00:00:00.0003172" startTime="2026-05-16T14:10:27.4936641+02:00" endTime="2026-05-16T14:10:27.4946691+02:00" testType="13cdc9d9-ddb5-4fa4-a97d-d965ccfc6d4b" outcome="Passed" testListId="8c84fa94-04c1-424b-9868-57a2d4851a1d" relativeResultsDirectory="fb001a53-6b8a-4ab9-a699-ec51c2ccd5b5" />
    <UnitTestResult executionId="e59d8577-769a-48b7-a8b7-278afb1ad2eb" testId="0621070f-a341-a534-a271-f81956f2a41c" testName="MCA_Indicator_InternalIdentities_Inertia_Contrib_Corr_Angles_Burt" computerName="BESH_NTB" duration="00:00:00.0099819" startTime="2026-05-16T14:10:19.5867582+02:00" endTime="2026-05-16T14:10:19.5966980+02:00" testType="13cdc9d9-ddb5-4fa4-a97d-d965ccfc6d4b" outcome="Passed" testListId="8c84fa94-04c1-424b-9868-57a2d4851a1d" relativeResultsDirectory="e59d8577-769a-48b7-a8b7-278afb1ad2eb" />
[...]
    <TestEntry testId="ba0d711b-033b-0cd4-762e-669d1cb32187" executionId="8480668d-bb74-49fb-b843-f54462bf4020" testListId="8c84fa94-04c1-424b-9868-57a2d4851a1d" />
    <TestEntry testId="b75d11c6-a8e3-ee17-84f7-9e9014be6c9e" executionId="4beb4845-e65d-4ee1-85d5-097b0ea9a66d" testListId="8c84fa94-04c1-424b-9868-57a2d4851a1d" />
    <TestEntry testId="ed786715-5f81-4be5-5dc0-1ee8c1868100" executionId="34baceb7-2565-4273-bff7-e1fd58d6f1da" testListId="8c84fa94-04c1-424b-9868-57a2d4851a1d" />
    <TestEntry testId="2ae57554-8c59-6e11-bcdf-f1d6121f441e" executionId="c7c509ec-290a-499e-9bce-cf60bce5c8b0" testListId="8c84fa94-04c1-424b-9868-57a2d4851a1d" />
    <TestEntry testId="80254bb6-3e93-9df9-0b7c-81e6f917930e" executionId="639fccb0-ad74-4608-9058-f81e7d26b97c" testListId="8c84fa94-04c1-424b-9868-57a2d4851a1d" />
    <TestEntry testId="ecd396bd-9cef-1b29-a8ca-b742b7d44fa1" executionId="21ead383-2bd0-4584-ab07-3803532fa4ca" testListId="8c84fa94-04c1-424b-9868-57a2d4851a1d" />
    <TestEntry testId="d25f34f9-1326-f36f-79c4-b581d675cc0f" executionId="a86fd6fa-a535-4b35-b240-e9b01fc51b51" testListId="8c84fa94-04c1-424b-9868-57a2d4851a1d" />
    <TestEntry testId="13867546-3ed6-9862-800a-ddbacd34f2d2" executionId="db111211-d334-4e09-8d44-4124d31fc064" testListId="8c84fa94-04c1-424b-9868-57a2d4851a1d" />
    <TestEntry testId="660fe0bf-03ed-a85e-73db-e202518745e7" executionId="eaf98e3b-f2ac-4a99-b3e1-a8a001ef3135" testListId="8c84fa94-04c1-424b-9868-57a2d4851a1d" />
    <TestEntry testId="55780f0a-9955-2b4d-844a-b3b64f25d8e8" executionId="463881d3-44f1-4d64-8e66-55f0422648b4" testListId="8c84fa94-04c1-424b-9868-57a2d4851a1d" />
    <TestEntry testId="d14afb38-ec86-13ee-802e-e0e919a6de90" executionId="142a2721-b86e-4f30-9746-99539362a393" testListId="8c84fa94-04c1-424b-9868-57a2d4851a1d" />
    <TestEntry testId="5dd12219-8b7e-1b7b-8361-b40cdb6c20f3" executionId="5921bf02-e9de-447e-b24e-ca6e687e234f" testListId="8c84fa94-04c1-424b-9868-57a2d4851a1d" />
    <TestEntry testId="4b6abd07-5cb5-650f-bd9e-970320424260" executionId="5e9a0ba9-c273-4efb-9cb1-9997f59939e6" testListId="8c84fa94-04c1-424b-9868-57a2d4851a1d" />
    <TestEntry testId="6055600a-ff8c-f099-60dc-516f73438e29" executionId="1ae56b29-087c-4352-8eca-af41ef841fc8" testListId="8c84fa94-04c1-424b-9868-57a2d4851a1d" />
    <TestEntry testId="373afea8-0001-b9b8-5587-6adc44137311" executionId="905542f9-f549-4191-89a2-4fb3d5a6e37e" testListId="8c84fa94-04c1-424b-9868-57a2d4851a1d" />
    <TestEntry testId="04d25637-02cb-06e1-8412-f5de209d876f" executionId="2fe22d3c-ecb7-4e0b-bc8c-75941eb28cff" testListId="8c84fa94-04c1-424b-9868-57a2d4851a1d" />
    <TestEntry testId="90c442eb-b2e2-45ed-4a0c-732f7c8f0a74" executionId="eb69b985-90b2-494b-bf50-780b7f52e22d" testListId="8c84fa94-04c1-424b-9868-57a2d4851a1d" />
    <TestEntry testId="eacd7804-3c98-8991-3a2a-573f5ee4b96d" executionId="bbef9d99-73ab-464f-b6de-fe6f002a547e" testListId="8c84fa94-04c1-424b-9868-57a2d4851a1d" />
    <TestEntry testId="4df8eb9d-8eaa-4eb0-e213-2cd1dad7e00a" executionId="103f480b-d92d-4cbd-ba0b-8e3c6ab86a63" testListId="8c84fa94-04c1-424b-9868-57a2d4851a1d" />
    <TestEntry testId="6a7c0a65-83d2-ad48-1b73-03d5488cb21a" executionId="f04e90d6-848b-4909-b02c-58f3b9a9ff12" testListId="8c84fa94-04c1-424b-9868-57a2d4851a1d" />
    <TestEntry testId="5ea54189-2632-a87d-cd65-19dcb7a5aecc" executionId="2d9e049b-7c3e-4209-ad88-5a997746e367" testListId="8c84fa94-04c1-424b-9868-57a2d4851a1d" />
    <TestEntry testId="a21ed112-dea0-d2fe-88f9-3954ff9da994" executionId="06528561-21ed-4abd-b83f-8aeb9aeaa4ab" testListId="8c84fa94-04c1-424b-9868-57a2d4851a1d" />
    <TestEntry testId="9641bdfa-6872-28f3-d2e5-bf6fc334441d" executionId="72c23ef4-d8cb-4b15-9e04-d4bf9e3ab047" testListId="8c84fa94-04c1-424b-9868-57a2d4851a1d" />
    <TestEntry testId="f603bed4-5f3f-de10-38ce-9fee7474f494" executionId="606b4d6e-aa16-439e-afa5-6ec00fd993c4" testListId="8c84fa94-04c1-424b-9868-57a2d4851a1d" />
    <TestEntry testId="59454ebb-eb66-eabc-5402-a1923f67f734" executionId="7db701b1-6709-472c-9d8d-66809bc4de1f" testListId="8c84fa94-04c1-424b-9868-57a2d4851a1d" />
    <TestEntry testId="d978701a-c348-9bc7-93ad-eef183fc941c" executionId="371ba0a4-b22c-46f8-bab9-25719305c49d" testListId="8c84fa94-04c1-424b-9868-57a2d4851a1d" />
    <TestEntry testId="122314fb-e028-a50a-1b6a-cf84275cbbd8" executionId="ead7d4a6-1c0e-449a-9a0b-9705399aa929" testListId="8c84fa94-04c1-424b-9868-57a2d4851a1d" />
    <TestEntry testId="d90ff1f8-85c0-c72a-74c0-dbe581f7b543" executionId="da7baf88-ffe1-4060-885b-54a0e33ca2d0" testListId="8c84fa94-04c1-424b-9868-57a2d4851a1d" />
    <TestEntry testId="c2f1f904-118d-73d7-fb2a-a0582d48a3cb" executionId="318c5357-21c9-4f0d-9d74-bbeb8ad3515c" testListId="8c84fa94-04c1-424b-9868-57a2d4851a1d" />
    <TestEntry testId="6dcc2fd6-21c8-0665-c24d-2e3351b0aa2c" executionId="4b898964-28fa-4d24-9b5d-bc63d35d0940" testListId="8c84fa94-04c1-424b-9868-57a2d4851a1d" />
    <TestEntry testId="82b6373d-e590-b7a0-4e11-abe8cdd6acd8" executionId="a7e7a6f9-b0d3-4a57-b13b-a52a16485bae" testListId="8c84fa94-04c1-424b-9868-57a2d4851a1d" />
    <TestEntry testId="0876ac4c-e878-c188-5d29-d15b3215924a" executionId="5884c898-5cf1-49b0-821d-141868b131a3" testListId="8c84fa94-04c1-424b-9868-57a2d4851a1d" />
    <TestEntry testId="862ad934-c6a2-0f43-04da-a3b890563c38" executionId="e93c0507-4022-4fc6-8a97-ff71dcd0ff32" testListId="8c84fa94-04c1-424b-9868-57a2d4851a1d" />
    <TestEntry testId="10cec5c8-e678-b8ea-edee-a76c7aacbd3a" executionId="64abd6aa-97de-4aed-8270-58e7871a0b91" testListId="8c84fa94-04c1-424b-9868-57a2d4851a1d" />
    <TestEntry testId="c96c2b65-3473-8250-b244-dea457e059c6" executionId="327c7b79-ea05-483e-aa10-468dfceebe05" testListId="8c84fa94-04c1-424b-9868-57a2d4851a1d" />
    <TestEntry testId="de9bba85-5758-00a3-bee0-f3170850b7b8" executionId="079a0b13-8cde-4ebb-8d4b-43aa6a602dc7" testListId="8c84fa94-04c1-424b-9868-57a2d4851a1d" />
    <TestEntry testId="18ad4281-b46e-e3f4-ba54-42ed9bf88cbc" executionId="2dfa5a8a-9ce6-48e3-ad0f-99e826757ff7" testListId="8c84fa94-04c1-424b-9868-57a2d4851a1d" />
    <TestEntry testId="ba9fc84b-9058-9a0f-ece3-1f0fcc7f96a4" executionId="606e6088-b3a1-490a-b7e6-2d10a05a4fbf" testListId="8c84fa94-04c1-424b-9868-57a2d4851a1d" />
    <TestEntry testId="4eda2fdd-8121-61aa-735b-344b5ffefa0e" executionId="5f3e6be9-48d2-46d0-b838-79f4a16f13d3" testListId="8c84fa94-04c1-424b-9868-57a2d4851a1d" />
    <TestEntry testId="47eee0dd-8d96-9583-024f-eedd01aec9bb" executionId="9effd703-40a1-4ea4-a9e5-040fb8066aac" testListId="8c84fa94-04c1-424b-9868-57a2d4851a1d" />
    <TestEntry testId="1ee24ab5-2970-cbf7-affe-98be9c1a99a7" executionId="6de424b0-59af-42c0-b3a2-8d328c49d7d2" testListId="8c84fa94-04c1-424b-9868-57a2d4851a1d" />
    <TestEntry testId="94c1b17b-43b0-b512-15b8-ae252ec716bc" executionId="168772f5-854f-413b-9126-61cf30b59dd9" testListId="8c84fa94-04c1-424b-9868-57a2d4851a1d" />
    <TestEntry testId="f98a0f28-cb9e-9c85-fe86-dac032f6c9ca" executionId="53d50887-2962-400e-ac1d-d50d52db805a" testListId="8c84fa94-04c1-424b-9868-57a2d4851a1d" />
    <TestEntry testId="b9f9630d-f948-376f-3c12-92b1c362e41d" executionId="cce7fab5-b017-44b9-ba21-37173f7547d6" testListId="8c84fa94-04c1-424b-9868-57a2d4851a1d" />
    <TestEntry testId="ebfc8c29-6391-3321-4714-6da0035dead2" executionId="aa68f85e-ee11-45e4-baf1-4db1ffdbe510" testListId="8c84fa94-04c1-424b-9868-57a2d4851a1d" />
    <TestEntry testId="833b45a6-bd7a-8b39-aeee-6aa249274e72" executionId="ad2c8179-e9aa-4964-a8f5-140dff7fde60" testListId="8c84fa94-04c1-424b-9868-57a2d4851a1d" />
    <TestEntry testId="eec45166-ceb7-d03a-d861-d18115e0a913" executionId="1d4a78b6-2245-4191-87e4-d08a38d35f85" testListId="8c84fa94-04c1-424b-9868-57a2d4851a1d" />
    <TestEntry testId="61314b15-78d0-65c9-bc8b-b34ba5b8a6fc" executionId="ab0814a5-9c50-4e18-9e27-c2fbb15ffaa4" testListId="8c84fa94-04c1-424b-9868-57a2d4851a1d" />
    <TestEntry testId="ef8fdf49-0483-d5a9-0d43-76f9dde4f8db" executionId="d08f598c-80f3-48ed-921d-bcc0dda23d5d" testListId="8c84fa94-04c1-424b-9868-57a2d4851a1d" />
    <TestEntry testId="fc7aaf58-396a-40de-d846-8872613b1e8c" executionId="6bc5ce58-b323-474d-834a-c9028523fcd4" testListId="8c84fa94-04c1-424b-9868-57a2d4851a1d" />
    <TestEntry testId="dda57427-b38a-bc38-dbbb-484b7532fbff" executionId="e9a1fe8b-5afc-4295-9a28-e142b74593a3" testListId="8c84fa94-04c1-424b-9868-57a2d4851a1d" />
    <TestEntry testId="824b5ddd-9104-99d8-6031-85da2c0f60d4" executionId="d598e834-7a29-4393-bfe7-6832420d6949" testListId="8c84fa94-04c1-424b-9868-57a2d4851a1d" />
    <TestEntry testId="eca7acb0-e833-7c2f-8696-0b32fa6c1047" executionId="befb9c3e-0554-47b9-aee5-a9994780a838" testListId="8c84fa94-04c1-424b-9868-57a2d4851a1d" />
    <TestEntry testId="6176c225-200c-ec58-486a-ed549b2bb011" executionId="85cbea9e-3cbb-457a-9973-c74fb26b30a0" testListId="8c84fa94-04c1-424b-9868-57a2d4851a1d" />
    <TestEntry testId="f78356b8-1547-8631-3b3f-d41b57353f9c" executionId="dafc9369-687e-44d8-9911-ab393def4a28" testListId="8c84fa94-04c1-424b-9868-57a2d4851a1d" />
    <TestEntry testId="9282d354-3d45-b9ff-2b45-c78a872dcee9" executionId="d74153e3-03dd-4322-8e55-176bdc5ff7b1" testListId="8c84fa94-04c1-424b-9868-57a2d4851a1d" />
    <TestEntry testId="744d771f-a6a0-ceab-cc90-b9fbd661bc4f" executionId="f2885127-baab-4eca-b269-e27504d32ef8" testListId="8c84fa94-04c1-424b-9868-57a2d4851a1d" />
    <TestEntry testId="614eaa9e-4a70-769b-fb51-a47c84c4faf6" executionId="a9adc917-7116-45cf-90a6-d5c3a56954a2" testListId="8c84fa94-04c1-424b-9868-57a2d4851a1d" />
    <TestEntry testId="cc82496f-8e61-40ab-d687-c32a957a7aa0" executionId="affce273-d1b3-490f-acf3-c13311f42f39" testListId="8c84fa94-04c1-424b-9868-57a2d4851a1d" />
    <TestEntry testId="eae21dcc-3494-f4bf-5f90-e5683ddcc5ea" executionId="2aabbd70-41d5-43c6-9e24-6562049a9334" testListId="8c84fa94-04c1-424b-9868-57a2d4851a1d" />
    <TestEntry testId="43a0af30-5516-b286-cc52-ca9e15733e09" executionId="4d28cab5-91ee-41d7-b205-07f41e2e072b" testListId="8c84fa94-04c1-424b-9868-57a2d4851a1d" />
    <TestEntry testId="72b857f4-3fbd-7a59-c8aa-00e48ed30f6b" executionId="5fa9dc29-a273-4115-82e2-8e1c20902eda" testListId="8c84fa94-04c1-424b-9868-57a2d4851a1d" />
    <TestEntry testId="7547848b-bd3f-781f-db11-d919087b5332" executionId="85d53c1d-367e-48a5-98a6-c8bd99facc88" testListId="8c84fa94-04c1-424b-9868-57a2d4851a1d" />
    <TestEntry testId="e77c44e1-5a73-17d2-7646-fe6139150f6a" executionId="23b489b5-ab25-4a5f-9b2e-db4ab1f7a55f" testListId="8c84fa94-04c1-424b-9868-57a2d4851a1d" />
    <TestEntry testId="378f2f21-9cd4-31e2-fb9a-42ff3b61628c" executionId="3ea4abae-6ce4-4e2f-bdfa-318fae3d54f2" testListId="8c84fa94-04c1-424b-9868-57a2d4851a1d" />
    <TestEntry testId="e1737dce-aefd-4e89-b4ad-bf4e9ad984e9" executionId="4530d570-cfa6-4b39-b94a-1539e2890048" testListId="8c84fa94-04c1-424b-9868-57a2d4851a1d" />
    <TestEntry testId="b1d6bf7f-fb9d-2cca-56bc-e6737b49d31e" executionId="8ef46eac-3777-4d9b-99d1-a493c2e1d61a" testListId="8c84fa94-04c1-424b-9868-57a2d4851a1d" />
    <TestEntry testId="b7393d97-4361-d73f-e4e7-9d5a76d864cd" executionId="95fb3362-fb22-4107-92eb-b9fd6fcea032" testListId="8c84fa94-04c1-424b-9868-57a2d4851a1d" />
    <TestEntry testId="a31fbd11-de53-4d24-1972-eb811aa5c4d9" executionId="f41dab2c-d5d0-4cc3-8c24-5e4b4914c252" testListId="8c84fa94-04c1-424b-9868-57a2d4851a1d" />
    <TestEntry testId="62bf39bf-0cde-32bc-88df-551b3c41fd21" executionId="34c2b55f-0cf1-4be3-afac-dd889d60804b" testListId="8c84fa94-04c1-424b-9868-57a2d4851a1d" />
    <TestEntry testId="04e5cace-fab4-37fb-9151-f146f69dd6a9" executionId="5b3bb78f-2f31-4855-9723-bdc4d31e167b" testListId="8c84fa94-04c1-424b-9868-57a2d4851a1d" />
    <TestEntry testId="2f79cffa-28e4-9159-f098-e2aa4792da6f" executionId="39982b0c-1e03-4dfd-9682-d3a1108cb5f2" testListId="8c84fa94-04c1-424b-9868-57a2d4851a1d" />
    <TestEntry testId="f5a4769e-44df-ebae-2f27-4dfa9a542ba6" executionId="7a2d5b3e-a4ca-4e9c-b766-384be10e167a" testListId="8c84fa94-04c1-424b-9868-57a2d4851a1d" />
    <TestEntry testId="dc162f03-9cf1-6e08-a694-d6a5b1bfedaa" executionId="56d779dc-d738-4ff2-9cea-0240e5394e20" testListId="8c84fa94-04c1-424b-9868-57a2d4851a1d" />
    <TestEntry testId="9b22dfd3-8338-511e-d217-603286071f20" executionId="0a1f7987-caa3-44f4-9e10-beac87dfd4b1" testListId="8c84fa94-04c1-424b-9868-57a2d4851a1d" />
    <TestEntry testId="ca00f9a4-ad0f-9a11-58e3-570691bca30b" executionId="68a6372e-7f1a-40ec-8397-76fce6c34d89" testListId="8c84fa94-04c1-424b-9868-57a2d4851a1d" />
    <TestEntry testId="071d4db1-101e-4bcb-47c4-47067f98f349" executionId="78331816-5064-4f0f-816a-4c679c5472f6" testListId="8c84fa94-04c1-424b-9868-57a2d4851a1d" />
    <TestEntry testId="15232fe5-f73b-0aed-e7f5-c6502beb16ed" executionId="db5d32a8-0d9c-4f81-a62c-f69869298d50" testListId="8c84fa94-04c1-424b-9868-57a2d4851a1d" />
    <TestEntry testId="3e71aa1d-81ee-b083-e346-e9aadc9e1358" executionId="9c424f0c-e906-4187-834a-0fd266cdb12a" testListId="8c84fa94-04c1-424b-9868-57a2d4851a1d" />
    <TestEntry testId="7c9f2087-82d8-3e36-392f-3131663825bf" executionId="753cb6bf-03a6-4493-bad0-6676844f546c" testListId="8c84fa94-04c1-424b-9868-57a2d4851a1d" />
    <TestEntry testId="5facc469-478c-f147-01c2-ec0741a131ca" executionId="9d0e1c39-6e68-403f-aa4a-f5493a8d156a" testListId="8c84fa94-04c1-424b-9868-57a2d4851a1d" />
    <TestEntry testId="11f2a456-210d-eb1d-0732-9f6dd586940d" executionId="3fa006bf-d011-4da9-a0f9-c341d2231e5b" testListId="8c84fa94-04c1-424b-9868-57a2d4851a1d" />
    <TestEntry testId="3ff70c39-d02d-0e19-d750-94d1aac2c097" executionId="f1afe43b-3bff-4068-a815-e4f49ed77c45" testListId="8c84fa94-04c1-424b-9868-57a2d4851a1d" />
    <TestEntry testId="0c449bf3-1464-6c9f-dd43-6e48a2bbdd5e" executionId="a645e9d4-e853-4ee2-ba36-25474f13a201" testListId="8c84fa94-04c1-424b-9868-57a2d4851a1d" />
    <TestEntry testId="7982c2df-e1c4-9539-dbb9-1333dea20114" executionId="c709846a-8f20-434f-a35c-c73b1b00ed8e" testListId="8c84fa94-04c1-424b-9868-57a2d4851a1d" />
    <TestEntry testId="0d06a542-6585-05b0-793a-af274f9b2905" executionId="66cdc78a-4eb7-457d-85d7-465a0b4a1b98" testListId="8c84fa94-04c1-424b-9868-57a2d4851a1d" />
    <TestEntry testId="9320cee4-c242-4a50-4733-3ae4d779b799" executionId="03a935b9-9fd8-465f-b4b1-b7c597e03f84" testListId="8c84fa94-04c1-424b-9868-57a2d4851a1d" />
    <TestEntry testId="dcc72e4e-bdf0-f41a-7cd4-45b9955c528c" executionId="d0e22afe-3dbd-4c6f-9274-9d9478164acb" testListId="8c84fa94-04c1-424b-9868-57a2d4851a1d" />
    <TestEntry testId="8893ec3f-084f-762b-1788-cff86441dba6" executionId="343fa943-b5c1-4647-bed4-9e1ed388cb25" testListId="8c84fa94-04c1-424b-9868-57a2d4851a1d" />
    <TestEntry testId="4b4b4efe-5f18-52fb-0ffa-f9226ce2e392" executionId="474e300a-ed84-49ce-a797-1ecb4bc7a836" testListId="8c84fa94-04c1-424b-9868-57a2d4851a1d" />
    <TestEntry testId="edcb03b6-d83e-a1a5-6a1e-9f5103d9494c" executionId="308c89e8-7762-4ffb-b942-7898b2a8c43c" testListId="8c84fa94-04c1-424b-9868-57a2d4851a1d" />
    <TestEntry testId="0ff25016-1d3c-f2a7-4aa7-d193e52d36b3" executionId="d1c37eca-53b3-4050-9200-343ad7033735" testListId="8c84fa94-04c1-424b-9868-57a2d4851a1d" />
    <TestEntry testId="17fdb1cc-3d4a-3083-ae8a-3c39b52a002e" executionId="3d38f8fe-955d-4aa8-ae21-1f07cb3bd94d" testListId="8c84fa94-04c1-424b-9868-57a2d4851a1d" />
    <TestEntry testId="d36fab05-2758-2b85-cd21-71e74e0ba445" executionId="dcbc962c-242b-49b0-a83c-f174e8ea8dbe" testListId="8c84fa94-04c1-424b-9868-57a2d4851a1d" />
    <TestEntry testId="d34cfc33-0537-db16-da88-7a8e9c3e5845" executionId="0ba83100-7dd8-4c05-9ef2-60434f2fe807" testListId="8c84fa94-04c1-424b-9868-57a2d4851a1d" />
    <TestEntry testId="58fb1f7d-0a3c-fd72-b5fb-9858d85bb52d" executionId="15f15991-3b7d-4bb8-9c86-89e425e64693" testListId="8c84fa94-04c1-424b-9868-57a2d4851a1d" />
    <TestEntry testId="d7d2944b-f744-88aa-2530-a067f01ac0e4" executionId="f1470ae2-3c85-46d1-8433-fc7ef3bca37a" testListId="8c84fa94-04c1-424b-9868-57a2d4851a1d" />
    <TestEntry testId="c072106e-3ec3-d9d4-d5c1-24e5e2583207" executionId="23df2fab-a09f-4950-832f-895e8918be3d" testListId="8c84fa94-04c1-424b-9868-57a2d4851a1d" />
    <TestEntry testId="141a73ef-4a62-af9f-0503-502feafab24f" executionId="fc67d83a-b54b-4515-a5bc-5c43d589db19" testListId="8c84fa94-04c1-424b-9868-57a2d4851a1d" />
    <TestEntry testId="5030464c-6230-2071-64eb-21dfede05f35" executionId="4afd3545-f59b-4a71-8387-e43d32469bf2" testListId="8c84fa94-04c1-424b-9868-57a2d4851a1d" />
    <TestEntry testId="3a82441c-aa6b-3488-f6b7-2e1762334707" executionId="85077615-6581-4f2b-b65a-1442d66eecbc" testListId="8c84fa94-04c1-424b-9868-57a2d4851a1d" />
    <TestEntry testId="adf4ea10-b553-4711-f530-f5a87bd9d151" executionId="19dbee65-efca-4362-b2ba-9b12a84583ef" testListId="8c84fa94-04c1-424b-9868-57a2d4851a1d" />
    <TestEntry testId="0b21b4de-0b9e-1ffa-0c89-0fa63d215fdb" executionId="7b9b5489-28ca-4608-ba38-593a07bb10ab" testListId="8c84fa94-04c1-424b-9868-57a2d4851a1d" />
    <TestEntry testId="73397839-0e19-de4f-ed1f-1561264171b8" executionId="18b314c1-92e4-4d46-8ae3-4095cbc14781" testListId="8c84fa94-04c1-424b-9868-57a2d4851a1d" />
    <TestEntry testId="e90e705f-7f98-23ce-b1f4-eeab87e690e1" executionId="f6a5f76e-8b2d-42e0-883e-11ec85e04f76" testListId="8c84fa94-04c1-424b-9868-57a2d4851a1d" />
    <TestEntry testId="a0dc1a39-0784-d75b-fb50-7730ce888c61" executionId="6146da8e-d900-4e7d-b4f8-fc7c5d6a6183" testListId="8c84fa94-04c1-424b-9868-57a2d4851a1d" />
    <TestEntry testId="075c76d8-87d3-a070-9008-56a7260857f7" executionId="21399833-1eb3-4e5f-aaec-adfeff129012" testListId="8c84fa94-04c1-424b-9868-57a2d4851a1d" />
    <TestEntry testId="0a6f8f85-3d6d-def3-3498-7c29cab21614" executionId="475cef10-424c-4655-9e04-c26da2209333" testListId="8c84fa94-04c1-424b-9868-57a2d4851a1d" />
    <TestEntry testId="f554420c-86ed-5e64-5c3b-8c0143a2969f" executionId="1114c0db-a867-4d1b-81b9-ad239961c973" testListId="8c84fa94-04c1-424b-9868-57a2d4851a1d" />
    <TestEntry testId="0ed22b31-f514-4129-65cd-e43f557bba10" executionId="b0ac3b31-5c58-4430-8a1d-2e2a210a450a" testListId="8c84fa94-04c1-424b-9868-57a2d4851a1d" />
    <TestEntry testId="c7721cbb-474a-695a-99b3-eabbd341fef1" executionId="ea5038aa-84af-4091-a887-ded959aedc16" testListId="8c84fa94-04c1-424b-9868-57a2d4851a1d" />
    <TestEntry testId="eb68a45e-de7b-d841-670f-4b39fc5f6bd9" executionId="edee697f-7f12-46a2-b512-13673a02d69c" testListId="8c84fa94-04c1-424b-9868-57a2d4851a1d" />
    <TestEntry testId="186053f7-ab4a-0ea8-a59d-d8e16b585254" executionId="5d50f4bb-79a1-4294-88f6-579d0f070c6a" testListId="8c84fa94-04c1-424b-9868-57a2d4851a1d" />
    <TestEntry testId="2c8a3c91-11e8-1b2e-4f55-20c03f9309ac" executionId="2b93f20e-45cb-4dea-ab9c-1f344712e5be" testListId="8c84fa94-04c1-424b-9868-57a2d4851a1d" />
    <TestEntry testId="8c7355a2-7dfc-d075-f54a-cf33f591498a" executionId="1ac3fef9-7024-41bc-aac6-9fd15b9e1cef" testListId="8c84fa94-04c1-424b-9868-57a2d4851a1d" />
  </TestEntries>
  <TestLists>
    <TestList name="Results Not in a List" id="8c84fa94-04c1-424b-9868-57a2d4851a1d" />
    <TestList name="All Loaded Results" id="19431567-8539-422a-85d7-44ee4e166bda" />
  </TestLists>
  <ResultSummary outcome="Completed">
    <Counters total="625" executed="625" passed="625" failed="0" error="0" timeout="0" aborted="0" inconclusive="0" passedButRunAborted="0" notRunnable="0" notExecuted="0" disconnected="0" warning="0" completed="0" inProgress="0" pending="0" />
    <RunInfos>
      <RunInfo computerName="BESH_NTB" outcome="Warning" timestamp="2026-05-16T14:10:32.1287197+02:00">
        <Text>Data collector 'Blame' message: procdump64.exe could not be found, please make sure that the executable is available on PATH. Alternatively set PROCDUMP_PATH environment variable to a directory that contains procdump64.exe executable.</Text>
      </RunInfo>
    </RunInfos>
  </ResultSummary>
</TestRun>